(00.000704) can0 D9#39130015DF5D4D23A0414D414F12F0F0FFFFFFFFFF448483913913010B52BA38559500FE03BAFFEF0000000000000000
(00.001651) can0 DB#390E0020713C4AF7E77E831A3FC27F95414DC116B3281D5C060300F1FFFFFFFF44D4CF5B000000000000000000000000
(00.006865) can0 DB#390F001581E64B20FFFF7FCFFFFF3FFFFFFFFFFFFF4573162200000000000000
(00.008544) can0 DC#391000161B474FAE2A0AFADCF034280000000000FFFF44FD1D7E000000000000
(00.011599) can0 2D#ACD55405C40900907097D5616F5205000800A0FEFFFF7F4802D235FFFFFFFF00FEFF49CAF48700000000000000000000
(00.020699) can0 D9#39130015F96C4E23A0414D414F12F0F0FFFFFFFFFF4634376000000000000000
(00.021561) can0 DB#390E0020110C4BF8E77E831A3FC37F95414DC116B3281D5C060300F1FFFFFFFF46BC0826000000000000000000000000
(00.026854) can0 DB#390F00152F944C20FFFF7FCFFFFF3FFFFFFFFFFFFF478A3F4200000000000000
(00.028479) can0 DC#391000160B1D50AE2A0AFADCF034280000000000FFFF46E511FB000000000000
(00.028861) can0 18E19490#030000960196010000000000000000020000000000000000000000000000000000B90C102700E40C00000000000054D9055516D40CC409001311001505150000
(00.031595) can0 2D#DB6A5505C40900907097D6616F5205000800A0FEFFFF7F4802D235FFFFFFFF00FEFF4B518CCE00000000000000000000
(00.041467) can0 DB#390E0020FDF34CF8E77E831A3FC37F95414DC116B3281D5C060300F1FFFFFFFF4859FFCD000000000000000000000000
(00.041990) can0 D9#3913001524CC4F23A041CD424F12F0F0FFFFFFFFFF48374E9B00000000000000
(00.042367) can0 E3#00800004C711A9044100050800800343CBEE4BF1
(00.045664) can0 44#04
(00.046978) can0 DB#390F0015CD844D20FFFF7FCFFFFF3FFFFFFFFFFFFF49FE850900000000000000
(00.048513) can0 DC#39100110153F42004600EE46109C002205F0FFF539100016C7C651AE2A0AFADCEC34280000000000FFFF480C183B0000
(00.000635) can0 E3#39060B080051511400C0CFFF39042208003D877E781FFAFF
(00.005073) can0 D9#391300158ED72423A0410D404F12F0F0FFFFFFFFFFF26C1E4400000000000000
(00.005994) can0 DB#390E0020E1D621F8E77E831A3FC37FD5414DC116B3281D5C060300F1FFFFFFFFF21A10C8000000000000000000000000
(00.010654) can0 E3#3980000C007FA290BEF1AFFEF7E4909B
(00.011301) can0 DB#390F001575352220FFFF7FCFFFFF3FFFFFFFFFFFFFF308644900000000000000
(00.012860) can0 DC#39100016863426AE2A0AFADCF034280000000000FFFFF279BE53000000000000
(00.013242) can0 18E19490#000000A50000005001000000000000000000001A5A8F00000000020000000000000000004A4A4BEB00E90031010601F800FA004B4A4BFB001311001505150000
(00.015997) can0 2D#36EB2B05C40900907097BC616F5205000800A0FEFFFF7F4802D235FFFFFFFF00FEFFF7EB2AD600000000000000000000
(00.025150) can0 D9#3913001519C42523A0410D414F12F0F0FFFFFFFFFFF4A170BD3913010B52BA38559500FE03BAFFEF0000000000000000
(00.025922) can0 DB#390E0020AB6E22F8E77E831A3FC27FD5414DC116B3281D5C060300F1FFFFFFFFF42FE7AC000000000000000000000000
(00.031371) can0 DB#390F001597252320FFFF7FCFFFFF3FFFFFFFFFFFFFF5822DF300000000000000
(00.032812) can0 DC#391000164AEF27AE2A0AFADCEC34280000000000FFFFF4807555000000000000
(00.036021) can0 2D#B3B92C05C40900907097BD616F5205000800A0FEFFFF7F4802D235FFFFFFFF00FEFFF96BDF2C00000000000000000000
(00.042866) can0 18E19490#0101003C0DFF00800C0701BC02060600000000401F020000AC0D2B2B012003000002AE012B1200000202BD03B8380000AC0D401F0C5A274B1311001505150000
(00.045057) can0 D9#391300154F1A2623A041CD414F12F0F0FFFFFFFFFFF63E12E000000000000000
(00.045972) can0 DB#390E0020C99F23F8E77E831A3FC37FD5414DC116B3281D5C060300F1FFFFFFFFF6CAB9EA000000000000000000000000
(00.004988) can0 18E19490#000000A50000005001000000000000000000001A5A8E00000000010000000000000000004A4A4BEA00E90032010601F800FB004B4A4B19011311001505150000
(00.008054) can0 DB#39FE0B086100000001000000390E00207CF8FCF8E77E831A3FC47FD5414DC116B3281D5C060300F1FFFFFFFFA71F42CA
(00.008571) can0 D9#39130015363AFF23A0414D3F4F12F0F0FFFFFFFFFFA80C14C900000000000000
(00.008950) can0 E3#008000042E3D99044100050800800343CBEDABC0
(00.012192) can0 44#04
(00.013556) can0 DB#390F0015C656FD20FFFF7FCFFFFF3FFFFFFFFFFFFFA8598C0C00000000000000
(00.015079) can0 DC#39100110153F423046006E06109C002205F0FFF1391000160D1A01AE2A0AFADCF034280000000000FFFFA80117DB0000
(00.018185) can0 2D#39850605C40900907097A6616F5205000800A0FEFFFF7F4802D235FFFFFFFF00FEFFAD8509BD00000000000000000000
(00.018708) can0 D4#3904060444C8D389
(00.023456) can0 DB#390E022A3E004A00650AB0411774010047403E49E0D16CC24C85D34D8C82F847CE43068867E9FFFFFFFFA8B09E3D0000
(00.027408) can0 D9#3913001587650023A0414D3F4F12F0F0FFFFFFFFFFAA94908800000000000000
(00.028234) can0 DB#390E010F1435FFFFFFFFFFFFFFDFD208BCFDFF390E030856FA2EF8FFFFFFFF00
(00.028663) can0 21C#23000000000000000000000000000000000000000000000000000000000000000000000000000000000000000000000000000000000000000000000000000000
(00.032917) can0 E3#4100050801A18D9CC8E7614F
(00.033375) can0 DB#390E00209E00FDF8E77E831A3FC27FD5414DC116B3281D5C060300F1FFFFFFFFA9987769390F0015E067FE20FFFF7FCFFFFF3FFFFFFFFFFFFFAA0A1CCA000000
(00.034961) can0 DC#3910001640F202AE2A0AFADCF034280000000000FFFFAA205A82000000000000
(00.035345) can0 18E19490#0102003B0DFE00800C0701BC02060600000000401F020000AC0D2B2B012003000002AE012B1200000202BC03B8380000AC0D401F0C530D4B1311001505150000
(00.038168) can0 2D#FEE10705C40900907097A7616F5205000800A0FEFFFF7F4802D235FFFFFFFF00FEFFAFAACB9600000000000000000000
(00.038694) can0 D4#39040C050E0FF4FFFF3915011443FD91E5F85FF5FFFFFFFFFE07009F2801FEFFFF390C140CFFFFFF00FEFFFFFFFFFFFFFF000000000000000000000000000000
(00.042807) can0 E3#39060B080051511400C0CFFF39042208003D867E780FFAFF
(00.043466) can0 DB#390E04105CE30B4C24B4DBFFFF2D6C71EBFFFFFF390F01064C850460641C0000
(00.047382) can0 D9#39130015E6B80123A0410D404F12F0F0FFFFFFFFFFAB02533800000000000000
(00.048173) can0 DB#390E0020D4B8FEF8E77E831A3FC37FD5414DC116B3281D5C060300F1FFFFFFFFACD22499000000000000000000000000
(00.000720) can0 2D#EA7CE405C4090090709792616F5205000800A0FEFFFF7F4802D235FFFFFFFF00FEFF68B1204B00000000000000000000
(00.001245) can0 D4#39040C050E0FF4FFFF390C140CFFFFFF00FEFFFFFFFFFFFFFF00000000000000
(00.005337) can0 E3#39060B080051511400C0CFFF39042208003D877E780FFAFF3980000C007F8190C3F1AFFE6B2B885C0000000000000000
(00.007283) can0 18E19490#030000970197010000000000000000020000000000000000000000000000000000B90C102700E40C00000000000054D9054E16D20CC409001311001505150000
(00.009609) can0 D9#39130015B657DE24A0414D3F4F12F8F0FFFFFFFFFF65CCA1AB00000000000000
(00.010662) can0 DB#390E002014DCDBF8E77E831A3FC37FD5414DC116B3281D5C060300F1FFFFFFFF654F1124000000000000000000000000
(00.015935) can0 DB#390F0015267ADC20FFFF7FCFFFFF3FFFFFFFFFFFFF66EFB8B600000000000000
(00.017448) can0 DC#391000166470E0AE2A0AFADCF034280000000000FFFF6564C7C4000000000000
(00.020596) can0 2D#F575E505C4090090709792616F5205000800A0FEFFFF7F4802D235FFFFFFFF00FEFF6A2E098900000000000000000000
(00.029586) can0 D9#39130015841DDF24A0410D3F4F12F8F0FFFFFFFFFF675A00303913010B52BA38559500FE03BAFFEF0000000000000000
(00.030595) can0 DB#390E00200EF6DCF8E77E831A3FC27FD5414DC116B3281D5C060300F1FFFFFFFF6716EFA1000000000000000000000000
(00.035900) can0 DB#390F0015C46ADD20FFFF7FCFFFFF3FFFFFFFFFFFFF68D8572300000000000000
(00.037382) can0 DC#3910001640D8E1AE2A0AFADCF034280000000000FFFF676F6E4E000000000000
(00.037763) can0 18E19490#040300030003008836EE0C420D2201FF000806010101010200000000000000000000000000000000000000000000000000000000000000001311001505150000
(00.040599) can0 2D#0C03E605C4090090709793616F5205000800A0FEFFFF7F4802D235FFFFFFFF00FEFF6CD337AC00000000000000000000
(00.047194) can0 DC08E2#4002000000000000
(00.049580) can0 D9#39130015997FE024A0418D3F4F12F8F0FFFFFFFFFF69F599C600000000000000
(00.002970) can0 D9#3913001565A5BE24A041CD3E4F12F8F0FFFFFFFFFF25F2787700000000000000
(00.003349) can0 DB#390E0020F6E9BBF8E77E831A3FC37F15424DC116B3281D5C060300F1FFFFFFFF269138DA000000000000000000000000
(00.003868) can0 E3#00800004CC9A8C044100050800800343CBED29B4
(00.008525) can0 DB#390F0015203EBC20FFFF7FCFFFFF3FFFFFFFFFFFFF27DF083D00000000000000
(00.009794) can0 DC#39100110153F423046000606119C002205F0FFF1391000167036C0AE2A0AFADCF034280000000000FFFF2631A4580000
(00.010313) can0 18E19490#02880064646401000000C41267B4000000000000EC00EC00BD04000000000000FFFF00004814C2058905871300000000B80C800C200F2C0D1311001505150000
(00.013135) can0 2D#6CD7C505C409009070977F616F5205000800A0FEFFFF7F4802D235FFFFFFFF00FEFF2B3DC16700000000000000000000
(00.013661) can0 D4#39040604A66FC689
(00.022275) can0 D9#3913001587B5BF24A041CD3E4F12F8F0FFFFFFFFFF27E5080600000000000000
(00.023132) can0 DB#390E010F2035FFFFFFFFFFFFFFDFD208BCFDFF390E0020D545BCF8E77E831A3FC37FD5414DC116B3281D5C060300F1FFFFFFFF28463D7C000000000000000000
(00.023792) can0 E3#4100050801BE5B3F167D8D2B0500000CF5FCFF00000000002DBAF0DC00000000
(00.028411) can0 DB#390F0015C22EBD20FFFF7FCFFFFF3FFFFFFFFFFFFF29E03EEC00000000000000
(00.029779) can0 DC#39100016549EC1AE2A0AFADCF034280000000000FFFF28B8AFCF000000000000
(00.033133) can0 2D#E33BC605C4090090709780616F5205000800A0FEFFFF7F4802D235FFFFFFFF00FEFF2D0AA44000000000000000000000
(00.033659) can0 D4#39040C050E0FF4FFFF390C140CFFFFFF00FEFFFFFFFFFFFFFF00000000000000
(00.034049) can0 DC085B#4003080400000000
(00.037753) can0 E3#39060B080051511400C0CFFF39042208003D877E781FFAFF
(00.039737) can0 18E19490#0300009D019D010000000000000000020000000000000000000000000000000000B80C102700E40C00000000000054D9055516D40CC409001311001505150000
(00.042069) can0 D9#39130015EE40C024A0418D3E4F12F8F0FFFFFFFFFF2ABDC2E000000000000000
(00.043125) can0 DB#390E0020B7B4BDF8E77E831A3FC27FD5414DC116B3281D5C060300F1FFFFFFFF2A14528B000000000000000000000000
(00.047762) can0 E3#3980000C007FAB90C6F1AFFE2F9A332E
(00.048432) can0 DB#390F0015E41FBE20FFFF7FCFFFFF3FFFFFFFFFFFFF2B8CE91A00000000000000
(00.002096) can0 DB#390F001522029C20FFFF7FCFFFFF3FFFFFFFFFFFFFE743EF1B00000000000000
(00.003399) can0 DC#391000164CFCA0AE2A0AFADCF034280000000000FFFFE6500E4E000000000000
(00.006896) can0 2D#0188A505C409009070976C616F5205000800A0FEFFFF7F4802D235FFFFFFFF00FEFFEB677DA400000000000000000000
(00.013345) can0 18E19490#0102003C0DFE00800C0701BC02060600000000401F020000AC0D2A2B012003000002AD012C1200000202BC03B0380000AC0D401F0C3F144B1311001505150000
(00.015686) can0 D9#391300151A8C9F24A041CD3D4F12F8F0FFFFFFFFFFE74087D400000000000000
(00.016791) can0 DB#390E00201EC49CF8E77E831A3FC37F15424DC116B3281D5C060300F1FFFFFFFFE8CC3530000000000000000000000000
(00.021442) can0 E3#410000080057314B414635453204000C7C951453670700F0EAD3448A00000000
(00.022133) can0 DB#390F0015C0129D20FFFF7FCFFFFF3FFFFFFFFFFFFFE987AD8F00000000000000
(00.023459) can0 DC#391000166854A1AE2A0AFADCF034280000000000FFFFE820CB73000000000000
(00.026783) can0 2D#F8FEA605C409009070976D616F5205000800A0FEFFFF7F4802D235FFFFFFFF00FEFFEDAE976800000000000000000000
(00.036701) can0 DB#390E00200AE99DF8E77E831A3FC47F15424DC116B3281D5C060300F1FFFFFFFFEA1F5483000000000000000000000000
(00.037222) can0 D9#39130015E804A024A0418D3E4F12F8F0FFFFFFFFFFE9BC7EE100000000000000
(00.037602) can0 E3#0080000467F286044100050800800343CBECED02410000080142315052313138
(00.042217) can0 DB#390F0015E6239E20FFFF7FCFFFFF3FFFFFFFFFFFFFEB5F524D00000000000000
(00.043423) can0 DC#39100110153F42004600D642119C002205F0FFF53910001625BCA2AE2A0AFADCF034280000000000FFFFEAFCEC9A0000
(00.043940) can0 18E19490#02880064646401000000E012DEBB000000000000E900EC00BD04000000000000010000004814C1058A05851300000000B80C800C070F2C0D1311001505150000
(00.046833) can0 2D#E7F7A705C409009070976D616F5205000800A0FEFFFF7F4802D235FFFFFFFF00FEFFEF06E63400000000000000000000
(00.047360) can0 D4#390406043F48C089
(00.000706) can0 D9#3913001591F98124A042CD3C4F12F8F0FFFFFFFFFFAB74615C00000000000000
(00.001851) can0 DB#390E0020C63C7EF8F77E831A3FC47F55424DC116B3281D5C060300F1FFFFFFFFAB5136C3000000000000000000000000
(00.006491) can0 E3#3A020004F4FFFFFF
(00.006746) can0 4F#288C06000979FA3D
(00.007266) can0 DB#390F00150A877F20FFFF7FCFFFFF3FFFFFFFFFFFFFAC37F41D00000000000000
(00.008446) can0 DC#39100016155283AE2A0AFADCF034280000000000FFFFACB3D0D9000000000000
(00.011836) can0 2D#99188805C409009070975B616F5205000800A0FEFFFF7F4802D235FFFFFFFF00FEFFB1A7831B00000000000000000000
(00.021811) can0 DB#390E0020A4CD7FF8F77E831A3FC57F55424DC116B3281D5C060300F1FFFFFFFFAD8AB472000000000000000000000000
(00.022330) can0 D9#39130015177D8224A0424D3C4F12F8F0FFFFFFFFFFAD100B1300000000000000
(00.022708) can0 E3#00800004FED580044100050800800343CBECB133
(00.027268) can0 DB#390F0015BBD88020FFFF7FCFFFFF3FFFFFFFFFFFFFAEF8828900000000000000
(00.028410) can0 DC#39100110153F42004600A642109C002205F0FFF1391000168A3A84AE2A0AFADCF034280000000000FFFFAE75DB680000
(00.028927) can0 18E19490#02880064646401000000831209CB000000000000EA00EC00BE04000000000000000000004514C0058B05871300000000B80C800C240F2C0D1311001505150000
(00.031875) can0 2D#86118905C409009070975B616F5205000800A0FEFFFF7F4802D235FFFFFFFF00FEFFB3854A5D00000000000000000000
(00.032397) can0 D4#39040604E162BA89
(00.036529) can0 E3#02800008D5F2580183331883
(00.040957) can0 D9#3913001585828324A0428D3C4F12F8F0FFFFFFFFFFAF27928F00000000000000
(00.041866) can0 DB#390E010F2C35FFFFFFFFFFFFFFDFD208BCFDFF390E002063A480F8F77E831A3FC47F55424DC116B3281D5C060300F1FFFFFFFFAF9E2E09000000000000000000
(00.042527) can0 E3#4100050801FCBA5C42825E760500000CF5FCFF0000000000B5758CE200000000
(00.047155) can0 DB#390F001559C88120FFFF7FCFFFFF3FFFFFFFFFFFFFB05DC52900000000000000
(00.048396) can0 DC#39100016AE9285AE2A0AFADCF034280000000000FFFFB0668CF9000000000000
(00.003582) can0 DC#39FE6F089401008001000000
(00.006901) can0 D9#39130015EFBD6425A042CD3A4F12F8F0FFFFFFFFFF70386BDC00000000000000
(00.007278) can0 DB#390E0020642561F8F77E831A3FC67F55424DC116B3281D5C060300F1FFFFFFFF71349394000000000000000000000000
(00.007796) can0 E3#0080000418227A044100050800800343CBEC7561
(00.012578) can0 DB#390F0015714D6220FFFF7FCFFFFF3FFFFFFFFFFFFF7201E84800000000000000
(00.013659) can0 DC#39100110153F423046007606109C002205F0FFF139100016AEB866AE2A0AFADCF034280000000000FFFF7086DF970000
(00.014178) can0 18E19490#02880064646401000000C312D6A2000000000000EA00EC00BD04010001000000000000004814C0058805871300000000B80C800C2C0F2C0D1311001505150000
(00.017251) can0 2D#09FE6B05C4090090709749616F5205000800A0FEFFFF7F4802D235FFFFFFFF00FEFF77B5671200000000000000000000
(00.017776) can0 D4#39040604BBC0B489
(00.021801) can0 E3#0500000CF5FCFF000000000079EE20A5
(00.026264) can0 D9#39130015DDF76525A0428D3A4F12F8F0FFFFFFFFFF713F131100000000000000
(00.027171) can0 DB#390E010F2C35FFFFFFFFFFFFFFDFD208BCFDFF390E0020D84862F8F77E831A3FC67F55424DC116B3281D5C060300F1FFFFFFFF73356B7F000000000000000000
(00.031813) can0 E3#4100050801DB110C714140CB
(00.032490) can0 DB#390F0015935D6320FFFF7FCFFFFF3FFFFFFFFFFFFF74D7DA1900000000000000
(00.033643) can0 DC#391000168A1067AE2A0AFADCF034280000000000FFFF7218DB58000000000000
(00.037171) can0 2D#3C776C05C409009070974A616F5205000800A0FEFFFF7F4802D235FFFFFFFF00FEFF7976B10500000000000000000000
(00.037694) can0 D4#39040C050E0FF4FFFF39FE1D085940B2084A020000390C140CFFFFFF00FEFFFFFFFFFFFFFF0000000000000000000000
(00.041800) can0 E3#39060B080051511400C0CFFF39042208003D877E780FFAFF3980000C00FF8090CEF1AFFE7BACF1570000000000000000
(00.042319) can0 4F#200905A000499C65
(00.043601) can0 18E19490#030000990199010000000000000000020000000000000000000000000000000000B80C102700E40C00000000000054DA055916D80CC409001311001505150000
(00.046009) can0 D9#391300152D486625A0418D3B4F12F8F0FFFFFFFFFF75BA342600000000000000
(00.047279) can0 DB#390E00204C6C63F8F77E831A3FC67F55424DC116B3281D5C060300F1FFFFFFFF76100F26000000000000000000000000
(00.001360) can0 18E19490#0102003C0DFE00800C0701BC02060600000000401F020000AC0D2A2B012003000002AE012E1200000202BD035F380000AC0D401F0C2D284B1311001505150000
(00.003770) can0 D9#391300150E514523A0424D3D2F12E8F0FFFFFFFFFF33EFCBE100000000000000
(00.004998) can0 DB#390E002061DA42F8F77E831A3FC87F95424DC116B3281D5C060300F1FFFFFFFF3404A2AB000000000000000000000000
(00.010291) can0 DB#390F001591614320FFFF7FCFFFFF3FFFFFFFFFFFFF35E00F3900000000000000
(00.011466) can0 DC#391000169E5647AE2A0AFADCF034280000000000FFFF34C38A1D000000000000
(00.014971) can0 2D#66674C05C4090090709737616F5205000800A0FEFFFF7F4402D235FFFFFFFF00FEFF38C7BBD500000000000000000000
(00.024727) can0 D9#39130015B6724624A0424D3D2F12F0F0FFFFFFFFFF3542054800000000000000
(00.025103) can0 DB#390E0020032B43F8F77E831A3FC97F95424DC116B3281D5C060300F1FFFFFFFF36F9D15A000000000000000000000000
(00.025623) can0 E3#00800004428074044100050800800343CBEC38DD
(00.030414) can0 DB#390F00153F134420FFFF7FCFFFFF3FFFFFFFFFFFFF370087D100000000000000
(00.031431) can0 DC#39100110153F423846004606109C002205F0FFF139100016842F48AE2A0AFADCF034280000000000FFFF361C95AA0000
(00.031948) can0 18E19490#02880064646401000000B4128DB8000000000000EA00EB00BD04000000000000000000004A14C2058105881300000000B80C800C200F2C0D1311001505150000
(00.035001) can0 2D#796E4D05C4090090709737616F5205000800A0FEFFFF7F4402D235FFFFFFFF00FEFF3AA0B7CF00000000000000000000
(00.035525) can0 D4#39040604B7B3AE89
(00.044009) can0 D9#391300151B3D4724A0420D3E2F12F0F0FFFFFFFFFF37A3D32400000000000000
(00.045009) can0 DB#390E010F2035FFFFFFFFFFFFFFDFD208BCFDFF390E0020190144F8F77E831A3FC87F95424DC116B3281D5C060300F1FFFFFFFF3853207B000000000000000000
(00.045669) can0 E3#4100050801D0745D002E74EE0500000CF5FCFF00000000003D1D5E2100000000
(00.003169) can0 DB#390F001597252320FFFF7FCFFFFF3FFFFFFFFFFFFFF57C294400000000000000
(00.004266) can0 DC#39100016A29C27AE2A0AFADCF034280000000000FFFFF41D7B98000000000000
(00.004649) can0 18E19490#000000A50000005001000000000000000000001A5A9300000000010000000000000000004A4A4BEB00EA0031010601F800FA004B4A4B02011311001505150000
(00.007853) can0 2D#CCCF2C05C4090090709723616F5205000800A0FEFFFF7F5802D235FFFFFFFF00FEFFF9487D1300000000000000000000
(00.016611) can0 D9#39130015E83F2626A0420D38CF1208F1FFFFFFFFFFF516EB063913010B52B938559500FE03BAFFEF0000000000000000
(00.017875) can0 DB#390E0020D89823F8F77E831A3FC87F95424DC116B3281D5C060300F1FFFFFFFFF6D4D3D9000000000000000000000000
(00.023181) can0 DB#390F001539572420FFFF7FCFFFFF3FFFFFFFFFFFFFF766E89500000000000000
(00.024232) can0 DC#39100016B8E528AE2A0AFADCF034280000000000FFFFF6A83227000000000000
(00.027864) can0 2D#FAD72D05C4090090709724616F5205000800A0FEFFFF7F5802D235FFFFFFFF00FEFFFB5D7D8300000000000000000000
(00.034176) can0 18E19490#0102003C0DFE00800C0C01BC02060600000000401F020000AC0D2A2B012003000002AD012E1200000202BE03483A0000AC0D401F0C271E4B1311001505150000
(00.036695) can0 D9#391300150A2F2726A0420D38CF1208F1FFFFFFFFFFF7D58B9300000000000000
(00.037925) can0 DB#390E0020C2A124F8F77E831A3FC77F95424DC116B3281D5C060300F1FFFFFFFFF8FAB9C0000000000000000000000000
(00.043182) can0 DB#390F0015DB472520FFFF7FCFFFFF3FFFFFFFFFFFFFF9CC300E00000000000000
(00.044282) can0 DC#391000169C4D29AE2A0AFADCF034280000000000FFFFF86A6F0B000000000000
(00.047846) can0 2D#03A12E05C4090090709725616F5205000800A0FEFFFF7F5802D235FFFFFFFF00FEFFFD44A30800000000000000000000
(00.001824) can0 E3#41000508012EBA8E570625D3
(00.002425) can0 DB#390E0020384B03F9F77E831A3FC97FD5424DC116B3281D5C060300F1FFFFFFFFB51A9386390F00153B6B0420FFFF7FCFFFFF3FFFFFFFFFFFFFB64158BB000000
(00.003555) can0 DC#39100016990E08AE2A0AFADCF434280000000000FFFFB65AB390000000000000
(00.007170) can0 2D#49F90D05C4090090709711616F5205000800A0FEFFFF7F5802D235FFFFFFFF00FEFFBB160C5500000000000000000000
(00.007694) can0 D4#39040C050E0FF4FFFF39150114430192E5F85FF5FFFFFFFFFE07009F2801FEFFFF390C140CFFFFFF00FEFFFFFFFFFFFFFF000000000000000000000000000000
(00.011763) can0 E3#39060B080051511400C0CFFF39042208003D867E780FFAFF
(00.012517) can0 DB#390E04105CE30B4C24B4DBFFFF2D6C71EBFFFFFF390F01064C850460A01C0000
(00.016134) can0 D9#391300153EB60726A0428D36CF1208F1FFFFFFFFFFB7EB461900000000000000
(00.017206) can0 DB#390E0020D4B404F9F77E831A3FC97FD5424DC116B3281D5C060300F1FFFFFFFFB87E92DE000000000000000000000000
(00.022482) can0 DB#390F0015D97B0520FFFF7FCFFFFF3FFFFFFFFFFFFFB9E98E5A00000000000000
(00.023514) can0 DC#39100016BDA609AE2A0AFADCF434280000000000FFFFB877A2A8000000000000
(00.023895) can0 18E19490#000000A50000005001000000000000000000001A5A9200000000020000000000000000004A4A4BEB00E90031010601F800FA004B4A4BFB001311001505150000
(00.027155) can0 2D#68E20E05C4090090709711616F5205000800A0FEFFFF7F5802D235FFFFFFFF00FEFFBD15BBF000000000000000000000
(00.027680) can0 21C#2400000000000000
(00.036022) can0 D9#3913001555F50826A0420D37CF1208F1FFFFFFFFFFB9AAD0093913010B52B938559500FE03BAFFEF0000000000000000
(00.037187) can0 DB#390E0020B64505F9F77E831A3FC87FD5424DC116B3281D5C060300F1FFFFFFFFBADFF984000000000000000000000000
(00.042492) can0 DB#390F0015FF4A0620FFFF7FCFFFFF3FFFFFFFFFFFFFBBBBF40700000000000000
(00.043481) can0 DC#39100016F04E0AAE2A0AFADCF434280000000000FFFFBAAEF003000000000000
(00.047174) can0 2D#1F5D0F05C4090090709712616F5205000800A0FEFFFF7F5802D235FFFFFFFF00FEFFBF0B4ECE00000000000000000000
(00.002184) can0 E3#41000508013314B36A846C19
(00.002881) can0 DB#390F0015F1FEE620FFFF7FCFFFFF3FFFFFFFFFFFFF7A8DC8C400000000000000
(00.003835) can0 DC#39100016BD8CEAAE2A0AFADCF434280000000000FFFF786519C4000000000000
(00.007526) can0 2D#F682EF05C40900907097FF606F5205000800A0FEFFFF7F5802D235FFFFFFFF00FEFF7FEC7ED100000000000000000000
(00.008056) can0 D4#39040C050E0FF4FFFF39150114430192E5F85FF5FFFFFFFFFE07009F2801FEFFFF390C140CFFFFFF00FEFFFFFFFFFFFFFF000000000000000000000000000000
(00.008735) can0 DC085D#4002000000000000
(00.012143) can0 E3#39060B080051511400C0CFFF39042208003D867E780FFAFF
(00.012469) can0 4F#201600A000499C63
(00.016443) can0 D9#391300156CE7E926A0428D36CF1208F1FFFFFFFFFF7B4B08BA00000000000000
(00.017581) can0 DB#390F01064C850460BC1C390E0020A2E3E6F9F77E831A3FC97FD5424DC116B3281D5C060300F1FFFFFFFF7C7C47A70000
(00.022846) can0 DB#390F001513EEE720FFFF7FCFFFFF3FFFFFFFFFFFFF7D4F0DE000000000000000
(00.023818) can0 DC#391000169924EBAE2A0AFADCF434280000000000FFFF7CFA0BC8000000000000
(00.024201) can0 18E19490#000000A50000005001000000000000000000001A5A9300000000010000000000000000004A4A4BEB00E90031010501F800FA004B4A4BF8001311001505150000
(00.027511) can0 2D#A364F005C40900907097FF606F5205000800A0FEFFFF7F5802D235FFFFFFFF00FEFF81A7D25F00000000000000000000
(00.036347) can0 D9#391300150589EA26A042CD35CF1208F1FFFFFFFFFF7D66B5733913010B52B928559500FE03BAFFEF0000000000000000
(00.037551) can0 DB#390E00200DA9E7F9F77E831A3FCA7FD5424DC116B3281D5C060300F1FFFFFFFF7E541710000000000000000000000000
(00.042856) can0 DB#390F0015AD1BE820FFFF7FCFFFFF3FFFFFFFFFFFFF7EF43BBF00000000000000
(00.043785) can0 DC#39100016064CECAE2A0AFADCF434280000000000FFFF7EBB7623000000000000
(00.047620) can0 2D#E44FF105C4090090709700616F5205000800A0FEFFFF7F5802D235FFFFFFFF00FEFF835F2CA700000000000000000000
(00.003696) can0 D4#39040C050E0FF4FFFF39150114430192E5F85FF5FFFFFFFFFE07009F2801FEFFFF000000000000000000000000000000
(00.004228) can0 E3#410005080143C95F8222B12E
(00.004422) can0 D4#390C083CFE7400800000086C55382A83FF7BDF01902DC501A02CE07C8FB30400009E053C400B5AD08216B4A0052D68C5486AFE7F9FE600FFC9FFFFFF833EE4FF
(00.005078) can0 DB#390F0015AF27C820FFFF7FCFFFFF3FFFFFFFFFFFFF3F2C066300000000000000
(00.005466) can0 DC#39100016120ACCAE2A0AFADCF434280000000000FFFF3E71F4CA000000000000
(00.009134) can0 2D#8B38D105C40900907097ED606F5205000800A0FEFFFF7F5802D235FFFFFFFF00FEFF4260A94500000000000000000000
(00.013763) can0 D4#390C140CFFFFFF00FEFFFFFFFFFFFFFF390C1608FFFFFFFFFFFFFFFF00000000
(00.014155) can0 E3#39060B080051511400C0CFFF39042208003D867E780FFAFF
(00.017798) can0 D9#39130015BAD5CB26A043CD33CF1208F1FFFFFFFFFF3EBCE59C00000000000000
(00.019220) can0 DB#390F01064C850460DC1C390E0020710BC8F9077F831A3FCF7F55434DC116B3281D5C060300F1FFFFFFFF3F530A420000
(00.024450) can0 DB#390F00154D37C920FFFF7FCFFFFF3FFFFFFFFFFFFF404C3BC300000000000000
(00.025362) can0 DC#3910001636A2CDAE2A0AFADCF434280000000000FFFF3F8EBAC4000000000000
(00.025742) can0 18E19490#000000A50000005001000000000000000000001A5A9300000000010000000000000000004A4A4BEB00EA0031010501F800FA004B4A4BF5001311001505150000
(00.029112) can0 2D#AA23D205C40900907097ED606F5205000800A0FEFFFF7F5802D235FFFFFFFF00FEFF44B7DAC800000000000000000000
(00.037769) can0 D9#391300155A43CC26A0430D35CF1208F1FFFFFFFFFF4072E38D3913010B52B928559500FE03BAFFEF0000000000000000
(00.039208) can0 DB#390E0020E52FC9F9077F831A3FCF7F55434DC116B3281D5C060300F1FFFFFFFF4151F1F4000000000000000000000000
(00.044461) can0 DB#390F00156B06CA20FFFF7FCFFFFF3FFFFFFFFFFFFF42CC4F1600000000000000
(00.045325) can0 DC#391000167B4ACEAE2A0AFADCF434280000000000FFFF416C1445000000000000
(00.049130) can0 2D#DD9CD305C40900907097EE606F5205000800A0FEFFFF7F5802D235FFFFFFFF00FEFF461B120700000000000000000000
(00.008145) can0 D9#391300159DCAAE26A043CD34CF1208F1FFFFFFFFFF057EB7213913010B52B928559500FE03BAFFEF0000000000000000
(00.009495) can0 DB#390E0020E000ABF9077F831A3FCF7F55434DC116B3281D5C060300F1FFFFFFFF06062743000000000000000000000000
(00.014801) can0 DB#390F00152120AC20FFFF7FCFFFFF3FFFFFFFFFFFFF07C9AE9B00000000000000
(00.015650) can0 DC#391000167372B0AE2A0AFADCF434280000000000FFFF0688164F000000000000
(00.019463) can0 2D#87F2B505C40900907097DC606F5205000800A0FEFFFF7F5802D235FFFFFFFF00FEFF0B17A40100000000000000000000
(00.025571) can0 18E19490#0102003D0DFE00800C0701BC02060600000000401F020000AC0D2E2B012003000002AE012B1200000202BC03483A0000AC0D401F0C0F284B1311001505150000
(00.028061) can0 D9#391300150F35AF26A0430D34CF1208F1FFFFFFFFFF0770F0E800000000000000
(00.029497) can0 DB#390E00200CFFACF9077F831A3FCF7F55434DC116B3281D5C060300F1FFFFFFFF08BE3E47000000000000000000000000
(00.034791) can0 DB#390F0015C330AD20FFFF7FCFFFFF3FFFFFFFFFFFFF0994638100000000000000
(00.035706) can0 DC#3910001657DAB1AE2A0AFADCF434280000000000FFFF0812413F000000000000
(00.039444) can0 2D#7E84B605C40900907097DD606F5205000800A0FEFFFF7F5802D235FFFFFFFF00FEFF0C29A22300000000000000000000
(00.048987) can0 D9#39130015C031B026A043CD34CF1208F1FFFFFFFFFF099D9BDE00000000000000
(00.049495) can0 DB#390E002098DBADF9077F831A3FCF7F55434DC116B3281D5C060300F1FFFFFFFF0A7DB867000000000000000000000000
(00.000750) can0 DB#390E0020ED7487F9F77E831A3FC87FD5424DC116B3281D5C060300F1FFFFFFFFBE001CDF000000000000000000000000
(00.005977) can0 DB#390F0015AB5F8820FFFF7FCFFFFF3FFFFFFFFFFFFFBF55230B00000000000000
(00.006755) can0 DC#391000163A868CAE2A0AFADCF434280000000000FFFFBE6B961A000000000000
(00.010659) can0 2D#6FDD9105C40900907097C6606F5205000800A0FEFFFF7F5802D235FFFFFFFF00FEFFC32E14B800000000000000000000
(00.016778) can0 18E19490#028800646464010000007712F8B5000000000000E900EC00BD04000000000000000000004A14BF05B0058A1300000000B80C800C5D0F2C0D1311001505150000
(00.019204) can0 D9#3913001548AB8B27A0438D33CF1238F1FFFFFFFFFFC0F0E3F63913010B52B918559500FE03BAFFEF0000000000000000
(00.020683) can0 DB#390E00208C1588F9F77E831A3FCF7F15434DC116B3281D5C060300F1FFFFFFFFC072C0CB000000000000000000000000
(00.025988) can0 DB#390F0015494F8920FFFF7FCFFFFF3FFFFFFFFFFFFFC1C0587900000000000000
(00.026771) can0 DC#391000161E2E8DAE2A0AFADCF434280000000000FFFFC0734568000000000000
(00.030628) can0 2D#96AB9205C40900907097C7606F5205000800A0FEFFFF7F5802D235FFFFFFFF00FEFFC5D94B8B00000000000000000000
(00.039198) can0 D9#391300153D998C26A0430D36CF1228F1FFFFFFFFFFC203FFBD00000000000000
(00.040685) can0 DB#390E0020B85A89F9077F831A3FCF7F15434DC116B3281D5C060300F1FFFFFFFFC28E8621000000000000000000000000
(00.045978) can0 DB#390F00156F7E8A20FFFF7FCFFFFF3FFFFFFFFFFFFFC35C096E00000000000000
(00.046693) can0 DC#3910001653C68EAE2A0AFADCF434280000000000FFFFC2A13C43000000000000
(00.047072) can0 18E19490#030000970197010000000000000000020000000000000000000000000000000000B80C102700E40C00000000000054D9055716D50CC409001311001505150000
(00.000769) can0 DB#390E0020568B65F9F77E831A3FC47FD5424DC116B3281D5C060300F1FFFFFFFF790605F0000000000000000000000000
(00.006075) can0 DB#390F0015F90E6620FFFF7FCFFFFF3FFFFFFFFFFFFF7A5935FB00000000000000
(00.006703) can0 DC#39100016F9296AAE2A0AFADCF034280000000000FFFF79B451B0000000000000
(00.007085) can0 18E19490#040300030003007E36ED0C430D2201FF000806010101010200000000000000000000000000000000000000000000000000000000000000001311001505150000
(00.010711) can0 2D#920C6F05C40900907097B2606F5205000800A0FEFFFF7F5802D235FFFFFFFF00FEFF7EDB87E700000000000000000000
(00.019234) can0 D9#3913001546146932A0428DF7CE1258F1FFFFFFFFFF7ACB374200000000000000
(00.020768) can0 DB#390E0020EAE666F9F77E831A3FC47FD5424DC116B3281D5C060300F1FFFFFFFF7B335864000000000000000000000000
(00.026064) can0 DB#390F00151B1E6720FFFF7FCFFFFF3FFFFFFFFFFFFF7CA2B2D800000000000000
(00.026713) can0 DC#39100016DD816BAE2A0AFADCF034280000000000FFFF7AD64BBC000000000000
(00.030716) can0 2D#1F877005C40900907097B3606F5205000800A0FEFFFF7F5802D235FFFFFFFF00FEFF81D2573700000000000000000000
(00.036691) can0 DC#39FE6F089401008001000000
(00.036889) can0 18E19490#000000A50000005001000000000000000000001A5A9200000000010000000000000000004A4A4BEB00EA0030010501F800F9004B4A4B19011311001505150000
(00.040173) can0 D9#39130015C57C6A32A042CDF6CE1258F1FFFFFFFFFF7C22BC2300000000000000
(00.040763) can0 DB#390E00207EC267F9F77E831A3FC47FD5424DC116B3281D5C060300F1FFFFFFFF7DC244B9000000000000000000000000
(00.041284) can0 E3#0080000499E348044100050800800343CBEA81C8
(00.046187) can0 DB#390F0015A5EB6820FFFF7FCFFFFF3FFFFFFFFFFFFF7E35069300000000000000
(00.046812) can0 DC#39100110153F42004600E642109C002205F0FFF53910001642E96CAE2A0AFADCF034280000000000FFFF7CEE2A010000
(00.000003) can0 5B#B6CDC8CF6DB6
(00.000366) can0 D4#39040604F1A77B89
(00.008520) can0 D9#3913001522384833A042CDEECE1260F1FFFFFFFFFF3AA95DDF00000000000000
(00.009890) can0 DB#390E010F2C35FFFFFFFFFFFFFFDFD208BCFDFF390E0020D25045F9F77E831A3FC37FD5424DC116B3281D5C060300F1FFFFFFFF3A039827000000000000000000
(00.014509) can0 E3#410005080113545E96BAF3A6
(00.015208) can0 DB#390F0015FB324620FFFF7FCFFFFF3FFFFFFFFFFFFF3B79EC9200000000000000
(00.015761) can0 DC#39100016ED6F4AAE2A0AFADCF034280000000000FFFF3AE9E844000000000000
(00.019841) can0 2D#C4C14F05C409009070979F606F5205000800A0FEFFFF7F5802D235FFFFFFFF00FEFF3FBD6B9D00000000000000000000
(00.020367) can0 D4#39040C050E0FF4FFFF39150114430192E5F85FF5FFFFFFFFFE07009F2801FEFFFF390C140CFFFFFF00FEFFFFFFFFFFFFFF000000000000000000000000000000
(00.024521) can0 E3#39060B080051511400C0CFFF39042208003D867E780FFAFF
(00.025764) can0 18E19490#030000990199010000000000000000020000000000000000000000000000000000B80C102700E40C00000000000054DA055B16DA0CC409001311001505150000
(00.028323) can0 D9#39130015D6554933A0428DF0CE1260F1FFFFFFFFFF3B23C3FB00000000000000
(00.029908) can0 DB#390F01064C8504602019390E002098E846F9F77E831A3FC27FD5424DC116B3281D5C060300F1FFFFFFFF3C4099170000
(00.035174) can0 DB#390F001519224720FFFF7FCFFFFF3FFFFFFFFFFFFF3DE8C81100000000000000
(00.035875) can0 DC#39100016C9C74BAE2A0AFADCF034280000000000FFFF3CAC0E28000000000000
(00.039813) can0 2D#91275005C409009070979F606F5205000800A0FEFFFF7F5802D235FFFFFFFF00FEFF411BF49400000000000000000000
(00.048307) can0 D9#39130015BAD74A33A0420DF2CE1260F1FFFFFFFFFF3D7348E93913010B52B908559500FE03BAFFEF0000000000000000
(00.002271) can0 DB#390F0015DB472520FFFF7FCFFFFF3FFFFFFFFFFFFFF91C9AA600000000000000
(00.002770) can0 DC#39100016A9E029AE2A0AFADCF434280000000000FFFFF865DAE8000000000000
(00.006912) can0 2D#9F862E05C409009070978B606F5205000800A0FEFFFF7F5802D235FFFFFFFF00FEFFFDD5BBBF00000000000000000000
(00.012774) can0 18E19490#0102003C0DFE00800C0701BC02060600000000401F020000AC0D2A2B012003000002AD012B1200000202BD03383A0000AC0D401F0C59154B1311001505150000
(00.015586) can0 D9#39130015CBFB2834A0420DEECE1260F1FFFFFFFFFFFAF29A3C00000000000000
(00.016964) can0 DB#390E002009E325F9F77E831A3FC27FD5424DC116B3281D5C060300F1FFFFFFFFFA3B666D000000000000000000000000
(00.022260) can0 DB#390F0015FD762620FFFF7FCFFFFF3FFFFFFFFFFFFFFB6FDFCD00000000000000
(00.022834) can0 DC#39100016D1A52AAE2A0AFADCF034280000000000FFFFFABA5065000000000000
(00.026898) can0 2D#A99E2F05C409009070978C606F5205000800A0FEFFFF7F5802D235FFFFFFFF00FEFFFF24EA6400000000000000000000
(00.036841) can0 D9#39130015B8D92935A0428DECCE1268F1FFFFFFFFFFFC44CA9F00000000000000
(00.037217) can0 DB#390E0020B58E26F9F77E831A3FC27FD5424DC116B3281D5C060300F1FFFFFFFFFC30C52E000000000000000000000000
(00.037738) can0 E3#00800004303A3B044100050800800343CBE9FFA5
(00.040891) can0 44#04
(00.042383) can0 DB#390F00151F662720FFFF7FCFFFFF3FFFFFFFFFFFFFFD3D68F900000000000000
(00.042771) can0 DC#39100110153F423246007E06119C002205F0FFF139100016F50D2BAE2A0AFADCF034280000000000FFFFFCC961000000
(00.043291) can0 18E19490#028800646464010000006712B6BB000000000000E900EC00BD04000001000100010000004A14BF05AE058B1300000000B80C800C140F2C0D1311001505150000
(00.046920) can0 2D#FC783005C409009070978C606F5205000800A0FEFFFF7F5802D235FFFFFFFF00FEFF01CDBDF700000000000000000000
(00.047447) can0 D4#39040604AB057589
(00.007661) can0 D9#39130015AE5F0B35A0424DE9CE1270F1FFFFFFFFFFC0E754FC00000000000000
(00.008039) can0 DB#39FE0B086100008001000000390E002073DD08F9F77E831A3FC17FD5424DC116B3281D5C060300F1FFFFFFFFBF947696
(00.008554) can0 E3#008000046A9835044100050800800343CBE9C3C9
(00.011737) can0 44#04
(00.013217) can0 DB#390F001541BF0920FFFF7FCFFFFF3FFFFFFFFFFFFFC0086FFD00000000000000
(00.013608) can0 DC#39100110153F423246004E16109C002205F0FFF1391000166F260DAE2A0AFADCF434280000000000FFFFC0546B9D0000
(00.014125) can0 18E19490#0288006464640100000000137FC3000000000000EA00EB00BC04000000000000010000004D14BD05AE05841300000000B80C800C610F2C0D1311001505150000
(00.017742) can0 2D#D69D1205C409009070977A606F5205000800A0FEFFFF7F5802D235FFFFFFFF00FEFFC52C92E900000000000000000000
(00.018266) can0 D4#39040604A7766F89
(00.023106) can0 DB#390E022A3E004A00650AB0811778010047403E49E0D16CC24C85D34D8C72F847CE43068867E9FFFFFFFFC073CE3D0000
(00.026202) can0 D9#39130015D0770C35A0420DE9CE1270F1FFFFFFFFFFC24D9AC600000000000000
(00.027808) can0 DB#390E010F0C35FFFFFFFFFFFFFFDFD208BCFDFF390E03082A6B24F8FFFFFFFF00
(00.028196) can0 21C#23000000000000000000000000000000000000000000000000000000000000000000000000000000000000000000000000000000000000000000000000000000
(00.032416) can0 E3#41000508018D7AD63C7EC828
(00.033039) can0 DB#390E0020E7F909F9F77E831A3FC17FD5424DC116B3281D5C060300F1FFFFFFFFC12DCE69390F0015678E0A20FFFF7FCFFFFF3FFFFFFFFFFFFFC2495ECD000000
(00.033698) can0 DC#3910001622CE0EAE2A0AFADCF434280000000000FFFFC2B79CDC000000000000
(00.037756) can0 2D#11F91305C409009070977B606F5205000800A0FEFFFF7F5802D235FFFFFFFF00FEFFC7AF5F1500000000000000000000
(00.038282) can0 D4#39040C050E0FF4FFFF39150114430192E5F85FF5FFFFFFFFFE07009F2801FEFFFF390C140CFFFFFF00FEFFFFFFFFFFFFFF000000000000000000000000000000
(00.042414) can0 E3#39060B080051511400C0CFFF39042208003D867E780FFAFF
(00.043131) can0 DB#390E04105CE30B4C24B4DBFFFF2D6C71EBFFFFFF390F01064C85046000190000
(00.043561) can0 18E19490#030000950195010000000000000000020000000000000000000000000000000000B80C102700E40C00000000000054D9055B16D70CC409001311001505150000
(00.046401) can0 D9#39130015973E0D35A0424DE8CE1270F1FFFFFFFFFFC363A7A000000000000000
(00.047821) can0 DB#390E00205B940AF9F77E831A3FC17FD5424DC116B3281D5C060300F1FFFFFFFFC4427F31000000000000000000000000
(00.007923) can0 D9#3913001563DFF135A0424DE5CE12A8F1FFFFFFFFFF8BAE0FB600000000000000
(00.009480) can0 DB#390E0020A3CDEEF9F77E831A3FC07FD5424DC116B3281D5C060300F1FFFFFFFF8BFC7995000000000000000000000000
(00.014074) can0 E3#3E800108C30201E0B710E0FF3A020004F4FFFFFF
(00.014345) can0 4F#28D0060009804DB6
(00.014897) can0 DB#390F00150369EF20FFFF7FCFFFFF3FFFFFFFFFFFFF8CF1B3B600000000000000
(00.015283) can0 DC#391000161616F3AE2A0AFADCF434280000000000FFFF8C021D00000000000000
(00.019415) can0 2D#C98CF805C409009070976B606F5205000800A0FEFFFF7F5802D235FFFFFFFF00FEFF91E96FC700000000000000000000
(00.025199) can0 18E19490#000000A50000005001000000000000000000001A5A9200000000010000000000000000004A4A4BEA00E90031010501F800FA004B4A4BFB001311001505150000
(00.029134) can0 D9#391300156F71F235A042CDE4CE12A0F1FFFFFFFFFF8DDB149300000000000000
(00.029511) can0 DB#390E002037E9EFF9F77E831A3FC07FD5424DC116B3281D5C060300F1FFFFFFFF8D796B6E000000000000000000000000
(00.030032) can0 E3#008000042F2430044100050800800343CBE9913A
(00.034897) can0 DB#390F0015BC82F020FFFF7FCFFFFF3FFFFFFFFFFFFF8EDF338300000000000000
(00.035286) can0 DC#39100110153F423046002652119C002205F0FFF139100016897EF4AE2A0AFADCF434280000000000FFFF8E92FFF20000
(00.039434) can0 2D#D685F905C409009070976B606F5205000800A0FEFFFF7F5802D235FFFFFFFF00FEFF9335A00A00000000000000000000
(00.039960) can0 D4#39040604E2CA6A89
(00.044092) can0 E3#028000080FEC500183331883
(00.047863) can0 D9#3913001565D0F336A0428DE5CE12A0F1FFFFFFFFFF8F963ED200000000000000
(00.049465) can0 E3#4100050801A1392B592B3A960500000CF5FCFF000000000095356ACA00000000
(00.007321) can0 D9#39130015524AD339A0428DC5EE1118F2FFFFFFFFFF4E75D4AB00000000000000
(00.009002) can0 DB#390E002011A0D0F9F77E831A3FBB7FD5424DC116B3281D5C060300F1FFFFFFFF4F77D9E1000000000000000000000000
(00.014215) can0 DB#390F00155CAED120FFFF7FCFFFFF3FFFFFFFFFFFFF504BFFCE00000000000000
(00.014602) can0 DC#391000168C3DD5AE2A0AFADCF034280000000000FFFF4E752832000000000000
(00.018843) can0 2D#93F2DA05C4090090709759606F5205000800A0FEFFFF7F4802D235FFFFFFFF00FEFF55C6AF7900000000000000000000
(00.024527) can0 DC#39FE6F089401008001000000
(00.024726) can0 18E19490#000000A50000005001000000000000000000001A5A8D00000000010000000000000000004A4A4BEB00EA0031010601F900FA004B4A4BE4001311001505150000
(00.028533) can0 D9#39130015D527D437A0428DCC0E1218F2FFFFFFFFFF5083722B00000000000000
(00.028910) can0 DB#390E0020C836D1F9F77E831A3FBE7FD5424DC116B3281D5C060300F1FFFFFFFF515FC4C9000000000000000000000000
(00.029433) can0 E3#0080000423572A044100050800800343CBE95580
(00.034338) can0 DB#390F00157A9FD220FFFF7FCFFFFF3FFFFFFFFFFFFF526269F300000000000000
(00.034724) can0 DC#39100110153F42004600F642109C002205F0FFF539100016F478D6AE2A0AFADCF434280000000000FFFF500C7F1C0000
(00.038931) can0 2D#8CFBDB05C4090090709759606F5205000800A0FEFFFF7F4802D235FFFFFFFF00FEFF57723D3300000000000000000000
(00.039455) can0 D4#39040604B8686489
(00.047251) can0 D9#391300155B38D539A0424DC50E1210F2FFFFFFFFFF512C7CC300000000000000
(00.048998) can0 DB#390E010F0C35FFFFFFFFFFFFFFDFD208BCFDFF390E0020828ED2F9F77E831A3FBF7FD5424DC116B3281D5C060300F1FFFFFFFF53274C20000000000000000000
(00.049659) can0 E3#410005080143C45AF1B849C60500000CF5FCFF000000000059F7CDED00000000
(00.000988) can0 E3#41000208026B178C4B2DC2E6
(00.001771) can0 DB#390F00152120AC20FFFF7FCFFFFF3FFFFFFFFFFFFF074AB43E00000000000000
(00.002158) can0 DC#391000163838B0AE2A0AFADCFC34280000000000FFFF0622F033000000000000
(00.002541) can0 18E19490#000000A50000005001000000000000000000001A5A7E00000000010000000000000000004A4A4BEB00EA0030010501F800FA004B4A4BEE001311001505150000
(00.006336) can0 2D#CE47B505C4090090709742606F5205000800A0FEFFFF7F0C02D235FFFFFFFF00FEFF0BA4D03F00000000000000000000
(00.014650) can0 D9#39130015B690AF20A045CD3E2F1050F1FFFFFFFFFF082E16233913010B526608559500FE03BAFFEF0000000000000000
(00.016500) can0 DB#390E002052A5ACFC277F831A3FD87F95454DC116B3281D5C060300F1FFFFFFFF0826AC56000000000000000000000000
(00.021735) can0 DB#390F0015C330AD20FFFF7FCFFFFF3FFFFFFFFFFFFF094CDBD500000000000000
(00.022120) can0 DC#391000161C90B1AE2A0AFADCFC34280000000000FFFF08CD4E5D000000000000
(00.026356) can0 2D#3731B605C4090090709743606F5205000800A0FEFFFF7F0C02D235FFFFFFFF00FEFF0DD788C200000000000000000000
(00.031988) can0 18E19490#0102003F0DFE00800C0701BC02060600000000401F020000AC0D2D2B012003000002AE012C1200000202BC0337320000AC0D401F0C411F4B1311001505150000
(00.034733) can0 D9#39130015196EB021A044CD362F1068F1FFFFFFFFFF0A9257C700000000000000
(00.036503) can0 DB#390E0020B467ADFC277F831A3FD27F15454DC116B3281D5C060300F1FFFFFFFF0A90C2C5000000000000000000000000
(00.041725) can0 DB#390F0015E501AE20FFFF7FCFFFFF3FFFFFFFFFFFFF0B884C9300000000000000
(00.042110) can0 DC#391000165178B2AE2A0AFADCFC34280000000000FFFF0A881D7F000000000000
(00.046350) can0 2D#EFCFB705C4090090709744606F5205000800A0FEFFFF7F1002D235FFFFFFFF00FEFF0F8FD7C400000000000000000000
(00.001485) can0 18E19490#010200420DFE00800C0701BC02060600000000401F020000AC0D302B012003000002AE012E1200000202BC030B300000AC0D401F0C3B154B1311001505150000
(00.004349) can0 D9#3913001522599200A0498D00700F20F3FFFFFFFFFFCD98C12200000000000000
(00.006064) can0 DB#390E0020D7468FFE477F831A3FFF7FD5474DC116B3281D5C060300F1FFFFFFFFCEC9EF4B000000000000000000000000
(00.011283) can0 DB#390F0015BAC69020FFFF7FCFFFFF3FFFFFFFFFFFFFCFFAF7CB00000000000000
(00.011671) can0 DC#391000165D8394AE2A0AFADC0835280000000000FFFFCEC836F4000000000000
(00.015900) can0 2D#F36D9905C409001000800020FA5005000800A0FEFFFF7FE001D235FFFFFFFF00FEFFD37A24CB00000000000000000000
(00.020547) can0 E3#00800004636B1C05
(00.025133) can0 D9#39130015132B9300A04A4D00700F20F3FFFFFFFFFFCF6B146500000000000000
(00.026066) can0 DB#390E0020B8E490FE477F831A3FFF7FD5474DC116B3281D5C060300F1FFFFFFFFD0001AC3000000000000000000000000
(00.029910) can0 44#04
(00.031284) can0 DB#390F001558D69120FFFF7FCFFFFF3FFFFFFFFFFFFFD1CF772900000000000000
(00.031669) can0 DC#39100110153F422D46008E46109C002205F0FFF539100016792B95AE2A0AFADC0835280000000000FFFFD0345FA50000
(00.032186) can0 18E19490#02880064646401000000D2125713000000000000EA00EC00BC04010000000100010000005014BA05AD04871300000000B50C800C0F0F2C0D1311001505150000
(00.035913) can0 2D#53C89A05C4090010709732A06F5205000800A0FEFFFF7FE001D235FFFFFFFF00FEFFD538264C00000000000000000000
(00.036443) can0 D4#39040604099E5688
(00.044427) can0 D9#391300157C1794FF9F4A0D00700F20F3FFFFFFFFFFD12AE41600000000000000
(00.046073) can0 DB#390E010F2435FFFFFFFFFFFFFFDFD208BCFDFF390E00202CC091FE477F831A3FFF7FD5474DC116B3281D5C060300F1FFFFFFFFD275A2C5000000000000000000
(00.003627) can0 DB#390E0020E68070FE477F831A3F0080D5474DC114B3281D5C060300F1FFFFFFFF8F3E7FD2000000000000000000000000
(00.007224) can0 D9#3913010B520008558500FE03BAFFEF00
(00.008286) can0 E3#4100050800800343CBE8936F
(00.008807) can0 21C#1102010E000001F405DC09380FA01388189C1C3E21E8254427100000000000000000000000000000000000000000000000000000000000000000000000000000
(00.009494) can0 DC#39100016F61A75AE2A0AFADCAC00280000000000FFFF8FE1C7D4000000000000
(00.009877) can0 DB#390F001556627120FFFF7FCFFFFF3FFFFFFFFFFFFF8FA4213400000000000000
(00.010263) can0 21D#304028
(00.010419) can0 21C#21000000000000000000000000000000000000000000000000000000000000000000000000000000000000000000000000000000000000000000000000000000
(00.013699) can0 2D#46B67A04C409001000800020FA6004000800A0FEFFFF7FE001D239FFFFFFFF00FEFF9567BF9000000000000000000000
(00.019081) can0 18E19490#0102001C00FF00800C0701BC02060600000000401F020000AC0D302B012003000002AC012E1200000202BD032D300000AC0D401F0C350B4B1311001505150000
(00.021784) can0 D9#39130015558C7400A0014000900F20F3FFFFFFFFFF8FB072B200000000000000
(00.023653) can0 DB#390E002072A471FE477F831A3F0080D5474DC114B3281D5C060300F1FFFFFFFF907206EB000000000000000000000000
(00.028206) can0 E3#4100050801CE561A9EDF3066
(00.028488) can0 4F#28830100275280F3
(00.029117) can0 DC#39100016BBF276AE2A0AFADCAC00280000000000FFFF91D53BD4000000000000
(00.029499) can0 DB#390F001570537220FFFF7FCFFFFF3FFFFFFFFFFFFF91AA4EB600000000000000
(00.033550) can0 2D#8B447B04C409001000800020FA6005000800A0FEFFFF7FE001D235FFFFFFFF00FEFF973227BC00000000000000000000
(00.034083) can0 DC085B#4001000400000000
(00.034371) can0 21C#22000000000000000000000000000000000000000000000000000000000000000000000000000000000000000000000000000000000000000000000000000000
(00.038205) can0 E3#00800004C8031605
(00.042753) can0 D9#3913001517297500A001C000900F20F3FFFFFFFFFF93CE24E600000000000000
(00.043778) can0 DB#39FE0B086100000000000000390E0020CEC972FE477F831A3F0080D5474DC114B3281D5C060300F1FFFFFFFF94171AEC
(00.047580) can0 44#04
(00.048942) can0 DB#390F001592437320FFFF7FCFFFFF3FFFFFFFFFFFFF95729F3D00000000000000
(00.049328) can0 DC#39100110153F423846005E06119C002205F0FFF1391000169F5A77AE2A0AFADCAC00280000000000FFFF94B02ABA0000
(00.002477) can0 2D#A69E5904C409001000800020FA6004000800A0FEFFFF7FE001D239FFFFFFFF00FEFF52F8594800000000000000000000
(00.003012) can0 D4#3904060495524884
(00.007934) can0 18E19490#04030003000300F636ED0C2B002201FF000806010101010200000000000000000000000000000000000000000000000000000000000000001311001505150000
(00.010891) can0 D9#39130015F3875300A0018000B00F20F3FFFFFFFFFF4F987A4000000000000000
(00.012626) can0 DB#390E010F7800FFFFFFFFFFFFFFDFD208BCFDFF390E0020E25250FE477F831A3F0080D5474DC114B3281D5C060300F1FFFFFFFF5047A7AD000000000000000000
(00.017837) can0 DB#390F0015545E5120FFFF7FCFFFFF3FFFFFFFFFFFFF51B228E500000000000000
(00.018222) can0 DC#39100016E25C55AE2A0AFADCAC00280000000000FFFF50889C10000000000000
(00.022445) can0 2D#87855A04C409001000800020FA6004000800A0FEFFFF7FE001D239FFFFFFFF00FEFF544FC71C00000000000000000000
(00.022979) can0 D4#39040C050E0FF4FFFF390C140CFFFFFFFFFDFFFFFFFFFFFFFF00000000000000
(00.027091) can0 E3#39060B080051511800C0CFFF39042208003B877E780FFAFF3980000C007FAB7D3EEFAFFE57FBA0700000000000000000
(00.030686) can0 D9#391300158DAF5400A001C000B00F20F3FFFFFFFFFF5145618500000000000000
(00.032454) can0 E3#0500000CF6FCFF0000000000574CBF9B
(00.032791) can0 DB#390E0020767651FE477F831A3F0080D5474DC114B3281D5C060300F1FFFFFFFF520A1901000000000000000000000000
(00.037761) can0 DB#390F0015726F5220FFFF7FCFFFFF3FFFFFFFFFFFFF53EAB1C200000000000000
(00.038146) can0 DC#39100016AFB456AE2A0AFADCAC00280000000000FFFF5210D1DB000000000000
(00.038528) can0 18E19490#000000A50000005001000000000000000000001A5A7C00000000010000000000000000004A4A4BEB00EA0031010501F800FA004B4A4B23011311001505150000
(00.042434) can0 2D#988C5B04C409001000800020FA6004000800A0FEFFFF7FE001D239FFFFFFFF00FEFF56F08C1800000000000000000000
(00.002014) can0 DB#390F00150FE12F20FFFF7FCFFFFF3FFFFFFFFFFFFF0D56549500000000000000
(00.002399) can0 DC#39100016655633AE2A0AFADCAC00280000000000FFFF0C3EB1B0000000000000
(00.006702) can0 2D#FAC33804C409001000800020FA6004000800A0FEFFFF7FE001D239FFFFFFFF00FEFF11E0D5F800000000000000000000
(00.012076) can0 18E19490#028800646464010000009012D023000000000000E900EC00BD04010000000100060000005114BF05C4048A1300000000B50C800C180F2C0D1311001505150000
(00.014848) can0 D9#391300151BB03200A0028000D00F20F3FFFFFFFFFF0D431DE53913010B520008558500FE03BAFFEF0000000000000000
(00.016870) can0 DB#390E0020A0962FFE477F831A3F0080D5474DC114B3281D5C060300F1FFFFFFFF0E7C013C000000000000000000000000
(00.021396) can0 E3#4100050800800343CBE81171
(00.022148) can0 DB#390F0015B00A3020FFFF7FCFFFFF3FFFFFFFFFFFFF0F20F84900000000000000
(00.022536) can0 DC#39100016FA3E34AE2A0AFADCAC00280000000000FFFF0E01F53B000000000000
(00.026690) can0 2D#E5CA3904C409001000800020FA6004000800A0FEFFFF7FE001D239FFFFFFFF00FEFF137237E300000000000000000000
(00.034841) can0 D9#3913001529FA3300A002C000D00F20F3FFFFFFFFFF0FD83C7B00000000000000
(00.036869) can0 DB#390E0020CF3430FE477F831A3F0080D5474DC114B3281D5C060300F1FFFFFFFF10FF1A87000000000000000000000000
(00.041353) can0 E3#4100050801BE05BCF61E5B01
(00.042102) can0 DC#39100016DE9635AE2A0AFADCAC00280000000000FFFF1058610D000000000000
(00.042484) can0 DB#390F0015521A3120FFFF7FCFFFFF3FFFFFFFFFFFFF1199C59C00000000000000
(00.042868) can0 18E19490#030000940194010000000000000000020000000000000000000000000000000000B50C102700E40C00000000000054D9056F16D20CC409001311001505150000
(00.046689) can0 2D#C4D13A04C409001000800020FA6004000800A0FEFFFF7FE001D239FFFFFFFF00FEFF155433C100000000000000000000
(00.000512) can0 D9#39130015295F1001A002C000D00F20F3FFFFFFFFFFC77D5CB900000000000000
(00.002192) can0 DB#390E00208C0D0DFE477F831A3F0080D5474DC114B3281D5C060300F1FFFFFFFFC7F1E2AC000000000000000000000000
(00.006622) can0 E3#41000508017FCF70B321514D
(00.006890) can0 4F#287D0D0027540E6E
(00.007370) can0 DC#3910001655B812AE2A0AFADCAC00280000000000FFFFC9EEFE48000000000000
(00.007754) can0 DB#390F0015EFCD0E20FFFF7FCFFFFF3FFFFFFFFFFFFFC835436800000000000000
(00.011981) can0 2D#9E871704C409001000800020FA6004000800A0FEFFFF7FE001D239FFFFFFFF00FEFFCF97B49000000000000000000000
(00.012517) can0 DC085B#4001000400000000
(00.016615) can0 E3#008000047187FE02
(00.016779) can0 21D#304028
(00.016935) can0 21C#21000000000000000000000000000000000000000000000000000000000000000000000000000000000000000000000000000000000000000000000000000000
(00.017645) can0 18E19490#000000A50000005001000000000000000000001A5A7C00000000010000000000000000004A4A4BEB00EA0030010601F800FA004B4A4BE7001311001505150000
(00.021490) can0 D9#39130015FDCB11FF9F014000D00F20F3FFFFFFFFFFCB68743400000000000000
(00.022101) can0 DB#39FE0B086100000000000000390E002030600EFE477F831A3F0080D5474DC114B3281D5C060300F1FFFFFFFFCC837EE7
(00.026032) can0 44#04
(00.027380) can0 DC#39100110153F42004600BE12119C002205F0FFF139100016711013AE2A0AFADCAC00280000000000FFFFCC7C3A420000
(00.027902) can0 DB#390F00150DDD0F20FFFF7FCFFFFF3FFFFFFFFFFFFFCDC1A72300000000000000
(00.031988) can0 2D#3BF01804C409001000800020FA6004000800A0FEFFFF7FE001D239FFFFFFFF00FEFFD19D5E3800000000000000000000
(00.032524) can0 D4#390406043C8B3B84
(00.037386) can0 DB#390E022A3E004A00650AB0811778110047403E49E0D16CC24C85D34D8C72F847CE43068867E9FFFFFFFFCDE385280000
(00.040599) can0 D9#3913001557F612FF9F0180FFCF0F20F3FFFFFFFFFFCD7E532100000000000000
(00.042236) can0 DB#390E010F7800FFFFFFFFFFFFFFDFD208BCFDFF390E030859FB1FF8FFFFFFFF00
(00.042627) can0 21C#22000000000000000000000000000000000000000000000000000000000000000000000000000000000000000000000000000000000000000000000000000000
(00.047208) can0 DB#390E0020A4440FFE477F831A3F0080D5474DC114B3281D5C060300F1FFFFFFFFCEABB9C3390F0015B2361020FFFF7FCFFFFF3FFFFFFFFFFFFFCF72ABC2000000
(00.047866) can0 DC#39100016EE7814AE2A0AFADCAC00280000000000FFFFCEF719FA000000000000
(00.048249) can0 18E19490#0102001C00FE00800C0701BC02060600000000401F020000AC0D302B012003000002AE012A1200000202BD0301310000AC0D401F0C22104B1311001505150000
(00.001216) can0 D9#39130015B4B5F200A0018000D00F20F3FFFFFFFFFF8D8259C100000000000000
(00.003242) can0 DB#390E0020FA5AEFFE477F831A3F0080D5474DC114B3281D5C060300F1FFFFFFFF8D84D206000000000000000000000000
(00.007626) can0 E3#4100050801A2F5637C3C9F30
(00.008266) can0 DC#39100016A3BAF4AE2A0AFADCAC00280000000000FFFF8DF2B4A1000000000000
(00.008648) can0 DB#390F0015BC82F020FFFF7FCFFFFF3FFFFFFFFFFFFF8E4A8A4E00000000000000
(00.012985) can0 2D#6362F904C409001000800020FA6004000800A0FEFFFF7FE001D239FFFFFFFF00FEFF9317435D00000000000000000000
(00.017687) can0 E3#00800004E8A0F802
(00.018251) can0 18E19490#000000A50000005001000000000000000000001A5A7C00000000010000000000000000004A4A4BEB00E90030010501F800FA004B4A4B19011311001505150000
(00.021040) can0 D9#39130015E43CF3FF9F028000D00F20F3FFFFFFFFFF8EF824EB00000000000000
(00.023241) can0 DB#390E002095F8F0FE477F831A3F0080D5474DC114B3281D5C060300F1FFFFFFFF8E961FC0000000000000000000000000
(00.026998) can0 44#04
(00.028310) can0 DB#390F00155E92F120FFFF7FCFFFFF3FFFFFFFFFFFFF8F20A9CC00000000000000
(00.028696) can0 DC#39100110153F422D46008E46109C002205F0FFF5391000168712F5AE2A0AFADCAC00280000000000FFFF8FE2B4200000
(00.032995) can0 2D#4279FA04C409001000800020FA6004000800A0FEFFFF7FE001D239FFFFFFFF00FEFF9547053900000000000000000000
(00.033529) can0 D4#3904060466293584
(00.041131) can0 D9#39130015FBEFF400A0020000D00F20F3FFFFFFFFFF8F2FEA1E00000000000000
(00.043252) can0 DB#390E010F7800FFFFFFFFFFFFFFDFD208BCFDFF390E002001DCF1FE477F831A3F0080D5474DC114B3281D5C060300F1FFFFFFFF906C0992000000000000000000
(00.048258) can0 DC#39100016CAFAF6AE2A0AFADCAC00280000000000FFFF91A06855000000000000
(00.048641) can0 DB#390F001578A3F220FFFF7FCFFFFF3FFFFFFFFFFFFF91CBF2C500000000000000
(00.049028) can0 18E19490#0102001C00FE00800C0701BC02060600000000401F020000AC0D302B012003000002AD01271200000202BC0301310000AC0D401F0C1C064B1311001505150000
(00.000062) can0 D9#391300159B10D4FF9F014000D00F20F3FFFFFFFFFF510CF3AB00000000000000
(00.002171) can0 DB#390E0020050ED1FE477F831A3F0080D5474DC114B3281D5C060300F1FFFFFFFF518F7A14000000000000000000000000
(00.006505) can0 E3#4100050801C17E7F79CE4784
(00.007112) can0 DC#39100016DEBCD6AE2A0AFADCAC00280000000000FFFF52421F91000000000000
(00.007494) can0 DB#390F00157A9FD220FFFF7FCFFFFF3FFFFFFFFFFFFF52E68E4000000000000000
(00.011862) can0 2D#9C43DB04C409001000800020FA6004000800A0FEFFFF7FE001D239FFFFFFFF00FEFF56F285E000000000000000000000
(00.016496) can0 E3#0080000443C8F202
(00.017074) can0 18E19490#000000A50000005001000000000000000000001A5A7C00000000010000000000000000004A4A4BEC00EA002F010501F800FA004B4A4B26011311001505150000
(00.021305) can0 D9#391300157900D5FF9F014000D00F20F3FFFFFFFFFF53093C8F00000000000000
(00.021989) can0 DB#390E0020B963D2FE477F831A3F0080D5474DC114B3281D5C060300F1FFFFFFFF53AA8E25000000000000000000000000
(00.025892) can0 44#04
(00.027152) can0 DC#39100110153F423846005E06119C002205F0FFF139100016FA14D7AE2A0AFADCAC00280000000000FFFF54F1463C0000
(00.027670) can0 DB#390F0015988FD320FFFF7FCFFFFF3FFFFFFFFFFFFF54BCB26900000000000000
(00.031873) can0 2D#C17CDC04C409001000800020FA6004000800A0FEFFFF7FE001D239FFFFFFFF00FEFF58266F4100000000000000000000
(00.032410) can0 D4#390406046A5A2F84
(00.039997) can0 D9#391300152FDED6FF9F018000D00F20F3FFFFFFFFFF554D176900000000000000
(00.042133) can0 DB#390E010F7800FFFFFFFFFFFFFFDFD208BCFDFF390E00202D47D3FE477F831A3F0080D5474DC114B3281D5C060300F1FFFFFFFF5553A4AC000000000000000000
(00.046426) can0 D4#39040C050E0FF4FFFF3915011443019201F85FF5FFFFFFFFFE07009F2801FEFFFF000000000000000000000000000000
(00.046967) can0 D4#390C083CFE7400800000086C55382583FF7BDF017007C501A02CE07C8FB30400009E053C400B5AD08216B4A0052D68C70000FE7F19E000FFC9FFFFFF833EE4FF
(00.047626) can0 DB#390F001536FDD420FFFF7FCFFFFF3FFFFFFFFFFFFF56F5FB1000000000000000
(00.048012) can0 DC#39100016E06DD8AE2A0AFADCAC00280000000000FFFF5645AAF7000000000000
(00.048395) can0 18E19490#0102001C00FD00800C0701BC02060600000000401F020000AC0D302B012003000002AD012B1200000202BD03E8300000AC0D401F0C162E4B1311001505150000
(00.000645) can0 DC#39100016E276B6AE2A0AFADCAC00280000000000FFFF12B5F7FB000000000000
(00.001029) can0 DB#390F00157CDBB220FFFF7FCFFFFF3FFFFFFFFFFFFF13F51D3D00000000000000
(00.005329) can0 2D#DF17BB04C409001000800020FA6004000800A0FEFFFF7FE001D239FFFFFFFF00FEFF17A84CCD00000000000000000000
(00.013446) can0 D9#391300151EBFB500A0018000D00F20F3FFFFFFFFFF144D2C303913010B520008558500FE03BAFFEF0000000000000000
(00.015608) can0 DB#390E00209405B2FE477F831A3F0080D5474DC114B3281D5C060300F1FFFFFFFF14451DB6000000000000000000000000
(00.020040) can0 E3#4100050800800343CBE71759
(00.020543) can0 DC#39100016C6DEB7AE2A0AFADCAC00280000000000FFFF1407E83D000000000000
(00.020928) can0 DB#390F00159ECBB320FFFF7FCFFFFF3FFFFFFFFFFFFF156B4BEE00000000000000
(00.021313) can0 18E19490#04030003000300C436EE0C2B002201FE000806010101010200000000000000000000000000000000000000000000000000000000000000001311001505150000
(00.025331) can0 2D#8228BC04C409001000800020FA6004000800A0FEFFFF7FE001D239FFFFFFFF00FEFF19495C0700000000000000000000
(00.033338) can0 D9#391300153BB6B600A0020000D00F20F3FFFFFFFFFF1673716200000000000000
(00.035608) can0 DB#390E00200021B3FE477F831A3F0080D5474DC114B3281D5C060300F1FFFFFFFF16644C80000000000000000000000000
(00.039989) can0 E3#4100050801F70E3DCFB47597
(00.040549) can0 DC#39100016DCA7B8AE2A0AFADCAC00280000000000FFFF1637F9CA000000000000
(00.040931) can0 DB#390F001530B9B420FFFF7FCFFFFF3FFFFFFFFFFFFF1752E08300000000000000
(00.045343) can0 2D#9D21BD04C409001000800020FA6004000800A0FEFFFF7FE001D239FFFFFFFF00FEFF1BFD3ADA00000000000000000000
(00.000683) can0 18E19490#04030003000300BA36ED0C2B002201FE000806010101010200000000000000000000000000000000000000000000000000000000000000001311001505150000
(00.003843) can0 D9#3913001567C490FF9F018000D00F20F3FFFFFFFFFFC7733CF300000000000000
(00.005924) can0 DB#390E010F7C00FFFFFFFFFFFFFFDFD208BCFDFF390E0020FF758DFE477F831A3F0080D5474DC114B3281D5C060300F1FFFFFFFFC9BB3B4A000000000000000000
(00.010797) can0 DC#3910001624B092AE2A0AFADCAC00280000000000FFFFC9C0A127000000000000
(00.011179) can0 DB#390F0015E73D8E20FFFF7FCFFFFF3FFFFFFFFFFFFFCA63203700000000000000
(00.015647) can0 2D#9A489704C409001000800020FA6004000800A0FEFFFF7FE001D239FFFFFFFF00FEFFCFD89C5400000000000000000000
(00.016183) can0 D4#39040C050E0FF4FFFF3915011443019201F85FF5FFFFFFFFFE07009F2801FEFFFF390C140CFFFFFFFFFDFFFFFFFFFFFFFF000000000000000000000000000000
(00.020254) can0 E3#39060B080051511800C0CFFF39042208003B867E780FFAFF
(00.020581) can0 4F#20D308A000499C57
(00.023627) can0 D9#3913001594C09100A0018000D00F20F3FFFFFFFFFFC9DC793700000000000000
(00.025926) can0 DB#390F01064C8504605400390E002043188EFE477F831A3F0080D5474DC114B3281D5C060300F1FFFFFFFFCB2929B20000
(00.030806) can0 DC#39100016001893AE2A0AFADCAC00280000000000FFFFCB6963A2000000000000
(00.031189) can0 DB#390F0015052D8F20FFFF7FCFFFFF3FFFFFFFFFFFFFCCFC91BF00000000000000
(00.031577) can0 18E19490#000000A50000005001000000000000000000001A5A7C00000000010000000000000000004A4A4BEA00E9002F010501F800FA004B4A4B26011311001505150000
(00.035636) can0 2D#3F3F9804C409001000800020FA6004000800A0FEFFFF7FE001D239FFFFFFFF00FEFFD1AF096700000000000000000000
(00.043603) can0 D9#39130015C1269200A002C000D00F20F3FFFFFFFFFFCB7F65B73913010B520008558500FE03BAFFEF0000000000000000
(00.045910) can0 DB#390E0020D73C8FFE477F831A3F0080D5474DC114B3281D5C060300F1FFFFFFFFCDCBEE33000000000000000000000000
(00.000957) can0 D9#39130015ADDC6A00A0018000D00F20F3FFFFFFFFFF7DE07E183913010B520008558500FE03BAFFEF0000000000000000
(00.003308) can0 DB#390E0020081667FE477F831A3F0080D5474DC114B3281D5C060300F1FFFFFFFF7E951758000000000000000000000000
(00.007748) can0 E3#4100050800800343CBE68169
(00.008096) can0 DC#391000165D806CAE2A0AFADCAC00280000000000FFFF7E46C15D000000000000
(00.008481) can0 DB#390F0015A5EB6820FFFF7FCFFFFF3FFFFFFFFFFFFF7F9F38BB00000000000000
(00.008868) can0 18E19490#04030003000300BA36ED0C2B002201FE000806010101010200000000000000000000000000000000000000000000000000000000000000001311001505150000
(00.013043) can0 2D#9FE57104C409001000800020FA6004000800A0FEFFFF7FE001D239FFFFFFFF00FEFF833F5B2D00000000000000000000
(00.020953) can0 D9#391300154FCC6B00A0018000D00F20F3FFFFFFFFFF7FAF05F000000000000000
(00.023360) can0 DB#390E002065DD68FE477F831A3F0080D5474DC114B3281D5C060300F1FFFFFFFF80EB06EF000000000000000000000000
(00.027697) can0 E3#4100050801E6AA119CA951D5
(00.028104) can0 DC#3910001679286DAE2A0AFADCAC00280000000000FFFF8003374F000000000000
(00.028487) can0 DB#390F001547FB6920FFFF7FCFFFFF3FFFFFFFFFFFFF81CB829600000000000000
(00.033058) can0 2D#BEFE7204C409001000800020FA6004000800A0FEFFFF7FE001D239FFFFFFFF00FEFF853C1D1600000000000000000000
(00.037694) can0 E3#00800004E32BDD02
(00.038092) can0 18E19490#000000A50000005001000000000000000000001A5A7C00000000010000000000000000004A4A4BEA00E90030010501F800FA004B4A4B23011311001505150000
(00.041900) can0 D9#3913001592696C00A002C000D00F20F3FFFFFFFFFF819869BF00000000000000
(00.043308) can0 DB#390E0020F1F969FE477F831A3F0080D5474DC114B3281D5C060300F1FFFFFFFF82683436000000000000000000000000
(00.048155) can0 DC#39100110153F42004600B652119C002205F0FFF13910001634C06EAE2A0AFADCAC00280000000000FFFF82F784370000
(00.048674) can0 DB#390F001561CA6A20FFFF7FCFFFFF3FFFFFFFFFFFFF834E2F5C00000000000000
(00.004228) can0 DB#390E022A3E004A00650AB0811778110047403E49E0D16CC24C85D34D8C82F847CE43068867E9FFFFFFFF3D13D2740000
(00.006917) can0 D9#391300150C6D4A00A0028000D00F20F3FFFFFFFFFF3DE085FD00000000000000
(00.009032) can0 DB#390E010F7C00FFFFFFFFFFFFFFDFD208BCFDFF390E030834F41BF8FFFFFFFF00
(00.009424) can0 21C#23000000000000000000000000000000000000000000000000000000000000000000000000000000000000000000000000000000000000000000000000000000
(00.013736) can0 DC#3910001649C64CAE2A0AFADCAC00280000000000FFFF3D51764A000000000000
(00.014117) can0 DB#390E00200CC447FE477F831A3F0080D5474DC114B3281D5C060300F1FFFFFFFF3E674B8E390F0015A7D74820FFFF7FCFFFFF3FFFFFFFFFFFFF3FA68ADF000000
(00.018795) can0 2D#5ED65104C409001000800020FA6004000800A0FEFFFF7FE001D239FFFFFFFF00FEFF438C161600000000000000000000
(00.019329) can0 D4#39040C050E0FF4FFFF3915011443019201F85FF5FFFFFFFFFE07009F2801FEFFFF390C140CFFFFFFFFFDFFFFFFFFFFFFFF000000000000000000000000000000
(00.023388) can0 E3#39060B080051511800C0CFFF39042208003B867E780FFAFF
(00.023693) can0 18E19490#030000930193010000000000000000020000000000000000000000000000000000B50C102700E40C00000000000054D8057416D40CC409001311001505150000
(00.024415) can0 DB#390E04105CE30B4C24B4DBFFFFAD6C71EBFFFFFF390F01064C85046054000000
(00.026711) can0 D9#391300154DF04B00A0018000D00F20F3FFFFFFFFFF3F9947AF00000000000000
(00.029042) can0 DB#390E0020610F48FE477F831A3F0080D5474DC114B3281D5C060300F1FFFFFFFF401072B2000000000000000000000000
(00.033879) can0 DC#391000166D6E4DAE2A0AFADCAC00280000000000FFFF3FC36621000000000000
(00.034262) can0 DB#390F001545C74920FFFF7FCFFFFF3FFFFFFFFFFFFF41A3572F00000000000000
(00.038769) can0 2D#7FCD5204C409001000800020FA6004000800A0FEFFFF7FE001D239FFFFFFFF00FEFF456FDE3600000000000000000000
(00.039304) can0 21C#2400000000000000
(00.046656) can0 D9#39130015F2964CFF9F018000D00F20F3FFFFFFFFFF41E22AFE3913010B520008558500FE03BAFFEF0000000000000000
(00.049035) can0 DB#390E0020F52B49FE477F831A3F0080D5474DC114B3281D5C060300F1FFFFFFFF4286B153000000000000000000000000
(00.004446) can0 2D#23903304C409001000800020FA6004000800A0FEFFFF7FE001D239FFFFFFFF00FEFF0706F3C800000000000000000000
(00.004982) can0 D4#39040C050E0FF4FFFF3915011443019201F85FF5FFFFFFFFFE07009F2801FEFFFF390C140CFFFFFFFFFDFFFFFFFFFFFFFF000000000000000000000000000000
(00.009050) can0 E3#39060B080051511800C0CFFF39042208003B867E780FFAFF
(00.009355) can0 18E19490#030000960196010000000000000000010000000000000000000000000000000000B50C102700E40C00000000000054D9057116D70CC409001311001505150000
(00.010074) can0 4F#20F904A000499C55
(00.012747) can0 D9#3913001577392D00A0014000D00F20F3FFFFFFFFFF010C542700000000000000
(00.014700) can0 DB#390F01064C8504604000390E002064202AFE477F831A3F0080D5474DC114B3281D5C060300F1FFFFFFFF03E7904E0000
(00.019474) can0 DC#3910001638E42FAE2A0AFADCAC00280000000000FFFF027E9B45000000000000
(00.019858) can0 DB#390F001587A22B20FFFF7FCFFFFF3FFFFFFFFFFFFF0406B75900000000000000
(00.024420) can0 2D#7EAF3404C409001000800020FA6004000800A0FEFFFF7FE001D239FFFFFFFF00FEFF097195C600000000000000000000
(00.032535) can0 D9#3913001530F32EFF9F018000D00F20F3FFFFFFFFFF0303722B3913010B520008558500FE03BAFFEF0000000000000000
(00.034726) can0 DB#390E0020F0042BFE477F831A3F0080D5474DC114B3281D5C060300F1FFFFFFFF05654E89000000000000000000000000
(00.039181) can0 E3#4100050800800343CBE609D8
(00.039377) can0 DC#3910001628BE30AE2A0AFADCAC00280000000000FFFF0451420D000000000000
(00.039762) can0 18E19490#04030003000300BA36ED0C2B002201FF000806010101010200000000000000000000000000000000000000000000000000000000000000001311001505150000
(00.040487) can0 DB#390F001529D02C20FFFF7FCFFFFF3FFFFFFFFFFFFF058E261A00000000000000
(00.044427) can0 2D#61A63504C409001000800020FA6004000800A0FEFFFF7FE001D239FFFFFFFF00FEFF0B6430E000000000000000000000
(00.000896) can0 E3#008000046961CA02
(00.005471) can0 D9#39130015C4A40DFF9F01C000D00F20F3FFFFFFFFFFC341980900000000000000
(00.006496) can0 DB#390E002060F20AFE477F831A3F0080D5474DC114B3281D5C060300F1FFFFFFFFC45E4864000000000000000000000000
(00.010287) can0 44#04
(00.011119) can0 DC#39100110153F423946001E12119C002205F0FFF1391000162CA20FAE2A0AFADCAC00280000000000FFFFC34C1BF30000
(00.011639) can0 DB#390F0015859E0B20FFFF7FCFFFFF3FFFFFFFFFFFFFC50FF6F600000000000000
(00.012026) can0 18E19490#02880064646401000000ED123124000000000000E900EC00BD04000000000000000000004E14CA05C504811300000000B50C800C410F2C0D1311001505150000
(00.016278) can0 2D#BF9C1404C409001000800020FA6004000800A0FEFFFF7FE001D239FFFFFFFF00FEFFC8F7C1D700000000000000000000
(00.016815) can0 D4#39040604E7E80784
(00.024135) can0 D9#39130015605C0EFE9F020001D00F20F3FFFFFFFFFFC5FD16CC00000000000000
(00.026510) can0 DB#390E010F7C00FFFFFFFFFFFFFFDFD208BCFDFF390E0020F4D60BFE477F831A3F0080D5474DC114B3281D5C060300F1FFFFFFFFC61316B6000000000000000000
(00.030828) can0 D4#39040C050E0FF4FFFF3915011443019201F85FF5FFFFFFFFFE07009F2801FEFFFF000000000000000000000000000000
(00.031361) can0 DC#391000163CF810AE2A0AFADCAC00280000000000FFFFC5E58909000000000000
(00.031744) can0 D4#390C083CFE7400800000086C55382383FF7BDF017007C501A02CE07C8FB30400009E053C400B5AD08216B4A0052D68C70000FE7F19E000FFC9FFFFFF833EE4FF
(00.032404) can0 DB#390F00152BEC0C20FFFF7FCFFFFF3FFFFFFFFFFFFFC730851D00000000000000
(00.036375) can0 2D#A0951504C409001000800020FA6004000800A0FEFFFF7FE001D239FFFFFFFF00FEFFCABA7B3E00000000000000000000
(00.040893) can0 D4#390C140CFFFFFFFFFDFFFFFFFFFFFFFF390C1608FFFFFFFFFFFFFFFF00000000
(00.041285) can0 E3#39060B080051511800C0CFFF39042208003B867E780FFAFF
(00.041591) can0 18E19490#030000930193010000000000000000020000000000000000000000000000000000B50C102700E40C00000000000054D9056216D40CC409001311001505150000
(00.044093) can0 D9#39130015A6E40FFF9F020001D00F20F3FFFFFFFFFFC7C0410D00000000000000
(00.046558) can0 DB#390F01064C8504601C00390E002018290CFE477F831A3F0080D5474DC114B3281D5C060300F1FFFFFFFFC8133F830000
(00.003404) can0 E3#0080000433C3C402
(00.007939) can0 D9#39130015DE6BEFFF9F018000D00F20F3FFFFFFFFFF8766BB4E00000000000000
(00.009007) can0 DB#390E00204637ECFE477F831A3F0080D5474DC114B3281D5C060300F1FFFFFFFF88D12FDB000000000000000000000000
(00.012800) can0 44#04
(00.013530) can0 DC#39100110153F42004600EE46109C002205F0FFF5391000165592F1AE2A0AFADCAC00280000000000FFFF87214B280000
(00.014048) can0 18E19490#0288006464640100000077124D57000000000000E900EC00BD04010001000100000000004E14CB05C7048A1300000000B50C800C590F2C0D1311001505150000
(00.014750) can0 DB#390F0015C748ED20FFFF7FCFFFFF3FFFFFFFFFFFFF89AE853100000000000000
(00.018779) can0 2D#C615F604C409001000800020FA6004000800A0FEFFFF7FE001D239FFFFFFFF00FEFF8DCB698500000000000000000000
(00.019312) can0 D4#390406047ECF0184
(00.026614) can0 D9#391300156180F0FF9F018000D00F20F3FFFFFFFFFF89FE745300000000000000
(00.029020) can0 DB#390E010F7C00FFFFFFFFFFFFFFDFD208BCFDFF390E0020D213EDFE477F831A3F0080D5474DC114B3281D5C060300F1FFFFFFFF8A12AC93000000000000000000
(00.033516) can0 DC#39100016187AF2AE2A0AFADCAC00280000000000FFFF894F26C6000000000000
(00.034181) can0 DB#390F0015E179EE20FFFF7FCFFFFF3FFFFFFFFFFFFF8BF0575A00000000000000
(00.038777) can0 2D#D91CF704C409001000800020FA6004000800A0FEFFFF7FE001D239FFFFFFFF00FEFF8F4526A000000000000000000000
(00.039310) can0 D4#39040C050E0FF4FFFF3915011443019201F85FF5FFFFFFFFFE07009F2801FEFFFF390C140CFFFFFFFFFDFFFFFFFFFFFFFF000000000000000000000000000000
(00.043391) can0 E3#39060B080051511800C0CFFF39042208003B867E780FFAFF
(00.043697) can0 18E19490#030000980198010000000000000000020000000000000000000000000000000000B50C102700E40C00000000000054DA056416D70CC409001311001505150000
(00.046543) can0 D9#3913001553CAF1FF9F01C000D00F20F3FFFFFFFFFF8B020A3D00000000000000
(00.049035) can0 DB#390F01064C8504600000390E00206E7EEEFE477F831A3F0080D5474DC114B3281D5C060300F1FFFFFFFF8C00CDB70000
(00.000003) can0 2716D9B#8B6D
(00.000354) can0 D4#390406042C4EFA84
(00.000514) can0 E3#028000080599450183331883
(00.004509) can0 18E19490#04030003000300BA36ED0C2B002201FE000806010101010200000000000000000000000000000000000000000000000000000000000000001311001505150000
(00.007775) can0 D9#391300151B4ECDFF9F020000D00F20F3FFFFFFFFFF43965E5100000000000000
(00.009794) can0 E3#0500000CF5FCFF000000000049EB1C44
(00.010056) can0 DB#390E010F7800FFFFFFFFFFFFFFDFD208BCFDFF390E00203A3ECAFE477F831A3F0080D5474DC114B3281D5C060300F1FFFFFFFF44D3BB27000000000000000000
(00.014539) can0 DC#391000167526CFAE2A0AFADCAC00280000000000FFFF4385931C000000000000
(00.015219) can0 DB#390F00158916CB20FFFF7FCFFFFF3FFFFFFFFFFFFF4542413D00000000000000
(00.019784) can0 2D#3934D404C409001000800020FA6004000800A0FEFFFF7FE001D239FFFFFFFF00FEFF49C93CBC00000000000000000000
(00.020318) can0 D4#39040C050E0FF4FFFF390C140CFFFFFFFFFDFFFFFFFFFFFFFF00000000000000
(00.024417) can0 E3#39060B080051511800C0CFFF39042208003B877E780FFAFF3980000C00FFC17D42EFAFFE4B12952D0000000000000000
(00.027557) can0 D9#391300153E47CEFF9F018000D00F20F3FFFFFFFFFF4522DA2900000000000000
(00.030109) can0 DB#390E0020AE1ACBFE477F831A3F0080D5474DC114B3281D5C060300F1FFFFFFFF463E1E0F000000000000000000000000
(00.034428) can0 E3#3E800108C30201D0B710E0FF
(00.034622) can0 DC#39100016657CD0AE2A0AFADCAC00280000000000FFFF45EF693F000000000000
(00.035006) can0 18E19490#000000A50000005001000000000000000000001A5A7C00000000010000000000000000004A4A4BEB00E9002F010401F800FA004B4A4B2A011311001505150000
(00.035724) can0 DB#390F00152764CC20FFFF7FCFFFFF3FFFFFFFFFFFFF473BB5A300000000000000
(00.039780) can0 2D#263DD504C409001000800020FA6004000800A0FEFFFF7FE001D239FFFFFFFF00FEFF4BD4A58B00000000000000000000
(00.047523) can0 D9#391300158B28CFFE9F02C000D00F20F3FFFFFFFFFF47958DA73913010B520008558500FE03BAFFEF0000000000000000
(00.001255) can0 DB#390E00201758AAFE477F831A3F0080D5474DC114B3281D5C060300F1FFFFFFFF038E047C000000000000000000000000
(00.005619) can0 DC#3910001649ECAFAE2A0AFADCAC00280000000000FFFF024AE21A000000000000
(00.006002) can0 E3#41000508019DB3452D389AC6
(00.006194) can0 18E19490#030000960196010000000000000000020000000000000000000000000000000000B50C102700E40C00000000000054D9056B16D40CC409001311001505150000
(00.006914) can0 DB#390F00158F52AB20FFFF7FCFFFFF3FFFFFFFFFFFFF04F0F67400000000000000
(00.010978) can0 2D#7A60B404C409001000800020FA6004000800A0FEFFFF7FE001D239FFFFFFFF00FEFF095E1D0C00000000000000000000
(00.015626) can0 E3#008000049A1AB702
(00.015788) can0 DC#39FE6F089401008000000000
(00.019974) can0 D9#391300154BD4AEFF9F02C000D00F20F3FFFFFFFFFF0412759B00000000000000
(00.021305) can0 DB#390E0020837CABFE477F831A3F0080D5474DC114B3281D5C060300F1FFFFFFFF04285EAD000000000000000000000000
(00.025641) can0 DC#39100110153F428246008646119C002205F0FFF13910001659B6B0AE2A0AFADCAC00280000000000FFFF04C56F9B0000
(00.026429) can0 DB#390F00152120AC20FFFF7FCFFFFF3FFFFFFFFFFFFF05E5F43300000000000000
(00.031104) can0 2D#6569B504C409001000800020FA6004000800A0FEFFFF7FE001D239FFFFFFFF00FEFF0B19E49F00000000000000000000
(00.031639) can0 D4#3904060476ECF484
(00.035654) can0 18E19490#04030003000300BA36EE0C2B002201FE000806010101010200000000000000000000000000000000000000000000000000000000000000001311001505150000
(00.038988) can0 D9#391300151865AF00A0024000D00F20F3FFFFFFFFFF05106EC100000000000000
(00.041001) can0 E3#0500000CF5FCFF00000000000D774CF3
(00.041297) can0 DB#390E010F8000FFFFFFFFFFFFFFDFD208BCFDFF390E00206F83ACFE477F831A3F0080D5474DC114B3281D5C060300F1FFFFFFFF06B3D781000000000000000000
(00.045687) can0 DC#391000167D1EB1AE2A0AFADCAC00280000000000FFFF0688BC9C000000000000
(00.046428) can0 DB#390F0015C330AD20FFFF7FCFFFFF3FFFFFFFFFFFFF0763D45C00000000000000
(00.000290) can0 DB#390E00206B518CFE477F831A3F0080D5474DC114B3281D5C060300F1FFFFFFFFC7F6DFBD000000000000000000000000
(00.004593) can0 DC#39100016695891AE2A0AFADCAC00280000000000FFFFC7F6B6DB000000000000
(00.004975) can0 E3#4100050801077639852C7B55
(00.005168) can0 18E19490#0300009F019F010000000000000000020000000000000000000000000000000000B50C102700E40C00000000000054D8056216D40CC409001311001505150000
(00.005890) can0 DB#390F0015C10C8D20FFFF7FCFFFFF3FFFFFFFFFFFFFC8AC484D00000000000000
(00.010010) can0 2D#85419604C409001000800020FA6004000800A0FEFFFF7FE001D239FFFFFFFF00FEFFCC225CA100000000000000000000
(00.014663) can0 E3#00800004033DB102
(00.018970) can0 D9#39130015063F9000A0014000D00F20F3FFFFFFFFFFC9DEAB9B00000000000000
(00.020290) can0 DB#390E0020FF758DFE477F831A3F0080D5474DC114B3281D5C060300F1FFFFFFFFC945EB6B000000000000000000000000
(00.024614) can0 DC#39100110153F423046005612119C002205F0FFF13910001624B092AE2A0AFADCAC00280000000000FFFFC9D3087B0000
(00.025467) can0 DB#390F0015E73D8E20FFFF7FCFFFFF3FFFFFFFFFFFFFCAEC2B9300000000000000
(00.030102) can0 2D#9A489704C409001000800020FA6004000800A0FEFFFF7FE001D239FFFFFFFF00FEFFCEEC244800000000000000000000
(00.030636) can0 D4#390406047A9FEE84
(00.034625) can0 18E19490#04030003000300B036ED0C2B002201FE000806010101010200000000000000000000000000000000000000000000000000000000000000001311001505150000
(00.037933) can0 D9#39130015E42F9100A0014000D00F20F3FFFFFFFFFFCBAB501D00000000000000
(00.040026) can0 E3#0500000CF5FCFF0000000000D1A6F495
(00.040332) can0 DB#390E010F8000FFFFFFFFFFFFFFDFD208BCFDFF390E002043188EFE477F831A3F0080D5474DC114B3281D5C060300F1FFFFFFFFCB1CCA64000000000000000000
(00.044660) can0 DC#39100016001893AE2A0AFADCAC00280000000000FFFFCBD57A63000000000000
(00.045465) can0 DB#390F0015052D8F20FFFF7FCFFFFF3FFFFFFFFFFFFFCC65C24300000000000000
(00.001147) can0 DB#390E00201D066EFE477F831A3F0080D5474DC114B3281D5C060300F1FFFFFFFF8B4D5C5F000000000000000000000000
(00.005386) can0 DC#391000164DDA73AE2A0AFADCAC00280000000000FFFF8BE3DC17000000000000
(00.005770) can0 E3#410005080189EAAFEEAF68E8
(00.005963) can0 18E19490#0300009C019C010000000000000000020000000000000000000000000000000000B50C102700E40C00000000000054DA056016D50CC409001311001505150000
(00.006683) can0 DB#390F00150B996F20FFFF7FCFFFFF3FFFFFFFFFFFFF8C94177000000000000000
(00.010867) can0 2D#78A47804C409001000800020FA6004000800A0FEFFFF7FE001D239FFFFFFFF00FEFF91B1A39C00000000000000000000
(00.015495) can0 E3#008000040F4EAB02
(00.019458) can0 D9#391300156F277200A0024000D00F20F3FFFFFFFFFF8D12BED900000000000000
(00.021146) can0 DB#390E002089226FFE477F831A3F0080D5474DC114B3281D5C060300F1FFFFFFFF8D9F3B0E000000000000000000000000
(00.025409) can0 DC#39100110153F423046002652119C002205F0FFF139100016D2B274AE2A0AFADCAC00280000000000FFFF8D4B5C980000
(00.026323) can0 DB#390F0015B4727020FFFF7FCFFFFF3FFFFFFFFFFFFF8EFF45B800000000000000
(00.030910) can0 2D#67AD7904C409001000800020FA6004000800A0FEFFFF7FE001D239FFFFFFFF00FEFF93C08A3400000000000000000000
(00.031444) can0 D4#39040604E3B8E884
(00.035421) can0 18E19490#04030003000300BA36ED0C2B002201FF000806010101010200000000000000000000000000000000000000000000000000000000000000001311001505150000
(00.038751) can0 D9#39130015092A7301A002C000D00F20F3FFFFFFFFFF8FDECCDB00000000000000
(00.040881) can0 E3#0500000CF5FCFF000000000095E18183
(00.041189) can0 DB#390E010F7C00FFFFFFFFFFFFFFDFD208BCFDFF390E0020E68070FE477F831A3F0080D5474DC114B3281D5C060300F1FFFFFFFF8F77C9EA000000000000000000
(00.045454) can0 DC#39100016F61A75AE2A0AFADCAC00280000000000FFFF8F02434D000000000000
(00.046322) can0 DB#390F001556627120FFFF7FCFFFFF3FFFFFFFFFFFFF90B2B2D600000000000000
(00.008573) can0 D9#3913001551965400A0028000D00F20F3FFFFFFFFFF517E614D00000000000000
(00.009645) can0 E3#0080000455ECA502410000080142315052313138
(00.009915) can0 DB#390E0020767651FE477F831A3F0080D5474DC114B3281D5C060300F1FFFFFFFF51FCA226000000000000000000000000
(00.014073) can0 DC#39100110153F42004600F642109C002205F0FFF539100016AFB456AE2A0AFADCAC00280000000000FFFF51F50A570000
(00.015068) can0 DB#390F0015726F5220FFFF7FCFFFFF3FFFFFFFFFFFFF525BC23E00000000000000
(00.019621) can0 2D#988C5B04C409001000800020FA6004000800A0FEFFFF7FE001D239FFFFFFFF00FEFF5734CBA500000000000000000000
(00.020154) can0 D4#3904060448D0E284
(00.024075) can0 18E19490#04030003000300BA36EE0C2B002201FE000806010101010200000000000000000000000000000000000000000000000000000000000000001311001505150000
(00.027425) can0 D9#39130015B3865500A0028000D00F20F3FFFFFFFFFF530FE28300000000000000
(00.029612) can0 E3#410000080234393755CA997F0500000CF5FCFF000000000059ACF44600000000
(00.029992) can0 DB#390E010F8000FFFFFFFFFFFFFFDFD208BCFDFF390E0020CA1B52FE477F831A3F0080D5474DC114B3281D5C060300F1FFFFFFFF53B1DBA0000000000000000000
(00.034115) can0 DC#391000168B1C57AE2A0AFADCAC00280000000000FFFF53675F92000000000000
(00.035147) can0 DB#390F0015907F5320FFFF7FCFFFFF3FFFFFFFFFFFFF54DBB1C200000000000000
(00.039587) can0 2D#C5B35C04C409001000800020FA6004000800A0FEFFFF7FE001D239FFFFFFFF00FEFF59D1912100000000000000000000
(00.040120) can0 D4#39040C050E0FF4FFFF390C140CFFFFFFFFFDFFFFFFFFFFFFFF00000000000000
(00.044189) can0 E3#39060B080051511800C0CFFF39042208003B877E780FFAFF
(00.047209) can0 D9#39130015E6605600A001C000D00F20F3FFFFFFFFFF55C9494F00000000000000
(00.002121) can0 2D#FAC33804C409001000800020FA6004000800A0FEFFFF7FE001D239FFFFFFFF00FEFF11B131F900000000000000000000
(00.002655) can0 D4#39040604D60FDB84
(00.009905) can0 D9#391300151BB03200A0028000D00F20F3FFFFFFFFFF0B0AB13500000000000000
(00.012398) can0 DB#390E010F8000FFFFFFFFFFFFFFDFD208BCFDFF390E0020A0962FFE477F831A3F0080D5474DC114B3281D5C060300F1FFFFFFFF0DA66D2B000000000000000000
(00.016502) can0 DC#39100016FA3E34AE2A0AFADCAC00280000000000FFFF0C216582000000000000
(00.016887) can0 18E19490#0102001C00FE00800C0701BC02060600000000401F020000AC0D302B012003000002AE012B1200000202BC0301310000AC0D401F0C27074B1311001505150000
(00.017649) can0 DB#390F0015B00A3020FFFF7FCFFFFF3FFFFFFFFFFFFF0E67309400000000000000
(00.022109) can0 2D#E5CA3904C409001000800020FA6004000800A0FEFFFF7FE001D239FFFFFFFF00FEFF13BCC89B00000000000000000000
(00.022641) can0 D4#39040C050E0FF4FFFF3915011443019201F85FF5FFFFFFFFFE07009F2801FEFFFF390C140CFFFFFFFFFDFFFFFFFFFFFFFF000000000000000000000000000000
(00.026707) can0 E3#39060B080051511800C0CFFF39042208003B867E780FFAFF
(00.027056) can0 4F#204F0AA000499C50
(00.029662) can0 D9#3913001529FA3300A002C000D00F20F3FFFFFFFFFF0DE49EB100000000000000
(00.032418) can0 DB#390F01064C8504605002390E0020CF3430FE477F831A3F0080D5474DC114B3281D5C060300F1FFFFFFFF0F2A263D0000
(00.036557) can0 DC#39100016DE9635AE2A0AFADCAC00280000000000FFFF0E1B1777000000000000
(00.037656) can0 DB#390F0015521A3120FFFF7FCFFFFF3FFFFFFFFFFFFF105C305200000000000000
(00.042108) can0 2D#C4D13A04C409001000800020FA6004000800A0FEFFFF7FE001D239FFFFFFFF00FEFF15AA794B00000000000000000000
(00.046553) can0 18E19490#02880064646401000000B4124E32000000000000E900EC00BD04000001000100000000004D14CD05C604881300000000B50C800C340F2C0D1311001505150000
(00.002232) can0 2D#05E21A04C409001000800020FA6004000800A0FEFFFF7FE001D239FFFFFFFF00FEFFD4022D2F00000000000000000000
(00.002767) can0 D4#390406048CADD584
(00.009969) can0 D9#39130015E77714FF9F018000D00F20F3FFFFFFFFFFD1C2B98C00000000000000
(00.012581) can0 DB#390E010F7C00FFFFFFFFFFFFFFDFD208BCFDFF390E00205FC211FE477F831A3F0080D5474DC114B3281D5C060300F1FFFFFFFFD20885AF000000000000000000
(00.016571) can0 DC#39100016873816AE2A0AFADCAC00280000000000FFFFD154548C000000000000
(00.016954) can0 D4#39040C050E0FF4FFFF3915011443019201F85FF5FFFFFFFFFE07009F2801FEFFFF000000000000000000000000000000
(00.017487) can0 18E19490#0102001C00FE00800C0701BC02060600000000401F020000AC0D302B012003000002AD012C1200000202BD0301310000AC0D401F0C212F4B1311001505150000
(00.018193) can0 D4#390C083CFE7400800000086C55B82083FF7BDF017007C501A02CE07C8FB30400009E053C400B5AD08216B4A0052D68C70000FE7F19E000FFC9FFFFFF833EE4FF
(00.018853) can0 DB#390F001576171220FFFF7FCFFFFF3FFFFFFFFFFFFFD302C75700000000000000
(00.022225) can0 2D#1AEB1B04C409001000800020FA6004000800A0FEFFFF7FE001D239FFFFFFFF00FEFFD6C2E55300000000000000000000
(00.026847) can0 D4#390C140CFFFFFFFFFDFFFFFFFFFFFFFF390C1608FFFFFFFFFFFFFFFF00000000
(00.027239) can0 E3#39060B080051511800C0CFFF39042208003B867E780FFAFF
(00.029766) can0 D9#39130015056715FF9F018000D00F20F3FFFFFFFFFFD39D418200000000000000
(00.032569) can0 DB#390F01064C8504608802390E0020E3AF12FE477F831A3F0080D5474DC114B3281D5C060300F1FFFFFFFFD4703C460000
(00.036613) can0 DC#39100016A39017AE2A0AFADCAC00280000000000FFFFD3AAF74E000000000000
(00.037769) can0 DB#390F001594071320FFFF7FCFFFFF3FFFFFFFFFFFFFD50382E200000000000000
(00.042213) can0 2D#47D41C04C409001000800020FA6004000800A0FEFFFF7FE001D239FFFFFFFF00FEFFD899F52600000000000000000000
(00.046606) can0 18E19490#02880064646401000000531280BD000000000000EC00EC00BD04010000000100010000004A14CD05C604871300000000B50C800C240F2C0D1311001505150000
