(00.000249) can0 2D#72B9AC04C409001000800020FA6004000800A0FEFFFF7FE001D239FFFFFFFF00FEFF965B34C600000000000000000000
(00.000782) can0 DB#390F0015F586A620FFFF7FCFFFFF3FFFFFFFFFFFFF92E92C7600000000000000
(00.002410) can0 18E19490#030000970197010000000000000000010000000000000000000000000000000000B20CAF0F00E40C00000000000054DA05D016D20CC409001311001505150000
(00.004707) can0 D9#391300153FA32E00A0000001500F20F3FFFFFFFFFF92477D8600000000000000
(00.010307) can0 E3#0080000421178B00
(00.012371) can0 DC#3910001662AB2EAE2A0AFADCA000280000000000FFFF9259DB99000000000000
(00.015543) can0 DB#390E0020BFF1A702987F831A3F0080154C4DC114B3281D5C060300F1FFFFFFFF938AC870000000000000000000000000
(00.020260) can0 2D#6DB0AD04C409001000800020FA6004000800A0FEFFFF7FE001D239FFFFFFFF00FEFF982F5E3900000000000000000000
(00.020793) can0 DB#390F00151796A720FFFF7FCFFFFF3FFFFFFFFFFFFF94E7892800000000000000
(00.025196) can0 4F#28560A0006481830
(00.025975) can0 D9#39130015F91B2F01A0000001500F20F3FFFFFFFFFF94BCD66400000000000000
(00.032352) can0 DC#39100016A3492FAE2A0AFADC9C00280000000000FFFF94C75066000000000000
(00.032736) can0 18E19490#04030003000300D237EE0C27002201F9000806010101010200000000000000000000000000000000000000000000000000000000000000001311001505150000
(00.034891) can0 E3#4100050800800343CB619860
(00.035567) can0 DB#390E0020D23AA802987F831A3F0080154C4DC114B3281D5C060300F1FFFFFFFF95B41187000000000000000000000000
(00.039310) can0 44#04
(00.040285) can0 2D#4CABAE04C409001000800020FA6004000800A0FEFFFF7FE001D239FFFFFFFF00FEFF9A11E1E100000000000000000000
(00.040817) can0 D4#39040604C02B8C84
(00.040977) can0 DB#390F0015A963A820FFFF7FCFFFFF3FFFFFFFFFFFFF96E4081700000000000000
(00.044630) can0 D9#3913001562583000A0000001500F20F3FFFFFFFFFF962D183800000000000000
(00.052341) can0 DC#39100016B31330AE2A0AFADC9C00280000000000FFFF9672ABE3000000000000
(00.054893) can0 E3#4100050801CB345B47029D63
(00.055618) can0 DB#390E0020461EA902987F831A3F0080154C4DC114B3281D5C060300F1FFFFFFFF97377A73000000000000000000000000
(00.060248) can0 2D#53A2AF04C409001000800020FA6004000800A0FEFFFF7FE001D239FFFFFFFF00FEFF9C53A35500000000000000000000
(00.060780) can0 DB#390F00154B73A920FFFF7FCFFFFF3FFFFFFFFFFFFF99EFE87C00000000000000
(00.062432) can0 18E19490#000000A50000005001000000000000000000001A5A7900000000000000000000000000004A4A4BEA00E8001701FD00F400F6004A4A4A44011311001505150000
(00.064802) can0 D9#39130015915C31FF9F000001500F20F3FFFFFFFFFF98A0032D00000000000000
(00.065187) can0 D4#39040C050E0FF4FFFF390C140CFFFFFFFFFDFFFFFFFFFFFFFF391501143E239201F85FF5FFFFFFFFFE07009F2801FEFFFF000000000000000000000000000000
(00.065869) can0 E3#390422080039867E780AFAFF
(00.070156) can0 D4#390C083CFE7400800000086C14BF2D83FF7BDF01D001C501A02CE07C8FB39400009E853C400B5AD08216B4A0052D68CFF8FFFFFFFFFF00FFC9FFFFFF833EE4FF
(00.072345) can0 DC#3910001672F131AE2A0AFADCA000280000000000FFFF98F4BD6E000000000000
(00.075552) can0 DB#390E0020FA73AA02987F831A3F0080154C4DC114B3281D5C060300F1FFFFFFFF9A8C4C41000000000000000000000000
(00.080282) can0 2D#67FCB004C409001000800020FA6004000800A0FEFFFF7FE001D339FFFFFFFF00FEFF9E9C711100000000000000000000
(00.080815) can0 DB#390F00156D42AA20FFFF7FCFFFFF3FFFFFFFFFFFFF9BA2AEB700000000000000
(00.084750) can0 D9#39130015B28132FF9F00C000500F20F3FFFFFFFFFF9A7F3C093913010B4B00A8548500FE03BAFFEF0000000000000000
(00.085272) can0 E3#39060B080011111800C0CFFF
(00.092352) can0 DC#39100110153F413043002652119C002205F0FFF1391000163F1932AE2A0AFADCA000280000000000FFFF9AD58C550000
(00.092872) can0 18E19490#0101001900F800800CFF00BC02060600000000401F020000AC0D372B012003000002AE012C1200000202C003B22F0000AC0D401F0C340F4B1311001505150000
(00.095532) can0 DB#390E010F7400FFFFFFFFFFFFFF0FD308BCFDFF390E00206E57AB02987F831A3F0080154C4DC114B3281D5C060300F1FFFFFFFF9CB206A6000000000000000000
(00.100261) can0 2D#78F5B104C409001000800020FA6004000800A0FEFFFF7FE001D339FFFFFFFF00FEFFA011913500000000000000000000
(00.100794) can0 DB#390F00158F52AB20FFFF7FCFFFFF3FFFFFFFFFFFFF9D4D0DE300000000000000
(00.104682) can0 D9#39130015557D33FF9F000001500F20F3FFFFFFFFFF9C8B889A00000000000000
(00.105066) can0 E3#3A020004F4FFFFFF
(00.110322) can0 E3#008000040C468C00
(00.112387) can0 DC#391000161BB133AE2A0AFADCA000280000000000FFFF9C0A993C000000000000
(00.115552) can0 DB#390F01064B8504607005390E002082A8AC02987F831A3F0080154C4DC114B3281D5C060300F1FFFFFFFF9EDD70A90000
(00.120256) can0 2D#59EEB204C409001000800020FA6004000800A0FEFFFF7FE001D339FFFFFFFF00FEFFA2BFC91F00000000000000000000
(00.120791) can0 DB#390F00152120AC20FFFF7FCFFFFF3FFFFFFFFFFFFF9F9E19DE00000000000000
(00.122374) can0 18E19490#02880064646401000000C4124946000000000000E800EB00BD04010001000100FFFF00004B14D105A404871300000000B20C800C610F150C1311001505150000
(00.124936) can0 E3#028000088B65F40183331883
(00.125912) can0 D9#391300154AAE3400A0008001500F20F3FFFFFFFFFF9EC1682000000000000000
(00.130299) can0 E3#4100050800800343CB61A2310500000CF5FCFF0000000000A5553B2B00000000
(00.132367) can0 DC#3910001684D934AE2A0AFADCA000280000000000FFFF9E00CEBE000000000000
(00.135543) can0 DB#390E0020168CAD02987F831A3F0080154C4DC114B3281D5C060300F1FFFFFFFFA09438BC000000000000000000000000
(00.140292) can0 2D#46E7B304C409001000800020FA6004000800A0FEFFFF7FE001D339FFFFFFFF00FEFFA48BDB3B00000000000000000000
(00.140824) can0 D4#39040604745D8D84
(00.140984) can0 DB#390F0015C330AD20FFFF7FCFFFFF3FFFFFFFFFFFFFA183356000000000000000
(00.144763) can0 D9#39130015080B3500A0000001500F20F3FFFFFFFFFFA06917DD00000000000000
(00.152345) can0 DC#39100016A07135AE2A0AFADCA000280000000000FFFFA0FA13DC000000000000
(00.152730) can0 18E19490#0300009A019A010000000000000000010000000000000000000000000000000000B20CAF0F00E40C00000000000054DA05C716D20CC409001311001505150000
(00.154941) can0 E3#410005080189B2E9AC3AD03A3980000C007F727A5AAFAFFEA7B833EB3E800108C302788BB700E0FF0000000000000000
(00.155569) can0 DB#390E0020AAE1AE02987F831A3F0080154C4DC114B3281D5C060300F1FFFFFFFFA2FF9816000000000000000000000000
(00.160276) can0 2D#1BD8B404C409001000800020FA6004000800A0FEFFFF7FE001D339FFFFFFFF00FEFFA624344300000000000000000000
(00.160808) can0 DB#390F0015E501AE20FFFF7FCFFFFF3FFFFFFFFFFFFFA318935C00000000000000
(00.164514) can0 D9#391300152BD63600A000C000500F20F3FFFFFFFFFFA28174B000000000000000
(00.165007) can0 D4#39040C050E0FF4FFFF390C140CFFFFFFFFFDFFFFFFFFFFFFFF00000000000000
(00.165399) can0 E3#390422080039877E780AFAFF
(00.172358) can0 DC#39100016ED9936AE2A0AFADCA000280000000000FFFFA2F7944E000000000000
(00.175522) can0 DB#390E00203EC5AF02987F831A3F0080154C4DC114B3281D5C060300F1FFFFFFFFA315FB4A000000000000000000000000
(00.180264) can0 2D#04D1B504C409001000800020FA6004000800A0FEFFFF7FE001D339FFFFFFFF00FEFFA83DA79100000000000000000000
(00.180799) can0 DB#390F00150711AF20FFFF7FCFFFFF3FFFFFFFFFFFFFA4AB727B00000000000000
(00.182384) can0 18E19490#04030003000300D237ED0C27002201F9000806010101010200000000000000000000000000000000000000000000000000000000000000001311001505150000
(00.184502) can0 D9#3913001538D83701A0004001500F20F3FFFFFFFFFFA4DDF89C3913010B4B00A8548500FE03BAFFEF0000000000000000
(00.185021) can0 E3#39060B080011111800C0CFFF
(00.192359) can0 DC#39100110153F413243002E12119C002205F0FFF139100016C93137AE2A0AFADCA000280000000000FFFFA4EC99350000
(00.195584) can0 DB#390E010F7400FFFFFFFFFFFFFF0FD308BCFDFF390E00205167B002987F831A3F0080154C4DC114B3281D5C060300F1FFFFFFFFA5A1B9EE000000000000000000
(00.001075) can0 DC#39100110153F413043006E06109C002205F0FFF139100016D862BFAE2A0AFADC9C00280000000000FFFFB499B8D00000
(00.004498) can0 DB#390E010F6800FFFFFFFFFFFFFF0FD308BCFDFF390E0020A32B3802987F831A3F0080154C4DC114B3281D5C060300F1FFFFFFFFB566568A000000000000000000
(00.009306) can0 2D#B8F53E04C409001000800020FA6004000800A0FEFFFF7FE001D239FFFFFFFF00FEFFBAC5B5B600000000000000000000
(00.009840) can0 DB#390F0015A08D3820FFFF7FCFFFFF3FFFFFFFFFFFFFB68128D400000000000000
(00.013297) can0 D9#391300157CE6C0FF9F000001500F20F3FFFFFFFFFFB61D67DD00000000000000
(00.019248) can0 E3#00800004362A7500
(00.019486) can0 21C#11020104000001F403E805DC07D009C40DAC138819641F402328251C271000000000000000000000000000000000000000000000000000000000000000000000
(00.020184) can0 21D#304028
(00.020341) can0 21C#21000000000000000000000000000000000000000000000000000000000000000000000000000000000000000000000000000000000000000000000000000000
(00.021103) can0 DC#39100016F4F2C0AE2A0AFADC9C00280000000000FFFFB6E3B8FC000000000000
(00.021486) can0 18E19490#000000A50000005001000000000000000000001A5A7900000000000000000000000000004A4A4BE900E8001601FD00F500F6004A4A4A52011311001505150000
(00.024732) can0 DB#390E0020370F3902987F831A3F0080154C4DC114B3281D5C060300F1FFFFFFFFB6E55A55000000000000000000000000
(00.029186) can0 2D#A7FC3F04C409001000800020FA6004000800A0FEFFFF7FE001D239FFFFFFFF00FEFFBC7740A500000000000000000000
(00.029722) can0 DB#390F0015429D3920FFFF7FCFFFFF3FFFFFFFFFFFFFB7091DFC00000000000000
(00.034268) can0 D9#39130015FF0DC100A000C001500F20F3FFFFFFFFFFB85491AD00000000000000
(00.041087) can0 DC#39100016D05AC1AE2A0AFADC9C00280000000000FFFFB7CBE62B000000000000
(00.043838) can0 E3#4100050800800343CB60BCEC
(00.044532) can0 DB#390E00208B623A02987F831A3F0080154C4DC114B3281D5C060300F1FFFFFFFFB8FFE4BA000000000000000000000000
(00.045072) can0 21C#22000000000000000000000000000000000000000000000000000000000000000000000000000000000000000000000000000000000000000000000000000000
(00.048254) can0 44#04
(00.049230) can0 2D#B14E4004C409001000800020FA6004000800A0FEFFFF7FE001D239FFFFFFFF00FEFFBEA64F1400000000000000000000
(00.049766) can0 D4#3904060426DC7684
(00.049925) can0 DB#390F001564AC3A20FFFF7FCFFFFF3FFFFFFFFFFFFFB92F5D6F00000000000000
(00.051106) can0 18E19490#0101001800F700800CFF00BC02060600000000401F020000AC0D372B012003000002AE012B1200000202C003A22F0000AC0D401F0C1E274B1311001505150000
(00.053580) can0 D9#391300155D21C201A0004001500F20F3FFFFFFFFFFBA3FB78900000000000000
(00.061070) can0 DC#391000169DB2C2AE2A0AFADC9C00280000000000FFFFB9151C89000000000000
(00.063897) can0 E3#4100050801CC8F32EB72ADC1
(00.064532) can0 DB#390E00201F463B02987F831A3F0080154C4DC114B3281D5C060300F1FFFFFFFFBAC4CB2E000000000000000000000000
(00.069251) can0 D4#39040C050E0FF4FFFF390C140CFFFFFFFFFDFFFFFFFFFFFFFF390C1608FFFFFFFFFFFFFFFF391501143E219201F85FF5FFFFFFFFFE07009F2801FEFFFF000000
(00.069928) can0 2D#AE474104C409001000800020FA6004000800A0FEFFFF7FE001D239FFFFFFFF00FEFFC08E9ED200000000000000000000
(00.070464) can0 D4#390C083CFE7400800000086C14BF2C83FF7BDF01D001C501A02CE07C8FB39400009E053C400B5AD08216B4A0052D68CF0000FE7F14E000FFC9FFFFFF833EE4FF
(00.071123) can0 DB#390F001586BC3B20FFFF7FCFFFFF3FFFFFFFFFFFFFBD2B6DF600000000000000
(00.073374) can0 D9#391300156F6BC301A0000001500F20F3FFFFFFFFFFBC19E17200000000000000
(00.073945) can0 E3#390422080039867E781AFAFF
(00.074872) can0 21C#23000000000000000000000000000000000000000000000000000000000000000000000000000000000000000000000000000000000000000000000000000000
(00.081072) can0 DC#39100016B91AC3AE2A0AFADC9C00280000000000FFFFBBDBC1B9000000000000
(00.081454) can0 18E19490#028800646464010000009E12F537000000000000E800EB00BC04010001000000020000004A14D305A404851300000000B20C800C8E0F150C1311001505150000
(00.084494) can0 DB#39FE0B086100000000000000390E0020F3B93C02987F831A3F0080154C4DC114B3281D5C060300F1FFFFFFFFBECD6C00
(00.089264) can0 2D#8F5C4204C409001000800020FA6004000800A0FEFFFF7FE001D239FFFFFFFF00FEFFC229BA5700000000000000000000
(00.089798) can0 DB#390F001528CE3C20FFFF7FCFFFFF3FFFFFFFFFFFFFBF7A173A00000000000000
(00.091146) can0 DC#39FE6F089401008000000000
(00.093326) can0 D9#39130015E5B1C400A0000001500F20F3FFFFFFFFFFBE2247033913010B4B00A8548500FE03BAFFEF0000000000000000
(00.093905) can0 E3#39060B080011111800C0CFFF
(00.099337) can0 DB#390E022A3E004A00650AC0411884015A47403E49E0D16CC24B85D70D8D72F847CE43068867E9FFFFFFFFBFFE910C0000
(00.101091) can0 DC#39100110153F413043007606119C002205F0FFF1391000162672C4AE2A0AFADC9C00280000000000FFFFBE6851E90000
(00.104490) can0 DB#390E010F6800FFFFFFFFFFFFFF0FD308BCFDFF390E0308980E0CF8FFFFFFFF00
(00.104876) can0 21C#2400000000000000
(00.109188) can0 2D#90554304C409001000800020FA6004000800A0FEFFFF7FE001D239FFFFFFFF00FEFFC426D0D000000000000000000000
(00.109723) can0 DB#390E0020679D3D02987F831A3F0080154C4DC114B3281D5C060300F1FFFFFFFFC08EE560390F0015CADE3D20FFFF7FCFFFFF3FFFFFFFFFFFFFC1879DE5000000
(00.111152) can0 18E19490#030000990199010000000000000000010000000000000000000000000000000000B20CAF0F00E40C00000000000054DA05C316D70CC409001311001505150000
(00.113326) can0 D9#39130015024DC500A000C000500F20F3FFFFFFFFFFC02949F500000000000000
(00.119247) can0 E3#00800004EAB17600
(00.119556) can0 DB#390E04105CE30B4C24B4DBFFEF2D6C6DEBFFFFFF390F01064B85046000000000
(00.121110) can0 DC#3910001602DAC5AE2A0AFADC9C00280000000000FFFFC0AEB6E4000000000000
(00.124507) can0 DB#390E0020DBF03E02987F831A3F0080154C4DC114B3281D5C060300F1FFFFFFFFC2802642000000000000000000000000
(00.129203) can0 2D#CD6A4404C409001000800020FA6004000800A0FEFFFF7FE001D239FFFFFFFF00FEFFC69058A300000000000000000000
(00.129737) can0 DB#390F0015ECEF3E20FFFF7FCFFFFF3FFFFFFFFFFFFFC38790F100000000000000
(00.134262) can0 D9#39130015F426C600A0008000500F20F3FFFFFFFFFFC20B8D8A00000000000000
(00.139234) can0 E3#4100050800800343CB60C6640500000CF5FCFF0000000000C9DA7A9B00000000
(00.141101) can0 DC#391000164F32C6AE2A0AFADC9C00280000000000FFFFC255B3F0000000000000
(00.141484) can0 18E19490#04030003000300DC37ED0C26002201F8000806010101010200000000000000000000000000000000000000000000000000000000000000001311001505150000
(00.144506) can0 DB#390E00204FD43F02987F831A3F0080154C4DC114B3281D5C060300F1FFFFFFFFC4B1A202000000000000000000000000
(00.149308) can0 2D#D2634504C409001000800020FA6004000800A0FEFFFF7FE001D239FFFFFFFF00FEFFC8302C1E00000000000000000000
(00.149846) can0 D4#3904060492AA7784
(00.150005) can0 DB#390F00150EFF3F20FFFF7FCFFFFF3FFFFFFFFFFFFFC5228D3400000000000000
(00.150392) can0 DC085B#4001000000000000
(00.153631) can0 D9#39130015C380C700A0000001500F20F3FFFFFFFFFFC37F445F00000000000000
(00.161084) can0 DC#391000166B9AC7AE2A0AFADC9C00280000000000FFFFC4BAC9DB000000000000
(00.163885) can0 E3#4100050801C48FF30019B0EE3980000C007F427A59AFAFFECBDD72CE00000000
(00.164580) can0 DB#390E00200D104002987F831A3F0080154C4DC114B3281D5C060300F1FFFFFFFFC6F9893F000000000000000000000000
(00.169216) can0 2D#F3784604C409001000800020FA6004000800A0FEFFFF7FE001D239FFFFFFFF00FEFFCABFC2DB00000000000000000000
(00.169750) can0 DB#390F0015B7504020FFFF7FCFFFFF3FFFFFFFFFFFFFC72E923100000000000000
(00.171175) can0 18E19490#000000A50000005001000000000000000000001A5A7900000000000000000000000000004A4A4BEA00E8001701FD00F500F6004A4A4A52011311001505150000
(00.173345) can0 D9#391300150D9AC800A000C001500F20F3FFFFFFFFFFC5C83E3800000000000000
(00.173965) can0 D4#39FE1D085940B2080000000039040C050E0FF4FFFF390C140CFFFFFFFFFDFFFFFFFFFFFFFF0000000000000000000000
(00.174501) can0 E3#390422080039877E780AFAFF
(00.181086) can0 DC#3910001671E3C8AE2A0AFADC9C00280000000000FFFFC6F5999F000000000000
(00.184130) can0 4F#201106A000499B00
(00.184545) can0 DB#390E002099344102987F831A3F0080154C4DC114B3281D5C060300F1FFFFFFFFC7EDA312000000000000000000000000
(00.188539) can0 D9#39FE28082900000000000000391300152EC4C9FF9F008001500F20F3FFFFFFFFFFC8A684DD0000000000000000000000
(00.189237) can0 2D#EC714704C409001000800020FA6004000800A0FEFFFF7FE001D239FFFFFFFF00FEFFCC53A0D700000000000000000000
(00.189851) can0 DB#390F001555404120FFFF7FCFFFFF3FFFFFFFFFFFFFC81D411F00000000000000
(00.193905) can0 E3#39060B080011111800C0CFFF
(00.198606) can0 D9#3913010B4B00A8548500FE03BAFFEF00
(00.006016) can0 DC#39100016E0AA55AE0200FA00FCFF280000000000FFFFE0B9B28D000000000000
(00.008981) can0 E3#3E800108C302788BB700E2FF
(00.009572) can0 DB#390E00208787CE02987F831A3F0080154C4DC114B3281D5C060300F1FFFFFFFFE209391A000000000000000000000000
(00.014291) can0 2D#3934D404C409001000800020FA6004000800A0FEFFFF7FE001D239FFFFFFFF00FEFFE647534500000000000000000000
(00.014824) can0 DB#390F0015E345CE20FFFF7FCFFFFF3FFFFFFFFFFFFFE3F4DA5000000000000000
(00.016060) can0 18E19490#04030002000200D237ED0C22002201F9000806010102010200000000000000000000000000000000000000000000000000000000000000001311001505150000
(00.018332) can0 D9#39130015F8245600A0004001500F20F3FFFFFFFFFFE2CEC5FD3913010B4B00A8548500FE03BAFFEF0000000000000000
(00.019037) can0 E3#39060B080011111800C0CFFF
(00.026021) can0 DC#39100110153F41004300C602109C002205F0FFF539100016AD4256AE0200FA00FCFF280000000000FFFFE2025CB10000
(00.029012) can0 E3#410000080057314B41463545
(00.029680) can0 DB#390E010F6400FFFFFFFFFFFFFF0FD308BCFDFF390E002013A3CF02987F831A3F0080154C4DC114B3281D5C060300F1FFFFFFFFE4ED46EE000000000000000000
(00.034355) can0 2D#263DD504C409001000800020FA6004000800A0FEFFFF7FE001D239FFFFFFFF00FEFFE8A4670300000000000000000000
(00.034889) can0 DB#390F00150155CF20FFFF7FCFFFFF3FFFFFFFFFFFFFE5AD992200000000000000
(00.038323) can0 D9#391300156ADB5700A0008001500F20F3FFFFFFFFFFE41E41FE00000000000000
(00.044400) can0 E3#00800004D48D6000410000080142315052313138
(00.046057) can0 DC#3910001689EA57AE0200FA00FCFF280000000000FFFFE424A416000000000000
(00.046441) can0 18E19490#000000A5000000500000000000000000000000115A7900000000040000000000000000004A4A4BE900E8001701FC00F400F6004A4A4A4E011311001505150000
(00.049714) can0 DB#390F01064B8504600000390E00207C01D002987F831A3F0080154C4DC114B3281D5C060300F1FFFFFFFFE61D62C00000
(00.054265) can0 2D#0726D604C409001000800020FA6004000800A0FEFFFF7FE001D239FFFFFFFF00FEFFEA2E3F0000000000000000000000
(00.054818) can0 DB#390F0015BEBED020FFFF7FCFFFFF3FFFFFFFFFFFFFE73F751A00000000000000
(00.059254) can0 D9#39130015D42E5800A0008001500F20F3FFFFFFFFFFE680454800000000000000
(00.064428) can0 E3#4100050800800343CB5FEACE4100000802343937E9D3C0A20500000CF5FCFF0000000000ED1EF1240000000000000000
(00.066052) can0 DC#39100016939358AE0200FA00FCFF280000000000FFFFE61A3BD6000000000000
(00.069580) can0 DB#390E0020E825D102987F831A3F0080154C4DC114B3281D5C060300F1FFFFFFFFE80241C8000000000000000000000000
(00.074314) can0 2D#182FD704C409001000800020FA6004000800A0FEFFFF7FE001D239FFFFFFFF00FEFFECA73F2400000000000000000000
(00.074851) can0 D4#39040604AC966184
(00.075010) can0 DB#390F00155CAED120FFFF7FCFFFFF3FFFFFFFFFFFFFE94384C700000000000000
(00.076021) can0 18E19490#0100001200F800800CFF00BC02060600000000401F020000AC0D0000012003000002AC012C1200000202C003B22F0000AC0D401F0C42024B1311001505150000
(00.078597) can0 D9#3913001546D15900A0004001500F20F3FFFFFFFFFFE879D06400000000000000
(00.086000) can0 DC#39100016B73B59AE0200FA00FCFF280000000000FFFFE8CB4A13000000000000
(00.089053) can0 E3#4100050801D41C7664C3E4533980000C00FF417A57AFAFFEEFEB747441000008031C89FFED1600000000000000000000
(00.089675) can0 DB#390E00205448D202987F831A3F0080154C4DC114B3281D5C060300F1FFFFFFFFEA4C9144000000000000000000000000
(00.094322) can0 2D#BD58D804C409001000800020FA6004000800A0FEFFFF7FE001D239FFFFFFFF00FEFFEE2FF2C700000000000000000000
(00.094867) can0 DB#390F00157A9FD220FFFF7FCFFFFF3FFFFFFFFFFFFFEB670D0A00000000000000
(00.098347) can0 D9#3913001544485A01A0004001500F20F3FFFFFFFFFFEA302A9A00000000000000
(00.099070) can0 D4#39040C050E0FF4FFFF390C140CFFFFFFFFFDFFFFFFFFFFFFFF00000000000000
(00.099462) can0 E3#390422080039877E780AFAFF
(00.106007) can0 DC#39100016FAD35AAE0200FA00FCFF280000000000FFFFEA638732000000000000
(00.106391) can0 18E19490#028800646464010000007812A208000000000000E800EB00BC04010000000000FFFF00004A14D105A4048A1300000000B20C800C550F150C1311001505150000
(00.108974) can0 E3#3E800108C302788BB700E0FF
(00.109650) can0 DB#390E0020C06CD302987F831A3F0080154C4DC114B3281D5C060300F1FFFFFFFFEB490092000000000000000000000000
(00.114288) can0 2D#A251D904C409001000800020FA6004000800A0FEFFFF7FE001D239FFFFFFFF00FEFFF07D2C1C00000000000000000000
(00.114825) can0 DB#390F0015988FD320FFFF7FCFFFFF3FFFFFFFFFFFFFEC14972200000000000000
(00.118336) can0 D9#39130015A6585B01A0004001500F20F3FFFFFFFFFFEC72D5253913010B4B00A8548500FE03BAFFEF0000000000000000
(00.119036) can0 E3#39060B080011111800C0CFFF
(00.126021) can0 DC#39100110153F41004300CE02109C002205F0FFF539100016DE7B5BAE0200FA00FCFF280000000000FFFFEC3710C20000
(00.129633) can0 DB#390E010F6400FFFFFFFFFFFFFF0FD308BCFDFF390E00202C93D402987F831A3F0080154C4DC114B3281D5C060300F1FFFFFFFFED2D635D000000000000000000
(00.134264) can0 2D#834ADA04C409001000800020FA6004000800A0FEFFFF7FE001D239FFFFFFFF00FEFFF2AD5BB600000000000000000000
(00.134879) can0 DB#390F001536FDD420FFFF7FCFFFFF3FFFFFFFFFFFFFEED33EB400000000000000
(00.136070) can0 18E19490#0300009501950100000000000000000100000000000000000000000000000000000000A70F00E40C00000000000000D905C716D50CC409001311001505150000
(00.138332) can0 D9#39130015FCD85C00A0000001500F20F3FFFFFFFFFFEE1C874900000000000000
(00.144385) can0 E3#0080000460FB6100
(00.144725) can0 21C#110201037574795C7C7C7F38832087D08BB88FA09388000000000000000000000000000000000000000000000000000000000000000000000000000000000000
(00.145421) can0 21D#304028
(00.145576) can0 21C#21000000000000000000000000000000000000000000000000000000000000000000000000000000000000000000000000000000000000000000000000000000
(00.146286) can0 DC#3910001641135CAE0200FA00FCFF280000000000FFFFEE7880EB000000000000
(00.149816) can0 DB#390E0020B8B7D502987F831A3F0080154C4DC114B3281D5C060300F1FFFFFFFFEEF8BB36000000000000000000000000
(00.154279) can0 2D#9C43DB04C409001000800020FA6004000800A0FEFFFF7FE001D239FFFFFFFF00FEFFF4BE834800000000000000000000
(00.154819) can0 DB#390F0015D4EDD520FFFF7FCFFFFF3FFFFFFFFFFFFFEFDAB75500000000000000
(00.159270) can0 D9#391300151B245D00A000C000500F20F3FFFFFFFFFFF062399200000000000000
(00.166010) can0 DC#3910001665BB5DAE0200FA00FCFF280000000000FFFFEFB2CABA000000000000
(00.166394) can0 18E19490#04030002000200D237ED0C22002201F9000806010102010200000000000000000000000000000000000000000000000000000000000000001311001505150000
(00.168957) can0 E3#4100050800800343CB5FF496
(00.169588) can0 DB#390E002004DAD602987F831A3F0080154C4DC114B3281D5C060300F1FFFFFFFFF04C0AE4000000000000000000000000
(00.170181) can0 21C#22000000000000000000000000000000000000000000000000000000000000000000000000000000000000000000000000000000000000000000000000000000
(00.173377) can0 44#04
(00.174291) can0 2D#C17CDC04C409001000800020FA6004000800A0FEFFFF7FE001D239FFFFFFFF00FEFFF6D732B600000000000000000000
(00.174827) can0 D4#39040604700D6284
(00.174988) can0 DB#390F0015F2DCD620FFFF7FCFFFFF3FFFFFFFFFFFFFF19EFE8D00000000000000
(00.178593) can0 D9#3913001538F95E00A0000001500F20F3FFFFFFFFFFF23D94FE00000000000000
(00.186000) can0 DC#3910001628535EAE0200FA00FCFF280000000000FFFFF1E1FCE1000000000000
(00.189050) can0 E3#41000508014BF8EC25B028CD
(00.189716) can0 DB#390E002090FED702987F831A3F0080154C4DC114B3281D5C060300F1FFFFFFFFF2518A39000000000000000000000000
(00.194298) can0 D4#39040C050E0FF4FFFF390C140CFFFFFFFFFDFFFFFFFFFFFFFF390C1608FFFFFFFFFFFFFFFF391501143E219201F85FF5FFFFFFFFFE07009F2801FEFFFF000000
(00.194974) can0 2D#DE75DD04C409001000800020FA6004000800A0FEFFFF7FE001D239FFFFFFFF00FEFFF8A831B600000000000000000000
(00.195509) can0 D4#390C083CFE7400800000086C14BF2B83FF7BDF01D001C501A02CE07C8FB39400009E053C400B5AD08216B4A0052D68CF0000FE7F14E000FFC9FFFFFF833EE4FF
(00.196169) can0 DB#390F001510CCD720FFFF7FCFFFFF3FFFFFFFFFFFFFF565053F00000000000000
(00.196556) can0 18E19490#000000A5000000500000000000000000000000115A7900000000040000000000000000004A4A4BE900E8001701FC00F400F7004A4A4A55011311001505150000
(00.198438) can0 D9#391300151BA75FFF9F004001500F20F3FFFFFFFFFFF496389800000000000000
(00.199058) can0 E3#390422080039867E781AFAFF
(00.024268) can0 DC085B#4001000000000000
(00.024568) can0 DC085B#4001000000000000
(00.024868) can0 DC085B#4001000000000000
(00.025168) can0 DC085B#4001000000000000
(00.025468) can0 DC085B#4001000000000000
(00.025768) can0 DC085B#4001000000000000
(00.026068) can0 DC085B#4001000000000000
(00.026368) can0 DC085B#4001000000000000
(00.026668) can0 DC085B#4001000000000000
(00.026968) can0 DC085B#4001000000000000
(00.027268) can0 DC085B#4001000000000000
(00.027568) can0 DC085B#4001000000000000
(00.027868) can0 DC085B#4001000000000000
(00.028168) can0 DC085B#4001000000000000
(00.028468) can0 DC085B#4001000000000000
(00.028784) can0 DC085B#4001000000000000
(00.029100) can0 DC085B#4001000000000000
(00.029416) can0 DC085B#4001000000000000
(00.029732) can0 DC085B#4001000000000000
(00.030048) can0 DC085B#4001000000000000
(00.030364) can0 DC085B#4001000000000000
(00.030680) can0 DC085B#4001000000000000
(00.030996) can0 DC085B#4001000000000000
(00.031312) can0 DC085B#4001000000000000
(00.031628) can0 DC085B#4001000000000000
(00.031944) can0 DC085B#4001000000000000
(00.032260) can0 DC085B#4001000000000000
(00.032576) can0 DC085B#4001000000000000
(00.032892) can0 DC085B#4001000000000000
(00.033208) can0 DC085B#4001000000000000
(00.033524) can0 DC085B#4001000000000000
(00.033840) can0 DC085B#4001000000000000
(00.034156) can0 DC085B#4001000000000000
(00.034472) can0 DC085B#4001000000000000
(00.034788) can0 DC085B#4001000000000000
(00.035104) can0 DC085B#4001000000000000
(00.035420) can0 DC085B#4001000000000000
(00.035736) can0 DC085B#4001000000000000
(00.036052) can0 DC085B#4001000000000000
(00.036368) can0 DC085B#4001000000000000
(00.036684) can0 DC085B#4001000000000000
(00.038540) can0 D4#390406040C754E84
(00.038700) can0 E3#0500000CF5FCFF0000000000E94D3FCE3E800108C302788BB700E0FF3980000C007FA17A84AFAFFEEBD3B85700800004B7EB470000800004593F480000000000
(00.039373) can0 E3#0500000CF5FCFF0000000000FD8BE4233980000C007FA17A86AFAFFEFF5414A900800004ED4949003204000C702BA553670700F00B4C428B0080000431D24A00
(00.040037) can0 E3#0500000CF5FCFF000000000011BDE44D3980000C007FE17A88AFAFFE13744AB60080000485A44B00410000080057314B4146354500800004A8F54C0000000000
(00.040704) can0 E3#4100000801423150523131384100000802343937211A8EEC0500000CF5FCFF0000000000259727DC3980000C007FE17A8AAFAFFE278D5F870000000000000000
(00.043857) can0 D4#39040C050E0FF4FFFF390C140CFFFFFFFFFDFFFFFFFFFFFFFF390C1608FFFFFFFFFFFFFFFF39150114FFFF9301F85FF5FFFFFFFFFE07009F2801FEFFFF000000
(00.044535) can0 2D#06157904C409001000800020FA6004000800A0FEFFFF7FE001D339FFFFFFFF00FEFF2BE002ED00000000000000000000
(00.045071) can0 D4#390C083CFE7400800000086C14BF2A83FF7BDF01D001C501A02CE07C8FB39400009E853C400B5AD08216B4A0052D68CFF8FFFFFFFFFF00FFC9FFFFFF833EE4FF
(00.045733) can0 E3#41000008034900CB278C0000008000041C834D00390422080038077E780AFAFF
(00.046114) can0 DC085B#4001000000000000
(00.052120) can0 DC085D#4000000000000000
(00.056733) can0 DC08E2#4000000000000000
(00.058785) can0 E3#4100050800000343CB5F2BEB
(00.060318) can0 DB#39FE0B086100008000000000390E0020C10A74FFFFFF831A3F0080D5FF7FC18496288F5C000300F0FFFFFFFF288047A5
(00.064052) can0 2D#270E7A04C409001000800020FA6004000800A0FEFFFF7FE001D339FFFFFFFF00FEFF2DA29BFF00000000000000000000
(00.064588) can0 DC085B#4001000000000000
(00.065918) can0 DB#390F00153C317420FFFF7FCFFFFF3FFFFFFFFFFFFF29046C2A00000000000000
(00.066871) can0 DC#39FE6F089401008000000000
(00.067070) can0 18E19490#04030002000200D237ED0C22002201F9000806010001010200000000000000000000000000000000000000000000000000000000000000001311001505150000
(00.068789) can0 E3#39060B080011111800C0CFFF
(00.075319) can0 DB#390E022AFFFFFFFF650AC0411884015A40FFFFFFE0D16CC24B85D70D8D02F847CE43068867E9FFFFFFFF291B34F50000
(00.076519) can0 DC#39100110153F413243003646119C002205F0FFF139100016D8F3FCAF0200FA00FCFF280000000000FFFF26610C800000
(00.078928) can0 E3#4100050801DCE617D071DBD0
(00.080530) can0 DB#390E010FFFFFFFFFFFFFFFFFFF0FD308BCFDFF390E0308F50108F8FFFFFFFF00
(00.084060) can0 2D#38077B04C409001000800020FA6004000800A0FEFFFF7FE001D339FFFFFFFF00FEFF2F18E5FC00000000000000000000
(00.084595) can0 DC085B#4001000000000000
(00.085827) can0 DB#390E0020407675FFFFFF831A3F0080D5FF7FC12496A8905C000300F0FFFFFFFF2A172FD2390F0015DE217520FFFF7FCFFFFF3FFFFFFFFFFFFF2CD3E87A000000
(00.086557) can0 DC#3A0051080601000000000000
(00.093943) can0 D4#390C083CFE7400800000086C14BF2A83FF7BDF01D001C501A02CE07C8FB39400009E053C400B5AD08216B4A0052D68CFF8FFFFFFFFFF00FFC9FFFFFF833EE4FF
(00.094606) can0 E3#00800004C0184E00
(00.095631) can0 DB#390E04105CE30B4C24B4DBFFFFFFFFFFFFFFFFFF390F010695830460FCFF0000
(00.096528) can0 DC#39100016FC5BFDAF0200FA00FCFF280000000000FFFF28251EED000000000000
(00.096914) can0 18E19490#000000A5000000500000000000000000000000085A7900000000040000000000000000004A4A4BEA00E8001701FC00F400F6004A4A4A35001311001505150000
(00.100386) can0 DB#390E00201AC676FFFFFF831A3F0080D5FF7FC1C49528925C000300F0FFFFFFFF2DA6F264000000000000000000000000
(00.104054) can0 2D#65387C04C409001000800020FA6004000800A0FEFFFF7FE001D339FFFFFFFF00FEFF3106B50700000000000000000000
(00.104590) can0 DC085B#4001000000000000
(00.105916) can0 DB#390F0015F8107620FFFF7FCFFFFF3FFFFFFFFFFFFF2E3AD13300000000000000
(00.116531) can0 DC#39100016B1B3FEAF0200FA00FCFF280000000000FFFF2DB99F2C000000000000
(00.118800) can0 E3#4100050800000343CB5F319E3204000C90E5A6536707FFFF353557BF0500000CF5FCFF00000000003932F23900000000
(00.120426) can0 DB#390E00205D9D77FFFFFF831A3F0080D5FF7FC16495A8935C000300F0FFFFFFFF2FC03F16000000000000000000000000
(00.124239) can0 2D#7A317D04C409001000800020FA6004000800A0FEFFFF7FE001D339FFFFFFFF00FEFF38D5516700000000000000000000
(00.124772) can0 D4#39040604B8034F84
(00.124934) can0 DC085B#4001000000000000
(00.125839) can0 DB#390F00151A007720FFFF7FCFFFFF3FFFFFFFFFFFFF30E9806800000000000000
(00.126576) can0 18E19490#0100001200F800800CFF00BC02060600000000401F020000AC0D0000012003000002AE012F1200000202C00303300000AC0D401F0C42024B1311001505150000
(00.136530) can0 DC#3910001669B5FFAE0200FA00FCFF280000000000FFFF2F01EF2B000000000000
(00.138836) can0 E3#4100050801D47A90B85F60583980000C007FE17A8EAFAFFE3B306D8400000000
(00.140416) can0 DB#390E0020B35F78FFFFFF831A3F0080D5FF7FC1049528955C000300F0FFFFFFFF317E95A2000000000000000000000000
(00.144200) can0 2D#5B2A7E04C409001000800020FA6004000800A0FEFFFF7FE001D339FFFFFFFF00FEFF3A58D8A000000000000000000000
(00.145922) can0 DB#390F0015A4F57820FFFF7FCFFFFF3FFFFFFFFFFFFF3232DF8500000000000000
(00.148932) can0 D4#39FE1D085940B2880400000039040C050E0FF4FFFF390C140CFFFFFFFFFDFFFFFFFFFFFFFF0000000000000000000000
(00.149466) can0 E3#390422080039077E781AFAFF
(00.154345) can0 DC083D#4000000000000000
(00.156540) can0 DC#39100016C88300AF0200FA00FCFF280000000000FFFF319F1106000000000000
(00.156927) can0 18E19490#02480064646400000000A7120E7E000000000000E800E9000000000000000000FFFF00004B14CA05B2048A130000AC0D0000800CFF0C150C1311001505150000
(00.160401) can0 DB#390E00207F7979FFFFFF831A3F0080D5FF7FC1A494A8965C000300F0FFFFFFFF33BBDC05000000000000000000000000
(00.164301) can0 2D#44237F04C409001000800020FA6004000800A0FEFFFF7FE001D339FFFFFFFF00FEFF3C84CF5F00000000000000000000
(00.164836) can0 D9#39FE2808290000000000000039130015DE0A0100E0FF7F01F0FF2FF8FFFFFFFFFFBFFE8EFD0000000000000000000000
(00.165960) can0 DB#390F001546E57920FFFF7FCFFFFF3FFFFFFFFFFFFF3447398900000000000000
(00.169026) can0 E3#39060B080011111800C0CFFF
(00.174354) can0 D9#3913010BFFFFFF1F8500FE03BAFFEF3A001A0805010000000000000000000000
(00.176550) can0 DC#39100110153F413943003E06109C002205F0FFF139100016EC2B01AF0200FA00FCFF280000000000FFFF33636A780000
(00.179103) can0 E3#3E800108C302788BB700E2FF
(00.180478) can0 DB#390E010FFFFFFFFFFFFFFFFFFF0FD308BCFDFF390E0020FA527AFFFFFF831A3F0080D5FF7FC1449428985C000300F0FFFFFFFF354ACEE9000000000000000000
(00.184397) can0 2D#565E8004C409001000800020FA6004000800A0FEFFFF7FE001D339FFFFFFFF00FEFF3EFD7BB900000000000000000000
(00.185934) can0 DB#390F001560D47A20FFFF7FCFFFFF3FFFFFFFFFFFFF365EFC6F00000000000000
(00.186628) can0 18E19490#030000B101B10100000000000000000100000000000000000000000000000000000000A70F00E40C00000000000000D905C716D50CC409001311001505150000
(00.189066) can0 D9#3913001505F10201E0FF3F02F0FFD7F8FFFFFFFFFFC13D5A9200000000000000
(00.194563) can0 E3#00800004746E4F00
(00.196549) can0 DC#39100016A1C302AF0200FA00FCFF280000000000FFFF357C93FE000000000000
(00.000697) can0 18E19490#030000970197010000000000000000010000000000000000000000000000000000B20CA70F00E40C00000000000054D905CE16D70CC409001311001505150000
(00.004473) can0 D9#3913001520F463FF9F00C001500F20F3FFFFFFFFFFFF105AF600000000000000
(00.009944) can0 DB#390E022A3E004A00650AC0411884015A47403E49E0D16CC24B85D70D8D72F847CE43068867E9FFFFFFFFFF5616CE0000
(00.010750) can0 DC#39100016BA4A65AE2A0AFADC8400280000000000FFFFFF655C71000000000000
(00.013297) can0 2D#F6846904C409001000800020FA6004000800A0FEFFFF7FE001D339FFFFFFFF00FEFF0435573700000000000000000000
(00.013830) can0 D4#39040C050E0FF4FFFF390C140CFFFFFFFFFDFFFFFFFFFFFFFF391501143EFF9301F85FF5FFFFFFFFFE07009F2801FEFFFF000000000000000000000000000000
(00.014874) can0 DB#390E010F5400FFFFFFFFFFFFFF0FD308BCFDFF390E030837D807F8FFFFFFFF00
(00.018134) can0 E3#390422080039067E780AFAFF39060B080011111800C0CFFF4100050800800343CB5E043F000000000000000000000000
(00.019944) can0 DB#390E002062B25F02987F831A3F0080154C4DC114B3281D5C060300F1FFFFFFFF0066E17B390F0015B56C6020FFFF7FCFFFFF3FFFFFFFFFFFFF01643700000000
(00.025366) can0 D9#3913001570786400A0000002500F20F3FFFFFFFFFF01646F4200000000000000
(00.030017) can0 DB#390E04105CE30B4C24B4DBFFEF2D6C6DEBFFFFFF390F01064B85046000000000
(00.030740) can0 DC#39100016F7A266AE2A0AFADC8400280000000000FFFF01A9CAF9000000000000
(00.031123) can0 18E19490#04030002000200D237ED0C22002201F8000806010101010200000000000000000000000000000000000000000000000000000000000000001311001505150000
(00.033247) can0 2D#D79F6A04C409001000800020FA6004000800A0FEFFFF7FE001D339FFFFFFFF00FEFF06135D8F00000000000000000000
(00.034877) can0 DB#390E002009C26002987F831A3F0080154C4DC114B3281D5C060300F1FFFFFFFF02D9060F000000000000000000000000
(00.039976) can0 DB#390F0015577C6120FFFF7FCFFFFF3FFFFFFFFFFFFF03B67AA300000000000000
(00.043246) can0 E3#4100050801EDA520BB119DE4
(00.044499) can0 D9#39130015F99F6501A0004001500F20F3FFFFFFFFFF0392B5A83913010B4B00A8548500FE03BAFFEF0000000000000000
(00.050642) can0 DC#39100016D30A67AE2A0AFADC8400280000000000FFFF03AC7D71000000000000
(00.053249) can0 2D#C8966B04C409001000800020FA6004000800A0FEFFFF7FE001D339FFFFFFFF00FEFF086180F400000000000000000000
(00.054806) can0 DB#390E00209DE66102987F831A3F0080154C4DC114B3281D5C060300F1FFFFFFFF0521BCA5000000000000000000000000
(00.058142) can0 E3#00800004EFF83000
(00.060006) can0 DB#390F0015714D6220FFFF7FCFFFFF3FFFFFFFFFFFFF065C9EB400000000000000
(00.060703) can0 18E19490#000000A50000005001000000000000000000001A5A7900000000040000000000000000004A4A4BEA00E8001701FD00F400F6004A4A4A37011311001505150000
(00.064477) can0 D9#391300152B5C6600A0000001500F20F3FFFFFFFFFF050B003400000000000000
(00.070700) can0 DC#39100110153F413843004606109C002205F0FFF139100016C97368AE2A0AFADC8400280000000000FFFF05AB52D40000
(00.073243) can0 2D#95A96C04C409001000800020FA6004000800A0FEFFFF7FE001D339FFFFFFFF00FEFF0A3F1AE000000000000000000000
(00.074805) can0 DB#390E0020218B6202987F831A3F0080154C4DC114B3281D5C060300F1FFFFFFFF07CFBA22000000000000000000000000
(00.079984) can0 DB#390F0015935D6320FFFF7FCFFFFF3FFFFFFFFFFFFF08A7D51700000000000000
(00.083287) can0 E3#0500000CF5FCFF00000000000D94CB61
(00.084488) can0 D9#39130015C94C6700A0000001500F20F3FFFFFFFFFF0761206100000000000000
(00.090624) can0 DC#39100016EDDB69AE2A0AFADC8400280000000000FFFF078B3386000000000000
(00.091007) can0 18E19490#0101001200F800800CFF00BC02060600000000401F020000AC0D372B012003000002AD012A1200000202C103BA2F0000AC0D401F0C3F114B1311001505150000
(00.093302) can0 2D#8AA06D04C409001000800020FA6004000800A0FEFFFF7FE001D339FFFFFFFF00FEFF0CB766F800000000000000000000
(00.093838) can0 D4#3904060449C94B84
(00.095087) can0 DB#390E0020B5AF6302987F831A3F0080154C4DC114B3281D5C060300F1FFFFFFFF09DD1BA7000000000000000000000000
(00.099983) can0 DB#390F00153D2F6420FFFF7FCFFFFF3FFFFFFFFFFFFF0ADD0A6D00000000000000
(00.104480) can0 D9#3913001572556800A000C000500F20F3FFFFFFFFFF09D2812E00000000000000
(00.108078) can0 E3#3980000C00FF697A61AFAFFE0FDFBA9A
(00.110633) can0 DC#39100016A0336AAE2A0AFADC8400280000000000FFFF09DEB545000000000000
(00.113287) can0 2D#ABBB6E04C409001000800020FA6004000800A0FEFFFF7FE001D339FFFFFFFF00FEFF0EB40C0E00000000000000000000
(00.113823) can0 D4#39040C050E0FF4FFFF390C140CFFFFFFFFFDFFFFFFFFFFFFFF00000000000000
(00.114826) can0 DB#390E010F5400FFFFFFFFFFFFFF0FD308BCFDFF390E002059506402987F831A3F0080154C4DC114B3281D5C060300F1FFFFFFFF0BD823F1000000000000000000
(00.118129) can0 E3#390422080039077E780AFAFF39060B080011111800C0CFFF4100050800800343CB5E0E64000000000000000000000000
(00.120032) can0 DB#390F0015DF3F6520FFFF7FCFFFFF3FFFFFFFFFFFFF0CF19C8100000000000000
(00.120735) can0 18E19490#0288006464640100000084120009000000000000E900EB00BD04010000000000000000004714C105A404881300000000B20C800C860FE20C1311001505150000
(00.125121) can0 D9#39130015401F6900A0008000500F20F3FFFFFFFFFF0B529B5300000000000000
(00.130781) can0 DC#39100016849B6BAE2A0AFADC8400280000000000FFFF0B6FF112000000000000
(00.133245) can0 2D#B4B26F04C409001000800020FA6004000800A0FEFFFF7FE001D339FFFFFFFF00FEFF10B8D9E900000000000000000000
(00.133778) can0 4F#20560DA000499AF9
(00.134827) can0 DB#390E0020CD746502987F831A3F0080154C4DC114B3281D5C060300F1FFFFFFFF0D8018E1000000000000000000000000
(00.139973) can0 DB#390F0015F90E6620FFFF7FCFFFFF3FFFFFFFFFFFFF0ED4C2F100000000000000
(00.143246) can0 E3#41000508016EF4BBF6188229
(00.144626) can0 D9#39130015B6746A00A000C000500F20F3FFFFFFFFFF0D84CA113913010B4B00A8548500FE03BAFFEF0000000000000000
(00.150647) can0 DC#391000161BF36CAE2A0AFADC8400280000000000FFFF0D6FD26C000000000000
(00.151030) can0 18E19490#030000980198010000000000000000010000000000000000000000000000000000B20CA70F00E40C00000000000054D905D216D40CC409001311001505150000
(00.153245) can0 2D#E1547004C409001000800020FA6004000800A0FEFFFF7FE001D339FFFFFFFF00FEFF1246D47B00000000000000000000
(00.154805) can0 DB#390E002071196602987F831A3F0080154C4DC114B3281D5C060300F1FFFFFFFF0F5242FA000000000000000000000000
(00.158140) can0 E3#008000045B8E3100
(00.160005) can0 DB#390F00151B1E6720FFFF7FCFFFFF3FFFFFFFFFFFFF10581E6900000000000000
(00.164483) can0 D9#3913001551886B00A0000001500F20F3FFFFFFFFFF0FFE558700000000000000
(00.170650) can0 DC#39100110153F413243004E16109C002205F0FFF1391000163F5B6DAE2A0AFADC8400280000000000FFFF0F10811D0000
(00.173234) can0 2D#FE5D7104C409001000800020FA6004000800A0FEFFFF7FE001D339FFFFFFFF00FEFF14D0A48600000000000000000000
(00.174856) can0 DB#390E0020E53D6702987F831A3F0080154C4DC114B3281D5C060300F1FFFFFFFF1137D065000000000000000000000000
(00.179982) can0 DB#390F0015A5EB6820FFFF7FCFFFFF3FFFFFFFFFFFFF1294ACB800000000000000
(00.180721) can0 18E19490#04020002000200D237ED0C22002201F8000806010101010200000000000000000000000000000000000000000000000000000000000000001311001505150000
(00.183558) can0 4F#28230D0006DE902B
(00.184483) can0 D9#391300153EB46CFF9F004001500F20F3FFFFFFFFFF11A216E500000000000000
(00.190702) can0 DC#3910001672B36EAE2A0AFADC8400280000000000FFFF1161D1CE000000000000
(00.192545) can0 44#04
(00.193314) can0 2D#DF467204C409001000800020FA6004000800A0FEFFFF7FE001D339FFFFFFFF00FEFF1617E38F00000000000000000000
(00.193848) can0 D4#3904060464984C84
(00.195077) can0 DB#390E002088F66802987F831A3F0080154C4DC114B3281D5C060300F1FFFFFFFF137BB6D7000000000000000000000000
(00.000474) can0 4F#20DE09A000499AF6
(00.001264) can0 DB#390E0020942CF702987F831A3F0080154C4DC114B3281D5C060300F1FFFFFFFF311C1A7C000000000000000000000000
(00.006064) can0 D9#39FE2808290000000000000039130015534DFC00A0004000500F20F3FFFFFFFFFF3067EE770000000000000000000000
(00.006599) can0 DB#390F0015AC05F820FFFF7FCFFFFF3FFFFFFFFFFFFF3222461500000000000000
(00.009860) can0 E3#41000508017E8E9D55755689
(00.015858) can0 D9#3913010B4B00A8548500FE03BAFFEF00
(00.016791) can0 DC#39100016F7E9FEAE2A0AFADC7C00280000000000FFFF3124FEB7000000000000
(00.019866) can0 2D#0D3B0204C409001000800020FA6004000800A0FEFFFF7FE001D239FFFFFFFF00FEFF36B49A1A00000000000000000000
(00.021173) can0 DB#390E0020F9E7F802987F831A3F0080154C4DC114B3281D5C060300F1FFFFFFFF33E5F792000000000000000000000000
(00.024563) can0 E3#00800004BED11B00
(00.026394) can0 21C#110201007574795C7C7C7F38832087D08BB88FA09388000000000000000000000000000000000000000000000000000000000000000000000000000000000000
(00.027082) can0 18E19490#000000A50000005001000000000000000000001A5A7900000000030000000000000000004A4A4BE900E8001601FD00F400F6004A4A4A34011311001505150000
(00.027798) can0 DB#390F00154E15F920FFFF7FCFFFFF3FFFFFFFFFFFFF3306268600000000000000
(00.028184) can0 21D#304028
(00.028339) can0 21C#21000000000000000000000000000000000000000000000000000000000000000000000000000000000000000000000000000000000000000000000000000000
(00.030709) can0 D9#39130015C1B2FD00A0008000500F20F3FFFFFFFFFF33A4D8C100000000000000
(00.036842) can0 DC#39100110153F410043009E06109C002205F0FFF539100016D341FFAE2A0AFADC7C00280000000000FFFF331C835A0000
(00.039860) can0 2D#12320304C409001000800020FA6004000800A0FEFFFF7FE001D239FFFFFFFF00FEFF38CB20C100000000000000000000
(00.041169) can0 DB#390E00206DC3F902987F831A3F0080154C4DC114B3281D5C060300F1FFFFFFFF349AE334000000000000000000000000
(00.046348) can0 DB#390F00156824FA20FFFF7FCFFFFF3FFFFFFFFFFFFF35F9383200000000000000
(00.050306) can0 4F#28A109003694A246
(00.050781) can0 D9#3913001537D9FE00A000C000500F20F3FFFFFFFFFF351561B900000000000000
(00.051165) can0 21C#22000000000000000000000000000000000000000000000000000000000000000000000000000000000000000000000000000000000000000000000000000000
(00.056769) can0 DC#391000168ED900AE2A0AFADC7C00280000000000FFFF358DE3C2000000000000
(00.057152) can0 18E19490#0101001000F800800C0301BC02060600000000401F020000AC0D372B012003000002AD012A1200000202C2039A2F0000AC0D401F0C2A074B1311001505150000
(00.058902) can0 44#04
(00.059932) can0 2D#4F0D0404C409001000800020FA6004000800A0FEFFFF7FE001D239FFFFFFFF00FEFF3A23BFB600000000000000000000
(00.060467) can0 D4#39040604BAB23684
(00.061202) can0 DB#39FE0B086100000000000000390E0020D1AEFA02987F831A3F0080154C4DC114B3281D5C060300F1FFFFFFFF36EB8794
(00.066348) can0 DB#390F00158A34FB20FFFF7FCFFFFF3FFFFFFFFFFFFF3715B43500000000000000
(00.070713) can0 D9#39130015F161FF01A000C000500F20F3FFFFFFFFFF372D643500000000000000
(00.076227) can0 DB#390E022A3E004A00650AC0411884015A47403E49E0D16CC24A85D70D8D72F847CE43068867E9FFFFFFFF379EA5250000
(00.076814) can0 DC#39100016AA7101AE2A0AFADC7C00280000000000FFFF3767218B000000000000
(00.079907) can0 2D#50040504C409001000800020FA6004000800A0FEFFFF7FE001D239FFFFFFFF00FEFF3CE0071D00000000000000000000
(00.080443) can0 D4#39040C050E0FF4FFFF390C140CFFFFFFFFFDFFFFFFFFFFFFFF391501143E219201F85FF5FFFFFFFFFE07009F2801FEFFFF000000000000000000000000000000
(00.081226) can0 DB#390E010F4C00FFFFFFFFFFFFFF0FD308BCFDFF390E0308915705F8FFFFFFFF00
(00.081616) can0 21C#23000000000000000000000000000000000000000000000000000000000000000000000000000000000000000000000000000000000000000000000000000000
(00.084542) can0 E3#390422080039867E780AFAFF39060B080011111800C0CFFF4100050800800343CB5D3CD5000000000000000000000000
(00.086313) can0 DB#390E0020458AFB02987F831A3F0080154C4DC114B3281D5C060300F1FFFFFFFF3865A4CB390F00152446FC20FFFF7FCFFFFF3FFFFFFFFFFFFF390A2851000000
(00.086969) can0 18E19490#028800646464010000006412E921000000000000E900EB00BC04010000000000000000004714C105A304871300000000B20C800C9F0FE20C1311001505150000
(00.091368) can0 D9#3913001545D20001A0000001500F20F3FFFFFFFFFF3941909900000000000000
(00.096282) can0 DB#390E04105CE30B4C24B4DBFFEF2D6C6DEBFFFFFF390F01064B8504604C000000
(00.096930) can0 DC#39100016E79902AE2A0AFADC7C00280000000000FFFF39AD62A2000000000000
(00.099883) can0 2D#711F0604C409001000800020FA6004000800A0FEFFFF7FE001D239FFFFFFFF00FEFF3EC0396200000000000000000000
(00.101188) can0 DB#390E0020A975FC02987F831A3F0080154C4DC114B3281D5C060300F1FFFFFFFF3AD4B1EA000000000000000000000000
(00.106347) can0 DB#390F0015C656FD20FFFF7FCFFFFF3FFFFFFFFFFFFF3BAE218A00000000000000
(00.109870) can0 E3#4100050801DE4DB91E17564F
(00.110739) can0 D9#3913001586860100A000C000500F20F3FFFFFFFFFF3BC008963913010B4B00A8548500FE03BAFFEF0000000000000000
(00.111260) can0 21C#2400000000000000
(00.116791) can0 DC#39100016C33103AE2A0AFADC7C00280000000000FFFF3BAC0A88000000000000
(00.117176) can0 18E19490#0300009A019A010000000000000000010000000000000000000000000000000000B20CA70F00E40C00000000000054D905D216D20CC409001311001505150000
(00.119866) can0 2D#6E160704C409001000800020FA6004000800A0FEFFFF7FE001D239FFFFFFFF00FEFF40871F6D00000000000000000000
(00.121169) can0 DB#390E00203D51FD02987F831A3F0080154C4DC114B3281D5C060300F1FFFFFFFF3DF4D02C000000000000000000000000
(00.124570) can0 E3#0080000493801C00
(00.126368) can0 DB#390F0015E067FE20FFFF7FCFFFFF3FFFFFFFFFFFFF3E10E57B00000000000000
(00.130718) can0 D9#39130015A55B0200A0000001500F20F3FFFFFFFFFF3D67E19600000000000000
(00.136790) can0 DC#39100110153F41004300A642109C002205F0FFF1391000165C5904AE2A0AFADC7C00280000000000FFFF3D8616EF0000
(00.139903) can0 2D#CB610804C409001000800020FA6004000800A0FEFFFF7FE001D239FFFFFFFF00FEFF427D5E4400000000000000000000
(00.141219) can0 DB#390E0020813CFE02987F831A3F0080154C4DC114B3281D5C060300F1FFFFFFFF3FE4E840000000000000000000000000
(00.146348) can0 DB#390F00150277FF20FFFF7FCFFFFF3FFFFFFFFFFFFF4070239100000000000000
(00.146865) can0 18E19490#04020002000200D237ED0C20002201F8000806010101010200000000000000000000000000000000000000000000000000000000000000001311001505150000
(00.149893) can0 E3#0500000CF5FCFF00000000004596B2AE
(00.150727) can0 D9#39130015860503FF9F004001500F20F3FFFFFFFFFF3F8EB7B100000000000000
(00.156848) can0 DC#3910001678F105AE2A0AFADC7C00280000000000FFFF3FA5B2FA000000000000
(00.159961) can0 2D#D4680904C409001000800020FA6004000800A0FEFFFF7FE001D239FFFFFFFF00FEFF447BA1EE00000000000000000000
(00.160495) can0 D4#390406040EC43784
(00.161471) can0 DB#390E00201518FF02987F831A3F0080154C4DC114B3281D5C060300F1FFFFFFFF4130D0C2000000000000000000000000
(00.166348) can0 DB#390F0015B3280020FFFF7FCFFFFF3FFFFFFFFFFFFF42669EC600000000000000
(00.169902) can0 E3#3980000C00FF007A57AFAFFE473AEAFD
(00.170732) can0 D9#39130015498C0400A0008001500F20F3FFFFFFFFFF414C5B5700000000000000
(00.176782) can0 DC#39100016351906AE2A0AFADC7C00280000000000FFFF41EC01B7000000000000
(00.177168) can0 18E19490#000000A50000005001000000000000000000001A5A7900000000040000000000000000004A4A4BEA00E8001701FD00F400F6004A4A4A3A011311001505150000
(00.179893) can0 2D#F5730A04C409001000800020FA6004000800A0FEFFFF7FE001D239FFFFFFFF00FEFF46A05B5B00000000000000000000
(00.180426) can0 D4#39040C050E0FF4FFFF390C140CFFFFFFFFFDFFFFFFFFFFFFFF00000000000000
(00.181225) can0 DB#390E010F4C00FFFFFFFFFFFFFF0FD308BCFDFF390E002024A40002987F831A3F0080154C4DC114B3281D5C060300F1FFFFFFFF4339F4FE000000000000000000
(00.184544) can0 E3#390422080039877E780AFAFF39060B080011111800C0CFFF4100050800800343CB5D46BB000000000000000000000000
(00.186394) can0 DB#390F001551380120FFFF7FCFFFFF3FFFFFFFFFFFFF4475D90800000000000000
(00.191365) can0 D9#39130015AB9C0500A0008001500F20F3FFFFFFFFFF43F29BC800000000000000
(00.196846) can0 DC#3910001611B107AE2A0AFADC7C00280000000000FFFF43921DE6000000000000
(00.001932) can0 DB#390F0015231C8C20FFFF7FCFFFFF3FFFFFFFFFFFFF5AE05FCD00000000000000
(00.006162) can0 D9#39130015A68190FF9F00C001300F20F3FFFFFFFFFF598FA81E00000000000000
(00.012128) can0 DC#39100016E25592AE2A0AFADC7000280000000000FFFF596CC3C5000000000000
(00.014500) can0 44#04
(00.015562) can0 2D#85419604C409001000800020FA6004000800A0FEFFFF7FE001D239FFFFFFFF00FEFF5E17E64700000000000000000000
(00.016096) can0 D4#39040604848E2084
(00.016792) can0 DB#390E0020867A8C02987F831A3F0080154C4DC114B3281D5C060300F1FFFFFFFF5B637BDE000000000000000000000000
(00.021930) can0 DB#390F0015C10C8D20FFFF7FCFFFFF3FFFFFFFFFFFFF5C88D93900000000000000
(00.022316) can0 18E19490#0300009F019F010000000000000000010000000000000000000000000000000000B20C7A0F00E40C00000000000054D905CB16D70CC409001311001505150000
(00.026162) can0 D9#39130015AB7B91FF9F000002300F20F3FFFFFFFFFF5B87BCDE00000000000000
(00.032191) can0 DC#39100016C6FD93AE2A0AFADC7000280000000000FFFF5B06DC8E000000000000
(00.035432) can0 D4#39040C050E0FF4FFFF390C140CFFFFFFFFFDFFFFFFFFFFFFFF390C1608FFFFFFFFFFFFFFFF391501143E219201F85FF5FFFFFFFFFE07009F2801FEFFFF000000
(00.036109) can0 2D#9A489704C409001000800020FA6004000800A0FEFFFF7FE001D239FFFFFFFF00FEFF60C21DB400000000000000000000
(00.036643) can0 D4#390C083CFE7400800000086C143F2783FF7BDF01D001C501A02CE07C8FB39400009E053C400B5AD08216B4A0052D68CF0000FE7F0FE000FFC9FFFFFF833EE4FF
(00.037303) can0 DB#390E010F4000FFFFFFFFFFFFFF0FD308BCFDFF390E0020125E8D02987F831A3F0080154C4DC114B3281D5C060300F1FFFFFFFF5D61BE63000000000000000000
(00.040164) can0 E3#390422080039867E780AFAFF39060B080011111800C0CFFF4100050800800343CB5C6074000000000000000000000000
(00.042123) can0 DB#390F0015E73D8E20FFFF7FCFFFFF3FFFFFFFFFFFFF5E960BEF00000000000000
(00.046805) can0 D9#3913001573B49200A000C001300F20F3FFFFFFFFFF5D71B5D600000000000000
(00.052182) can0 DC#39100016599594AE2A0AFADC7000280000000000FFFF5DBAFCDB000000000000
(00.052565) can0 18E19490#04020002000200D237ED0C1D002201F8000806010101010200000000000000000000000000000000000000000000000000000000000000001311001505150000
(00.055437) can0 2D#3F3F9804C409001000800020FA6004000800A0FEFFFF7FE001D239FFFFFFFF00FEFF62563F5800000000000000000000
(00.056831) can0 DB#390F01064A8504605000390E0020AE338E02987F831A3F0080154C4DC114B3281D5C060300F1FFFFFFFF5FAD1C3A0000
(00.061936) can0 DB#390F0015052D8F20FFFF7FCFFFFF3FFFFFFFFFFFFF604A1CFB00000000000000
(00.065414) can0 E3#41000508018A9C814E0049C9410000080057314B41463545
(00.066188) can0 D9#3913001541FE9300A0008001300F20F3FFFFFFFFFF5F0135383913010B4B00A8548500FE03BAFFEF0000000000000000
(00.072160) can0 DC#391000167D3D95AE2A0AFADC7000280000000000FFFF5EF5FC90000000000000
(00.075432) can0 2D#20369904C409001000800020FA6004000800A0FEFFFF7FE001D239FFFFFFFF00FEFF649C7CF700000000000000000000
(00.076750) can0 DB#390E00203A178F02987F831A3F0080154C4DC114B3281D5C060300F1FFFFFFFF61C0E748000000000000000000000000
(00.080150) can0 E3#008000049FF30600410000080142315052313138
(00.081961) can0 DB#390F0015BAC69020FFFF7FCFFFFF3FFFFFFFFFFFFF6278CD5E00000000000000
(00.082346) can0 DC#39FE6F089401008000000000
(00.082545) can0 18E19490#000000A50000005001000000000000000000001A5A7800000000030000000000000000004A4A4BEA00E9001701FD00F400F6004A4A4A3E011311001505150000
(00.086165) can0 D9#39130015FE9894FF9F008001300F20F3FFFFFFFFFF6125A9CD00000000000000
(00.092207) can0 DC#39100110153F41004300F642109C002205F0FFF53910001630D596AE2A0AFADC7000280000000000FFFF61483F3E0000
(00.095425) can0 2D#012D9A04C409001000800020FA6004000800A0FEFFFF7FE001D239FFFFFFFF00FEFF6628FA2800000000000000000000
(00.095960) can0 E3#410002080007E706170F142E
(00.096766) can0 DB#390E002055B59002987F831A3F0080154C4DC114B3281D5C060300F1FFFFFFFF63596491000000000000000000000000
(00.101930) can0 DB#390F001558D69120FFFF7FCFFFFF3FFFFFFFFFFFFF64CFA69000000000000000
(00.105457) can0 E3#4100000802343937651E65B20500000CF5FCFF00000000006910FC7000000000
(00.106194) can0 D9#39130015CCD295FF9F00C001300F20F3FFFFFFFFFF6346531800000000000000
(00.110074) can0 DC085B#4001000000000000
(00.112143) can0 DC#39100016147D97AE2A0AFADC7000280000000000FFFF6308BEE8000000000000
(00.112527) can0 18E19490#0101000D00F800800CFF00BC02060600000000401F020000AC0D372B012003000002AD012F1200000202C403682F0000AC0D401F0C152F4B1311001505150000
(00.115614) can0 2D#1E249B04C409001000800020FA6004000800A0FEFFFF7FE001D239FFFFFFFF00FEFF68CE6C8E00000000000000000000
(00.116148) can0 D4#3904060430F82184
(00.116309) can0 E3#410002080101B9A313EA68CE
(00.116836) can0 DB#390E0020C1919102987F831A3F0080154C4DC114B3281D5C060300F1FFFFFFFF65CFE0D0000000000000000000000000
(00.121929) can0 DB#390F00157EE79220FFFF7FCFFFFF3FFFFFFFFFFFFF66871FD400000000000000
(00.125456) can0 E3#3980000C007FF279F7AEAFFE6B14373241000008031CB2B3B86E000000000000
(00.126187) can0 D9#39130015FBF79600A000C001300F20F3FFFFFFFFFF64935A6D00000000000000
(00.132146) can0 DC#391000160E0498AE2A0AFADC7000280000000000FFFF6593B500000000000000
(00.135457) can0 2D#431B9C04C409001000800020FA6004000800A0FEFFFF7FE001D239FFFFFFFF00FEFF6A40D3F800000000000000000000
(00.135992) can0 D4#39FE1D085940B2080000000039040C050E0FF4FFFF390C140CFFFFFFFFFDFFFFFFFFFFFFFF0000000000000000000000
(00.136528) can0 E3#41000208026B52D504FBDD98390422080039877E780AFAFF
(00.136832) can0 DB#390E010F4000FFFFFFFFFFFFFF0FD308BCFDFF390E00207DFC9202987F831A3F0080154C4DC114B3281D5C060300F1FFFFFFFF67ABB62B000000000000000000
(00.141946) can0 DB#390F00159CF79320FFFF7FCFFFFF3FFFFFFFFFFFFF68C897D100000000000000
(00.142332) can0 18E19490#02880064646401000000F012A117000000000000E800E700BD04010001000000000000004814C2059A04841300000000B20C800C410FE20C1311001505150000
(00.145396) can0 E3#39060B080011111800C0CFFF4100050800800343CB5C6AAA
(00.146968) can0 D9#39130015C9BD9700A0008001300F20F3FFFFFFFFFF6647EB4B00000000000000
(00.152270) can0 DC#391000162AAC99AE2A0AFADC7000280000000000FFFF67F2EDE3000000000000
(00.155436) can0 2D#5C129D04C409001000800020FA6004000800A0FEFFFF7FE001D239FFFFFFFF00FEFF6C1A6ACD00000000000000000000
(00.156033) can0 4F#20E605A000499AF4
(00.156797) can0 DB#390E0020E9D89302987F831A3F0080154C4DC114B3281D5C060300F1FFFFFFFF697D6E74000000000000000000000000
(00.161464) can0 D9#39FE2808290000800000000039130015F3559801A0000001300F20F3FFFFFFFFFF68FF84010000000000000000000000
(00.161999) can0 DB#390F001532859420FFFF7FCFFFFF3FFFFFFFFFFFFF6A75372300000000000000
(00.165425) can0 E3#4100050801E38DDEF5BB6192
(00.171316) can0 D9#3913010B4B00A8548500FE03BAFFEF00
(00.172156) can0 DC#3910001667449AAE2A0AFADC7000280000000000FFFF694ADFE9000000000000
(00.172538) can0 18E19490#0300009C019C010000000000000000010000000000000000000000000000000000B20C820F00E40C00000000000054D905C516D70CC409001311001505150000
(00.175425) can0 2D#7D099E04C409001000800020FA6004000800A0FEFFFF7FE001D239FFFFFFFF00FEFF6E81BC1300000000000000000000
(00.176752) can0 DB#390E002005279402987F831A3F0080154C4DC114B3281D5C060300F1FFFFFFFF6B6A7DB1000000000000000000000000
(00.180132) can0 E3#008000042B850700
(00.181934) can0 21C#11020000000000000000000000000000000000000000000000000000000000000000000000000000000000000000000000000000000000000000000000000000
(00.182652) can0 DB#390F0015D0959520FFFF7FCFFFFF3FFFFFFFFFFFFF6B671A9F00000000000000
(00.186171) can0 D9#39130015E5B79900A0004001300F20F3FFFFFFFFFF6B6574D000000000000000
(00.192150) can0 DC#39100110153F41004300FE02109C002205F0FFF53910001643EC9BAE2A0AFADC7000280000000000FFFF6BBD60D10000
(00.195424) can0 2D#62009F04C409001000800020FA6004000800A0FEFFFF7FE001D239FFFFFFFF00FEFF70E4819400000000000000000000
(00.195960) can0 21D#304028
(00.196113) can0 21C#21000000000000000000000000000000000000000000000000000000000000000000000000000000000000000000000000000000000000000000000000000000
(00.196832) can0 DB#390E002091039502987F831A3F0080154C4DC114B3281D5C060300F1FFFFFFFF6C2FCD27000000000000000000000000
(00.002045) can0 2D#155B2904C409001000800020FA6004000800A0FEFFFF7FE001D239FFFFFFFF00FEFF846D9FD900000000000000000000
(00.002578) can0 D4#39040C050E0FF4FFFF390C140CFFFFFFFFFDFFFFFFFFFFFFFF3915011435219201F85FF5FFFFFFFFFE07009F2801FEFFFF000000000000000000000000000000
(00.003458) can0 DB#390E010F3000FFFFFFFFFFFFFF0FD308BCFDFF390E00203FC71F02987F831A3F0080554C4DC114B3281D5C060300F1FFFFFFFF810BD04F000000000000000000
(00.006720) can0 E3#390422080039867E780FFAFF39060B080011111800C0CFFF4100050800800343CB5B84C7000000000000000000000000
(00.008645) can0 DB#390F0015B1142020FFFF7FCFFFFF3FFFFFFFFFFFFF82062F7F00000000000000
(00.013658) can0 D9#391300151FF72401A0004001500F20F3FFFFFFFFFF813A094800000000000000
(00.018420) can0 DC#391000169BAB26AE0200FA00FCFF280000000000FFFF81E6C211000000000000
(00.022011) can0 2D#34402A04C409001000800020FA6004000800A0FEFFFF7FE001D239FFFFFFFF00FEFF86F5A83400000000000000000000
(00.023426) can0 DB#390F01064A8504604C00390E002020762002987F831A3F0080154C4DC114B3281D5C060300F1FFFFFFFF8377D4370000
(00.028496) can0 18E19490#0100000000F800BC02BC02BC02060100000000401F020000AC0D000001200300000210022C1200000202CC03482F0000AC0D401F000000321311001505150000
(00.029209) can0 DB#390F001553042120FFFF7FCFFFFF3FFFFFFFFFFFFF84713CD000000000000000
(00.031980) can0 E3#41000508017A1EBB584F8E02
(00.032721) can0 D9#39130015D94F2500A0004001500F20F3FFFFFFFFFF83D59D043913010BFF00F85F8500FE03BAFFEF0000000000000000
(00.038498) can0 DC#39100016BF0327AE0200FA00FCFF280000000000FFFF8386D93E000000000000
(00.041989) can0 2D#2B492B04C409001000800020FA6004000800A0FEFFFF7FE001D239FFFFFFFF00FEFF88C3EA9600000000000000000000
(00.042524) can0 E3#3204000C1E4C9C53670700F08751698E
(00.043412) can0 DB#390E0020C0932102987F831A3F0080554C4DC114B3281D5C060300F1FFFFFFFF85B7B5FD000000000000000000000000
(00.046811) can0 E3#008000044B4BF000
(00.048601) can0 DB#390F001575352220FFFF7FCFFFFF3FFFFFFFFFFFFF86E3D8BD00000000000000
(00.052746) can0 D9#39130015FF7E2600A0004001500F20F3FFFFFFFFFF8557DB1200000000000000
(00.058430) can0 DC#39100110153F6E3843004606109C002205F0FFF139100016A57A28AE0200FA00FCFF280000000000FFFF857AB6530000
(00.058948) can0 18E19490#02480064646401000000E4128CD1000000000000E800EA000000000000000000FDFF00004514C10596048513000000005804800CA30DE20C1311001505150000
(00.061991) can0 2D#76762C04C409001000800020FA6004000800A0FEFFFF7FE001D239FFFFFFFF00FEFF8A6233FD00000000000000000000
(00.063396) can0 DB#390E0020083F2202987F831A3F0080154C4DC114B3281D5C060300F1FFFFFFFF8713B8DE000000000000000000000000
(00.066716) can0 E3#3E800108C302777BB700E0FF0500000CF5FCFF00000000008DA4A8EE00000000
(00.068575) can0 DB#390F001597252320FFFF7FCFFFFF3FFFFFFFFFFFFF8801B6E900000000000000
(00.072880) can0 D9#3913001599732701A000C001500F20F3FFFFFFFFFF8769D6B400000000000000
(00.078427) can0 DC#3910001681D229AE0200FA00FCFF280000000000FFFF873B216E000000000000
(00.082066) can0 2D#697F2D04C409001000800020FA6004000800A0FEFFFF7FE001D239FFFFFFFF00FEFF8C134BDC00000000000000000000
(00.082601) can0 D4#39040604D5A70B84
(00.083408) can0 DB#390E0020E8DA2302987F831A3F0080554C4DC114B3281D5C060300F1FFFFFFFF89659882000000000000000000000000
(00.088500) can0 18E19490#0300009A019A0100000000000000000000000000000000000000000000000000000000780E000000000000000000000000000000000000001311001505150000
(00.089238) can0 DB#390F001539572420FFFF7FCFFFFF3FFFFFFFFFFFFF8ACBEACE00000000000000
(00.092044) can0 E3#3980000C007FA07A2DAFAFFE8F5D98D0
(00.092946) can0 D9#39130015C86C2801A0000002500F20F3FFFFFFFFFF89D82FD900000000000000
(00.098491) can0 DC#39100016CC3A2AAE0200FA00FCFF280000000000FFFF894584E2000000000000
(00.102056) can0 2D#48642E04C409001000800020FA6004000800A0FEFFFF7FE001D239FFFFFFFF00FEFF8EDC898F00000000000000000000
(00.102589) can0 D4#39040C050E0FF4FFFF390C140CFFFFFFFFFDFFFFFFFFFFFFFF00000000000000
(00.103452) can0 DB#390E010F3000FFFFFFFFFFFFFF0FD308BCFDFF390E002070E42402987F831A3F0080154C4DC114B3281D5C060300F1FFFFFFFF8B21F817000000000000000000
(00.106738) can0 E3#390422080039877E781AFAFF39060B080011111800C0CFFF4100050800800343CB5B8E37000000000000000000000000
(00.108623) can0 DB#390F0015DB472520FFFF7FCFFFFF3FFFFFFFFFFFFF8CAB7DD200000000000000
(00.113686) can0 D9#3913001531642900A0008001500F20F3FFFFFFFFFF8B0C325900000000000000
(00.118425) can0 DC#39100016E8922BAE0200FA00FCFF280000000000FFFF8BEB0E55000000000000
(00.118809) can0 18E19490#040000000000000000000000000000F8000806010102010200000000000000000000000000000000000000000000000000000000000000001311001505150000
(00.122022) can0 2D#576D2F04C409001000800020FA6004000800A0FEFFFF7FE001D239FFFFFFFF00FEFF90A1A20400000000000000000000
(00.123466) can0 DB#390E002090012502987F831A3F0080554C4DC114B3281D5C060300F1FFFFFFFF8DECF01F000000000000000000000000
(00.128574) can0 DB#390F0015FD762620FFFF7FCFFFFF3FFFFFFFFFFFFF8E8993EB00000000000000
(00.132023) can0 E3#410005080136CC11EB0B1DB2
(00.132946) can0 D9#3913001517552A00A0008001500F20F3FFFFFFFFFF8D3EE5AD3913010BFF00F85F8500FE03BAFFEF0000000000000000
(00.138444) can0 DC#3910001677FA2CAE0200FA00FCFF280000000000FFFF8D016040000000000000
(00.142025) can0 2D#028B3004C409001000800020FA6004000800A0FEFFFF7FE001D239FFFFFFFF00FEFF92312A4600000000000000000000
(00.143397) can0 DB#390E00202C6C2602987F831A3F0080554C4DC114B3281D5C060300F1FFFFFFFF8FF8B912000000000000000000000000
(00.146833) can0 E3#00800004FF3DF100
(00.148519) can0 18E19490#000000A5000000100000000000000000000000085A790000000000000000000000000000323232E900E8001701FD000000000032323221001311001505150000
(00.149238) can0 DB#390F00151F662720FFFF7FCFFFFF3FFFFFFFFFFFFF9020D37700000000000000
(00.152883) can0 D9#39130015A1022B01A0004001500F20F3FFFFFFFFFF8F499D4F00000000000000
(00.158505) can0 DC#39100110153F6E3243004E16109C002205F0FFF13910001653522DAE0200FA00FCFF280000000000FFFF8FAF91E40000
(00.162012) can0 2D#1D823104C409001000800020FA6004000800A0FEFFFF7FE001D239FFFFFFFF00FEFF94416F2400000000000000000000
(00.163395) can0 DB#390E0020B8482702987F831A3F0080554C4DC114B3281D5C060300F1FFFFFFFF91614BA8000000000000000000000000
(00.168574) can0 DB#390F0015A1932820FFFF7FCFFFFF3FFFFFFFFFFFFF926E04A600000000000000
(00.172681) can0 D9#391300153ACC2CFF9F004001500F20F3FFFFFFFFFF91A8A0BD00000000000000
(00.176654) can0 E3#3E800108C302777BB700E2FF
(00.178434) can0 DC#391000161EBA2EAE0200FA00FCFF280000000000FFFF91B9E6CB000000000000
(00.178817) can0 18E19490#0100000000F700BC02BC02BC02060100000000401F020000AC0D0000012003000002AE012F1200000202CC03B22F0000AC0D401F000000321311001505150000
(00.181129) can0 44#04
(00.182084) can0 2D#3C993204C409001000800020FA6004000800A0FEFFFF7FE001D239FFFFFFFF00FEFF96EACA3F00000000000000000000
(00.182617) can0 D4#39040604F8F60C84
(00.183406) can0 DB#390E0020A1422802987F831A3F0080154C4DC114B3281D5C060300F1FFFFFFFF9363F5DB000000000000000000000000
(00.188573) can0 DB#390F001543832920FFFF7FCFFFFF3FFFFFFFFFFFFF94B42F5B00000000000000
(00.192680) can0 D9#3913001578692DFF9F00C001500F20F3FFFFFFFFFF9341FC7300000000000000
(00.198450) can0 DC#391000163A122FAE0200FA00FCFF280000000000FFFF93954E19000000000000
(00.111586) can0 DC085B#4001000000000000
(00.111886) can0 DC085B#4001000000000000
(00.112186) can0 DC085B#4001000000000000
(00.112486) can0 DC085B#4001000000000000
(00.112786) can0 DC085B#4001000000000000
(00.113086) can0 DC085B#4001000000000000
(00.113386) can0 DC085B#4001000000000000
(00.113686) can0 DC085B#4001000000000000
(00.113986) can0 DC085B#4001000000000000
(00.114286) can0 DC085B#4001000000000000
(00.114586) can0 DC085B#4001000000000000
(00.114886) can0 DC085B#4001000000000000
(00.115186) can0 DC085B#4001000000000000
(00.115486) can0 DC085B#4001000000000000
(00.115786) can0 DC085B#4001000000000000
(00.116102) can0 DC085B#4001000000000000
(00.116418) can0 DC085B#4001000000000000
(00.116734) can0 DC085B#4001000000000000
(00.117050) can0 DC085B#4001000000000000
(00.117366) can0 DC085B#4001000000000000
(00.117682) can0 DC085B#4001000000000000
(00.117998) can0 DC085B#4001000000000000
(00.118314) can0 DC085B#4001000000000000
(00.118630) can0 DC085B#4001000000000000
(00.118946) can0 DC085B#4001000000000000
(00.119262) can0 DC085B#4001000000000000
(00.119578) can0 DC085B#4001000000000000
(00.119894) can0 DC085B#4001000000000000
(00.120210) can0 DC085B#4001000000000000
(00.120526) can0 DC085B#4001000000000000
(00.120842) can0 DC085B#4001000000000000
(00.121158) can0 DC085B#4001000000000000
(00.121474) can0 DC085B#4001000000000000
(00.121790) can0 DC085B#4001000000000000
(00.122106) can0 DC085B#4001000000000000
(00.122422) can0 DC085B#4001000000000000
(00.122738) can0 DC085B#4001000000000000
(00.123054) can0 DC085B#4001000000000000
(00.123370) can0 DC085B#4001000000000000
(00.123686) can0 DC085B#4001000000000000
(00.124002) can0 DC085B#4001000000000000
(00.124318) can0 DC085B#4001000000000000
(00.124634) can0 DC085B#4001000000000000
(00.124950) can0 DC085B#4001000000000000
(00.125266) can0 DC085B#4001000000000000
(00.125582) can0 DC085B#4001000000000000
(00.125898) can0 DC085B#4001000000000000
(00.126214) can0 DC085B#4001000000000000
(00.126530) can0 DC085B#4001000000000000
(00.126846) can0 DC085B#4001000000000000
(00.127162) can0 DC085B#4001000000000000
(00.127478) can0 DC085B#4001000000000000
(00.127794) can0 DC085B#4001000000000000
(00.128110) can0 DC085B#4001000000000000
(00.128426) can0 DC085B#4001000000000000
(00.128742) can0 DC085B#4001000000000000
(00.129058) can0 DC085B#4001000000000000
(00.129374) can0 DC085B#4001000000000000
(00.129690) can0 DC085B#4001000000000000
(00.130006) can0 DC085B#4001000000000000
(00.130322) can0 DC085B#4001000000000000
(00.130638) can0 DC085B#4001000000000000
(00.130954) can0 DC085B#4001000000000000
(00.131270) can0 DC085B#4001000000000000
(00.131586) can0 DC085B#4001000000000000
(00.131902) can0 DC085B#4001000000000000
(00.132218) can0 DC085B#4001000000000000
(00.132534) can0 DC085B#4001000000000000
(00.132850) can0 DC085B#4001000000000000
(00.133166) can0 DC085B#4001000000000000
(00.133482) can0 DC085B#4001000000000000
(00.133798) can0 DC085B#4001000000000000
(00.134114) can0 DC085B#4001000000000000
(00.134430) can0 DC085B#4001000000000000
(00.134746) can0 DC085B#4001000000000000
(00.135062) can0 DC085B#4001000000000000
(00.135378) can0 DC085B#4001000000000000
(00.135694) can0 DC085B#4001000000000000
(00.136010) can0 DC085B#4001000000000000
(00.136326) can0 DC085B#4001000000000000
(00.136642) can0 DC085B#4001000000000000
(00.136958) can0 DC085B#4001000000000000
(00.137274) can0 DC085B#4001000000000000
(00.137590) can0 DC085B#4001000000000000
(00.137906) can0 DC085B#4001000000000000
(00.138222) can0 DC085B#4001000000000000
(00.138538) can0 DC085B#4001000000000000
(00.138854) can0 DC085B#4001000000000000
(00.139170) can0 DC085B#4001000000000000
(00.139486) can0 DC085B#4001000000000000
(00.139802) can0 DC085B#4001000000000000
(00.140118) can0 DC085B#4001000000000000
(00.140434) can0 DC085B#4001000000000000
(00.140750) can0 DC085B#4001000000000000
(00.141066) can0 DC085B#4001000000000000
(00.141382) can0 DC085B#4001000000000000
(00.141698) can0 DC085B#4001000000000000
(00.142014) can0 DC085B#4001000000000000
(00.142330) can0 DC085B#4001000000000000
(00.142646) can0 DC085B#4001000000000000
(00.142962) can0 DC085B#4001000000000000
(00.143278) can0 DC085B#4001000000000000
(00.143594) can0 DC085B#4001000000000000
(00.143910) can0 DC085B#4001000000000000
(00.144226) can0 DC085B#4001000000000000
(00.144542) can0 DC085B#4001000000000000
(00.144858) can0 DC085B#4001000000000000
(00.145174) can0 DC085B#4001000000000000
(00.145490) can0 DC085B#4001000000000000
(00.145806) can0 DC085B#4001000000000000
(00.146122) can0 DC085B#4001000000000000
(00.146438) can0 DC085B#4001000000000000
(00.146754) can0 DC085B#4001000000000000
(00.147070) can0 DC085B#4001000000000000
(00.147386) can0 DC085B#4001000000000000
(00.147702) can0 DC085B#4001000000000000
(00.148018) can0 DC085B#4001000000000000
(00.148334) can0 DC085B#4001000000000000
(00.148650) can0 DC085B#4001000000000000
(00.148966) can0 DC085B#4001000000000000
(00.149282) can0 DC085B#4001000000000000
(00.149598) can0 DC085B#4001000000000000
(00.149914) can0 DC085B#4001000000000000
(00.150230) can0 DC085B#4001000000000000
(00.150546) can0 DC085B#4001000000000000
(00.150862) can0 DC085B#4001000000000000
(00.151178) can0 DC085B#4001000000000000
(00.151494) can0 DC085B#4001000000000000
(00.151810) can0 DC085B#4001000000000000
(00.152126) can0 DC085B#4001000000000000
(00.152442) can0 DC085B#4001000000000000
(00.152758) can0 DC085B#4001000000000000
(00.153074) can0 DC085B#4001000000000000
(00.153390) can0 DC085B#4001000000000000
(00.153706) can0 DC085B#4001000000000000
(00.154022) can0 DC085B#4001000000000000
(00.154338) can0 DC085B#4001000000000000
(00.154654) can0 DC085B#4001000000000000
(00.154970) can0 DC085B#4001000000000000
(00.155286) can0 DC085B#4001000000000000
(00.155602) can0 DC085B#4001000000000000
(00.155918) can0 DC085B#4001000000000000
(00.156234) can0 DC085B#4001000000000000
(00.156550) can0 DC085B#4001000000000000
(00.156866) can0 DC085B#4001000000000000
(00.157182) can0 DC085B#4001000000000000
(00.157498) can0 DC085B#4001000000000000
(00.157814) can0 DC085B#4001000000000000
(00.158130) can0 DC085B#4001000000000000
(00.158446) can0 DC085B#4001000000000000
(00.158736) can0 DC085B#4001000000000000
(00.161844) can0 D4#390C083CFEFF0080000008FCFFFFFF8FFF7BFF01D001C5FF271BE07C8FB3940000BE853C0000000000000000000000CEF8FFFFFFFFFFFFFFFFFFFFFF833EE4FF
(00.162525) can0 E3#4100050800000343CB573B95
(00.162720) can0 D4#39040604A254028439040C050000F4FFFF390C140CFFFFFFFFFDFFFFFFFFFFFFFF390C1608FFFFFFFFFFFFFFFF000000
(00.163258) can0 D4#3915011428FF93FDFF5FF5FFFFFFFFFE07009F2801FEFFFF
(00.163582) can0 D4#390C083CFE740080000008FCFFFFFF8FFF7BDF01D001C501202DE07C8FB3940000AE853C0000000000000000000000CEF8FFFFFFFFFFFFFFC9FFFFFF833EE4FF
(00.167005) can0 E3#39042208FF0036FFFFCFF8FF41000508012EBB0CC5F324A3
(00.171738) can0 DC085B#4001000000000000
(00.172352) can0 DC08E2#4000000000000000
(00.177056) can0 2D#738A0304C409001000800020FA6004000800A0FEFFFF7FE001D339FFFFFFFF00FEFF41B5FB3B00000000000000000000
(00.182059) can0 DC#39FE6F089401008000000000
(00.182258) can0 18E19490#000000A500000010000000000000000000000008007A000000000000000000000000000032323200000000000000000000000032323263001311001505150000
(00.187062) can0 E3#4100050800000343CB5741C0
(00.191782) can0 DC085B#4001000000000000
(00.192142) can0 DC#3910011015286E3028000602089C002605F0FFF1391000162A9C00FF0300FA00FCFF280000000000FFFFD1D6E7590000
(00.197084) can0 2D#2EB50404C409001000800020FA6004000800A0FEFFFF7FE001D339FFFFFFFF00FEFF43D351BD00000000000000000000
