(00.001030) can0 DB#390E010FC035FFFFFFFFFFFFFFDFD308BCFDFF390E0020D533D7206881831A3F268055684DC116B3281D5C060300F1FFFFFFFF61A97F54000000000000000000
(00.005715) can0 DB#390F001510CCD720FFFF7FCFFFFF3FFFFFFFFFFFFF629F6C3100000000000000
(00.006532) can0 DC#391000167B48BB0E9A01002398352C0000000000FFFF60D804DE000000000000
(00.006916) can0 18E19490#036806C71661D2110E120E1D000201E1000000020102010000EF01EF01000000000502011000AC0D0D0E0D0E1E0094D7056416D10C841C001311001505150000
(00.018378) can0 D9#391300153D0CBB0AA0694DD10F1238F0FFFFFFFFFF635CD46C00000000000000
(00.018752) can0 2D#6605C404C4090090709758624652752B88E030FFFFFF7F4002D235FFFFFFFF00FEFF67E0C08500000000000000000000
(00.021004) can0 DB#390E002005ABD8206881831A3F268095684DC116B3281D5C060300F1FFFFFFFF648F7C0E000000000000000000000000
(00.025712) can0 DB#390F0015AE39D820FFFF7FCFFFFF3FFFFFFFFFFFFF646B78A000000000000000
(00.026476) can0 DC#39100016E420BC0E9A01002398352C0000000000FFFF6314000F000000000000
(00.036538) can0 18E19490#04550155010E003E30ED0C6E0D22017D010803010101010100000000000000000000000000000000000000000000000000000000000000001311001505150000
(00.038491) can0 2D#732FC504C4090090709758624652752B98E030FFFFFF7F4002D235FFFFFFFF00FEFF6919AF4300000000000000000000
(00.039132) can0 D9#39130015937EBC0AA0694DD10F1238F0FFFFFFFFFF65C44F3C00000000000000
(00.041007) can0 DB#390E00205E3ED9206881831A3F268095684DC116B3281D5C050300F1FFFFFFFF66BDBA13000000000000000000000000
(00.043612) can0 E3#0080000431D24A00
(00.045730) can0 DB#390F00154C29D920FFFF7FCFFFFF3FFFFFFFFFFFFF6614EC7100000000000000
(00.046626) can0 DC#39100016C088BD0E9A01002398352C0000000000FFFF6504C682000000000000
(00.048492) can0 D4#390C140CFFFFFFFFFDFFFFFFFFFFFFFF
(00.007412) can0 DB#390E04105CE30B4C24B4DBFF3FAE6C79EBFFFFFF390F01064D850460D41E0000
(00.010139) can0 D9#391300155180A20AA0694DD20F1238F0FFFFFFFFFF311F10BF00000000000000
(00.010519) can0 2D#8A05AB04C4090090709758624652752B98E030FFFFFF7F4002D235FFFFFFFF00FEFF35FA3DBD00000000000000000000
(00.012791) can0 DB#390E0020FD56BF206881831A3F278095684DC116B3281D5C050300F1FFFFFFFF3298A906000000000000000000000000
(00.014592) can0 44#04
(00.015383) can0 E3#4100000803A99FB7B57E0000
(00.017511) can0 DB#390F0015060FBF20FFFF7FCFFFFF3FFFFFFFFFFFFF321E110700000000000000
(00.018202) can0 DC#39100016F47AA30E9A01002398352C0000000000FFFF318CF5D5000000000000
(00.018583) can0 18E19490#02840064646401000527550203000000000000000F011301C204C004B6040200FEFF00004D14C60573058113000005027A08800C8A0FED0B1311001505150000
(00.030287) can0 2D#D73AAC04C4090090709758624652752B98E030FFFFFF7F4002D235FFFFFFFF00FEFF37455F9A00000000000000000000
(00.030807) can0 D9#39130015FE78A309A0694DD20F1238F0FFFFFFFFFF33B4874400000000000000
(00.031184) can0 E3#00800004DF064500
(00.032816) can0 DB#390E00204947C0206881831A3F268095684DC116B3281D5C050300F1FFFFFFFF349B8EC0000000000000000000000000
(00.037501) can0 DB#390F0015BFA0C020FFFF7FCFFFFF3FFFFFFFFFFFFF34608D0000000000000000
(00.038227) can0 DC#391000166B12A40E9A01002398352C0000000000FFFF33DC254B000000000000
(00.040147) can0 D9#39FE28082900000000000000
(00.040410) can0 D4#390C140CFFFFFFFFFDFFFFFFFFFFFFFF
(00.045458) can0 E3#02800008289ED20183331883
(00.048229) can0 18E19490#036806C11662D2100E100E1D00F000F6000000020102010000EF01EF01000000000402011000AC0D0E0E0E0E1E0094D6055E16DB0C841C001311001505150000
(00.004154) can0 18E19490#036806BA1665D2100E100E1D00F400F2000000020102010000EF01EF01000000000402011000AC0D0D0E0D0E1E0094D7056B16D20C841C001311001505150000
(00.006055) can0 D9#3913010B58BA78559500FE03BAFFEF3913001578468609A0690DD40F1238F0FFFFFFFFFFF81E9D5D0000000000000000
(00.006569) can0 2D#37128F04C4090090709758624652752B98E030FFFFFF7F4002D235FFFFFFFF00FEFFFD0B044300000000000000000000
(00.007089) can0 D4#39040604B7D88584
(00.008761) can0 DB#390E00202E99A3206881831A3F278095684DC116B3281D5C050300F1FFFFFFFFF9D7038F000000000000000000000000
(00.013471) can0 DB#390F00159FD5A320FFFF7FCFFFFF3FFFFFFFFFFFFFF9FD6B2200000000000000
(00.014237) can0 DC#3910001632BC870E9A01002398352C0000000000FFFFF88EEEB1000000000000
(00.016201) can0 E3#39060B08001111180000D0FF
(00.026049) can0 D9#391300159A568709A0690DD40F1238F0FFFFFFFFFFFA91034200000000000000
(00.026426) can0 2D#62F49004C4090090709758624652752B98E030FFFFFF7F4002D235FFFFFFFF00FEFFFFBA878000000000000000000000
(00.026948) can0 D4#39FE1D085940B2084002000039040C050E0FF4FFFF000000
(00.027257) can0 E3#4100050800800343D003FECF39042208003D877E781FFAFF3980000C007FB28F1A30B0FE01532CE60500000CF5FCFF000000000001D810520000000000000000
(00.028787) can0 DB#390E0020C266A4206881831A3F278095684DC116B3281D5C050300F1FFFFFFFFFB093E94000000000000000000000000
(00.033459) can0 DB#390F001531A7A420FFFF7FCFFFFF3FFFFFFFFFFFFFFB8EA0EF00000000000000
(00.034133) can0 DC#391001105543403055100956E99C112095C0FFF53910001628C5880E9A01002398352C0000000000FFFFFA02C2570000
(00.034651) can0 18E19490#04530156010F003E30EB0C6E0D22017D010803010101010100000000000000000000000000000000000000000000000000000000000000001311001505150000
(00.046047) can0 D9#391300151F448809A069CDD30F1238F0FFFFFFFFFFFC4C404600000000000000
(00.046425) can0 2D#7DFD9104C4090090709758624652752B98E030FFFFFF7F4002D235FFFFFFFF00FEFF012A3F1200000000000000000000
(00.046948) can0 E3#4100050801047976A5B6BCAA
(00.048775) can0 DB#390E010FCC35FFFFFFFFFFFFFFDFD308BCFDFF390E00205642A5206881831A3F278095684DC116B3281D5C050300F1FFFFFFFFFDD2647C000000000000000000
(00.002940) can0 DB#390F0015494F8920FFFF7FCFFFFF3FFFFFFFFFFFFFC5AFE19000000000000000
(00.003579) can0 DC#39100016932F6D0E9A01002398352C0000000000FFFFC4252C59000000000000
(00.003961) can0 18E19490#01E701660D7D01800CF100BC02060620030000401F01BF03AC0DE906012003480E01FA06840C000001010000FD37D007AC0D401F0C4230571311001505150000
(00.005727) can0 D4#390C140CFFFFFFFFFDFFFFFFFFFFFFFF
(00.015473) can0 D9#3913010B58BA78559500FE03BAFFEF39130015DEFA6D09A0698DD20F1238F0FFFFFFFFFFC69C41E40000000000000000
(00.015988) can0 2D#67597604C4090090709758624652752B98E030FFFFFF7F4002D235FFFFFFFF00FEFFCB4C786600000000000000000000
(00.016508) can0 D4#39040604F2648084
(00.018238) can0 DB#390E00203F5B8A206881831A3F278095684DC116B3281D5C050300F1FFFFFFFFC77216C3000000000000000000000000
(00.020833) can0 E3#410000080057314B4146354539060B08001111180000D0FF
(00.022991) can0 DB#390F00156F7E8A20FFFF7FCFFFFF3FFFFFFFFFFFFFC78EB66F00000000000000
(00.023563) can0 DC#39100016DEC76E0E9A01002398352C0000000000FFFFC6DFAD5A000000000000
(00.033554) can0 18E19490#02840064646401000527550203000000000000000F011301C104C104B9040200FFFF00004E14C70575058413000003027908800C5D0FED0B1311001505150000
(00.035400) can0 D9#391300152D7D6E09A0690DD30F1238F0FFFFFFFFFFC84E1E0C00000000000000
(00.035777) can0 2D#78507704C4090090709758624652752B98E030FFFFFF7F4002D235FFFFFFFF00FEFFCD44D36700000000000000000000
(00.036297) can0 E3#4100050800800343D003CCED39042208003D867E780FFAFF410000080142315052313138000000000000000000000000
(00.038267) can0 DB#39FE0B086100000001000000390E002064CE8B206881831A3F278095684DC116B3281D5C060300F1FFFFFFFFC9FA29BE
(00.040832) can0 D4#39040C050E0FF4FFFF3915011444F991E5F85FF5FFFFFFFFFE0700A12875FEFFFF000000000000000000000000000000
(00.042947) can0 DB#390F00158D6E8B20FFFF7FCFFFFF3FFFFFFFFFFFFFC9A396AE00000000000000
(00.043610) can0 DC#39100110554340005510E142E99C122095C0FFF539100016FA6F6F0E9A01002398352C0000000000FFFFC8FF3AF90000
(00.002909) can0 18E19490#04530155010E003E30ED0C6E0D22017D010803010101010100000000000000000000000000000000000000000000000000000000000000001311001505150000
(00.005130) can0 2D#60305C04C4090090709758624652752B98E030FFFFFF7F4002D235FFFFFFFF00FEFF9718D5DC00000000000000000000
(00.005651) can0 E3#00800004AA443500
(00.006134) can0 D9#39130015F1D25309A0694DD20F1238F0FFFFFFFFFF9249BB7600000000000000
(00.007665) can0 DB#390E0020B8B370206881831A3F278055684DC116B3281D5C060300F1FFFFFFFF93B1D80D000000000000000000000000
(00.012353) can0 DB#390F0015B4727020FFFF7FCFFFFF3FFFFFFFFFFFFF93DE174C00000000000000
(00.012969) can0 DC#391000162CF3540E9A01002398352C0000000000FFFF92A2F9E0000000000000
(00.015141) can0 D4#390C140CFFFFFFFFFDFFFFFFFFFFFFFF
(00.015381) can0 E3#3A020004F4FFFFFF
(00.024867) can0 D9#3913010B58BA88559500FE03BAFFEF391300152F4F5409A0698DD20F1238F0FFFFFFFFFF9426F5110000000000000000
(00.025379) can0 2D#751A5D04C4090090709758624652752B88E030FFFFFF7F4002D235FFFFFFFF00FEFF9959312800000000000000000000
(00.025898) can0 D4#39040604A0E57B84
(00.027652) can0 DB#390E002091C471206881831A3F278095684DC116B3281D5C060300F1FFFFFFFF95EEFF8A000000000000000000000000
(00.032412) can0 DB#390F001556627120FFFF7FCFFFFF3FFFFFFFFFFFFF95F599F500000000000000
(00.032903) can0 DC#391000163DF6550E9A0100239C352C0000000000FFFF940832DA000000000000
(00.033286) can0 18E19490#0000000155555555056806D8030000EF0167013B028D000083018F010000E908E308000055545110011001C701930170014F015555513C031311001505150000
(00.035094) can0 E3#39060B08001111180000D0FF
(00.044858) can0 D9#3913001518E95509A0690DD30F1238F0FFFFFFFFFF966B3A1800000000000000
(00.045233) can0 2D#5E225E04C4090090709758624652752B98E030FFFFFF7F4002D235FFFFFFFF00FEFF9BEF503300000000000000000000
(00.045753) can0 D4#39FE1D085940B2084002000039040C050E0FF4FFFF000000
(00.046061) can0 E3#4100050800800343D0039AAD39042208003D877E781FFAFF3980000C007F828F1A30B0FE9D498C620500000CF5FCFF00000000009D0488A10000000000000000
(00.047677) can0 DB#390E00202DA972206881831A3F278095684DC116B3281D5C060300F1FFFFFFFF97E18D2E000000000000000000000000
(00.007660) can0 DB#390E022A3E004700650A00821CC8010047403E49E0D16CC24D85E38D9082F847CE43068867E9FFFFFFFF6750965A0000
(00.010161) can0 D9#39130015DB9C3D09A0698DD20F1238F0FFFFFFFFFF662A8DA600000000000000
(00.010537) can0 2D#5CD84604C4090090709758624652752B88E030FFFFFF7F4002D235FFFFFFFF00FEFF6B0A338400000000000000000000
(00.011056) can0 E3#41000508013D37F0EFBE2FD9410000080234393769EB542A
(00.013007) can0 DB#390E010FC435FFFFFFFFFFFFFFDFD308BCFDFF390E03089ECB69F8FFFFFFFF00
(00.017761) can0 DB#390E0020912B5A206881831A3F268095684DC116B3281D5C050300F1FFFFFFFF68B213C3390F001562E85A20FFFF7FCFFFFF3FFFFFFFFFFFFF683C3E17000000
(00.018417) can0 DC#39100016FC683E0E9A01002398352C0000000000FFFF67555712000000000000
(00.027594) can0 DB#390E04105CE30B4C24B4DBFF3FAE6C79EBFFFFFF390F01064D850460B4190000
(00.028353) can0 18E19490#0000000155555555056806D8030000EF0167013B028D0000850190010000EF08E708000055545110011001C601930171014E015555513F031311001505150000
(00.030343) can0 D9#391300158D423E09A0694DD20F1238F0FFFFFFFFFF6982D20C00000000000000
(00.030724) can0 2D#43D14704C4090090709758624652752B88E030FFFFFF7F4002D235FFFFFFFF00FEFF6D1AD18D00000000000000000000
(00.032974) can0 DB#390E00204E895B206881831A3F278055684DC116B3281D5C050300F1FFFFFFFF6AABB2F9000000000000000000000000
(00.034759) can0 44#04
(00.035661) can0 E3#41000008038029C7BF710000
(00.037693) can0 DB#390F001580F85B20FFFF7FCFFFFF3FFFFFFFFFFFFF6A7A1BB400000000000000
(00.038299) can0 DC#39100016D8C03F0E9A01002398352C0000000000FFFF69CABC52000000000000
(00.001950) can0 D4#390C140CFFFFFFFFFDFFFFFFFFFFFFFF
(00.002189) can0 E3#3A020004F4FFFFFF
(00.011605) can0 D9#3913010B58BA88559500FE03BAFFEF39130015C12E2209A069CDD30F1238F0FFFFFFFFFF307DF3AE0000000000000000
(00.012119) can0 2D#8ECA2B04C4090090709758624652752B98E030FFFFFF7F4002D235FFFFFFFF00FEFF35A5BB4100000000000000000000
(00.012639) can0 D4#390406040B8D7184
(00.014467) can0 DB#390E0020419F3F206881831A3F278095684DC116B3281D5C060300F1FFFFFFFF31B18C72000000000000000000000000
(00.019176) can0 DB#390F00150EFF3F20FFFF7FCFFFFF3FFFFFFFFFFFFF3126556400000000000000
(00.019562) can0 DC#391000168572230E9A01002398352C0000000000FFFF30F002BD000000000000
(00.021882) can0 E3#39060B08001111180000D0FF
(00.029601) can0 18E19490#02840064646401000527560203000000000000000F011301C104C104BE040200FDFF00004D14C50576057F13000003027A08800C760FED0B1311001505150000
(00.031600) can0 D9#3913001553D12309A0690DD30F1238F0FFFFFFFFFF32DC4A6600000000000000
(00.031974) can0 2D#D3F52C04C4090090709758624652752B98E030FFFFFF7F4002D235FFFFFFFF00FEFF3751175D00000000000000000000
(00.032494) can0 D4#39FE1D085940B2084002000039040C050E0FF4FFFF000000
(00.032802) can0 E3#4100050800800343D00336E939042208003D877E781FFAFF3980000C007FA08F1A30B0FE39017A0D0500000CF5FCFF0000000000396503980000000000000000
(00.034491) can0 DB#390E0020035B40206881831A3F278095684DC116B3281D5C060300F1FFFFFFFF339AEBAD000000000000000000000000
(00.039216) can0 DB#390F0015B7504020FFFF7FCFFFFF3FFFFFFFFFFFFF3322B76000000000000000
(00.039663) can0 DC#391001105543403055106906E89C122095C0FFF1391000161A1A240E9A01002398352C0000000000FFFF3235B5AC0000
(00.008048) can0 D9#39130015A6960A09A069CDD20F1238F0FFFFFFFFFF003AF5E500000000000000
(00.008565) can0 2D#47201304C4090090709758624652752B98E030FFFFFF7F4002D235FFFFFFFF00FEFF0558512600000000000000000000
(00.009086) can0 E3#4100050800800343D003046639042208003D867E780FFAFF410000080142315052313138000000000000000000000000
(00.011083) can0 DB#39FE0B086100000001000000390E0020C2C227206881831A3F278095684DC116B3281D5C060300F1FFFFFFFF015CFDEF
(00.013647) can0 D4#39040C050E0FF4FFFF3915011444F991E1F85FF5FFFFFFFFFE0700A12875FEFFFF000000000000000000000000000000
(00.015764) can0 DB#390F00151F662720FFFF7FCFFFFF3FFFFFFFFFFFFF0158679000000000000000
(00.016209) can0 DC#391001105543403855104146E99C122095C0FFF13910001614250B0E9A01002398352C0000000000FFFF003A4AE20000
(00.025783) can0 DB#390E022A3E004700650A00821CC8010047403E49E0D16CC24D85E38D9082F847CE43068867E9FFFFFFFF027C4BEE0000
(00.026294) can0 18E19490#01E501660D7C01800CF100BC02060620030000401F014701AC0DE906012003480E01FB06840C000001010000E437D007AC0D401F0C2F04571311001505150000
(00.028415) can0 D9#39130015416A0B09A0690DD30F1238F0FFFFFFFFFF02418B9E00000000000000
(00.028793) can0 2D#1A1F1404C4090090709758624652752B98E030FFFFFF7F4002D235FFFFFFFF00FEFF07B6D5E500000000000000000000
(00.029315) can0 E3#41000508019AC54D01A3012B410000080234393705762F46
(00.031079) can0 DB#390E010FD835FFFFFFFFFFFFFFDFD308BCFDFF390E03084D8C68F8FFFFFFFF00
(00.035831) can0 DB#390E0020AF0928206881831A3F278095684DC116B3281D5C060300F1FFFFFFFF03483B74390F0015A1932820FFFF7FCFFFFF3FFFFFFFFFFFFF042E6CB3000000
(00.036488) can0 DC#391000168B4D0C0E9A01002398352C0000000000FFFF02407B65000000000000
(00.045664) can0 DB#390E04105CE30B4C24B4DBFF3FAE6C79EBFFFFFF390F01064D85046098190000
(00.048428) can0 D9#39130015EF180C09A0690DD30F1238F0FFFFFFFFFF05FF489600000000000000
(00.048806) can0 2D#05161504C4090090709758624652752B98E030FFFFFF7F4002D235FFFFFFFF00FEFF095CB84700000000000000000000
(00.002784) can0 DB#390F00152BEC0C20FFFF7FCFFFFF3FFFFFFFFFFFFFCBEC8D2E00000000000000
(00.003172) can0 DC#391000169B3DF00E9A01002398352C0000000000FFFFCAC82AE3000000000000
(00.005572) can0 D4#390C140CFFFFFFFFFDFFFFFFFFFFFFFF
(00.005811) can0 E3#3A020004F4FFFFFF
(00.013071) can0 18E19490#036906BD1661D20E0E0F0E1D00F400F0000000020102010000EF01EF01000000000402011000AC0D0E0E0C0E1E0094D9056416D70C841C001311001505150000
(00.015116) can0 D9#3913010B58BA88559500FE03BAFFEF39130015E88BF00AA0698DCE0F1240F0FFFFFFFFFFCC483AE70000000000000000
(00.015631) can0 2D#C6E1F904C4090090709758624652752B98E030FFFFFF7F4002D235FFFFFFFF00FEFFD1949A0F00000000000000000000
(00.016155) can0 D4#3904060435B16784
(00.018034) can0 DB#390E002024EB0D206881831A3F268055684DC116B3281D5C060300F1FFFFFFFFCDE9ADA3000000000000000000000000
(00.022745) can0 DB#390F0015C9FC0D20FFFF7FCFFFFF3FFFFFFFFFFFFFCD8E2FB900000000000000
(00.023133) can0 DC#39100016BF95F10E9A01002398352C0000000000FFFFCC888679000000000000
(00.025436) can0 E3#39060B08001111180000D0FF
(00.034994) can0 D9#391300157A74F10AA0694DCE0F1240F0FFFFFFFFFFCE441E6400000000000000
(00.035509) can0 2D#EDD9FA04C4090090709758624652752B88E030FFFFFF7F4002D235FFFFFFFF00FEFFD3CF954E00000000000000000000
(00.036032) can0 D4#39FE1D085940B2084002000039040C050E0FF4FFFF000000
(00.036340) can0 E3#4100050800800343D002D25339042208003D877E781FFAFF3980000C007FA08F1A30B0FED5D6D7420500000CF5FCFF0000000000D57578DF0000000000000000
(00.038060) can0 DB#390E002057370E206881831A3F268055684DC116B3281D5C050300F1FFFFFFFFCF00A588000000000000000000000000
(00.042733) can0 DB#390F0015EFCD0E20FFFF7FCFFFFF3FFFFFFFFFFFFFCF7023DB00000000000000
(00.043120) can0 DC#391001105543403955101916E99C122095C0FFF539100016F27DF20E9A01002398352C0000000000FFFFCE8718360000
(00.043637) can0 18E19490#045A0155010F004830EA0C6D0D22017D010803010101010100000000000000000000000000000000000000000000000000000000000000001311001505150000
(00.001249) can0 18E19490#036806B9166AD2100E110E1D00ED00F5000000020102010000EF01EF01000000000402011000AC0D0E0E0E0E1D0094D9056916D10C841C001311001505150000
(00.003260) can0 D9#3913010B58BA88559500FE03BAFFEF391300155E79D20AA0694DCE0F1240F0FFFFFFFFFF912D5D350000000000000000
(00.003773) can0 2D#33E3DB04C4090090709758624652752B88E030FFFFFF7F4002D235FFFFFFFF00FEFF9419488800000000000000000000
(00.004295) can0 D4#39040604AC966184
(00.006226) can0 DB#390E0020EFEFEF206881831A3F268095684DC116B3281D5C060300F1FFFFFFFF91513B0F000000000000000000000000
(00.010934) can0 DB#390F00150369EF20FFFF7FCFFFFF3FFFFFFFFFFFFF910DA58F00000000000000
(00.011320) can0 DC#39100016C293D30E9A01002398352C0000000000FFFF91766F4E000000000000
(00.011701) can0 21C#22000000000000000000000000000000000000000000000000000000000000000000000000000000000000000000000000000000000000000000000000000000
(00.013624) can0 E3#39060B08001111180000D0FF
(00.021163) can0 DC08E2#4002000000000000
(00.023137) can0 D9#39130015BC69D30AA0694DCE0F1240F0FFFFFFFFFF939992BC00000000000000
(00.023705) can0 E3#4100050800800343D002950739042208003D877E780FFAFF3980000C00FF818F1A30B0FE9972CDAF3204000CCE3C5F53670700F096B28F6F0000000000000000
(00.024358) can0 2D#64FFDC04C4090090709758624652752B98E030FFFFFF7F4002D235FFFFFFFF00FEFF9662FE5F00000000000000000000
(00.026253) can0 DB#390E00203D1EF0206881831A3F268055684DC116B3281D5C060300F1FFFFFFFF930453D1000000000000000000000000
(00.028805) can0 D4#39040C050E0FF4FFFF000000
(00.029005) can0 E3#0500000CF5FCFF00000000009993F75C
(00.030932) can0 DB#390F0015BC82F020FFFF7FCFFFFF3FFFFFFFFFFFFF93733CE700000000000000
(00.031319) can0 DC#39100110554340005510E946E99C122095C0FFF5391000165DFBD40E9A01002398352C0000000000FFFF938E9A6E0000
(00.031835) can0 18E19490#04550153010F003E30EB0C6D0D22017D010803010101010100000000000000000000000000000000000000000000000000000000000000001311001505150000
(00.040903) can0 21C#23000000000000000000000000000000000000000000000000000000000000000000000000000000000000000000000000000000000000000000000000000000
(00.043176) can0 D9#391300158D1ED40AA0694DCD0F1240F0FFFFFFFFFF9541181600000000000000
(00.043706) can0 2D#71D5DD04C4090090709758624652752B88E030FFFFFF7F4002D235FFFFFFFF00FEFF99D2D2C100000000000000000000
(00.044225) can0 E3#41000508010DE5C2A97DB1E7
(00.046241) can0 DB#390E010FCC35FFFFFFFFFFFFFFDFD308BCFDFF390E0020DBD8F1206881831A3F268095684DC116B3281D5C050300F1FFFFFFFF95DF9F83000000000000000000
(00.008159) can0 D9#39130015EB32BC0AA0698DCD0F1240F0FFFFFFFFFF6407EB4700000000000000
(00.008537) can0 2D#732FC504C4090090709758624652752B98E030FFFFFF7F4002D235FFFFFFFF00FEFF690B0AAC00000000000000000000
(00.011005) can0 DB#390F01064D850460B419390E0020918FD9206881831A3F268095684DC116B3281D5C060300F1FFFFFFFF652C101C0000
(00.012755) can0 44#04
(00.015705) can0 DB#390F00154C29D920FFFF7FCFFFFF3FFFFFFFFFFFFF6565AF0E00000000000000
(00.016089) can0 DC#39100016C088BD0E9A01002398352C0000000000FFFF6417C781000000000000
(00.025967) can0 18E19490#04550155010F004830EE0C6D0D22017D010803010101010100000000000000000000000000000000000000000000000000000000000000001311001505150000
(00.028481) can0 2D#5234C604C4090090709758624652752B98E030FFFFFF7F4002D235FFFFFFFF00FEFF6BB73C1700000000000000000000
(00.029000) can0 D9#391300155D65BD0BA0694DCD0F1240F0FFFFFFFFFF66D3297000000000000000
(00.029376) can0 E3#008000048C9E1700
(00.031034) can0 DB#390E0020E253DA206881831A3F268095684DC116B3281D5C050300F1FFFFFFFF67CA245B000000000000000000000000
(00.035707) can0 DB#390F00156A18DA20FFFF7FCFFFFF3FFFFFFFFFFFFF675BF0D200000000000000
(00.036092) can0 DC#391000168D60BE0E9A01002398352C0000000000FFFF66667586000000000000
(00.038480) can0 D4#390C140CFFFFFFFFFDFFFFFFFFFFFFFF
(00.038720) can0 E3#3A020004F4FFFFFF
(00.047990) can0 D9#3913010B58BA88559500FE03BAFFEF39130015DBE1BE0BA069CDCD0F1240F0FFFFFFFFFF682B611E0000000000000000
(00.048505) can0 2D#4D3DC704C4090090709758624652752B98E030FFFFFF7F4002D235FFFFFFFF00FEFF6DAE2F5B00000000000000000000
(00.049023) can0 D4#3904060477F55D84
(00.000866) can0 D9#39130015E90E9C0AA0698DCD0F1240F0FFFFFFFFFF259D345000000000000000
(00.001242) can0 2D#3A58A504C4090090709758624652752B88E030FFFFFF7F4002D235FFFFFFFF00FEFF2920B10100000000000000000000
(00.001763) can0 E3#4100050800800343D002280039042208003D867E780FFAFF
(00.003700) can0 DB#390E002001BAB9206881831A3F268055684DC116B3281D5C060300F1FFFFFFFF26F7E59C000000000000000000000000
(00.006272) can0 D4#39040C050E0FF4FFFF3915011444F991E5F85FF5FFFFFFFFFE0700A12875FEFFFF000000000000000000000000000000
(00.008403) can0 DB#390F00154A6DB920FFFF7FCFFFFF3FFFFFFFFFFFFF26356CCA00000000000000
(00.008787) can0 DC#391001105543400055109106E89C112095C0FFF539100016D4CE9D0E9A01002398352C0000000000FFFF25EABDEA0000
(00.020613) can0 D9#391300157BF19D0AA0694DCD0F1240F0FFFFFFFFFF2740185E00000000000000
(00.021147) can0 2D#1B43A604C4090090709758624652752B88E030FFFFFF7F4002D235FFFFFFFF00FEFF2BCB120D00000000000000000000
(00.021666) can0 E3#41000508010E5C45D0912912
(00.023708) can0 DB#390E010FC035FFFFFFFFFFFFFFDFD308BCFDFF390E00207266BA206881831A3F268055684DC116B3281D5C050300F1FFFFFFFF28014B1A000000000000000000
(00.028392) can0 DB#390F00156C5CBA20FFFF7FCFFFFF3FFFFFFFFFFFFF283029D700000000000000
(00.028778) can0 DC#3910001699269E0E9A01002398352C0000000000FFFF27DC45C8000000000000
(00.029163) can0 18E19490#036806C2165BD2100E100E1D00F500EF000000010101010000EF01EF01000000000302011000AC0D0E0E0F0E1D0094DA055716D20C841C001311001505150000
(00.040616) can0 D9#39130015C2C59E0AA0694DCE0F1240F0FFFFFFFFFF2906DBFB00000000000000
(00.041112) can0 2D#044AA704C4090090709758624652752B88E030FFFFFF7F4002D235FFFFFFFF00FEFF2DC03CEF00000000000000000000
(00.043692) can0 DB#390F01064D8504609819390E0020E642BB206881831A3F268055684DC116B3281D5C050300F1FFFFFFFF2A4254360000
(00.045441) can0 44#04
(00.048434) can0 DC#39100016BD8E9F0E9A01002398352C0000000000FFFF29B3FCB4000000000000
(00.048818) can0 DB#390F00158E4CBB20FFFF7FCFFFFF3FFFFFFFFFFFFF2A3D546400000000000000
(00.002646) can0 D9#39130015ABD87A0AA0698DCD0F1240F0FFFFFFFFFFE128AEC800000000000000
(00.003246) can0 2D#B95D8304C4090090709758624652752B88E030FFFFFF7F4002D235FFFFFFFF00FEFFE515EEDC00000000000000000000
(00.003767) can0 E3#410005080199401DAABE3AE6
(00.005793) can0 DB#390E010FC035FFFFFFFFFFFFFFDFD308BCFDFF390E0020333697206881831A3F268055684DC116B3281D5C050300F1FFFFFFFFE21A8268000000000000000000
(00.010476) can0 DB#390F001514B49720FFFF7FCFFFFF3FFFFFFFFFFFFFE2BB7A7600000000000000
(00.010861) can0 DC#3910001622CC7B0E9A01002398352C0000000000FFFFE11BC672000000000000
(00.020700) can0 18E19490#0000000155555555056706D7030000EF0167013B028D0000870192010000EE08E708000055545110010F01C6019401710150015555514D031311001505150000
(00.022646) can0 D9#3913001599927B0AA069CDCD0F1240F0FFFFFFFFFFE3D85FEF00000000000000
(00.023190) can0 2D#E4628404C4090090709758624652752B88E030FFFFFF7F4002D235FFFFFFFF00FEFFE79A811E00000000000000000000
(00.025767) can0 DB#390E00205EFD98206881831A3F268055684DC116B3281D5C050300F1FFFFFFFFE436174F000000000000000000000000
(00.030526) can0 DB#390F0015AA419820FFFF7FCFFFFF3FFFFFFFFFFFFFE430D47F00000000000000
(00.030914) can0 DC#39100016BDA47C0E9A01002398352C0000000000FFFFE3B4B59C000000000000
(00.043236) can0 2D#FB6B8504C4090090709758624652752B88E030FFFFFF7F4002D235FFFFFFFF00FEFFE9A1326900000000000000000000
(00.043756) can0 D9#3913001508507C0AA0694DCE0F1240F0FFFFFFFFFFE535746200000000000000
(00.044136) can0 E3#00800004ADBC0A00
(00.045789) can0 DB#390E0020056899206881831A3F268055684DC116B3281D5C060300F1FFFFFFFFE68F732F000000000000000000000000
(00.007819) can0 D9#3913010B58BA88559500FE03BAFFEF3913001519C9640AA0694DCE0F1240F0FFFFFFFFFFB52C8DBA0000000000000000
(00.008332) can0 2D#44B86D04C4090090709758624652752B88E030FFFFFF7F4002D235FFFFFFFF00FEFFB908394300000000000000000000
(00.008852) can0 D4#3904060449C94B84
(00.010855) can0 DB#390E00203D4581206881831A3F268015684DC116B3281D5C050300F1FFFFFFFFB6ADF882000000000000000000000000
(00.015447) can0 DC#39100016163E650E9A01002398352C0000000000FFFFB56BA001000000000000
(00.015831) can0 DB#390F001559C88120FFFF7FCFFFFF3FFFFFFFFFFFFFB6178AFC00000000000000
(00.016219) can0 18E19490#0000000155555555056806D8030000EF0167013B028D000084018F010000EF08E808000055545111011001C50193017101500155555153031311001505150000
(00.018272) can0 E3#39060B08001111180000D0FF
(00.027692) can0 D9#391300152B83650AA0690DCE0F1240F0FFFFFFFFFFB7286F1B00000000000000
(00.028326) can0 2D#65A36E04C4090090709758624652752B88E030FFFFFF7F4002D235FFFFFFFF00FEFFBB203F3E00000000000000000000
(00.028848) can0 4F#20BF01A00049A6D9
(00.029014) can0 E3#4100050800800343D001BA6E39042208003D877E780FFAFF3980000C007FA68F1A30B0FEBDA05F190500000CF5FCFF0000000000BDA8FA9A0000000000000000
(00.030876) can0 DB#390E0020F5E982206881831A3F268055684DC116B3281D5C050300F1FFFFFFFFB8AB1C3A000000000000000000000000
(00.033436) can0 D4#39040C050E0FF4FFFF000000
(00.035457) can0 DC#391001105543403955103946E99C112095C0FFF5391000165BD6660E9A01002398352C0000000000FFFFB776F70E0000
(00.035971) can0 DB#390F00157FF98220FFFF7FCFFFFF3FFFFFFFFFFFFFB88B148B00000000000000
(00.045662) can0 18E19490#01E401660D7D01800CF100BC02060620030000401F013601AC0DE906012003480E01FB06870C000001010000F437D007AC0D401F0C0E19571311001505150000
(00.047691) can0 D9#39130015AD07660AA0698DCE0F1240F0FFFFFFFFFFB9E5AC5900000000000000
(00.048324) can0 2D#7AAA6F04C4090090709758624652752B88E030FFFFFF7F4002D235FFFFFFFF00FEFFBD2B7FF700000000000000000000
(00.048845) can0 E3#41000508017AC273E3838CA5
(00.007618) can0 D9#39130015E9624D0AA0694DCE0F1240F0FFFFFFFFFF871A78A500000000000000
(00.008011) can0 2D#AC495604C4090090709758624652752B88E030FFFFFF7F4002D235FFFFFFFF00FEFF8B98897000000000000000000000
(00.008530) can0 E3#4100050801F61A67DE8C8631
(00.010570) can0 DB#390E010FD835FFFFFFFFFFFFFFDFD308BCFDFF390E002097906A206881831A3F268095684DC116B3281D5C050300F1FFFFFFFF882C3C95000000000000000000
(00.015157) can0 DC#39100016CA814E0E9A01002398352C0000000000FFFF87561B5F000000000000
(00.015541) can0 DB#390F001561CA6A20FFFF7FCFFFFF3FFFFFFFFFFFFF88075FB900000000000000
(00.025380) can0 18E19490#0000000155555555056806D8030000EF0167013B028D000084018F010000EE08E208000055535110011001C50193017001500155555135031311001505150000
(00.027618) can0 D9#39130015BFBC4E0AA0698DCE0F1240F0FFFFFFFFFF897F56A300000000000000
(00.027999) can0 2D#B9635704C4090090709758624652752B98E030FFFFFF7F4002D235FFFFFFFF00FEFF8D970CC700000000000000000000
(00.028517) can0 4F#28940000335CB370
(00.030553) can0 DB#390F01064D8504607819390E0020BEE76B206881831A3F268055684DC116B3281D5C050300F1FFFFFFFF8A36B5170000
(00.032327) can0 44#04
(00.035238) can0 DC#39100016EE294F0E9A01002398352C0000000000FFFF890EB1DC000000000000
(00.035619) can0 DB#390F001583DA6B20FFFF7FCFFFFF3FFFFFFFFFFFFF8ACEDE3600000000000000
(00.048018) can0 2D#16375804C4090090709758624652752B88E030FFFFFF7F4002D235FFFFFFFF00FEFF8F59888200000000000000000000
(00.048538) can0 E3#00800004B2A20100
(00.048834) can0 D9#391300158DF64F0AA069CDCE0F1240F0FFFFFFFFFF8B22AF9D00000000000000
(00.006139) can0 18E19490#04560154010F004830EE0C6D0D22017E010803010101010100000000000000000000000000000000000000000000000000000000000000001311001505150000
(00.008135) can0 D9#39130015E73E360AA069CDCD0F1240F0FFFFFFFFFF5947EF0B00000000000000
(00.008978) can0 2D#085C3F04C4090090709758624652752B88E030FFFFFF7F4002D235FFFFFFFF00FEFF5DF85E5600000000000000000000
(00.009500) can0 E3#008000047904FC00
(00.011506) can0 DB#390E0020396853206881831A3F268055684DC116B3281D5C050300F1FFFFFFFF5AC258DE000000000000000000000000
(00.016074) can0 DC#391000165DD1370E9A01002398352C0000000000FFFF5936FB31000000000000
(00.016456) can0 DB#390F0015907F5320FFFF7FCFFFFF3FFFFFFFFFFFFF5A26729400000000000000
(00.018945) can0 D4#390C140CFFFFFFFFFDFFFFFFFFFFFFFF
(00.028234) can0 D9#3913010B58BA88559500FE03BAFFEF391300153A9E370AA0694DCE0F1240F0FFFFFFFFFF5B9D30E20000000000000000
(00.028999) can0 2D#1EEE4004C4090090709758624652752B88E030FFFFFF7F4002D235FFFFFFFF00FEFF5F398B4C00000000000000000000
(00.029520) can0 D4#390406043E3A4284
(00.031476) can0 DB#390E0020D59754206881831A3F268055684DC116B3281D5C050300F1FFFFFFFF5CB6B70E000000000000000000000000
(00.035970) can0 DC#3910001647A8380E9A01002398352C0000000000FFFF5BD62A5C000000000000
(00.036354) can0 DB#390F00153E0D5420FFFF7FCFFFFF3FFFFFFFFFFFFF5C2C429600000000000000
(00.036740) can0 18E19490#0000000155555555056806D8030000EF0167013B028D0000860190010000E808E608000055545110011001C70193017001500155555143031311001505150000
(00.038887) can0 E3#39060B08001111180000D0FF
(00.048147) can0 D9#39130015846B380AA0694DCE0F1240F0FFFFFFFFFF5D247C2200000000000000
(00.048955) can0 2D#01E74104C4090090709758624652752B88E030FFFFFF7F4002D235FFFFFFFF00FEFF61EAFA7500000000000000000000
(00.049476) can0 E3#4100050800800343D001605D39042208003D867E780FFAFF
(00.000130) can0 2D#63A82204C4090090709758624652752B88E030FFFFFF7F4002D235FFFFFFFF00FEFF235F12E000000000000000000000
(00.000652) can0 D4#3904060411DA3C84
(00.002662) can0 DB#390E00201F0936206881831A3F268055684DC116B3281D5C060300F1FFFFFFFF20F57CCD000000000000000000000000
(00.007117) can0 DC#391000163AAE1A0E9A01002398352C0000000000FFFF1FA564A4000000000000
(00.007500) can0 DB#390F0015FC683620FFFF7FCFFFFF3FFFFFFFFFFFFF20B8F10B00000000000000
(00.007887) can0 18E19490#0000000155555555056706D7030000EF0167013B028D000084018F010000EA08E70800005554510F011001C60193017001510155555146031311001505150000
(00.010065) can0 E3#39060B08001111180000D0FF
(00.010364) can0 4F#20E20EA00049A6D7
(00.019379) can0 D9#39130015E72F1A0AA0690DCF0F1240F0FFFFFFFFFF21355F6800000000000000
(00.020144) can0 2D#7CA12304C4090090709758624652752B88E030FFFFFF7F4002D235FFFFFFFF00FEFF25A9D8D800000000000000000000
(00.020664) can0 E3#4100050800800343D001242639042208003D867E780FFAFF
(00.022667) can0 DB#390E00208B2D37206881831A3F268055684DC116B3281D5C060300F1FFFFFFFF2201B5F9000000000000000000000000
(00.025240) can0 D4#39040C050E0FF4FFFF3915011444F991E5F85FF5FFFFFFFFFE0700A12875FEFFFF000000000000000000000000000000
(00.027145) can0 DC#39100110554340005510C112E99C112095C0FFF5391000161E061B0E9A01002398352C0000000000FFFF2125C2CD0000
(00.027661) can0 DB#390F00151E783720FFFF7FCFFFFF3FFFFFFFFFFFFF22997DBB00000000000000
(00.037353) can0 18E19490#01E501660D7C01800CF100BC02060620030000401F01BE03AC0DF006012003500E01FB06830C000001010000F437D007AC0D401F0C6419571311001505150000
(00.039384) can0 D9#39130015D0891B0AA0698DCE0F1240F0FFFFFFFFFF2364857000000000000000
(00.040121) can0 2D#219E2404C4090090709758624652752B88E030FFFFFF7F4002D235FFFFFFFF00FEFF27EB4B8300000000000000000000
(00.040641) can0 E3#4100050801F882651DD330B3
(00.042675) can0 DB#390E010FB835FFFFFFFFFFFFFFDFD308BCFDFF390E0020E6E638206881831A3F268055684DC116B3281D5C060300F1FFFFFFFF242C2231000000000000000000
(00.047265) can0 DC#39100016816E1C0E9A01002398352C0000000000FFFF236D779C000000000000
(00.047648) can0 DB#390F0015A08D3820FFFF7FCFFFFF3FFFFFFFFFFFFF2414F07800000000000000
(00.000216) can0 2D#E0AD0404C4090090709758624652752B88E030FFFFFF7F4002D235FFFFFFFF00FEFFE7174B7200000000000000000000
(00.000738) can0 D4#39040604BAB23684
(00.002757) can0 DB#390E0020594418206881831A3F268015684DC116B3281D5C050300F1FFFFFFFFE415D25F000000000000000000000000
(00.007119) can0 DC#39100016CCACFC0E9A01002398352C0000000000FFFFE3222153000000000000
(00.007503) can0 DB#390F0015A2B11820FFFF7FCFFFFF3FFFFFFFFFFFFFE4CB674F00000000000000
(00.007889) can0 18E19490#0000000155555555056806D8030000EF0167013B028D000082018E010000EF08E308000055535111010F01C60193017001500155555146031311001505150000
(00.008580) can0 DC085D#4002000000000000
(00.010166) can0 E3#39060B08001111180000D0FF
(00.019684) can0 D9#39130015A5F9FC0AA0690DCF0F1240F0FFFFFFFFFFE53AEC4C00000000000000
(00.020238) can0 2D#FFA40504C4090090709758624652752B88E030FFFFFF7F4002D235FFFFFFFF00FEFFE99124A100000000000000000000
(00.020760) can0 E3#4100050800800343D000E8B639042208003D867E780FFAFF
(00.022763) can0 DB#390E002078AA191F6881831A3F268055684DC116B3281D5C050300F1FFFFFFFFE6D602E9000000000000000000000000
(00.025335) can0 D4#39040C050E0FF4FFFF3915011444F991E1F85FF5FFFFFFFFFE0700A12875FEFFFF000000000000000000000000000000
(00.027128) can0 DC#391001105543400055109106E89C112095C0FFF539100016E804FD0E9A01002398352C0000000000FFFFE579A63B0000
(00.027645) can0 DB#390F001540A11920FFFF7FCFFFFF3FFFFFFFFFFFFFE6324E6C00000000000000
(00.037298) can0 18E19490#01E601660D7C01800CF100BC02060620030000401F01BE03AC0DF006012003500E01FA06830C000001010000F437D007AC0D401F0C5E0F571311001505150000
(00.039431) can0 D9#39130015925FFD0AA0698DCE0F1240F0FFFFFFFFFFE783075B00000000000000
(00.040214) can0 2D#DEBF0604C4090090709758624652752B88E030FFFFFF7F4002D235FFFFFFFF00FEFFEBD55E3800000000000000000000
(00.040737) can0 E3#4100050801A5CA2D3C0D863A
(00.042772) can0 DB#390E010FC035FFFFFFFFFFFFFFDFD308BCFDFF390E002005CC1A206881831A3F268055684DC116B3281D5C050300F1FFFFFFFFE861386F000000000000000000
(00.047203) can0 DC#39100016A5ECFE0E9A01002398352C0000000000FFFFE7B722DD000000000000
(00.047586) can0 DB#390F001566901A20FFFF7FCFFFFF3FFFFFFFFFFFFFE829A97900000000000000
