(00.001739) can0 2D#CF2C2E05C409001000800020FA6004000800A0FEFFFF7FE001D339FFFFFFFF00FEFF2E77261700000000000000000000
(00.002271) can0 DB#390E04105CE30B4C24B4DBFF2FAE6C75EBFFFFFF390F01064D85046000000000
(00.004622) can0 D9#39130015DE9ADB01A0048000F00F20F3FFFFFFFFFF2A2CA9E900000000000000
(00.007024) can0 DB#390E0020D820180D4880831A3F0080D5564DC114B3281D5C060300F1FFFFFFFF2A183D16000000000000000000000000
(00.009601) can0 DC#391001101541418250008646119C002005F0FFF139100016B25910AE220AFADC9000280000000000FFFF2A1282AB0000
(00.010121) can0 18E19490#02840064646401000000B112020000000000000004010601BD04000001000000FFFF00004A14BE05D304851300000000AC0C800C410FBB0B1311001505150000
(00.012025) can0 DB#390F0015A2B11820FFFF7FCFFFFF3FFFFFFFFFFFFF2B3050E800000000000000
(00.016752) can0 4F#203408A00049A33E
(00.021751) can0 2D#D0252F05C409001000800020FA6004000800A0FEFFFF7FE001D339FFFFFFFF00FEFF30A41E4F00000000000000000000
(00.022286) can0 D4#390406040B8D7184
(00.022447) can0 E3#3980000C007FE07E522FB0FE31D0274E
(00.024638) can0 D9#3913001524AFDC00A0044000F00F20F3FFFFFFFFFF2C8A51F800000000000000
(00.027220) can0 DB#390E00204C04190D4880831A3F0080D5564DC114B3281D5C060300F1FFFFFFFF2C1933E9000000000000000000000000
(00.029588) can0 DC#3910001696F111AE220AFADC9000280000000000FFFF2CCD1138000000000000
(00.031769) can0 E3#3E800108C30218B0B913E0FF4100050800800343CE99304A
(00.032072) can0 DB#390F001540A11920FFFF7FCFFFFF3FFFFFFFFFFFFF2D86A0F900000000000000
(00.039795) can0 18E19490#030000910191010B000B0004000000020000000000000000000000000000000000AC0C861300800C0A000B00050054DA055016D20CC409001311001505150000
(00.041760) can0 2D#85C33005C409001000800020FA6004000800A0FEFFFF7FE001D339FFFFFFFF00FEFF32BF87E700000000000000000000
(00.044611) can0 D9#39130015D7ABDDFF9F044000F00F20F3FFFFFFFFFF2EB9DC2300000000000000
(00.046447) can0 D4#39FE1D08594062010000000039040C050E0FF4FFFF000000
(00.046756) can0 E3#39042208003D877E780FFAFF
(00.047092) can0 DB#390E0020F0691A0D4880831A3F0080D5564DC114B3281D5C060300F1FFFFFFFF2EF1EA8C000000000000000000000000
(00.049641) can0 DC#39100016DB1912AE220AFADC9000280000000000FFFF2ED482F7000000000000
(00.002015) can0 DB#390E0020863EF80D4880831A3F0080D5564DC114B3281D5C060300F1FFFFFFFFEAA5A650000000000000000000000000
(00.004439) can0 DC#3910001617E8F0AE220AFADC8C00280000000000FFFFEA874B2E000000000000
(00.006951) can0 DB#390F0015AC05F820FFFF7FCFFFFF3FFFFFFFFFFFFFEC8A26C900000000000000
(00.007339) can0 44#04
(00.012914) can0 E3#00800004FF3DF100
(00.014582) can0 18E19490#01010014005901800CF600BC02060600000000401F020000AC0D432B012003000002AE01271200000202B5036B310000AC0D401F0C3705511311001505150000
(00.018246) can0 2D#11160F05C409001000800020FA6004000800A0FEFFFF7FE001D339FFFFFFFF00FEFFF0B791AE00000000000000000000
(00.020919) can0 D9#391300155204BC00A0048000F00F20F3FFFFFFFFFFECBA43203913010B580028558500FE03BAFFEF0000000000000000
(00.021891) can0 DB#390E010F6000FFFFFFFFFFFFFF4FD308BCFDFF390E0020121AF90D4880831A3F0080D5564DC114B3281D5C060300F1FFFFFFFFED23F44E000000000000000000
(00.024482) can0 DC#391000163340F1AE220AFADC8C00280000000000FFFFEC6327E3000000000000
(00.027027) can0 DB#390F00154E15F920FFFF7FCFFFFF3FFFFFFFFFFFFFEECC1F8F00000000000000
(00.032907) can0 D4#390C140CFFFFFFFFFDFFFFFFFFFFFFFF
(00.038149) can0 2D#44F01005C409001000800020FA6004000800A0FEFFFF7FE001D339FFFFFFFF00FEFFF2B4018800000000000000000000
(00.039765) can0 D9#39130015D1EFBDFF9F044000F00F20F3FFFFFFFFFFEEBD104500000000000000
(00.041944) can0 DB#390F01064D8504600000390E0020AE77FA0D4880831A3F0080D5564DC114B3281D5C060300F1FFFFFFFFEFB5FA820000
(00.044444) can0 DC#3910011015424030500056120D9C002005F0FFF1391000167EA8F2AE220AFADC8C00280000000000FFFFEE54DD590000
(00.044964) can0 18E19490#02840064646401000000BE12030000000000000002010601BD04000001000000010000004814BD05D104841300000000AC0C800C380FBB0B1311001505150000
(00.046938) can0 DB#390F00156824FA20FFFF7FCFFFFF3FFFFFFFFFFFFFF01EF4EF00000000000000
(00.005519) can0 E3#39060B08001111180000D0FF3980000C007FE07E492FB0FEB9033B0E00000000
(00.010810) can0 2D#43C8F305C409001000800020FA6004000800A0FEFFFF7FE001D239FFFFFFFF00FEFFB8E30D8200000000000000000000
(00.011344) can0 D4#390406045D5C6584
(00.011973) can0 D9#39130015F673A0FF9F04C0FFEF0F20F3FFFFFFFFFFB44298FF00000000000000
(00.014586) can0 DB#390E0020465ADD0D4880831A3F0080D5564DC114B3281D5C060300F1FFFFFFFFB41AB8A8000000000000000000000000
(00.015468) can0 E3#3E800108C30218B0B913E0FF
(00.016898) can0 DC#39100016F586D5AE220AFADC8C00280000000000FFFFB4F83FDF000000000000
(00.019473) can0 DB#390F0015C46ADD20FFFF7FCFFFFF3FFFFFFFFFFFFFB535AB5200000000000000
(00.027038) can0 18E19490#0300008D018D010B000C0004000000020000000000000000000000000000000000AC0C861300800C0A000B00050054D9054516D50CC409001311001505150000
(00.030804) can0 2D#1EF7F405C409001000800020FA6004000800A0FEFFFF7FE001D239FFFFFFFF00FEFFBA039B1E00000000000000000000
(00.032214) can0 D9#3913001529CEA100A0048000F00F20F3FFFFFFFFFFB68EDE0F00000000000000
(00.034459) can0 DB#390E0020FA37DE0D4880831A3F0080D5564DC114B3281D5C060300F1FFFFFFFFB61B0E8F000000000000000000000000
(00.035514) can0 D4#39040C050E0FF4FFFF000000
(00.035713) can0 E3#39042208003DC77E782FFEFF4100050800800343CE98B937
(00.036964) can0 DC#39100016B86ED6AE220AFADC8C00280000000000FFFFB6B732E4000000000000
(00.039499) can0 DB#390F0015E25BDE20FFFF7FCFFFFF3FFFFFFFFFFFFFB701679B00000000000000
(00.040723) can0 E3#0500000CF5FCFF0000000000BD3F98CF
(00.000198) can0 DB#390F0015E41FBE20FFFF7FCFFFFF3FFFFFFFFFFFFF75D3295D00000000000000
(00.006242) can0 E3#39060B08001111180000D0FF3980000C007F207F4A2FB0FE7DDCBE5E00000000
(00.011496) can0 2D#C0CDD505C409001000800020FA6004000800A0FEFFFF7FE001D239FFFFFFFF00FEFF7B192C1900000000000000000000
(00.012030) can0 D4#390406041F185F84
(00.012631) can0 D9#391300156C3882FF9F044000F00F20F3FFFFFFFFFF77F8E43E00000000000000
(00.015311) can0 DB#390E00204375BF0D4880831A3F0080D5564DC114B3281D5C060300F1FFFFFFFF76A5630D000000000000000000000000
(00.015842) can0 21C#22000000000000000000000000000000000000000000000000000000000000000000000000000000000000000000000000000000000000000000000000000000
(00.017552) can0 DC#3910001695A1B7AE220AFADC8800280000000000FFFF765F112D000000000000
(00.020196) can0 DB#390F0015060FBF20FFFF7FCFFFFF3FFFFFFFFFFFFF7741E97C00000000000000
(00.027698) can0 18E19490#0300008A018A010B000C0004000000020000000000000000000000000000000000AC0C861300800C0A000B00050054DA054E16D40CC409001311001505150000
(00.031517) can0 2D#E1D6D605C409001000800020FA6004000800A0FEFFFF7FE001D239FFFFFFFF00FEFF7E375CA300000000000000000000
(00.032636) can0 D9#391300158E2883FF9F044000F00F20F3FFFFFFFFFF798A8A9D00000000000000
(00.035275) can0 DB#390E002001B1C00D4880831A3F0080D5564DC114B3281D5C060300F1FFFFFFFF78760693000000000000000000000000
(00.036194) can0 D4#39040C050E0FF4FFFF000000
(00.036393) can0 E3#39042208003D877E780FFAFF4100050800800343CE987DA9
(00.037619) can0 DC#391000168FD8B8AE220AFADC8800280000000000FFFF78936DB5000000000000
(00.040219) can0 DB#390F0015BFA0C020FFFF7FCFFFFF3FFFFFFFFFFFFF797772C900000000000000
(00.041444) can0 E3#0500000CF5FCFF000000000081F5232D
(00.045003) can0 21C#23000000000000000000000000000000000000000000000000000000000000000000000000000000000000000000000000000000000000000000000000000000
(00.004056) can0 D4#390C140CFFFFFFFFFDFFFFFFFFFFFFFF
(00.009279) can0 2D#A282B605C409001000800020FA6004000800A0FEFFFF7FE001D239FFFFFFFF00FEFF3E4D6B5000000000000000000000
(00.010453) can0 D9#3913001520A96300A0050000F00F20F3FFFFFFFFFF3AF57DC700000000000000
(00.013023) can0 DB#390F01064D8504604C00390E00202CD7A00D4880831A3F0080D5564DC114B3281D5C060300F1FFFFFFFF3A41147D0000
(00.015328) can0 DC#39100110154141005000C6120D9C002005F0FFF539100016E57998AE220AFADC8400280000000000FFFF3ABD01E30000
(00.015849) can0 18E19490#02840064646401000000CC12040000000000000003010501BE04000000000000030000004A14C105D704841300000000AC0C800C1C0FBB0B1311001505150000
(00.018016) can0 DB#390F0015B9E4A020FFFF7FCFFFFF3FFFFFFFFFFFFF3B882A5D00000000000000
(00.024011) can0 E3#39060B08001111180000D0FF3980000C00FF017F492FB0FE415E44CA00000000
(00.029310) can0 2D#BD8BB705C409001000800020FA6004000800A0FEFFFF7FE001D239FFFFFFFF00FEFF40CE3AF300000000000000000000
(00.029843) can0 D4#39040604863F5984
(00.030570) can0 D9#391300153FFA6400A0044000F00F20F3FFFFFFFFFF3C653CB900000000000000
(00.033134) can0 DB#390E0020B8F3A10D4880831A3F0080D5564DC114B3281D5C060300F1FFFFFFFF3C75A0C4000000000000000000000000
(00.035313) can0 DC#39100016C1D199AE220AFADC8400280000000000FFFF3C41CF7F000000000000
(00.038021) can0 DB#390F00155BF4A120FFFF7FCFFFFF3FFFFFFFFFFFFF3D32ED6800000000000000
(00.045454) can0 18E19490#030000880188010B000C0004000000020000000000000000000000000000000000AC0C8613001C0C0A000B00050054D9055716D20CC409001311001505150000
(00.049336) can0 2D#18FCB805C409001000800020FA6004000800A0FEFFFF7FE001D239FFFFFFFF00FEFF41F799A700000000000000000000
(00.000126) can0 DC#39100016A3C776AE220AFADC8000280000000000FFFFF6D4F6DD000000000000
(00.002853) can0 DB#390F0015E8977E20FFFF7FCFFFFF3FFFFFFFFFFFFFF7BF4D6E00000000000000
(00.014114) can0 D4#39040C050E0FF4FFFF390C1608FFFFFFFFFFFFFFFF3915011444CD91D9F85FF5FFFFFFFFFE0700A02801FEFFFF000000
(00.014640) can0 2D#42AA9505C409001000800020FA6004000800A0FEFFFF7FE001D239FFFFFFFF00FEFFFC8A748700000000000000000000
(00.015174) can0 D4#390C083CFE7400800000086CF53B3083FF7BDF0170F8C401A02CE07C8FB30400009E053C400B5AD08216B4A0052D68DB0800FE7F14E000FFC9FFFFFF833EE4FF
(00.015830) can0 D9#39130015014B4200A0048000F00F20F3FFFFFFFFFFF8C3DF1E00000000000000
(00.017992) can0 DB#390E002019B97F0D4880831A3F0080D5564DC114B3281D5C060300F1FFFFFFFFF8B63566000000000000000000000000
(00.018820) can0 E3#39042208003D867E780FFAFF4100050800800343CE97FBC6
(00.020076) can0 DC#39100016876F77AE220AFADC8000280000000000FFFFF8CA1FE3000000000000
(00.020461) can0 18E19490#000000A55555555505000000000000000000001A5A7E000001000100010000000000000051504F0401030196016A014D01390152524F02011311001505150000
(00.022867) can0 DB#390F00150A877F20FFFF7FCFFFFF3FFFFFFFFFFFFFF940B07D00000000000000
(00.034136) can0 2D#63B19605C409001000800020FA6004000800A0FEFFFF7FE001D239FFFFFFFF00FEFFFE5D75B100000000000000000000
(00.035195) can0 D9#39130015E3DB43FF9F054000F00F20F3FFFFFFFFFFFA8836E600000000000000
(00.037845) can0 DB#39FE0B086100000000000000390E00202805800D4880831A3F0080D5564DC114B3281D5C060300F1FFFFFFFFFA9A335A
(00.038827) can0 E3#4100050801CDDAD30BBEBADF
(00.040080) can0 DC#391000169D1678AE220AFADC8000280000000000FFFFFA6CA62D000000000000
(00.042865) can0 DB#390F0015BBD88020FFFF7FCFFFFF3FFFFFFFFFFFFFFB12A8AF00000000000000
(00.043295) can0 44#04
(00.048858) can0 E3#00800004728FD900
(00.003754) can0 21C#23000000000000000000000000000000000000000000000000000000000000000000000000000000000000000000000000000000000000000000000000000000
(00.010206) can0 2D#580E7205C409001000800020FA6004000800A0FEFFFF7FE001D239FFFFFFFF00FEFFB637C9DA00000000000000000000
(00.011205) can0 D9#39130015CF581FFF9F040000F00F20F3FFFFFFFFFFB1B6C99E00000000000000
(00.013954) can0 DB#390E0020A1065C0D4880831A3F0080D5564DC114B3281D5C060300F1FFFFFFFFB05F4BF6000000000000000000000000
(00.014893) can0 D4#39040C050E0FF4FFFF000000
(00.015092) can0 E3#39042208003D877E780FFAFF4100050800800343CE97B51F
(00.016059) can0 DC#3910001620B054AE220AFADC7800280000000000FFFFB0F62DDD000000000000
(00.018942) can0 DB#390F00152E8A5C20FFFF7FCFFFFF3FFFFFFFFFFFFFB10F981F00000000000000
(00.020131) can0 E3#0500000CF5FCFF0000000000B99E38BF
(00.026284) can0 18E19490#02840064646401000000CA12020000000000000002010501BD04000000000000030000004814C005DA04821300000000AC0C800C2C0FBB0B1311001505150000
(00.030253) can0 2D#47077305C409001000800020FA6004000800A0FEFFFF7FE001D239FFFFFFFF00FEFFB80C7FF900000000000000000000
(00.031237) can0 D9#39130015639B2000A0040000F00F20F3FFFFFFFFFFB34A640700000000000000
(00.033902) can0 DB#390E002035225D0D4880831A3F0080D5564DC114B3281D5C060300F1FFFFFFFFB2E9F930000000000000000000000000
(00.034427) can0 21C#2400000000000000
(00.034880) can0 E3#41000508012D60E5EFD1D42E
(00.036132) can0 DC#39100016041855AE220AFADC7800280000000000FFFFB232A9E1000000000000
(00.038929) can0 DB#390F0015CC9A5D20FFFF7FCFFFFF3FFFFFFFFFFFFFB32EFCCC00000000000000
(00.040200) can0 E3#008000046D91D200
(00.002676) can0 2D#993D5205C409001000800020FA6004000800A0FEFFFF7FE001D239FFFFFFFF00FEFF7685D0C800000000000000000000
(00.003699) can0 D9#391300159D3AFF00A00540FFEF0F20F3FFFFFFFFFF72665E3800000000000000
(00.006429) can0 DB#390F01064D8504602C00390E00208C603C0D4880831A3F0080D5564DC114B3281D5C060300F1FFFFFFFF72DC97730000
(00.008587) can0 DC#3910011015424030500026520D9C002005F0FFF139100016629D34AE220AFADC7400280000000000FFFF72C4D5E00000
(00.011423) can0 DB#390F001528CE3C20FFFF7FCFFFFF3FFFFFFFFFFFFF73F6635700000000000000
(00.017459) can0 E3#39060B08001111180000D0FF3980000C00FFA57F4A2FB0FE798F265600000000
(00.022685) can0 2D#86345305C409001000800020FA6004000800A0FEFFFF7FE001D239FFFFFFFF00FEFF78B6D45100000000000000000000
(00.023217) can0 D4#39040604136B4584
(00.023652) can0 D9#3913001511C800FF9F050000F00F20F3FFFFFFFFFF742913F000000000000000
(00.026541) can0 DB#390E002018443D0D4880831A3F0080D5564DC114B3281D5C060300F1FFFFFFFF74224901000000000000000000000000
(00.028498) can0 DC#39100016463535AE220AFADC7400280000000000FFFF743A36D9000000000000
(00.028879) can0 18E19490#0102000E005A01800CF600BC02060600000000401F020000AC0D432B012003000002AE01271200000202B503BC310000AC0D401F0C121D511311001505150000
(00.031434) can0 DB#390F0015CADE3D20FFFF7FCFFFFF3FFFFFFFFFFFFF75F695DB00000000000000
(00.042701) can0 2D#DB0B5405C409001000800020FA6004000800A0FEFFFF7FE001D239FFFFFFFF00FEFF7909CFA500000000000000000000
(00.043584) can0 D9#3913001592A301FF9F040000F00F20F3FFFFFFFFFF76D9BB2900000000000000
(00.046410) can0 DB#390E0020A4293E0D4880831A3F0080D5564DC114B3281D5C060300F1FFFFFFFF76378B4E000000000000000000000000
(00.047394) can0 D4#39040C050E0FF4FFFF000000
(00.047594) can0 E3#39042208003D877E780FFAFF4100050800800343CE977896
(00.048507) can0 DC#391000160BDD36AE220AFADC7400280000000000FFFF76174030000000000000
(00.000317) can0 D4#390C140CFFFFFFFFFDFFFFFFFFFFFFFF
(00.001410) can0 DC#39FE6F089401008000000000
(00.001610) can0 18E19490#000000A55555555505000000000000000000001A5A7E000001000100010000000000000051504F0401030196016B014D01380152524F1D011311001505150000
(00.004086) can0 DB#390E04105CE30B4C24B4DBFF2FAE6C79EBFFFFFF390F01064D85046014000000
(00.005548) can0 2D#985F3405C409001000800020FA6004000800A0FEFFFF7FE001D239FFFFFFFF00FEFF3A39979500000000000000000000
(00.006551) can0 D9#391300150F93E1FF9F054000101020F3FFFFFFFFFF36F5A18E00000000000000
(00.009306) can0 DB#390E0020A0FB1E0D4880831A3F0080D5564DC114B3281D5C060300F1FFFFFFFF363BAADC000000000000000000000000
(00.011412) can0 DC#39100110154240005000F6420C9C002005F0FFF539100016C24516AE220AFADC6C00280000000000FFFF3684CA140000
(00.014310) can0 DB#390F0015EED31E20FFFF7FCFFFFF3FFFFFFFFFFFFF37D26B9C00000000000000
(00.020271) can0 E3#39060B08001111180000D0FF3980000C007FC17F4B2FB0FE3D3737B800000000
(00.020647) can0 4F#20A00EA00049A339
(00.025562) can0 2D#87563505C409001000800020FA6004000800A0FEFFFF7FE001D239FFFFFFFF00FEFF3C8CE35200000000000000000000
(00.026095) can0 D4#39040604CD413F84
(00.026662) can0 D9#39130015E8ECE200A0050000101020F3FFFFFFFFFF3870519500000000000000
(00.029426) can0 DB#390E002034DF1F0D4880831A3F0080D5564DC114B3281D5C060300F1FFFFFFFF38AEB0E8000000000000000000000000
(00.031320) can0 DC#39100016E6ED17AE220AFADC6C00280000000000FFFF380C2E44000000000000
(00.031702) can0 18E19490#0102000C005A01800CF600BC02060600000000401F020000AC0D432B012003000002AC01301200000202B503CD310000AC0D401F0C0C13511311001505150000
(00.034320) can0 DB#390F00150CC31F20FFFF7FCFFFFF3FFFFFFFFFFFFF39B93CF200000000000000
(00.045575) can0 2D#A64D3605C409001000800020FA6004000800A0FEFFFF7FE001D239FFFFFFFF00FEFF3E8D029200000000000000000000
(00.046559) can0 D9#3913001586F0E300A005C0FF0F1020F3FFFFFFFFFF3A98BF7700000000000000
(00.049297) can0 DB#390E00205FAF200D4880831A3F0080D5564DC114B3281D5C060300F1FFFFFFFF3A2C2B6E000000000000000000000000
(00.004447) can0 2D#46651505C409001000800020FA6004000800A0FEFFFF7FE001D239FFFFFFFF00FEFFFC2F614100000000000000000000
(00.006141) can0 D9#39130015FBC4C2FF9F050000101020F3FFFFFFFFFFF85FC0FD3913010B580068558500FE03BAFFEF0000000000000000
(00.008160) can0 DB#390E010F3C00FFFFFFFFFFFFFF4FD308BCFDFF390E00206AC1FF0D4880831A3F0080D5564DC114B3281D5C060300F1FFFFFFFFF9410D88000000000000000000
(00.010103) can0 DC#39100016D5C8F7AE220AFADC6000280000000000FFFFF84C2FB7000000000000
(00.013163) can0 DB#390F00150277FF20FFFF7FCFFFFF3FFFFFFFFFFFFFFA499A9D00000000000000
(00.019149) can0 D4#390C140CFFFFFFFFFDFFFFFFFFFFFFFF
(00.020250) can0 18E19490#000000A55555555505000000000000000000001A5A7E000001000100010000000000000051504F0201020197016B014D01390152524F20011311001505150000
(00.024412) can0 2D#677E1605C409001000800020FA6004000800A0FEFFFF7FE001D239FFFFFFFF00FEFFFEF69A6F00000000000000000000
(00.025376) can0 D9#3913001595D8C3FF9F05C0FF0F1020F3FFFFFFFFFFFAF001D300000000000000
(00.028169) can0 DB#390F01064D8504600000390E00205B7D000D4880831A3F0080D5564DC114B3281D5C060300F1FFFFFFFFFB87A3550000
(00.030196) can0 DC#39100110154140005000C612119C002005F0FFF539100016FA1CF8AE220AFADC6400280000000000FFFFFAC31B950000
(00.033161) can0 DB#390F0015B3280020FFFF7FCFFFFF3FFFFFFFFFFFFFFC8017EE00000000000000
(00.039114) can0 E3#39060B08001111180000D0FF3980000C007F01804B2FB0FE0166F1E300000000
(00.044402) can0 2D#78771705C409001000800020FA6004000800A0FEFFFF7FE001D239FFFFFFFF00FEFF00A14C4800000000000000000000
(00.044936) can0 D4#3904060454663984
(00.045424) can0 D9#391300152ABEC400A005C0FF0F1020F3FFFFFFFFFFFC90C66800000000000000
(00.048338) can0 DB#390E0020CF59010D4880831A3F0080D5564DC114B3281D5C060300F1FFFFFFFFFDC05714000000000000000000000000
(00.000201) can0 D9#391300156098A200A005C0FF0F1020F3FFFFFFFFFFB78A015900000000000000
(00.003018) can0 DB#390E00206E13DF0D4880831A3F0080D5564DC114B3281D5C060300F1FFFFFFFFB604EBFA000000000000000000000000
(00.003968) can0 D4#39040C050E0FF4FFFF3915011444CD91D9F85FF5FFFFFFFFFE0700A02801FEFFFF000000000000000000000000000000
(00.004499) can0 E3#39042208003D867E780FFAFF4100050800800343CE96BBBE
(00.005064) can0 DC#391000166F8ED7AE220AFADC5400280000000000FFFFB61F495F000000000000
(00.008060) can0 DB#390F0015004BDF20FFFF7FCFFFFF3FFFFFFFFFFFFFB7521C8500000000000000
(00.019275) can0 2D#20E5F605C409001000800020FA6004000800A0FEFFFF7FE001D239FFFFFFFF00FEFFBEE5991800000000000000000000
(00.020213) can0 D9#391300151F90A3FF9F050000101020F3FFFFFFFFFFB9652C1700000000000000
(00.023018) can0 DB#390E00200563E00D4880831A3F0080D5564DC114B3281D5C060300F1FFFFFFFFB88CA04F000000000000000000000000
(00.023955) can0 E3#4100050801F1B3D2A79EDA65
(00.024936) can0 DC#3910001675F7D8AE220AFADC5400280000000000FFFFB864BCA1000000000000
(00.025319) can0 18E19490#040200020002008836EB0C160022015B010806010101010200000000000000000000000000000000000000000000000000000000000000001311001505150000
(00.028046) can0 DB#390F0015BD9CE020FFFF7FCFFFFF3FFFFFFFFFFFFFB9E440BA00000000000000
(00.028434) can0 44#04
(00.034106) can0 E3#00800004A0D6B900
(00.039309) can0 2D#3FECF705C409001000800020FA6004000800A0FEFFFF7FE001D239FFFFFFFF00FEFFC024718900000000000000000000
(00.041459) can0 D9#39130015EDB4A4FF9F0580FF0F1020F3FFFFFFFFFFBC999FA73913010B58007855D500FE03BAFFEF0000000000000000
(00.043030) can0 DB#390E010F3000FFFFFFFFFFFFFF4FD308BCFDFF390E00209147E10D4880831A3F0080D5564DC114B3281D5C060300F1FFFFFFFFBC582DC0000000000000000000
(00.044931) can0 DC#39100016515FD9AE220AFADC5400280000000000FFFFBCDD8DB3000000000000
(00.048031) can0 DB#390F00155F8CE120FFFF7FCFFFFF3FFFFFFFFFFFFFBD71FDC700000000000000
(00.049228) can0 E3#028000087FCD2A0183331883
(00.000451) can0 D4#390C140CFFFFFFFFFDFFFFFFFFFFFFFF
(00.005662) can0 2D#C0CDD505C409001000800020FA6004000800A0FEFFFF7FE001D239FFFFFFFF00FEFF7C0B181500000000000000000000
(00.006578) can0 D9#39130015ED908200A0068000101020F3FFFFFFFFFF784F7EC400000000000000
(00.009464) can0 DB#390E00204375BF0D4880831A3F0080D5564DC114B3281D5C060300F1FFFFFFFF789146AB000000000000000000000000
(00.011387) can0 DC#391001101541403850005E06119C002005F0FFF139100016EA0FB7AE220AFADC0000280000000000FFFF780ABF130000
(00.011912) can0 18E19490#028400646464010000008212020000000000000002010501BE04010000000000010000004D14B905E304871300000000AC0C800C380FBB0B1311001505150000
(00.014465) can0 DB#390F0015060FBF20FFFF7FCFFFFF3FFFFFFFFFFFFF790AC25000000000000000
(00.020389) can0 E3#39060B08001111180000D0FF
(00.025693) can0 2D#E1D6D605C409001000800020FA6004000800A0FEFFFF7FE001D239FFFFFFFF00FEFF7EC3B79E00000000000000000000
(00.026227) can0 D4#39040604B6C12C84
(00.026641) can0 D9#391300150F808300A0068000101020F3FFFFFFFFFF7AB8D9A100000000000000
(00.029582) can0 DB#390E002001B1C00D4880831A3F0080D5564DC114B3281D5C060300F1FFFFFFFF7AC71251000000000000000000000000
(00.031337) can0 DC#39100016F076B8AE220AFADC0000280000000000FFFF7ABCC981000000000000
(00.034476) can0 DB#390F0015BFA0C020FFFF7FCFFFFF3FFFFFFFFFFFFF7BE370F500000000000000
(00.041378) can0 18E19490#0300008C018C010C000D0004000000020000000000000000000000000000000000AC0C8613001C0C0B000C00050054D9054E16D50CC409001311001505150000
(00.045722) can0 2D#FEDFD705C409001000800020FA6004000800A0FEFFFF7FE001D239FFFFFFFF00FEFF7FB0CDF300000000000000000000
(00.046459) can0 D9#391300158D4B8400A006C0FF0F1020F3FFFFFFFFFF7C00D72300000000000000
(00.049452) can0 DB#390E00209595C10D4880831A3F0080D5564DC114B3281D5C060300F1FFFFFFFF7CFC0314000000000000000000000000
(00.001974) can0 DB#390F00155BF4A120FFFF7FCFFFFF3FFFFFFFFFFFFF3DA942DE00000000000000
(00.007993) can0 E3#39060B08001111180000D0FF
(00.008337) can0 4F#203C09A00049A336
(00.013193) can0 2D#2D57B805C409001000800020FA5005000800A0FEFFFF7FE001D235FFFFFFFF00FEFF42D3320500000000000000000000
(00.013726) can0 D4#390406041DA92684
(00.014108) can0 D9#3913001574966501A0570D00101020F3FFFFFFFFFF3EFDAE6C00000000000000
(00.017091) can0 DB#390E002004E4A20D4880831A3FFF7FD5564DC116B3281D5C060300F1FFFFFFFF3EA928D2000000000000000000000000
(00.018756) can0 DC#3910001659819AAE220AFADC4035280000000000FFFF3E30DDF4000000000000
(00.021985) can0 DB#390F00157DC5A220FFFF7FCFFFFF3FFFFFFFFFFFFF3F4DA37B00000000000000
(00.028826) can0 18E19490#030000850185010C000D0004000000020000000000000000000000000000000000AC0C861300800C0B000C00050054D9055316D20CC409001311001505150000
(00.033229) can0 2D#03AEB905C409001000800020FA5004000800A0FEFFFF7FE001D235FFFFFFFF00FEFF44F67CE500000000000000000000
(00.034036) can0 D9#3913001506E06600A057CD00101020F3FFFFFFFFFF40D8F2C200000000000000
(00.036961) can0 DB#390E002090C0A30D4880831A3FFF7FD5564DC116B3281D5C060300F1FFFFFFFF40486AD4000000000000000000000000
(00.037893) can0 D4#39040C050E0FF4FFFF3915011444CD91D9F85FF5FFFFFFFFFE0700A02801FEFFFF000000000000000000000000000000
(00.038425) can0 E3#39042208003D867E780FFAFF4100050800800343CE964301
(00.038891) can0 DC#391000167D299BAE220AFADC4035280000000000FFFF40BBE0BE000000000000
(00.042002) can0 DB#390F00159FD5A320FFFF7FCFFFFF3FFFFFFFFFFFFF4152D99C00000000000000
(00.008702) can0 2D#90409C05C409001000800020FA5005000800A0FEFFFF7FE001D235FFFFFFFF00FEFF0A4475B100000000000000000000
(00.009499) can0 D9#3913001594C44901A0570D00301020F3FFFFFFFFFF06392E7900000000000000
(00.012479) can0 DB#39FE0B086100000001000000390E00202465860D4880831A3FFF7F95564DC116B3281D5C060300F1FFFFFFFF06AFB77D
(00.013390) can0 E3#4100050801A4F8206D89A60D
(00.014206) can0 DC#39100016C6C37EAE220AFADC4035280000000000FFFF065D05EE000000000000
(00.014589) can0 18E19490#040200020002007E36EB0C560D22015C010806010101010200000000000000000000000000000000000000000000000000000000000000001311001505150000
(00.017499) can0 DB#390F0015F7BA8620FFFF7FCFFFFF3FFFFFFFFFFFFF074426E200000000000000
(00.017885) can0 44#04
(00.023492) can0 E3#008000045D6FA700
(00.027173) can0 DB#390E022A3E004800650AD4C1199C010047403E49E0D16CC24D85DA4D8E82F847CE43068867E9FFFFFFFF0740660E0000
(00.028743) can0 2D#8F499D05C409001000800020FA5005000800A0FEFFFF7FE001D235FFFFFFFF00FEFF0C828CF300000000000000000000
(00.030323) can0 D9#391300151A514A00A057CDFF2F1020F3FFFFFFFFFF080309453913010B580078558500FE03BAFFEF0000000000000000
(00.032480) can0 DB#390E010F7C35FFFFFFFFFFFFFF4FD308BCFDFF390E03087461D5F8FFFFFFFF00
(00.034206) can0 DC#39100016E26B7FAE220AFADC4035280000000000FFFF08A06D14000000000000
(00.037396) can0 DB#390E0020B041870D4880831A3FFF7F95564DC116B3281D5C060300F1FFFFFFFF08EAB0FD390F001515AA8720FFFF7FCFFFFF3FFFFFFFFFFFFF091BC3E8000000
(00.043451) can0 D4#390C140CFFFFFFFFFDFFFFFFFFFFFFFF
(00.044220) can0 DC#39FE6F089401008001000000
(00.044419) can0 18E19490#000000A55555555505000000000000000000001A5A7E000001000100010000000000000051504F0401030197016B014E01390152524F20011311001505150000
(00.047259) can0 DB#390E04105CE30B4C24B4DBFF2FAE6C75EBFFFFFF390F01064D850460BC1C0000
(00.048688) can0 2D#AE529E05C409001000800020FA5005000800A0FEFFFF7FE001D235FFFFFFFF00FEFF0EA3F8AE00000000000000000000
(00.049519) can0 D9#3913001565594BFF9F570D00301020F3FFFFFFFFFF0A48AD4C00000000000000
(00.000373) can0 18E19490#02840064646401000000B112030000000000000002010501B904000001000000FFFF00006014CB05FD04851300000000AC0C800C380FBB0B1311001505150000
(00.003144) can0 DB#390F0015DF3F6520FFFF7FCFFFFF3FFFFFFFFFFFFFC5A854C200000000000000
(00.009117) can0 E3#39060B08001111180000D0FF410000080142315052313138
(00.014347) can0 2D#AD007C05C4090090709758A26F5205000800A0FEFFFF7F0C02D235FFFFFFFF00FEFFCA3FB5B900000000000000000000
(00.014874) can0 D4#39040604C6CA1A84
(00.015165) can0 D9#391300150E102909A0568DCE6F1038F0FFFFFFFFFFC6C3195000000000000000
(00.018261) can0 DB#390E002055E6660C4880831A3FF67F15564DC116B3281D5C060300F1FFFFFFFFC69E6BE5000000000000000000000000
(00.019794) can0 DC#391000162DBD5EAE220AFADC3C35280000000000FFFFC648EFD3000000000000
(00.023155) can0 DB#390F0015F90E6620FFFF7FCFFFFF3FFFFFFFFFFFFFC77775C000000000000000
(00.029862) can0 18E19490#0300008B018B010C000D0004000000020000000000000000000000000000000000AC0C861300800C0B000C00050054D9055016D20CC409001311001505150000
(00.034354) can0 2D#B2097D05C4090090709758A26F5205000800A0FEFFFF7F0C02D235FFFFFFFF00FEFFCC1745F600000000000000000000
(00.034882) can0 E3#4100000802343937C9F124B839042208003D867E780FFAFF
(00.035188) can0 D9#39130015FD972A09A0560DCF6F1038F0FFFFFFFFFFC8B7ECE000000000000000
(00.038264) can0 DB#390E0020C1C2670C4880831A3FF67F15564DC116B3281D5C060300F1FFFFFFFFC8F2DDBA000000000000000000000000
(00.039028) can0 D4#39040C050E0FF4FFFF3915011444CD91D9F85FF5FFFFFFFFFE0700A02801FEFFFF000000000000000000000000000000
(00.039911) can0 DC#3910001609155FAE220AFADC3C35280000000000FFFFC81D5EE9000000000000
(00.043155) can0 DB#390F00151B1E6720FFFF7FCFFFFF3FFFFFFFFFFFFFC9A8852400000000000000
(00.001082) can0 18E19490#0300008A018A010C000D0004000000020000000000000000000000000000000000AC0C8613001C0C0B000C00050054DA054816D40CC409001311001505150000
(00.005672) can0 2D#4D285F05C4090090709758A26F5205000800A0FEFFFF7F0C02D235FFFFFFFF00FEFF9003F0D900000000000000000000
(00.006354) can0 D9#39130015C3260C09A056CDCF6F1038F0FFFFFFFFFF8B80108500000000000000
(00.009416) can0 DB#390E00203CFF490C4880831A3FF67F15564DC116B3281D5C060300F1FFFFFFFF8B5A29E1000000000000000000000000
(00.010313) can0 D4#39040C050E0FF4FFFF3915011444CD91D9F85FF5FFFFFFFFFE0700A02801FEFFFF000000000000000000000000000000
(00.010844) can0 E3#39042208003D867E780FFAFF
(00.011155) can0 DC#391000163DE741AE220AFADC3C35280000000000FFFF8BB3EB15000000000000
(00.014442) can0 DB#390F001545C74920FFFF7FCFFFFF3FFFFFFFFFFFFF8CA88CE300000000000000
(00.025598) can0 2D#D9FD6005C4090090709758A26F5205000800A0FEFFFF7F0C02D235FFFFFFFF00FEFF926BECB500000000000000000000
(00.026357) can0 D9#39130015354E0D09A057CDCE6F1038F0FFFFFFFFFF8D3A621300000000000000
(00.029416) can0 DB#390E002080924A0C4880831A3FF67F15564DC116B3281D5C060300F1FFFFFFFF8D655E6D000000000000000000000000
(00.031010) can0 DC#39100016700F42AE220AFADC3C35280000000000FFFF8D3C4BAE000000000000
(00.031391) can0 18E19490#040200020002008836EB0C560D22015C010806010101010200000000000000000000000000000000000000000000000000000000000000001311001505150000
(00.034430) can0 DB#390F001563F64A20FFFF7FCFFFFF3FFFFFFFFFFFFF8E69BE8300000000000000
(00.034818) can0 44#04
(00.040444) can0 E3#00800004860C9B00
(00.045690) can0 2D#C6F46105C4090090709758A26F5205000800A0FEFFFF7F0C02D235FFFFFFFF00FEFF94968F6200000000000000000000
(00.047021) can0 D9#39130015137F0E09A057CDCE6F1038F0FFFFFFFFFF8F5F42D23913010B58AE78559500FE03BAFFEF0000000000000000
(00.001145) can0 2D#18CE4005C4090090709758A26F5205000800A0FEFFFF7F0C02D235FFFFFFFF00FEFF52C94C8D00000000000000000000
(00.001668) can0 D4#39040604901B0E84
(00.001937) can0 D9#39130015EE4CED09A0574DCF6F1038F0FFFFFFFFFF4E9421EB00000000000000
(00.005078) can0 DB#390E0020ADF42A0C4880831A3FF67F15564DC116B3281D5C060300F1FFFFFFFF4E17DA20000000000000000000000000
(00.006482) can0 DC#39100016B3FD22AE220AFADC4035280000000000FFFF4E0E3B8B000000000000
(00.009972) can0 DB#390F001565B22A20FFFF7FCFFFFF3FFFFFFFFFFFFF4F8B763B00000000000000
(00.016549) can0 18E19490#030000870187010C000D0004000000010000000000000000000000000000000000AC0C861300800C0B000D00050054D9054816D50CC409001311001505150000
(00.021148) can0 2D#07C74105C4090090709758A26F5205000800A0FEFFFF7F0C02D235FFFFFFFF00FEFF53B9B20600000000000000000000
(00.021833) can0 D9#391300150BB6EE09A0578DD06F1038F0FFFFFFFFFF5086417E00000000000000
(00.024948) can0 DB#390E002039D02B0C4880831A3FF67F15564DC116B3281D5C060300F1FFFFFFFF5039C3BA000000000000000000000000
(00.025916) can0 D4#39040C050E0FF4FFFF3915011444CD91D9F85FF5FFFFFFFFFE0700A02801FEFFFF000000000000000000000000000000
(00.026448) can0 E3#39042208003D867E780FFAFF
(00.026643) can0 DC#39100016686D23AE220AFADC3C35280000000000FFFF50683F4C000000000000
(00.029973) can0 DB#390F001587A22B20FFFF7FCFFFFF3FFFFFFFFFFFFF515BE46500000000000000
(00.041118) can0 2D#26DC4205C4090090709758A26F5205000800A0FEFFFF7F0C02D235FFFFFFFF00FEFF55DC638800000000000000000000
(00.041834) can0 D9#391300153C10EF09A0570DD16F1038F0FFFFFFFFFF523ED86800000000000000
(00.044947) can0 DB#390E002023FA2C0C4880831A3FF77F15564DC116B3281D5C060300F1FFFFFFFF522DC84C000000000000000000000000
(00.046477) can0 DC#39100016083D24AE220AFADC4035280000000000FFFF523010DF000000000000
(00.046862) can0 18E19490#040200020002008836ED0C560D22015C010806010101010200000000000000000000000000000000000000000000000000000000000000001311001505150000
(00.000003) can0 25A#6D19
(00.000868) can0 D4#39040C050E0FF4FFFF3915011444CD91D9F85FF5FFFFFFFFFE0700A02801FEFFFF000000000000000000000000000000
(00.001399) can0 E3#39042208003D867E780FFAFF
(00.001594) can0 DC#3910001638D305AE220AFADC4035280000000000FFFF14820B9D000000000000
(00.005012) can0 DB#390F0015C9FC0D20FFFF7FCFFFFF3FFFFFFFFFFFFF15E1271800000000000000
(00.016146) can0 2D#27BE2405C4090090709758A26F5205000800A0FEFFFF7F0C02D235FFFFFFFF00FEFF1A91AA3000000000000000000000
(00.016826) can0 D9#3913001575AAD109A0574DCF6F1038F0FFFFFFFFFF1582C11D00000000000000
(00.019997) can0 DB#390E0020F9B40E0C4880831A3FF67F15564DC116B3281D5C060300F1FFFFFFFF1646D677000000000000000000000000
(00.021098) can0 4F#28920300371CABDF
(00.021502) can0 DC#39100016753B06AE220AFADC4035280000000000FFFF16F6C81D000000000000
(00.021884) can0 18E19490#040300020002007E36EB0C560D22015C010806010101010200000000000000000000000000000000000000000000000000000000000000001311001505150000
(00.024999) can0 DB#390F0015EFCD0E20FFFF7FCFFFFF3FFFFFFFFFFFFF17710C2700000000000000
(00.025384) can0 44#04
(00.030993) can0 E3#00800004D0DD8F00
(00.036235) can0 2D#38B72505C4090090709758A26F5205000800A0FEFFFF7F0C02D235FFFFFFFF00FEFF1C661E3100000000000000000000
(00.038173) can0 D9#391300151662D209A0564DCF6F1040F0FFFFFFFFFF1775E13A3913010B58AE78559500FE03BAFFEF0000000000000000
(00.039996) can0 DB#390E010F7C35FFFFFFFFFFFFFF4FD308BCFDFF390E00206D900F0C4880831A3FF67F15564DC116B3281D5C060300F1FFFFFFFF185E67C3000000000000000000
(00.041019) can0 E3#4100050800800343CE951B95
(00.041503) can0 DC#39100016AEAB07AE220AFADC3C35280000000000FFFF18A6C880000000000000
(00.045013) can0 DB#390F00150DDD0F20FFFF7FCFFFFF3FFFFFFFFFFFFF1979007700000000000000
(00.001587) can0 2D#97DDFE05C4090090709758A26F5205000800A0FEFFFF7F0C02D235FFFFFFFF00FEFFCE03E2D800000000000000000000
(00.002267) can0 D9#391300151572AB09A0574DD06F1038F0FFFFFFFFFFC935C03600000000000000
(00.005492) can0 DB#390F01064D8504603C19390E0020DF71E80C4880831A3FF67F15564DC116B3281D5C060300F1FFFFFFFFC9EF76F60000
(00.006362) can0 E3#4100050801F1564F77B499CC
(00.006952) can0 DC#3910011015424030500006060D9C002005F0FFF1391000168339E0AE220AFADC4035280000000000FFFFC9F4A0DC0000
(00.010502) can0 DB#390F0015AD1BE820FFFF7FCFFFFF3FFFFFFFFFFFFFCACC755E00000000000000
(00.016403) can0 E3#39060B08001111180000D0FF3980000C007FC2820C30B0FED154009900000000
(00.016972) can0 18E19490#040300020002008836ED0C560D22015C010806010101010200000000000000000000000000000000000000000000000000000000000000001311001505150000
(00.021648) can0 2D#88D4FF05C4090090709758A26F5205000800A0FEFFFF7F0C02D235FFFFFFFF00FEFFD02ACB0C00000000000000000000
(00.022175) can0 D4#390406047ECF0184
(00.022336) can0 D9#391300151BB5AC09A057CDD06F1038F0FFFFFFFFFFCC31D5EB00000000000000
(00.025654) can0 DB#390E00204B55E90C4880831A3FF67F15564DC116B3281D5C060300F1FFFFFFFFCC9008AE000000000000000000000000
(00.026316) can0 E3#3E800108C30218B0B913E0FF
(00.026938) can0 DC#3910001658A9E1AE220AFADC3C35280000000000FFFFCCB8127D000000000000
(00.030496) can0 DB#390F00154F0BE920FFFF7FCFFFFF3FFFFFFFFFFFFFCDC072C900000000000000
(00.041579) can0 2D#9AA90005C4090090709758A26F5205000800A0FEFFFF7F0C02D235FFFFFFFF00FEFFD2BD4E9E00000000000000000000
(00.042266) can0 D9#39130015894AAD09A0570DD06F1038F0FFFFFFFFFFCEC0DA4600000000000000
(00.045473) can0 DB#390E002001EDEA0C4880831A3FF77F15564DC116B3281D5C060300F1FFFFFFFFCE06D81F000000000000000000000000
(00.046347) can0 D4#39040C050E0FF4FFFF000000
(00.046547) can0 E3#39042208003DC77E782FFEFF
(00.046925) can0 DC#391000161541E2AE220AFADC3C35280000000000FFFFCE760A1B000000000000
(00.047307) can0 18E19490#000000A55555555505000000000000000000001A5A80000001000100010000000000000051504F0401020197016C014E01390152524F13011311001505150000
(00.002573) can0 DB#390F0015AF27C820FFFF7FCFFFFF3FFFFFFFFFFFFF8B02CBD700000000000000
(00.002961) can0 44#04
(00.008467) can0 E3#008000048A7F8100
(00.012375) can0 21C#11020109000000FA01F402EE03E804E205DC06D607D008CA09C40ABE0BB80CB20DAC0EA60FA6109A1194128E13881482157C16761770186A19641A5E1B5D1C52
(00.013748) can0 2D#49E7DF05C4090090709758A26F5205000800A0FEFFFF7F0C02D235FFFFFFFF00FEFF8FE6D52400000000000000000000
(00.015022) can0 D9#391300151B8C8C09A0568DCF6F1038F0FFFFFFFFFF8C1881583913010B58AE78559500FE03BAFFEF0000000000000000
(00.017570) can0 DB#390E010F7C35FFFFFFFFFFFFFF4FD308BCFDFF390E00204F87C90C4880831A3FF67F15564DC116B3281D5C060300F1FFFFFFFF8BC7CA23000000000000000000
(00.018572) can0 E3#4100050800800343CE948E18
(00.018767) can0 21D#300128
(00.018914) can0 DC#39100016B3D7C1AE220AFADC4035280000000000FFFF8B870578000000000000
(00.019298) can0 21C#211D4C1E461F40203A2134222E23282422251C261627100000000000000000000000000000000000000000000000000000000000000000000000000000000000
(00.019980) can0 18E19490#030000990199010D000E0004000000020000000000000000000000000000000000AC0C861300800C0C000D00050054D9055316D20CC409001311001505150000
(00.020692) can0 21D#300128
(00.020848) can0 21C#22000000000000000000000000000000000000000000000000000000000000000000000000000000000000000000000000000000000000000000000000000000
(00.021570) can0 21D#300128
(00.021719) can0 21C#23000000000000000000000000000000000000000000000000000000000000000000000000000000000000000000000000000000000000000000000000000000
(00.022453) can0 21D#300128
(00.022600) can0 21C#2400000000000000
(00.022778) can0 DB#390F00154D37C920FFFF7FCFFFFF3FFFFFFFFFFFFF8C7B309200000000000000
(00.028566) can0 D4#390C140CFFFFFFFFFDFFFFFFFFFFFFFF
(00.033687) can0 2D#DD32E005C4090090709758A26F5205000800A0FEFFFF7F0C02D235FFFFFFFF00FEFF913160F100000000000000000000
(00.034303) can0 D9#39130015F99C8D09A0568DCF6F1038F0FFFFFFFFFF8E251F7500000000000000
(00.037628) can0 DB#390F01064D8504605C19390E0020F3EACA0C4880831A3FF67F15564DC116B3281D5C060300F1FFFFFFFF8DE592C50000
(00.038428) can0 E3#4100050801F308467649D7A93A020004F4FFFFFF
(00.038973) can0 DC#39100110154140005000D642119C002005F0FFF539100016FE3FC2AE220AFADC4035280000000000FFFF8D351DE10000
(00.042642) can0 DB#390F00156B06CA20FFFF7FCFFFFF3FFFFFFFFFFFFF8EF60C4300000000000000
(00.048497) can0 E3#39060B08001111180000D0FF3980000C007F82820C30B0FE95D6791100000000
(00.049004) can0 18E19490#040200020002007E36ED0C560D22015C010806010101010200000000000000000000000000000000000000000000000000000000000000001311001505150000
(00.005551) can0 18E19490#028400646464010000009612020000000000000001010501BD04010000000000FEFF00004814CD05FD04881300000000AC0C800C6E0FBB0B1311001505150000
(00.010130) can0 2D#1C01C005C4090090709758A26F5205000800A0FEFFFF7F0C02D235FFFFFFFF00FEFF52E7B38E00000000000000000000
(00.011090) can0 D9#3913001585C26D09A0570DD06F1038F0FFFFFFFFFF4D9BFE9500000000000000
(00.014191) can0 DB#390E0020DE8CAA0C4880831A3FF67F15564DC116B3281D5C060300F1FFFFFFFF4E96BF27000000000000000000000000
(00.015101) can0 4F#28F70F00371AF19A
(00.015511) can0 DC#391000163DCDA2AE220AFADC3C35280000000000FFFF4EFB22ED000000000000
(00.019153) can0 DB#390F00156D42AA20FFFF7FCFFFFF3FFFFFFFFFFFFF4F65134100000000000000
(00.019538) can0 44#04
(00.024945) can0 E3#008000046C887B00
(00.030241) can0 2D#0308C105C4090090709758A26F5205000800A0FEFFFF7F0C02D235FFFFFFFF00FEFF54626D6800000000000000000000
(00.032187) can0 D9#39130015B0626E09A0578DCF6F1038F0FFFFFFFFFF4F90A74C3913010B58AE78559500FE03BAFFEF0000000000000000
(00.034152) can0 DB#390E010F7835FFFFFFFFFFFFFF4FD308BCFDFF390E00204AA8AB0C4880831A3FF67F15564DC116B3281D5C060300F1FFFFFFFF50A47988000000000000000000
(00.034983) can0 E3#4100050800800343CE945335
(00.035431) can0 DC#39100016E65DA3AE220AFADC4035280000000000FFFF50439C5F000000000000
(00.035813) can0 18E19490#030000890189010D000E0004000000020000000000000000000000000000000000AC0C861300800C0C000D00050054D9055016D40CC409001311001505150000
(00.039169) can0 DB#390F00158F52AB20FFFF7FCFFFFF3FFFFFFFFFFFFF51733E5B00000000000000
(00.044952) can0 D4#390C140CFFFFFFFFFDFFFFFFFFFFFFFF
(00.000285) can0 DC#391000166D7384AE220AFADC4035280000000000FFFF128F9A27000000000000
(00.003990) can0 DB#390F0015231C8C20FFFF7FCFFFFF3FFFFFFFFFFFFF13150FCB00000000000000
(00.004375) can0 44#04
(00.009775) can0 E3#00800004362A7500
(00.013679) can0 DB#390E022A3E004800650AD4C1199C010047403E49E0D16CC24D85DA4D8E82F847CE43068867E9FFFFFFFF13F9C9240000
(00.015082) can0 2D#7E4EA305C4090090709758A26F5205000800A0FEFFFF7F0C02D235FFFFFFFF00FEFF18D77B6900000000000000000000
(00.016579) can0 D9#39130015CB275009A0578DCF6F1040F0FFFFFFFFFF14E75D4E3913010B58AE78559500FE03BAFFEF0000000000000000
(00.018983) can0 DB#390E010F6C35FFFFFFFFFFFFFF4FD308BCFDFF390E0308CA29D0F8FFFFFFFF00
(00.019827) can0 E3#4100050800800343CE941763
(00.020222) can0 DC#3910001649DB85AE220AFADC4035280000000000FFFF1491EA9D000000000000
(00.020603) can0 18E19490#030000830183010D000E0004000000020000000000000000000000000000000000AC0C8613001C0C0C000D00050054DA054C16D40CC409001311001505150000
(00.023918) can0 DB#390E002036A18D0C4880831A3FF67F15564DC116B3281D5C060300F1FFFFFFFF145E45CE390F0015C10C8D20FFFF7FCFFFFF3FFFFFFFFFFFFF151CA66D000000
(00.029825) can0 D4#390C140CFFFFFFFFFDFFFFFFFFFFFFFF
(00.030064) can0 E3#3E800108C30218B0B913E0FF
(00.030259) can0 DC#39FE6F089401008001000000
(00.033765) can0 DB#390E04105CE30B4C24B4DBFF2FAE6C75EBFFFFFF390F01064D8504603C190000
(00.035000) can0 2D#2371A405C4090090709758A26F5205000800A0FEFFFF7F0C02D235FFFFFFFF00FEFF1AF34CF000000000000000000000
(00.035645) can0 D9#39130015E8F95109A0560DCF6F1040F0FFFFFFFFFF16016FB100000000000000
(00.039037) can0 DB#390E00208ACC8E0C4880831A3FF67F15564DC116B3281D5C060300F1FFFFFFFF16BAC59F000000000000000000000000
(00.039672) can0 E3#4100050801AEF3A0F0AC0330
(00.040320) can0 DC#3910011015424030500076060C9C002005F0FFF139100016043386AE220AFADC4035280000000000FFFF16F774F90000
(00.044005) can0 DB#390F0015E73D8E20FFFF7FCFFFFF3FFFFFFFFFFFFF17BD031100000000000000
(00.000027) can0 DB#390F0015B4727020FFFF7FCFFFFF3FFFFFFFFFFFFFDBA5671300000000000000
(00.001163) can0 DC085B#4003080000000000
(00.005694) can0 E3#39060B08001111180000D0FF41000508017CEA6C727985C33980000C007FE0820C30B0FEE11266C40000000000000000
(00.006332) can0 18E19490#040200020002008836ED0C560D22015C010806010101010200000000000000000000000000000000000000000000000000000000000000001311001505150000
(00.011051) can0 2D#C3598705C4090090709758A26F5205000800A0FEFFFF7F0C02D235FFFFFFFF00FEFFE073906400000000000000000000
(00.011577) can0 D4#3904060457CEE984
(00.011738) can0 D9#3913001502DC3409A057CDD06F1038F0FFFFFFFFFFDC7459DF00000000000000
(00.015150) can0 DB#390E00204DA5710C4880831A3FF77F15564DC116B3281D5C060300F1FFFFFFFFDCEDAB5A000000000000000000000000
(00.016187) can0 DC#39100016538869AE220AFADC4035280000000000FFFFDCE50844000000000000
(00.020037) can0 DB#390F001556627120FFFF7FCFFFFF3FFFFFFFFFFFFFDD15FB6E00000000000000
(00.021127) can0 DC085B#4003080000000000
(00.030994) can0 2D#662E8805C4090090709758A26F5205000800A0FEFFFF7F0C02D235FFFFFFFF00FEFFE2475C4100000000000000000000
(00.031518) can0 E3#3204000C9EDD1D536707FFFFE0E7221939042208003D87FFFF1FFAFF00000000
(00.031895) can0 D9#39130015E0CC3509A057CDD06F1038F0FFFFFFFFFFDE2C96BF00000000000000
(00.035148) can0 DB#390E0020F1C8720C4880831A3FF77F15564DC116B3281D5C060300F1FFFFFFFFDE89740F000000000000000000000000
(00.035767) can0 D4#39040C050E0FF4FFFF000000
(00.036154) can0 DC#391000161E606AAE220AFADC4035280000000000FFFFDD3C606F000000000000
(00.036536) can0 18E19490#000000A55555555505000000000000000000001A5A80000001000100010000000000000051504F0301030199016C014F01390152524F16011311001505150000
(00.040034) can0 DB#390F001570537220FFFF7FCFFFFF3FFFFFFFFFFFFFDF0D74E300000000000000
(00.040997) can0 E3#0500000CF5FCFF0000000000E5E37831
(00.041232) can0 DC085B#4003080000000000
(00.001870) can0 E3#00800004A37E6900
(00.006979) can0 2D#84C26705C4090090709758A26F5205000800A0FEFFFF7F0C02D235FFFFFFFF00FEFFA0F1030800000000000000000000
(00.008910) can0 D9#39130015D0BA1409A0578DD06F1038F0FFFFFFFFFF9BDFAD553913010B58AE78559500FE03BAFFEF0000000000000000
(00.011707) can0 DB#390E010F6C35FFFFFFFFFFFFFF4FD308BCFDFF390E00204977510C4880831A3FF77F15564DC116B3281D5C060300F1FFFFFFFF9B81F3DF000000000000000000
(00.012748) can0 DC#3910001647CE49AE220AFADC4035280000000000FFFF9B4E70E1000000000000
(00.013129) can0 18E19490#0300008A018A010E000F0004000000020000000000000000000000000000000000AC0C861300800C0C000E00050054D9054E16D40CC409001311001505150000
(00.016710) can0 DB#390F0015545E5120FFFF7FCFFFFF3FFFFFFFFFFFFF9C678AA500000000000000
(00.017095) can0 E3#3204000C3E981C53670700F09F4C19BB02800008A5D32201833318834100050800800343CE93A0AC0000000000000000
(00.026982) can0 2D#21B56805C4090090709758A26F5205000800A0FEFFFF7F0C02D235FFFFFFFF00FEFFA206EF1900000000000000000000
(00.028218) can0 D9#39130015E71C1509A0570DD16F1038F0FFFFFFFFFF9D47EA8900000000000000
(00.031715) can0 DB#390F01064D8504605C19390E0020F51A520C4880831A3FF77F15564DC116B3281D5C060300F1FFFFFFFF9D6ED62D0000
(00.032748) can0 DC#3910011015424030500016160D9C002005F0FFF1391000160A264AAE220AFADC4035280000000000FFFF9DB250760000
(00.036707) can0 DB#390F0015726F5220FFFF7FCFFFFF3FFFFFFFFFFFFF9E03367A00000000000000
(00.041889) can0 E3#41000508012C7A89EE78838E3980000C00FFC1820D30B0FEA5EB57EA00000000
(00.042879) can0 18E19490#040200020002008836ED0C560D22015D010806010101010200000000000000000000000000000000000000000000000000000000000000001311001505150000
(00.047015) can0 2D#3EBC6905C4090090709758A26F5205000800A0FEFFFF7F0C02D235FFFFFFFF00FEFFA4C2AE2300000000000000000000
(00.047538) can0 D4#39040604FCA6E384
(00.048160) can0 D9#3913001511771609A0574DD16F1038F0FFFFFFFFFF9F97B29F00000000000000
(00.001882) can0 E3#410005080118FDFA7D6D0CC4
(00.007183) can0 D9#39130015A026F309A057CDD06F1038F0FFFFFFFFFF583E958400000000000000
(00.007564) can0 2D#5AF84605C4090090709758A26F5205000800A0FEFFFF7F0C02D235FFFFFFFF00FEFF5E1F30A800000000000000000000
(00.008090) can0 D4#39040604FB5EDC84
(00.010864) can0 DB#390E002006E0300C4880831A3FF67F15564DC116B3281D5C060300F1FFFFFFFF5AD3C972000000000000000000000000
(00.011727) can0 DC#39100016A09428AE220AFADC3C35280000000000FFFF599BAEE0000000000000
(00.012109) can0 18E19490#010200500D5C01800CF600BC02060600000000401F020000AC0D432B012003000002AC012A1200000202B403FB320000AC0D401F0C0E1F521311001505150000
(00.015760) can0 DB#390F0015B00A3020FFFF7FCFFFFF3FFFFFFFFFFFFF5BBC17B900000000000000
(00.027155) can0 2D#45F14705C4090090709758A26F5205000800A0FEFFFF7F0C02D235FFFFFFFF00FEFF5FED684300000000000000000000
(00.027679) can0 D9#39130015DBE2F409A0574DD16F1038F0FFFFFFFFFF5C7A74E000000000000000
(00.030735) can0 DB#390E00206411310C4880831A3FF77F15564DC116B3281D5C060300F1FFFFFFFF5CE98335000000000000000000000000
(00.031692) can0 DC#391000167B0429AE220AFADC4035280000000000FFFF5BC2CBDE000000000000
(00.032073) can0 D4#39040C050E0FF4FFFF3915011444FD93D9F85FF5FFFFFFFFFE0700A02801FEFFFF000000000000000000000000000000
(00.032605) can0 E3#39042208003D867E780FFAFF
(00.035762) can0 DB#390F0015521A3120FFFF7FCFFFFF3FFFFFFFFFFFFF5DEAA2CC00000000000000
(00.041917) can0 18E19490#02840064646401000000C312020000000000000001010501BE04000000000000000000004A14CF05FD04871300000000AC0C800C450FBB0B1311001505150000
(00.046390) can0 44#04
(00.047106) can0 2D#E0864805C4090090709758A26F5205000800A0FEFFFF7F0C02D235FFFFFFFF00FEFF6108AB1000000000000000000000
(00.047630) can0 D9#3913001539F2F509A0574DD16F1038F0FFFFFFFFFF5E16222300000000000000
(00.000078) can0 E3#00800004BB985D00
(00.009711) can0 D9#391300153419D809A0574DD06F1038F0FFFFFFFFFF231458F23913010B58AE78559500FE03BAFFEF0000000000000000
(00.010224) can0 2D#82C92B05C4090090709758A26F5205000800A0FEFFFF7F0C02D235FFFFFFFF00FEFF28B2157100000000000000000000
(00.012705) can0 DB#390E010F6C35FFFFFFFFFFFFFF4FD308BCFDFF390E00203051150C4880831A3FF77F15564DC116B3281D5C060300F1FFFFFFFF24D6031C000000000000000000
(00.013652) can0 DC#39100016BDC20DAE220AFADC4035280000000000FFFF230E9E19000000000000
(00.014033) can0 18E19490#030000890189010E000F0004000000020000000000000000000000000000000000AC0C861300800C0D000E00050054D9054A16D40CC409001311001505150000
(00.014801) can0 D4#390C140CFFFFFFFFFDFFFFFFFFFFFFFF
(00.017708) can0 DB#390F0015D8651520FFFF7FCFFFFF3FFFFFFFFFFFFF25001BF300000000000000
(00.029104) can0 D9#3913001515C2D909A0578DCF6F1038F0FFFFFFFFFF254CA46600000000000000
(00.030074) can0 2D#DFF62C05C4090090709758A26F5205000800A0FEFFFF7F0C02D235FFFFFFFF00FEFF2A303A9500000000000000000000
(00.032714) can0 DB#390F01064D8504603C19390E00208C3C160C4880831A3FF77F15564DC116B3281D5C060300F1FFFFFFFF26A1DD0D0000
(00.033619) can0 DC#39100110154140005000B6520D9C002005F0FFF139100016F02A0EAE220AFADC4035280000000000FFFF25909D8D0000
(00.034807) can0 E3#39060B08001111180000D0FF
(00.037740) can0 DB#390F0015FE541620FFFF7FCFFFFF3FFFFFFFFFFFFF2722751D00000000000000
(00.043742) can0 18E19490#040200020002008836EB0C560D22015D010806010101010200000000000000000000000000000000000000000000000000000000000000001311001505150000
(00.049284) can0 D9#391300152267DA09A0564DCF6F1038F0FFFFFFFFFF27ED613700000000000000
(00.000310) can0 18E19490#02840064646401000000BE12030000000000000002010501BD04010000000100010000004B14CD05FC04841300000000AC0C800C860FBB0B1311001505150000
(00.001321) can0 E3#41000508018B725AAD5618AA
(00.005627) can0 D9#39130015D04DB909A0574DD06F1038F0FFFFFFFFFFE62DC0CC00000000000000
(00.006006) can0 44#04
(00.006704) can0 2D#1EC50C05C4090090709758A26F5205000800A0FEFFFF7F0C02D235FFFFFFFF00FEFFEA1DE8EE00000000000000000000
(00.009258) can0 DB#39FE0B086100000001000000390E002024F7F60C4880831A3FF67F15564DC116B3281D5C060300F1FFFFFFFFE6ABAAD2
(00.010159) can0 DC#39100016BDE8EEAE220AFADC4035280000000000FFFFE6D50878000000000000
(00.014266) can0 DB#390F0015F0E0F620FFFF7FCFFFFF3FFFFFFFFFFFFFE7D3C00400000000000000
(00.016629) can0 E3#0080000410F05700
(00.023939) can0 DB#390E022A3E004800650AD4C1199C010047403E49E0D16CC24D85DA4D8E82F847CE43068867E9FFFFFFFFE7AFCB550000
(00.026340) can0 D9#3913001535B7BA09A0578DCF6F1038F0FFFFFFFFFFE764F0DE3913010B58AE78559500FE03BAFFEF0000000000000000
(00.026851) can0 2D#01CC0D05C4090090709758A26F5205000800A0FEFFFF7F0C02D235FFFFFFFF00FEFFEC10F82A00000000000000000000
(00.029260) can0 DB#390E010F7035FFFFFFFFFFFFFF4FD308BCFDFF390E03081A42CDF8FFFFFFFF00
(00.030103) can0 DC#391000169940EFAE220AFADC4035280000000000FFFFE784931D000000000000
(00.030485) can0 18E19490#0300008B018B010E000F0004000000020000000000000000000000000000000000AC0C861300800C0D000F00060054DA054316D70CC409001311001505150000
(00.031395) can0 D4#390C140CFFFFFFFFFDFFFFFFFFFFFFFF
(00.034176) can0 DB#390E002032C7F70C4880831A3FF77F55564DC116B3281D5C060300F1FFFFFFFFE8A98C11390F001512F0F720FFFF7FCFFFFF3FFFFFFFFFFFFFE97E102F000000
(00.040193) can0 DC#39FE6F089401008001000000
(00.041757) can0 4F#201108A00049A32E
(00.044040) can0 DB#390E04105CE30B4C24B4DBFF2FAE6C75EBFFFFFF390F01064D8504603C190000
(00.045631) can0 D9#39130015D7A7BB09A0578DCF6F1038F0FFFFFFFFFFE92D3F3700000000000000
(00.046622) can0 2D#20D70E05C4090090709758A26F5205000800A0FEFFFF7F0C02D235FFFFFFFF00FEFFEE0258F300000000000000000000
(00.049263) can0 DB#390E00202BCDF80C4880831A3FF77F15564DC116B3281D5C060300F1FFFFFFFFEA91C166000000000000000000000000
(00.000654) can0 DB#390E00202025D60C4880831A3FF67F15564DC116B3281D5C060300F1FFFFFFFFA55B68CC000000000000000000000000
(00.001334) can0 DC#39100016A9AECEAE220AFADC4035280000000000FFFFA506765C000000000000
(00.001715) can0 18E19490#010200500D5C01800CF600BC02060600000000401F020000AC0D432B012003000002AD012B1200000202B50313330000AC0D401F0C6101521311001505150000
(00.005540) can0 DB#390F0015F2DCD620FFFF7FCFFFFF3FFFFFFFFFFFFFA6DF6B1D00000000000000
(00.012555) can0 E3#4100050800800343CE92AAB54100000802343937A981373A
(00.016850) can0 D9#39130015E7D19A09A057CDCF6F1038F0FFFFFFFFFFA782E71700000000000000
(00.017883) can0 2D#4657ED05C4090090709758A26F5205000800A0FEFFFF7F0C02D235FFFFFFFF00FEFFACC2795A00000000000000000000
(00.020515) can0 DB#390E0020C0C0D70C4880831A3FF67F55564DC116B3281D5C060300F1FFFFFFFFA79D6BB6000000000000000000000000
(00.021331) can0 DC#391000168D06CFAE220AFADC4035280000000000FFFFA7560B1C000000000000
(00.022571) can0 D4#39040C050E0FF4FFFF3915011444CD91D9F85FF5FFFFFFFFFE0700A02801FEFFFF000000000000000000000000000000
(00.023102) can0 E3#39042208003D867E780FFAFF
(00.025539) can0 DB#390F001510CCD720FFFF7FCFFFFF3FFFFFFFFFFFFFA8323B2200000000000000
(00.031501) can0 18E19490#02840064646401000000CF12020000000000000002010501BD04000000000100000000004A14CE05FC04841300000000AC0C800C380FBB0B1311001505150000
(00.032596) can0 E3#41000508010B1439CCF2C92141000008038E0048E7940000
(00.036770) can0 D9#3913001505C19B09A057CDCF6F1038F0FFFFFFFFFFA9747BF300000000000000
(00.037149) can0 44#04
(00.037912) can0 2D#674CEE05C4090090709758A26F5205000800A0FEFFFF7F0C02D235FFFFFFFF00FEFFAE6D328900000000000000000000
(00.040562) can0 DB#390E0020490AD80D4880831A3FF77F15564DC116B3281D5C060300F1FFFFFFFFAABB1EDB000000000000000000000000
(00.041389) can0 DC#391000169D5CD0AE220AFADC4035280000000000FFFFA94F1453000000000000
(00.045541) can0 DB#390F0015AE39D820FFFF7FCFFFFF3FFFFFFFFFFFFFAB40418B00000000000000
(00.000865) can0 DB#390F0015F498B620FFFF7FCFFFFF3FFFFFFFFFFFFF668C76EB00000000000000
(00.006704) can0 18E19490#000000A55555555505000000000000000000001A5A80000001000100010000000000000051504F0301020199016D014F01390152524F16011311001505150000
(00.012115) can0 D9#391300156D527A09A0574DCF6F1040F0FFFFFFFFFF681D3D4100000000000000
(00.013230) can0 2D#8764CD05C4090090709758A26F5205000800A0FEFFFF7F0C02D235FFFFFFFF00FEFF6B81964600000000000000000000
(00.015862) can0 DB#390E0020EDA6B70C4880831A3FF67F55564DC116B3281D5C060300F1FFFFFFFF67E901F6000000000000000000000000
(00.016669) can0 DC#391001101541403950001E120D9C002005F0FFF139100016B1CCAFAE220AFADC4035280000000000FFFF678ECDE70000
(00.017931) can0 E3#39060B08001111180000D0FF
(00.020897) can0 DB#390F00151688B720FFFF7FCFFFFF3FFFFFFFFFFFFF6852889F00000000000000
(00.032117) can0 D9#391300155F187B09A0570DCF6F1040F0FFFFFFFFFF6AC5C40700000000000000
(00.033199) can0 2D#A67FCE05C4090090709758A26F5205000800A0FEFFFF7F0C02D235FFFFFFFF00FEFF6D318B5F00000000000000000000
(00.033724) can0 D4#390406049FC0C484
(00.035981) can0 DB#390E0020F4ACB80C4880831A3FF67F15564DC116B3281D5C060300F1FFFFFFFF698DEE9D000000000000000000000000
(00.036597) can0 DC#39100016A196B0AE220AFADC4035280000000000FFFF6966DA7E000000000000
(00.036979) can0 18E19490#010200500D5C01800CF600BC02060600000000401F020000AC0D432B012003000002AD01281200000202B50313330000AC0D401F0C5B29501311001505150000
(00.040877) can0 DB#390F0015A87DB820FFFF7FCFFFFF3FFFFFFFFFFFFF6A7C300F00000000000000
(00.047886) can0 E3#4100050800800343CE926D50
(00.004462) can0 18E19490#02840064646401000000CE12030000000000000001010601BD04000001000000010000005014CF05FF04841300000000AC0C800C340FBB0B1311001505150000
(00.005667) can0 E3#410005080106E526505F4160
(00.009840) can0 D9#39130015053D5F09A0574DCF6F1040F0FFFFFFFFFF321C424400000000000000
(00.010219) can0 44#04
(00.010989) can0 2D#91D6B205C4090090709758A26F5205000800A0FEFFFF7F0C02D235FFFFFFFF00FEFF351D143700000000000000000000
(00.013601) can0 DB#390E0020D42D9C0C4880831A3FF67F55564DC116B3281D5C060300F1FFFFFFFF327DE321000000000000000000000000
(00.014340) can0 DC#39100016675094AE220AFADC4035280000000000FFFF32FBB506000000000000
(00.018618) can0 DB#390F001522029C20FFFF7FCFFFFF3FFFFFFFFFFFFF3348B40C00000000000000
(00.020962) can0 E3#00800004DF064500
(00.028404) can0 21C#110201067380763C7A247E0C81F485DC89C4957C9770000000000000000000000000000000000000000000000000000000000000000000000000000000000000
(00.029100) can0 21D#304028
(00.029255) can0 21C#21000000000000000000000000000000000000000000000000000000000000000000000000000000000000000000000000000000000000000000000000000000
(00.030726) can0 D9#39130015BD066009A0578DCE6F1040F0FFFFFFFFFF335AFD7C3913010B58AE78559500FE03BAFFEF0000000000000000
(00.031242) can0 2D#8EDFB305C4090090709758A26F5205000800A0FEFFFF7F0C02D235FFFFFFFF00FEFF3715113B00000000000000000000
(00.033713) can0 DB#390E010F6C35FFFFFFFFFFFFFF4FD308BCFDFF390E002040099D0C4880831A3FF67F55564DC116B3281D5C060300F1FFFFFFFF337C4869000000000000000000
(00.034372) can0 DC#3910001643F895AE220AFADC4035280000000000FFFF322A31DC000000000000
(00.034753) can0 18E19490#0300008E018E010F00100004000000020000000000000000000000000000000000AC0C8613001C0C0E000F00060054D9055716D40CC409001311001505150000
(00.035748) can0 D4#390C140CFFFFFFFFFDFFFFFFFFFFFFFF
(00.038617) can0 DB#390F0015C0129D20FFFF7FCFFFFF3FFFFFFFFFFFFF34A1BB3300000000000000
(00.000400) can0 DC#39100110154140005000B6520D9C002005F0FFF139100016CCE06EAE220AFADC4035280000000000FFFFE5EBB6A50000
(00.000921) can0 18E19490#028400646464010000009612020000000000000002010501BD04000000000000FDFF00004B14CF05FC04871300000000AC0C800C510FBB0B1311001505150000
(00.001902) can0 E3#39060B08001111180000D0FF
(00.004881) can0 DB#390F0015F8107620FFFF7FCFFFFF3FFFFFFFFFFFFFE7F9937C00000000000000
(00.015986) can0 D9#39130015692A3A09A0574DCF6F1040F0FFFFFFFFFFE736064900000000000000
(00.017150) can0 2D#05038D05C4090090709758A26F5205000800A0FEFFFF7F0C02D235FFFFFFFF00FEFFEC80FFF600000000000000000000
(00.017680) can0 D4#390406043619B784
(00.017839) can0 E3#3980000C007FEF820D30B0FEEDF300A2
(00.019969) can0 DB#390E0020D17F770D4880831A3FF67F55564DC116B3281D5C060300F1FFFFFFFFE8D6AA02000000000000000000000000
(00.020490) can0 DC#39100016E8486FAE220AFADC4035280000000000FFFFE714BEC3000000000000
(00.024845) can0 DB#390F00151A007720FFFF7FCFFFFF3FFFFFFFFFFFFFE97D534100000000000000
(00.030528) can0 18E19490#0300008E018E010F00100004000000010000000000000000000000000000000000AC0C8613001C0C0E001000060054D9054E16D20CC409001311001505150000
(00.031847) can0 E3#4100050800800343CE91EC8D
(00.036004) can0 D9#391300158B3A3B09A0574DCF6F1040F0FFFFFFFFFFE9BFF29500000000000000
(00.037172) can0 2D#24188E05C4090090709758A26F5205000800A0FEFFFF7F0C02D235FFFFFFFF00FEFFEECBB2FF00000000000000000000
(00.039819) can0 DB#390E0020DAA1780C4880831A3FF67F55564DC116B3281D5C060300F1FFFFFFFFEA272CBD000000000000000000000000
(00.040485) can0 DC#39100016F81270AE220AFADC4035280000000000FFFFE97EF758000000000000
(00.041859) can0 D4#39040C050E0FF4FFFF000000
(00.042059) can0 E3#39042208003D877E780FFAFF
(00.044844) can0 DB#390F0015A4F57820FFFF7FCFFFFF3FFFFFFFFFFFFFEB9C6CFB00000000000000
(00.047149) can0 E3#41000508017BAD41AD761F470500000CF5FCFF0000000000F1DC8FAA00000000
(00.002044) can0 DB#390F001580F85B20FFFF7FCFFFFF3FFFFFFFFFFFFFB166BB7200000000000000
(00.004398) can0 E3#008000042C7D3800
(00.013777) can0 D9#39130015623B1F09A0570DD06F1040F0FFFFFFFFFFB292195F3913010B58AE78559500FE03BAFFEF0000000000000000
(00.014370) can0 2D#177E7205C4090090709758A26F5205000800A0FEFFFF7F0C02D235FFFFFFFF00FEFFB659AC0800000000000000000000
(00.017039) can0 DB#390E010F7835FFFFFFFFFFFFFF4FD308BCFDFF390E0020E8F45C0D4880831A3FF67F55564DC116B3281D5C060300F1FFFFFFFFB263420C000000000000000000
(00.017698) can0 DC#391000163ED454AE220AFADC4035280000000000FFFFB2A85368000000000000
(00.019151) can0 D4#390C140CFFFFFFFFFDFFFFFFFFFFFFFF
(00.022044) can0 DB#390F00152E8A5C20FFFF7FCFFFFF3FFFFFFFFFFFFFB35FF75A00000000000000
(00.027688) can0 18E19490#000000A55555555505000000000000000000001A5A80000001000100000000000000000051504F040103019A016D014F01390152524F23011311001505150000
(00.033159) can0 D9#39130015CC7D2009A0578DCF6F1040F0FFFFFFFFFFB42EBEF200000000000000
(00.034382) can0 2D#08777305C4090090709758A26F5205000800A0FEFFFF7F0C02D235FFFFFFFF00FEFFB863F1FF00000000000000000000
(00.037041) can0 DB#390E00207CD05D0D4880831A3FF67F55564DC116B3281D5C060300F1FFFFFFFFB4D21833000000000000000000000000
(00.037652) can0 DC#391001101542402D51008E460C9C002005F0FFF5391000161A7C55AE220AFADC4035280000000000FFFFB441F9480000
(00.039095) can0 E3#39060B08001111180000D0FF
(00.042076) can0 DB#390F0015CC9A5D20FFFF7FCFFFFF3FFFFFFFFFFFFFB538FA2000000000000000
(00.000163) can0 D4#39040C050E0FF4FFFF3915011444CD91D9F85FF5FFFFFFFFFE0700A02801FEFFFF000000000000000000000000000000
(00.000694) can0 E3#39042208003D867E780FFAFF
(00.003166) can0 DB#390F001555404120FFFF7FCFFFFF3FFFFFFFFFFFFF7CD1BA1B00000000000000
(00.008803) can0 18E19490#02840064646401000000B012020000000000000002010401BD04000000000000000000004D14CF05FC04851300000000AC0C800C340FBB0B1311001505150000
(00.010215) can0 E3#41000508019D3BBAD93D814A4100000803BEE7A610C50000
(00.014247) can0 D9#39130015D1110509A0578DCE6F1040F0FFFFFFFFFF7DDB770F00000000000000
(00.014626) can0 44#04
(00.015510) can0 2D#10175805C4090090709758A26F5205000800A0FEFFFF7F0C02D235FFFFFFFF00FEFF828FE9D000000000000000000000
(00.018136) can0 DB#390E00207567420C4880831A3FF67F55564DC116B3281D5C060300F1FFFFFFFF7E6721B4000000000000000000000000
(00.018656) can0 DC#391000163CCF3AAE220AFADC4035280000000000FFFF7D47BC92000000000000
(00.023167) can0 DB#390F001573714220FFFF7FCFFFFF3FFFFFFFFFFFFF7F7A3A6F00000000000000
(00.030195) can0 E3#0080000433633300
(00.035453) can0 2D#0F1E5905C4090090709758A26F5205000800A0FEFFFF7F0C02D235FFFFFFFF00FEFF84A1630C00000000000000000000
(00.035978) can0 D9#3913001522960609A0570DCF6F1040F0FFFFFFFFFF7FDA1C163913010B58AE78559500FE03BAFFEF0000000000000000
(00.038150) can0 DB#390E010F7835FFFFFFFFFFFFFF4FD308BCFDFF390E0020E143430C4880831A3FF67F55564DC116B3281D5C060300F1FFFFFFFF80BD04BA000000000000000000
(00.038809) can0 DC#3910001618673BAE220AFADC4035280000000000FFFF7FB926CB000000000000
(00.039190) can0 18E19490#030000900190010F00110004000000020000000000000000000000000000000000AC0C861300800C0E001000060054DB055316D10CC409001311001505150000
(00.040239) can0 D4#390C140CFFFFFFFFFDFFFFFFFFFFFFFF
(00.043154) can0 DB#390F001591614320FFFF7FCFFFFF3FFFFFFFFFFFFF814FEE3900000000000000
(00.002610) can0 D9#39130015DF24DC09A0570DCF6F1038F0FFFFFFFFFF2C3F8C1B00000000000000
(00.003900) can0 2D#FEED2F05C4090090709758A26F5205000800A0FEFFFF7F0C02D235FFFFFFFF00FEFF3077DB2300000000000000000000
(00.006575) can0 DB#390E002063E3190C4880831A3FF67F55564DC116B3281D5C060300F1FFFFFFFF2C9D7551000000000000000000000000
(00.007094) can0 DC#39100016E07011AE220AFADC4035280000000000FFFF2C65FFA5000000000000
(00.007478) can0 18E19490#000000A55555555505000000000000000000001A5A80000001000100010000000000000051504F030102019A016D015001390152524F23011311001505150000
(00.008594) can0 D4#39040C050E0FF4FFFF3915011444CD91D9F85FF5FFFFFFFFFE0700A02801FEFFFF000000000000000000000000000000
(00.009125) can0 4F#28B90F0036042F9B
(00.009289) can0 E3#39042208003D867E780FFAFF
(00.011600) can0 DB#390F001540A11920FFFF7FCFFFFF3FFFFFFFFFFFFF2DE5715B00000000000000
(00.018606) can0 E3#410005080178DC9EEDD89FDC
(00.022615) can0 D9#391300154DDBDD09A057CDCF6F1038F0FFFFFFFFFF2DF3A59A00000000000000
(00.023000) can0 44#04
(00.023927) can0 2D#AB0B3005C4090090709758A26F5205000800A0FEFFFF7F0C02D235FFFFFFFF00FEFF32E19A4F00000000000000000000
(00.026571) can0 DB#390E00204F4E1A0D4880831A3FF77F55564DC116B3281D5C060300F1FFFFFFFF2E3B2077000000000000000000000000
(00.027091) can0 DC#39100016AD9812AE220AFADC4035280000000000FFFF2E64A652000000000000
(00.031588) can0 DB#390F001566901A20FFFF7FCFFFFF3FFFFFFFFFFFFF2F4FB40E00000000000000
(00.033915) can0 E3#0080000457FD2B00
(00.037046) can0 18E19490#010200500D5D01800CF600BC02060600000000401F020000AC0D432B012003000002AE012B1200000202B50313330000AC0D401F0C3B1B521311001505150000
(00.043209) can0 D9#39130015787BDE09A0574DD06F1038F0FFFFFFFFFF2F7AA48B3913010B58AE68559500FE03BAFFEF0000000000000000
(00.043919) can0 2D#B4023105C4090090709758A26F5205000800A0FEFFFF7F0C02D235FFFFFFFF00FEFF34AC6E8800000000000000000000
(00.046636) can0 DB#390E010F6435FFFFFFFFFFFFFF4FD308BCFDFF390E00202DBF1B0D4880831A3FF67F55564DC116B3281D5C060300F1FFFFFFFF308A9BD0000000000000000000
(00.047294) can0 DC#39100016893013AE220AFADC4035280000000000FFFF2F84325F000000000000
(00.048686) can0 D4#390C140CFFFFFFFFFDFFFFFFFFFFFFFF
(00.000483) can0 D9#39130015177FC009A0570DCE6F1040F0FFFFFFFFFFF3867F533913010B58AE68559500FE03BAFFEF0000000000000000
(00.001124) can0 2D#4B231305C4090090709758A26F5205000800A0FEFFFF7F0C02D235FFFFFFFF00FEFFF88E52B700000000000000000000
(00.003793) can0 DB#390E010F6435FFFFFFFFFFFFFF4FD308BCFDFF390E0308A40AC8F8FFFFFFFF00
(00.004256) can0 DC#391000167F32F5AE220AFADC4035280000000000FFFFF301E6AC000000000000
(00.005963) can0 D4#390C140CFFFFFFFFFDFFFFFFFFFFFFFF
(00.008711) can0 DB#390E00200B7AFD0D4880831A3FF67F55564DC116B3281D5C060300F1FFFFFFFFF470F2E2390F0015C656FD20FFFF7FCFFFFF3FFFFFFFFFFFFFF5BB5624000000
(00.014140) can0 DC#39FE6F089401008001000000
(00.016130) can0 4F#20850EA00049A329
(00.018575) can0 DB#390E04105CE30B4C24B4DBFF2FAE6C79EBFFFFFF390F01064D850460801C0000
(00.019793) can0 D9#3913001555DAC109A0578DCE6F1040F0FFFFFFFFFFF53FA5EC00000000000000
(00.021104) can0 2D#161C1405C4090090709758A26F5205000800A0FEFFFF7F0C02D235FFFFFFFF00FEFFFAA60FCC00000000000000000000
(00.023795) can0 DB#390E0020D102FE0C4880831A3FF67F55564DC116B3281D5C060300F1FFFFFFFFF69CA134000000000000000000000000
(00.024317) can0 DC#39100110154140005100F6420C9C002005F0FFF53910001632DAF6AE220AFADC4035280000000000FFFFF5562CF50000
(00.024837) can0 18E19490#028400646464010000008312020000000000000002010501BD04010000000000010000004D14D105FC04881300000000AC0C800C2C0FBB0B1311001505150000
(00.025834) can0 E3#39060B08001111180000D0FF
(00.028833) can0 DB#390F0015E067FE20FFFF7FCFFFFF3FFFFFFFFFFFFFF7186FB100000000000000
(00.035768) can0 E3#3980000C00FF80820D30B0FEFDD2C82B
(00.039782) can0 D9#39130015A3B1C209A057CDCE6F1040F0FFFFFFFFFFF77148EF00000000000000
(00.041091) can0 2D#09151505C4090090709758A26F5205000800A0FEFFFF7F0C02D235FFFFFFFF00FEFFFCD7F78300000000000000000000
(00.041617) can0 D4#39040604BBAB9F84
(00.043967) can0 DB#390E0020EC82FF0D4880831A3FF67F55564DC116B3281D5C050300F1FFFFFFFFF8FAD3C3000000000000000000000000
(00.044489) can0 DC#391000161672F7AE220AFADC4035280000000000FFFFF74EFF86000000000000
(00.048811) can0 DB#390F00150277FF20FFFF7FCFFFFF3FFFFFFFFFFFFFF982952A00000000000000
(00.004981) can0 D9#39130015269EA309A056CDCE6F1040F0FFFFFFFFFFB939E99F00000000000000
(00.006360) can0 2D#6F95F605C4090090709758A26F5205000800A0FEFFFF7F0C02D235FFFFFFFF00FEFFBE78B8B500000000000000000000
(00.009063) can0 DB#390F01064D850460801C390E00204C91E00D4880831A3FF67F55564DC116B3281D5C060300F1FFFFFFFFBA89E6A10000
(00.009573) can0 DC#39100110154140005100C6120D9C002005F0FFF539100016184DD8AE220AFADC4035280000000000FFFFB929646F0000
(00.010092) can0 18E19490#02840064646401000000BF12020000000000000002010501BD04000000000000000000004D14D105FC04841300000000AC0C800C340FBB0B1311001505150000
(00.011123) can0 E3#39060B08001111180000D0FF
(00.014090) can0 DB#390F0015BD9CE020FFFF7FCFFFFF3FFFFFFFFFFFFFBBEC548F00000000000000
(00.021021) can0 E3#3980000C007FB2820D30B0FEC1CB3123
(00.024997) can0 D9#39130015E997A409A057CDCE6F1040F0FFFFFFFFFFBB59123500000000000000
(00.026347) can0 2D#709CF705C4090090709758A26F5205000800A0FEFFFF7F0C02D235FFFFFFFF00FEFFC083ACF500000000000000000000
(00.026873) can0 D4#39040604228C9984
(00.029184) can0 DB#390E0020D8B5E10D4880831A3FF67F55564DC116B3281D5C060300F1FFFFFFFFBC71123C000000000000000000000000
(00.029702) can0 DC#391000163CE5D9AE220AFADC4035280000000000FFFFBBB52059000000000000
(00.034061) can0 DB#390F00155F8CE120FFFF7FCFFFFF3FFFFFFFFFFFFFBDD9257600000000000000
(00.039387) can0 18E19490#030000900190011000120005000000020000000000000000000000000000000000AC0C8613001C0C0F001100060054DA055516D20CC409001311001505150000
(00.041037) can0 E3#4100050800800343CE90C09E
(00.044995) can0 D9#391300150B87A509A057CDCE6F1040F0FFFFFFFFFFBD34390F00000000000000
(00.046356) can0 2D#D5EBF805C4090090709758A26F5205000800A0FEFFFF7F0C02D235FFFFFFFF00FEFFC25CDA7E00000000000000000000
(00.049043) can0 DB#390E002064D8E20D4880831A3FF67F55564DC116B3281D5C060300F1FFFFFFFFBE522A15000000000000000000000000
(00.049563) can0 DC#39100016710DDAAE220AFADC4035280000000000FFFFBD892096000000000000
(00.000665) can0 D9#39130015AB088709A0574DD06F1040F0FFFFFFFFFF8024B97C00000000000000
(00.002068) can0 2D#2ACADA05C4090090709758A26F5205000800A0FEFFFF7F0C02D235FFFFFFFF00FEFF863BACA000000000000000000000
(00.004757) can0 DB#390E002018D1C40D4880831A3FF67F55564DC116B3281D5C060300F1FFFFFFFF81906A79000000000000000000000000
(00.005278) can0 DC#39100016F607BCAE220AFADC4035280000000000FFFF80F6BB76000000000000
(00.006745) can0 D4#39040C050E0FF4FFFF000000
(00.006944) can0 E3#39042208003DC77E782FFEFF
(00.009784) can0 DB#390F001537E3C420FFFF7FCFFFFF3FFFFFFFFFFFFF82ED544D00000000000000
(00.012053) can0 E3#410005080138E861D2A139220500000CF5FCFF00000000008950506400000000
(00.020650) can0 D9#39130015C5A78809A0570DD06F1040F0FFFFFFFFFF820A04D800000000000000
(00.022071) can0 2D#35C3DB05C4090090709758A26F5205000800A0FEFFFF7F0C02D235FFFFFFFF00FEFF88BC421D00000000000000000000
(00.024756) can0 DB#390E00208CF5C50D4880831A3FF67F55564DC116B3281D5C060300F1FFFFFFFF841D6167000000000000000000000000
(00.025275) can0 DC#39100016D2AFBDAE220AFADC4035280000000000FFFF8242D053000000000000
(00.025658) can0 18E19490#040200020002007E36ED0C560D22015E010806010101010200000000000000000000000000000000000000000000000000000000000000001311001505150000
(00.029770) can0 DB#390F0015D5F3C520FFFF7FCFFFFF3FFFFFFFFFFFFF85EE51A800000000000000
(00.032097) can0 E3#008000040AA71A00
(00.041261) can0 D9#3913001534268909A0578DCF6F1040F0FFFFFFFFFF8634A2603913010B58AE68559500FE03BAFFEF0000000000000000
(00.042076) can0 2D#68FCDC05C4090090709758A26F5205000800A0FEFFFF7F0C02D235FFFFFFFF00FEFF8A72213E00000000000000000000
(00.044767) can0 DB#390E010F7835FFFFFFFFFFFFFF4FD308BCFDFF390E00203098C60D4880831A3FF67F55564DC116B3281D5C060300F1FFFFFFFF862664D6000000000000000000
(00.045425) can0 DC#391000169F47BEAE220AFADC4035280000000000FFFF86854E73000000000000
(00.046855) can0 D4#390C140CFFFFFFFFFDFFFFFFFFFFFFFF
(00.000112) can0 2D#578CB805C4090090709758A26F5205000800A0FEFFFF7F0C02D235FFFFFFFF00FEFF41BF017200000000000000000000
(00.002836) can0 DB#390E00204D6CA20D4880831A3FF67F55564DC116B3281D5C060300F1FFFFFFFF3E7A8467000000000000000000000000
(00.003356) can0 DC#3910001659819AAE220AFADC4035280000000000FFFF3E3DC869000000000000
(00.007852) can0 DB#390F00157DC5A220FFFF7FCFFFFF3FFFFFFFFFFFFF3F569D3F00000000000000
(00.010175) can0 E3#008000047D541300
(00.013048) can0 18E19490#010200500D5D01800CF600BC02060600000000401F020000AC0D432B012003000002AE012B1200000202B50313330000AC0D401F0C2326521311001505150000
(00.017638) can0 21C#11020104000001F403E805DC07D009C40DAC138819641F402328251C271000000000000000000000000000000000000000000000000000000000000000000000
(00.018339) can0 21D#304028
(00.018492) can0 21C#21000000000000000000000000000000000000000000000000000000000000000000000000000000000000000000000000000000000000000000000000000000
(00.019756) can0 D9#391300156CD6660AA057CDCE6F1040F0FFFFFFFFFF3F0D977F3913010B58AE68559500FE03BAFFEF0000000000000000
(00.020272) can0 2D#4885B905C4090090709758A26F5205000800A0FEFFFF7F0C02D235FFFFFFFF00FEFF4323FE2800000000000000000000
(00.022850) can0 DB#390E010F7035FFFFFFFFFFFFFF4FD308BCFDFF390E0020D948A30D4880831A3FF67F55564DC116B3281D5C060300F1FFFFFFFF3FFE9833000000000000000000
(00.023510) can0 DC#391000167D299BAE220AFADC4035280000000000FFFF3ED5B3D8000000000000
(00.024913) can0 D4#390C140CFFFFFFFFFDFFFFFFFFFFFFFF
(00.027854) can0 DB#390F00159FD5A320FFFF7FCFFFFF3FFFFFFFFFFFFF40BD950B00000000000000
(00.038683) can0 D9#391300152E73670AA0574DCE6F1040F0FFFFFFFFFF41F12A2500000000000000
(00.040129) can0 2D#699EBA05C4090090709758A26F5205000800A0FEFFFF7F0C02D235FFFFFFFF00FEFF45F6C0C100000000000000000000
(00.042908) can0 DB#390F01064D850460801C390E002035B7A40D4880831A3FF67F55564DC116B3281D5C060300F1FFFFFFFF4175BC0D0000
(00.043420) can0 DC#391001101541403051006606119C002005F0FFF139100016E2419CAE220AFADC4035280000000000FFFF40389ACE0000
(00.043940) can0 21C#22000000000000000000000000000000000000000000000000000000000000000000000000000000000000000000000000000000000000000000000000000000
(00.044650) can0 18E19490#02840064646401000000C012020000000000000001010801BD04010000000100FFFF00004A14D205FC04841300000000AC0C800C2C0FBB0B1311001505150000
(00.045359) can0 E3#39060B08001111180000D0FF3A020004F4FFFFFF
(00.047886) can0 DB#390F001531A7A420FFFF7FCFFFFF3FFFFFFFFFFFFF42EB972600000000000000
(00.000893) can0 DB#390F01064D850460A01C390E0020192C860D4880831A3FF67F55564DC116B3281D5C060300F1FFFFFFFF065BCE980000
(00.001402) can0 DC#391001101541403251003646119C002005F0FFF139100016C6C37EAE220AFADC4035280000000000FFFF05759CDE0000
(00.001921) can0 18E19490#028400646464010000009312020000000000000001010501BD04000000000000000000004E14D205FC04871300000000AC0C800C180FBB0B1311001505150000
(00.002915) can0 E3#39060B08001111180000D0FF
(00.005923) can0 DB#390F0015F7BA8620FFFF7FCFFFFF3FFFFFFFFFFFFF07E96DDF00000000000000
(00.012827) can0 E3#3980000C007FC2820E30B0FE0D102F8D
(00.016688) can0 D9#39130015AF2B4A0BA0574DC76F1040F0FFFFFFFFFF0711BC4200000000000000
(00.018152) can0 2D#16F29D05C4090090709758A26F5205000800A0FEFFFF7F0C02D035FFFFFFFF00FEFF0C5993C600000000000000000000
(00.018677) can0 D4#39040604DF358784
(00.020953) can0 DC#39100016E26B7FAE220AFADC4035280000000000FFFF07C25EBF000000000000
(00.021337) can0 DB#390E00208D08870D4880831A3FF67F55564DC116B3281D5C060300F1FFFFFFFF08A4BACF000000000000000000000000
(00.025893) can0 DB#390F001515AA8720FFFF7FCFFFFF3FFFFFFFFFFFFF0905396800000000000000
(00.031025) can0 18E19490#030000880188011100130005000000020000000000000000000000000000000000AC0C8613001C0C10001200060054D9055016D20CC409001311001505150000
(00.032816) can0 E3#4100050800800343CE900CBE
(00.036690) can0 D9#3913001550254B0CA0578DBD6F1040F0FFFFFFFFFF09D7038500000000000000
(00.038174) can0 2D#37E99E05C4090090709758A26F5205000800A0FEFFFF7F0C02D035FFFFFFFF00FEFF0D1FDEC500000000000000000000
(00.040925) can0 DB#390E00202D78880D4880831A3FF47F55564DC116B3281D5C060300F1FFFFFFFF0A91D38F000000000000000000000000
(00.041444) can0 DC#39100016BFF380AE220AFADC4035280000000000FFFF09B1681C000000000000
(00.042820) can0 D4#39040C050E0FF4FFFF000000
(00.043020) can0 E3#39042208003D877E780FFAFF
(00.045901) can0 DB#390F0015AB5F8820FFFF7FCFFFFF3FFFFFFFFFFFFF0B7528BB00000000000000
(00.048191) can0 E3#4100050801DFDBAF1632AA6E0500000CF5FCFF000000000011C494EB00000000
(00.000704) can0 DB#390F001561CA6A20FFFF7FCFFFFF3FFFFFFFFFFFFFCFC3259C00000000000000
(00.007044) can0 E3#0500000CF5FCFF0000000000D57FCC2B
(00.007288) can0 4F#28A8080018C942DB
(00.011445) can0 D9#3913001548612E09A057CDD36F1038F0FFFFFFFFFFCE0B545700000000000000
(00.012136) can0 2D#816F8105C4090090709758A26F5205000800A0FEFFFF7F0C02D235FFFFFFFF00FEFFD4016BB400000000000000000000
(00.015682) can0 DB#390E0020F4656B0D4880831A3FF77F55564DC116B3281D5C060300F1FFFFFFFFD07830C1000000000000000000000000
(00.016206) can0 DC#39100016BFD963AE220AFADC4035280000000000FFFFCF5B16C0000000000000
(00.016588) can0 18E19490#040200020002008836EB0C560D22015E010806010101010200000000000000000000000000000000000000000000000000000000000000001311001505150000
(00.020695) can0 DB#390F001583DA6B20FFFF7FCFFFFF3FFFFFFFFFFFFFD128F19900000000000000
(00.026617) can0 D9#39FE2808290000000000000039130015AA712F09A057CDD36F1038F0FFFFFFFFFFD0B433320000000000000000000000
(00.027141) can0 E3#4100050800800343CE8FD48400800004C5510800
(00.032118) can0 2D#A0748205C4090090709758A26F5205000800A0FEFFFF7F0C02D235FFFFFFFF00FEFFD642145100000000000000000000
(00.035651) can0 DB#390E010F7C35FFFFFFFFFFFFFF4FD308BCFDFF390E0020189A6C0D4880831A3FF77F55564DC116B3281D5C060300F1FFFFFFFFD2A44EA2000000000000000000
(00.036311) can0 DC#3910001620B164AE220AFADC4035280000000000FFFFD1F9E88C000000000000
(00.036885) can0 D9#3913010B58AE68559500FE03BAFFEF00
(00.040693) can0 DB#390F00152DA86C20FFFF7FCFFFFF3FFFFFFFFFFFFFD3C8FD7700000000000000
(00.045761) can0 18E19490#000000A55555555505000000000000000000001A5A80000001000100010000000000000051514F020102019B016E015101390152524F19011311001505150000
(00.047039) can0 E3#4100050801F4BDF9CE971B29
(00.003635) can0 DB#390F001545C74920FFFF7FCFFFFF3FFFFFFFFFFFFF8DDCE20E00000000000000
(00.009973) can0 E3#410005080141E7FE69DBCED3
(00.014342) can0 D9#3913001569800D09A0570DD26F1038F0FFFFFFFFFF8DD0B23200000000000000
(00.015065) can0 2D#D9FD6005C4090090709758A26F5205000800A0FEFFFF7F0C02D235FFFFFFFF00FEFF9204944300000000000000000000
(00.018600) can0 DC#39100110154140005100D642119C002005F0FFF5391000168F3742AE220AFADC4035280000000000FFFF8DE819F20000
(00.019120) can0 DB#390F01064D850460A01C390E002064934A0D4880831A3FF77F55564DC116B3281D5C060300F1FFFFFFFF8EACEA390000
(00.019628) can0 18E19490#028400646464010000008F12020000000000000002010501BD04000000000000000000004B14D205FE04841300000000AC0C800C3D0FBB0B1311001505150000
(00.023633) can0 DB#390F001563F64A20FFFF7FCFFFFF3FFFFFFFFFFFFF8F78961200000000000000
(00.034324) can0 D9#3913001570010E09A0578DD16F1038F0FFFFFFFFFF8F0B3F4A00000000000000
(00.035078) can0 2D#C6F46105C4090090709758A26F5205000800A0FEFFFF7F0C02D235FFFFFFFF00FEFF9447CE9100000000000000000000
(00.035601) can0 D4#39040604A0E57B84
(00.035761) can0 E3#3980000C007FE0820F30B0FE9593E237
(00.038566) can0 DC#39100016AB9F43AE220AFADC4035280000000000FFFF8FFA956E000000000000
(00.038948) can0 DB#390E0020F0B74B0D4880831A3FF77F55564DC116B3281D5C060300F1FFFFFFFF90151EFF000000000000000000000000
(00.043644) can0 DB#390F001581E64B20FFFF7FCFFFFF3FFFFFFFFFFFFF91BB8B0300000000000000
(00.048639) can0 18E19490#030000920192011200130005000000020000000000000000000000000000000000AC0C861300800C11001300060054D9055316D70CC409001311001505150000
(00.001449) can0 D9#39130015DE00EE09A0570DD16F1038F0FFFFFFFFFF4E70FD673913010B58AE58559500FE03BAFFEF0000000000000000
(00.001963) can0 2D#07C74105C4090090709758A26F5205000800A0FEFFFF7F0C02D235FFFFFFFF00FEFF544B7DFC00000000000000000000
(00.005137) can0 DC#39100016975523AE220AFADC4035280000000000FFFF4E6926A3000000000000
(00.005517) can0 DB#390E010F8435FFFFFFFFFFFFFF4FD308BCFDFF390E0020DDD12B0D4880831A3FF77F55564DC116B3281D5C060300F1FFFFFFFF4F8B014F000000000000000000
(00.006531) can0 E3#3204000C5A4C0F53670700F053995B5F
(00.010167) can0 DB#390F001587A22B20FFFF7FCFFFFF3FFFFFFFFFFFFF5091D69200000000000000
(00.016508) can0 E3#41000508017C66286030A08402800008C7DD170183331883
(00.020834) can0 D9#39130015E9A6EF09A0578DD06F1038F0FFFFFFFFFF508BDCDB00000000000000
(00.021596) can0 2D#26DC4205C4090090709758A26F5205000800A0FEFFFF7F0C02D235FFFFFFFF00FEFF563D394E00000000000000000000
(00.025070) can0 DC#39100110154140005100A6420C9C002005F0FFF139100016083D24AE220AFADC4035280000000000FFFF505F90CD0000
(00.025594) can0 DB#390F01064D850460A01C390E0020312E2C0D4880831A3FF77F55564DC116B3281D5C060300F1FFFFFFFF5242D48D0000
(00.026102) can0 18E19490#028400646464010000007312020000000000000001010501BE04010001000000010000004E14D205FD04881300000000AC0C800C030FBB0B1311001505150000
(00.030167) can0 DB#390F001529D02C20FFFF7FCFFFFF3FFFFFFFFFFFFF537E66FD00000000000000
(00.040991) can0 D9#3913001553A1F009A0574DD16F1038F0FFFFFFFFFF53CDCA9000000000000000
(00.041610) can0 2D#39D54305C4090090709758A26F5205000800A0FEFFFF7F0C02D235FFFFFFFF00FEFF58CB01C700000000000000000000
(00.042133) can0 D4#39040604FA477584
(00.042294) can0 E3#3980000C007FE0820F30B0FE59D79204
(00.045036) can0 DC#391000162C9525AE220AFADC4035280000000000FFFF535A5DF8000000000000
(00.045418) can0 DB#390E0020A50A2D0D4880831A3FF77F55564DC116B3281D5C060300F1FFFFFFFF54157AB0000000000000000000000000
(00.001292) can0 21C#1102010205D802B401A100E700810058004A0041003B059D027D017B00D1007700510044003C003705610246015400BC006D004B003E00370032051E02210139
(00.001977) can0 21D#304028
(00.002146) can0 21C#2100AF00690049003D0036003204DA01FB011E00A100650047003B0034003104BE01ED0117009E00620046003B00340030048701D2010A0097005E0044003900
(00.002920) can0 2D#7A812305C4090090709758A26F5205000800A0FEFFFF7F0C02D235FFFFFFFF00FEFF17099A1F00000000000000000000
(00.003445) can0 D9#3913001581C7D009A0570DD16F1038F0FFFFFFFFFF137C55F33913010B58AE58559500FE03BAFFEF0000000000000000
(00.006379) can0 DC#3910001638D305AE220AFADC4035280000000000FFFF12AB8308000000000000
(00.006762) can0 DB#390E010F8435FFFFFFFFFFFFFF4FD308BCFDFF390E0020A1D80D0D4880831A3FF77F55564DC116B3281D5C060300F1FFFFFFFF13EBEED1000000000000000000
(00.011479) can0 DB#390F0015C9FC0D20FFFF7FCFFFFF3FFFFFFFFFFFFF14B175EF00000000000000
(00.017827) can0 E3#4100050801649D2EAA245886
(00.022096) can0 D9#39130015C68ED109A0574DD06F1038F0FFFFFFFFFF1502925300000000000000
(00.022917) can0 2D#27BE2405C4090090709758A26F5205000800A0FEFFFF7F0C02D235FFFFFFFF00FEFF19A36CAD00000000000000000000
(00.026314) can0 DC#3910011015414030510076060C9C002005F0FFF139100016753B06AE220AFADC4035280000000000FFFF14B07D3F0000
(00.026837) can0 DB#390F01064D850460BC1C390E00201DB50E0D4880831A3FF77F55564DC116B3281D5C060300F1FFFFFFFF15D883EC0000
(00.027348) can0 18E19490#02840064646401000000A112020000000000000002010501BE04010000000000FFFF00004E14D305FD04851300000000AC0C800C180FBB0B1311001505150000
(00.028058) can0 21C#22330030045D01C301050098005D0043003900330030045301BE01020095005D004200380033002F048801C301040096005E004300380033002F054B01FB0116
(00.031477) can0 DB#390F0015EFCD0E20FFFF7FCFFFFF3FFFFFFFFFFFFF16449DCF00000000000000
(00.042081) can0 D9#3913001545E6D209A0570DD16F1038F0FFFFFFFFFF1617F6D800000000000000
(00.042926) can0 2D#38B72505C4090090709758A26F5205000800A0FEFFFF7F0C02D235FFFFFFFF00FEFF1B267A0100000000000000000000
(00.043450) can0 D4#39040604F6346F84
(00.043611) can0 E3#3980000C007FE0821030B0FE1D1DA95F
(00.046281) can0 DC#39100016519307AE220AFADC4035280000000000FFFF16C5516B000000000000
(00.046663) can0 DB#390E002089910F0D4880831A3FF77F55564DC116B3281D5C060300F1FFFFFFFF179B839C000000000000000000000000
(00.006423) can0 E3#4100050800800343CE8EE4FE008000044B4BF000
(00.011304) can0 D9#39130015F9ABB709A0574DD16F1038F0FFFFFFFFFFE132ABF43913010B58AE48559500FE03BAFFEF0000000000000000
(00.011816) can0 2D#5CF30A05C4090090709758A26F5205000800A0FEFFFF7F0C02D235FFFFFFFF00FEFFE686E67C00000000000000000000
(00.014269) can0 DC#39100016D4A8ECAE220AFADC4035280000000000FFFFE0090D68000000000000
(00.014651) can0 DB#390E010F8435FFFFFFFFFFFFFF4FD308BCFDFF390E0020E8BFF40D4880831A3FF77F55564DC116B3281D5C060300F1FFFFFFFFE1065FE1000000000000000000
(00.016459) can0 E3#39060B08001111180000D0FF
(00.019518) can0 DB#390F001534C1F420FFFF7FCFFFFF3FFFFFFFFFFFFFE26559CA00000000000000
(00.024300) can0 18E19490#000000A55555555505000000000000000000001A5A80000001000100010000000000000051514F040102019B016F015001380152524F26011311001505150000
(00.026439) can0 E3#4100050801775B12DA6DB038
(00.026720) can0 4F#20CF03A00049A324
(00.030051) can0 D9#39130015475EB809A0574DD16F1038F0FFFFFFFFFFE38B4A1F00000000000000
(00.031726) can0 2D#43FA0B05C4090090709758A26F5205000800A0FEFFFF7F0C02D235FFFFFFFF00FEFFE8D9F79D00000000000000000000
(00.034340) can0 DC#391001101542403251004E160C9C002005F0FFF139100016F000EDAE220AFADC4035280000000000FFFFE232EA7B0000
(00.034858) can0 DB#390E00207C9BF50D4880831A3FF77F55564DC116B3281D5C060300F1FFFFFFFFE4E557BF000000000000000000000000
(00.039487) can0 DB#390F0015D6D1F520FFFF7FCFFFFF3FFFFFFFFFFFFFE515B22800000000000000
(00.004460) can0 D9#3913001569479B0AA0570DCE6F1040F0FFFFFFFFFFA94B842F00000000000000
(00.007458) can0 2D#674CEE05C4090090709758A26F5205000800A0FEFFFF7F0C02D235FFFFFFFF00FEFFAE4A5B7700000000000000000000
(00.007980) can0 D4#39040604E92A6484
(00.008737) can0 DC#391000169D5CD0AE220AFADC4035280000000000FFFFA981CF5D000000000000
(00.009119) can0 18E19490#010200500D5E01800CF600BC02060600000000401F020000AC0D432B012003000002AD012B1200000202B5031B330000AC0D401F0C6021521311001505150000
(00.009820) can0 DB#390E0020CB1ED80D4880831A3FF67F55564DC116B3281D5C060300F1FFFFFFFFAAF8313C000000000000000000000000
(00.014035) can0 DB#390F0015AE39D820FFFF7FCFFFFF3FFFFFFFFFFFFFAB140BAE00000000000000
(00.016752) can0 44#04
(00.024543) can0 D9#39130015886A9C0AA0574DCD6F1040F0FFFFFFFFFFAB7BC47000000000000000
(00.027496) can0 2D#7845EF05C4090090709758A26F5205000800A0FEFFFF7F0C02D235FFFFFFFF00FEFFAFF4C40400000000000000000000
(00.028720) can0 DC#39100016B9F4D1AE220AFADC4035280000000000FFFFABC57529000000000000
(00.029101) can0 DB#390E00205F3AD90D4880831A3FF67F55564DC116B3281D5C060300F1FFFFFFFFAC06DB39000000000000000000000000
(00.032175) can0 D4#39040C050E0FF4FFFF3915011444FD93D9F85FF5FFFFFFFFFE0700A02801FEFFFF000000000000000000000000000000
(00.032707) can0 E3#39042208003D867E780FFAFF
(00.034034) can0 DB#390F00154C29D920FFFF7FCFFFFF3FFFFFFFFFFFFFADC4243600000000000000
(00.038890) can0 18E19490#02840064646401000000C212030000000000000001010501BE04000001000000010000004D14D305FB04871300000000AC0C800C180FBB0B1311001505150000
(00.042121) can0 D4#390C140CFFFFFFFFFDFFFFFFFFFFFFFF
(00.044472) can0 D9#391300156A7A9D0AA0574DCD6F1040F0FFFFFFFFFFAD652AD800000000000000
(00.047267) can0 2D#2DA3F005C4090090709758A26F5205000800A0FEFFFF7F0C02D235FFFFFFFF00FEFFB21F764F00000000000000000000
(00.048783) can0 DC#39100016F41CD2AE220AFADC4035280000000000FFFFAD89BE7A000000000000
(00.049165) can0 DB#390E0020E357DA0D4880831A3FF67F55564DC116B3281D5C060300F1FFFFFFFFAE239AB4000000000000000000000000
(00.001480) can0 D4#39040C050E0FF4FFFF3915011444CD91D9F85FF5FFFFFFFFFE0700A02801FEFFFF000000000000000000000000000000
(00.002011) can0 4F#28FD0100361BF189
(00.002176) can0 E3#39042208003D867E780FFAFF
(00.003293) can0 DB#390F00158E4CBB20FFFF7FCFFFFF3FFFFFFFFFFFFF71F36AF200000000000000
(00.008083) can0 18E19490#028400646464010000008212030000000000000001010501BD04010000000000010000004D14D205FC04871300000000AC0C800C340FBB0B1311001505150000
(00.011562) can0 D4#390C140CFFFFFFFFFDFFFFFFFFFFFFFF
(00.013765) can0 D9#391300153FEA7F0AA0574DCE6F1040F0FFFFFFFFFF702F410800000000000000
(00.016826) can0 2D#D282D205C4090090709758A26F5205000800A0FEFFFF7F0C02D235FFFFFFFF00FEFF765564FF00000000000000000000
(00.017926) can0 DC#391000167316B4AE220AFADC4035280000000000FFFF71AA5419000000000000
(00.018307) can0 DB#390E0020B6EABC0D4880831A3FF67F55564DC116B3281D5C060300F1FFFFFFFF729A8A7F000000000000000000000000
(00.023281) can0 DB#390F0015203EBC20FFFF7FCFFFFF3FFFFFFFFFFFFF73D21E7000000000000000
(00.026745) can0 E3#00800004A9ECE5004100050800800343CE8E76E3
(00.034697) can0 D9#391300155EEF800AA0570DCE6F1040F0FFFFFFFFFF7215D5C23913010B58AE48559500FE03BAFFEF0000000000000000
(00.036739) can0 2D#CD8BD305C4090090709758A26F5205000800A0FEFFFF7F0C02D235FFFFFFFF00FEFF787E901B00000000000000000000
(00.037862) can0 DC#3910001657BEB5AE220AFADC4035280000000000FFFF73350E6C000000000000
(00.038243) can0 18E19490#030000880188011300150005000000010000000000000000000000000000000000AC0C8613001C0C12001400060054D9055016D40CC409001311001505150000
(00.038960) can0 DB#390E010F7C35FFFFFFFFFFFFFF4FD308BCFDFF390E002022CEBD0D4880831A3FF67F55564DC116B3281D5C060300F1FFFFFFFF74956FDD000000000000000000
(00.041513) can0 E3#39060B08001111180000D0FF
(00.043312) can0 DB#390F0015C22EBD20FFFF7FCFFFFF3FFFFFFFFFFFFF756C449800000000000000
(00.002891) can0 DB#390F0015B9E4A020FFFF7FCFFFFF3FFFFFFFFFFFFF3B35807800000000000000
(00.007555) can0 18E19490#040300020002008836EB0C560D22015E010806010101010200000000000000000000000000000000000000000000000000000000000000001311001505150000
(00.011019) can0 E3#3980000C00FFA5820F30B0FE416679FC
(00.013338) can0 D9#3913001537F2640AA057CDCD6F1040F0FFFFFFFFFF3B3DD4A200000000000000
(00.016351) can0 2D#F2FBB705C4090090709758A26F5205000800A0FEFFFF7F0C02D235FFFFFFFF00FEFF409C3EB900000000000000000000
(00.016876) can0 D4#39040604863F5984
(00.017484) can0 DC#39100016146999AE220AFADC4035280000000000FFFF3BD01A17000000000000
(00.018098) can0 DB#390E0020F101A10D4880831A3FF67F55564DC116B3281D5C060300F1FFFFFFFF3CB6D1B7000000000000000000000000
(00.022902) can0 DB#390F00155BF4A120FFFF7FCFFFFF3FFFFFFFFFFFFF3DE5E8F400000000000000
(00.033326) can0 D9#391300153A08650AA0570DCE6F1040F0FFFFFFFFFF3DD2121C00000000000000
(00.036369) can0 2D#578CB805C4090090709758A26F5205000800A0FEFFFF7F0C02D235FFFFFFFF00FEFF42B5513000000000000000000000
(00.037412) can0 DC#3910001659819AAE220AFADC4035280000000000FFFF3DD40998000000000000
(00.037795) can0 18E19490#000000A55555555505000000000000000000001A5A80000001000100010000000000000052514F020102019C016F015001390152524F30011311001505150000
(00.038505) can0 DB#390E00204D6CA20D4880831A3FF67F55564DC116B3281D5C060300F1FFFFFFFF3EFBC8B5000000000000000000000000
(00.041090) can0 D4#39FE1D08594062014002000039040C050E0FF4FFFF000000
(00.041398) can0 E3#39042208003D877E780FFAFF
(00.041594) can0 4F#28870000184E8599
(00.042903) can0 DB#390F00157DC5A220FFFF7FCFFFFF3FFFFFFFFFFFFF3F6DFDEE00000000000000
