(00.004195) can0 DB#390F00155F8CE120FFFF7FCFFFFF3FFFFFFFFFFFFF71E6086C00000000000000
(00.006003) can0 2D#BBDD0204C4090090709758624652952B98DF30FFFFFF7F4002D235FFFFFFFF00FEFF7569D1BE00000000000000000000
(00.010211) can0 D9#3913010B58BA58559500FE03BAFFEF391300158D48E007A059CDDF0F1228F0FFFFFFFFFF71AD707E0000000000000000
(00.010886) can0 E3#4100050800800343CDB1741E
(00.013650) can0 DC#39100016B1B8E00EA22100235C352C0000000000FFFF7188AB84000000000000
(00.014030) can0 18E19490#0458015D010F003E30EE0C5D0D220166010803010101010100000000000000000000000000000000000000000000000000000000000000001311001505150000
(00.019538) can0 DB#390E002048A4E20F6880831A3F298095584DC116B3281D5C060300F1FFFFFFFF73993B8B000000000000000000000000
(00.020891) can0 E3#008000049028CC00
(00.024212) can0 DB#390F001579BDE220FFFF7FCFFFFF3FFFFFFFFFFFFF73B49BBE00000000000000
(00.026015) can0 2D#A4D40304C4090090709758624652952B98DF30FFFFFF7F4002D235FFFFFFFF00FEFF777FEC0500000000000000000000
(00.026538) can0 D4#3904060438DBD484
(00.030351) can0 D9#39130015DCA7E107A0594DE00F1228F0FFFFFFFFFF7331430800000000000000
(00.030875) can0 E3#4100050801B6F5166D9E6546
(00.033765) can0 DC#3910011055413F005310D142E99C122095C0FFF539100016FD3DE10EA20100235C352C0000000000FFFF73FA8BDF0000
(00.039550) can0 DB#39FE0B086100000001000000390E0020DC80E30F6880831A3F298095584DC116B3281D5C060300F1FFFFFFFF75EB9DFD
(00.043575) can0 18E19490#0000000100000055056806D8030000EF0165013B028E000082018E010000FD08F108000053524FFA00F900AE017A015701320153534E46031311001505150000
(00.044272) can0 DB#390F00159BADE320FFFF7FCFFFFF3FFFFFFFFFFFFF75D167DE00000000000000
(00.046013) can0 2D#F9EB0404C4090090709758624652952B98DF30FFFFFF7F4002D235FFFFFFFF00FEFF79E2610300000000000000000000
(00.000129) can0 E3#4100050801C891A668D1797F
(00.002949) can0 DC#3910011055413F2D52108946E99C122095C0FFF53910001629BAB40EA20100235C352C0000000000FFFF1974AE3B0000
(00.008800) can0 DB#390E0020E8ADB60E6880831A3F298055584DC116B3281D5C060300F1FFFFFFFF1BB38BAC000000000000000000000000
(00.012762) can0 18E19490#0000000100000055056906D8030000EF0165013B028E000082018E010000F708F008000053524FFA00FA00AF017A015701320153534E35031311001505150000
(00.013507) can0 DB#390F0015F498B620FFFF7FCFFFFF3FFFFFFFFFFFFF1B3FB0E100000000000000
(00.015245) can0 2D#A4EAD704C4090090709758624652952B88DF30FFFFFF7F4002D235FFFFFFFF00FEFF1F3BA00C00000000000000000000
(00.019289) can0 D9#39130015216DB507A0598DE00F1228F0FFFFFFFFFF1BCA451E00000000000000
(00.020156) can0 E3#39042208003C067E780FFAFF
(00.022860) can0 DC#39100016653FB50EA22100235C352C0000000000FFFF1BD2ECBE000000000000
(00.025188) can0 D4#39040C050E0FF4FFFF000000
(00.028811) can0 DB#390E010F8435FFFFFFFFFFFFFF1FD308BCFDFF390E00207C89B70E6880831A3F298055584DC116B3281D5C060300F1FFFFFFFF1D122E77000000000000000000
(00.033471) can0 DB#390F00151688B720FFFF7FCFFFFF3FFFFFFFFFFFFF1D6249DD00000000000000
(00.035237) can0 2D#019DD804C4090090709758624652952B88DF30FFFFFF7F4002D235FFFFFFFF00FEFF215E8CAB00000000000000000000
(00.035757) can0 E3#3980000C00FFC08F4030B0FE23F1CB17
(00.039303) can0 D9#39130015C44CB607A059CDDF0F1228F0FFFFFFFFFF1D47417400000000000000
(00.042792) can0 DC#3910001628D7B60EA22100235C352C0000000000FFFF1D475039000000000000
(00.043174) can0 18E19490#01EB01570D6501800CE900BC02060620030000401F01A800AC0DEF06012003540E01FA06870C0000010100000538D007AC0D401F0C1804551311001505150000
(00.048697) can0 DB#390E00207757B80F6880831A3F298055584DC116B3281D5C060300F1FFFFFFFF1FE7361D000000000000000000000000
(00.001497) can0 D9#391300152D969207A0590DE00F1228F0FFFFFFFFFFD5B5159E00000000000000
(00.002409) can0 E3#39042208003C067E780FFAFF
(00.004950) can0 DC#39100016EE11920EA22100235C352C0000000000FFFFD5ADCD8F000000000000
(00.005330) can0 18E19490#0284006464640100032757020300000000000000F900FB00BD04C204C6040200FEFF00004E14C00576057E13000008028008800C590F2C0D1311001505150000
(00.007447) can0 D4#39040C050E0FF4FFFF3915011445FD93E5F85FF5FFFFFFFFFE0700A02875FEFFFF000000000000000000000000000000
(00.011110) can0 DB#390E010F8435FFFFFFFFFFFFFF1FD308BCFDFF390E0020C436940E6880831A3F298055584DC116B3281D5C060300F1FFFFFFFFD7BAD047000000000000000000
(00.015732) can0 DB#390F001532859420FFFF7FCFFFFF3FFFFFFFFFFFFFD70C063200000000000000
(00.017485) can0 2D#D9ACB504C4090090709758624652952B88DF30FFFFFF7F4002D235FFFFFFFF00FEFFDBFB0F0300000000000000000000
(00.021498) can0 D9#39130015DCCC9307A0590DDF0F1228F0FFFFFFFFFFD7B3FF3D00000000000000
(00.024957) can0 DC#39100016CAB9930EA22100235C352C0000000000FFFFD7B29849000000000000
(00.025827) can0 21C#2400000000000000
(00.030968) can0 DB#390F01064E850460F81C390E00205012950E6880831A3F298055584DC116B3281D5C060300F1FFFFFFFFD9CE6A820000
(00.034948) can0 18E19490#036806CA1659D2110E0F0E1E00F800F7000000050105010000EF01EF01000000000A02102700AC0D0E0E0E0E1F0094DB055B16D40C841C001311001505150000
(00.035713) can0 DB#390F0015D0959520FFFF7FCFFFFF3FFFFFFFFFFFFFD902600E00000000000000
(00.037488) can0 2D#F8B7B604C4090090709758624652952B88DF30FFFFFF7F4002D235FFFFFFFF00FEFFDD9E8E5C00000000000000000000
(00.041498) can0 D9#39130015A7089407A0598DDE0F1228F0FFFFFFFFFFD926BD0D00000000000000
(00.045049) can0 DC#3910001655D1940EA22100235C352C0000000000FFFFD9B4F3FB000000000000
(00.004287) can0 DB#390F001592437320FFFF7FCFFFFF3FFFFFFFFFFFFF95675EEB00000000000000
(00.006060) can0 2D#07969404C4090090709758624652952B88DF30FFFFFF7F4002D235FFFFFFFF00FEFF993F45CA00000000000000000000
(00.010930) can0 E3#4100050800800343CDB0987B
(00.011124) can0 D9#3913010B58BA58559500FE03BAFFEF3913001530687207A0590DDF0F1228F0FFFFFFFFFF9558DF210000000000000000
(00.013441) can0 DC#39100016A3D3720EA22100235C352C0000000000FFFF95D27BCD000000000000
(00.019531) can0 DB#390E00205599740E6880831A3F298055584DC116B3281D5C050300F1FFFFFFFF97B941BF000000000000000000000000
(00.020932) can0 E3#008000044E02B600
(00.023401) can0 18E19490#01EC01570D6501800CE900BC02060620030000401F01C303AC0DF606012003600E01FA06860C0000010100000D38D007AC0D401F0C0B14551311001505150000
(00.024306) can0 DB#390F00153C317420FFFF7FCFFFFF3FFFFFFFFFFFFF97874BBB00000000000000
(00.026075) can0 2D#189F9504C4090090709758624652952B88DF30FFFFFF7F4002D235FFFFFFFF00FEFF9BAD693600000000000000000000
(00.026596) can0 D4#3904060441EABE84
(00.030266) can0 D9#39130015D2787307A0590DDF0F1228F0FFFFFFFFFF97E8F67200000000000000
(00.030944) can0 E3#4100050801C6C778F35CFDA3
(00.033592) can0 DC#3910011055403F3053102156E99C122095C0FFF539100016EF56730EA20100235C352C0000000000FFFF9750A4B60000
(00.039640) can0 DB#390E0020C1BD750E6880831A3F298055584DC116B3281D5C050300F1FFFFFFFF99A7E3DE000000000000000000000000
(00.044291) can0 DB#390F0015DE217520FFFF7FCFFFFF3FFFFFFFFFFFFF9932F74D00000000000000
(00.046062) can0 2D#39849604C4090090709758624652952B88DF30FFFFFF7F4002D235FFFFFFFF00FEFF9D99A5DB00000000000000000000
(00.002134) can0 D9#3913001592E15207A0598DDF0F1228F0FFFFFFFFFF55CCC6AF00000000000000
(00.005475) can0 DC#39100016B795520EA22100235C352C0000000000FFFF55A09F37000000000000
(00.011593) can0 DB#390E0020514B540E6880831A3F298055584DC116B3281D5C050300F1FFFFFFFF57F623EB000000000000000000000000
(00.016399) can0 DB#390F00153E0D5420FFFF7FCFFFFF3FFFFFFFFFFFFF57ACE98200000000000000
(00.018098) can0 2D#5F047504C4090090709758624652952B88DF30FFFFFF7F4002D235FFFFFFFF00FEFF5BCEA12800000000000000000000
(00.022036) can0 D9#39130015A0AB5307A059CDDF0F1228F0FFFFFFFFFF57052C0B00000000000000
(00.023268) can0 4F#20070FA00049A0EA
(00.025410) can0 DC#39100016A690530EA221002358352C0000000000FFFF57EAA38A000000000000
(00.025792) can0 18E19490#0000000100000055056906D8030000EF0165013B028E000082018E010000FC08F008000053524FFA00F900AD017A015601320153534E43031311001505150000
(00.031652) can0 DB#390E00200ADE550E6880831A3F298055584DC116B3281D5C060300F1FFFFFFFF594DB990000000000000000000000000
(00.036349) can0 DB#390F0015DC1D5520FFFF7FCFFFFF3FFFFFFFFFFFFF59AB231400000000000000
(00.038112) can0 2D#7E1F7604C4090090709758624652952B88DF30FFFFFF7F4002D235FFFFFFFF00FEFF5D61267C00000000000000000000
(00.042969) can0 D9#3913010B58BA58559500FE03BAFFEF39130015AE6C5407A0594DDF0F1228F0FFFFFFFFFF596FCB490000000000000000
(00.043483) can0 E3#4100050800800343CDB05C4B
(00.045440) can0 DC#391000160C55540EA22100235C352C0000000000FFFF596B16D5000000000000
(00.000616) can0 DB#390E002037DC2F0E6880831A3F298015584DC116B3281D5C050300F1FFFFFFFF0DAB54CB000000000000000000000000
(00.004387) can0 18E19490#0000000100000055056806D8030000EF0165013B028E0000830190010000F708F408000053524FFA00F900AE017A015701330153534E43031311001505150000
(00.005366) can0 DB#390F00150FE12F20FFFF7FCFFFFF3FFFFFFFFFFFFF0DD3235500000000000000
(00.005761) can0 21C#230083005D0044003900340030015600EC00B40084005E0045003A00340030015700EE00B60085005F0045003A00340030000000000000000000000000000000
(00.007139) can0 2D#FD1A5004C4090090709758624652952B88DF30FFFFFF7F4002D235FFFFFFFF00FEFF1125E50500000000000000000000
(00.010994) can0 D9#391300150D7F2E07A0598DDF0F1228F0FFFFFFFFFF0DF343DE00000000000000
(00.012025) can0 E3#39042208003C067E780FFAFF
(00.014385) can0 DC#39100016D6ED2E0EA22100235C352C0000000000FFFF0DA58A56000000000000
(00.017057) can0 D4#39040C050E0FF4FFFF3915011445FD93E1F85FF5FFFFFFFFFE0700A02875FEFFFF000000000000000000000000000000
(00.020757) can0 DB#390E010F8435FFFFFFFFFFFFFF1FD308BCFDFF390E0020E30E300E6880831A3F298055584DC116B3281D5C060300F1FFFFFFFF0FD4350B000000000000000000
(00.025381) can0 DB#390F0015B00A3020FFFF7FCFFFFF3FFFFFFFFFFFFF0FBC4C7400000000000000
(00.027100) can0 2D#E2135104C4090090709758624652952B88DF30FFFFFF7F4002D235FFFFFFFF00FEFF13D4D76400000000000000000000
(00.030993) can0 D9#391300155C902F07A0590DE00F1228F0FFFFFFFFFF0F99444C00000000000000
(00.034334) can0 DC#39100016F2452F0EA22100235C352C0000000000FFFF0F21AA7E000000000000
(00.034714) can0 18E19490#01EC01570D6501800CE900BC02060620030000401F01C603AC0DF3060120035C0E01FA06830C000001010000FD37D007AC0D401F0C6223551311001505150000
(00.035441) can0 21C#2400000000000000
(00.040617) can0 DB#390F01064D850460F81C390E002083F5310E6880831A3F2A8055584DC116B3281D5C050300F1FFFFFFFF11B6BD440000
(00.045412) can0 DB#390F0015521A3120FFFF7FCFFFFF3FFFFFFFFFFFFF11F38DAE00000000000000
(00.047097) can0 2D#C3085204C4090090709758624652952B88DF30FFFFFF7F4002D235FFFFFFFF00FEFF15AD47C400000000000000000000
(00.003581) can0 E3#4100050800800343CDAFD073
(00.003987) can0 D9#3913010B58BA58559500FE03BAFFEF39130015DF190E07A059CDDF0F1228F0FFFFFFFFFFCDFFD4020000000000000000
(00.005920) can0 DC#39100016C2AB0E0EA22100235C352C0000000000FFFFCD91D332000000000000
(00.006301) can0 18E19490#045B015A010F003430ED0C5E0D220166010803010101010100000000000000000000000000000000000000000000000000000000000000001311001505150000
(00.012216) can0 DB#390E0020931D100E6880831A3F298015584DC116B3281D5C060300F1FFFFFFFFCFF292ED000000000000000000000000
(00.013597) can0 E3#0080000418D3A200
(00.016990) can0 DB#390F0015B2361020FFFF7FCFFFFF3FFFFFFFFFFFFFCF3B792900000000000000
(00.018724) can0 2D#A1473104C4090090709758624652952B88DF30FFFFFF7F4002D235FFFFFFFF00FEFFD39A1CD500000000000000000000
(00.019244) can0 D4#39040604173BAA84
(00.022798) can0 D9#391300155EAC0F07A0590DE00F1228F0FFFFFFFFFFCF2C876F00000000000000
(00.023584) can0 E3#41000508015D202BEB439B5E
(00.026009) can0 DC#3910011055413F8253108146E99C122095C0FFF139100016E6030F0EA22100235C352C0000000000FFFFCF8C08790000
(00.032227) can0 DB#390E00200739110E6880831A3F298015584DC116B3281D5C060300F1FFFFFFFFD11456DC000000000000000000000000
(00.035989) can0 18E19490#0000000100000055056806D8030000EF0165013B028D0000850192010000F508F208000053524FFA00F900AE017A015701320153514E50031311001505150000
(00.036976) can0 DB#390F001550261120FFFF7FCFFFFF3FFFFFFFFFFFFFD1D3E20300000000000000
(00.038716) can0 2D#805C3204C4090090709758624652952B88DF30FFFFFF7F4002D235FFFFFFFF00FEFFD580C39B00000000000000000000
(00.042556) can0 D9#3913001552B81007A0598DDF0F1228F0FFFFFFFFFFD1E6A38600000000000000
(00.043627) can0 E3#39042208003C067E780FFAFF
(00.045987) can0 DC#39100016F659100EA22100235C352C0000000000FFFFD1705073000000000000
(00.048654) can0 D4#39040C050E0FF4FFFF3915011445FD93E5F85FF5FFFFFFFFFE0700A02871FEFFFF000000000000000000000000000000
(00.001803) can0 DC#39100016116CEB0EA20100235C352C0000000000FFFF87CF2A01000000000000
(00.008201) can0 DB#390E00208AE8ED0E6880831A3F298015584DC116B3281D5C060300F1FFFFFFFF89BCC502000000000000000000000000
(00.009557) can0 E3#00800004860C9B00
(00.011814) can0 DC#39FE6F089401008003000000
(00.012012) can0 18E19490#01EA01570D6501800CED00BC02060620030000401F019600AC0DEF06012003540E01FB06860C000001010000FD37D007AC0D401F0C5501551311001505150000
(00.012975) can0 DB#390F0015C748ED20FFFF7FCFFFFF3FFFFFFFFFFFFF89404AEE00000000000000
(00.014721) can0 2D#35920E04C4090090709758624652952B88DF30FFFFFF7F4002D235FFFFFFFF00FEFF8D32F76B00000000000000000000
(00.015241) can0 D4#3904060460C8A384
(00.018727) can0 D9#391300157629EC07A0590DE00F1228F0FFFFFFFFFF89156F6C00000000000000
(00.019556) can0 E3#4100050801C10E9A60DCD311
(00.021992) can0 DC#3910011055413F3253104916E89C112095C0FFF539100016D384EC0EA221002358352C0000000000FFFF8993526E0000
(00.028206) can0 DB#390E0020E342EE0E5880831A3F2A8015584DC116B3281D5C060300F1FFFFFFFF8BE0D30C000000000000000000000000
(00.032961) can0 DB#390F0015E179EE20FFFF7FCFFFFF3FFFFFFFFFFFFF8BB369F200000000000000
(00.034681) can0 2D#2A9B0F04C4090090709758624652952B88DF30FFFFFF7F4002D235FFFFFFFF00FEFF8F87676400000000000000000000
(00.038487) can0 D9#391300154463ED07A0594DE00F1228F0FFFFFFFFFF8B8A3C2B00000000000000
(00.039593) can0 E3#39042208003C067E780FFAFF
(00.041801) can0 DC#39100016C281ED0EA22100235C352C0000000000FFFF8B58772E000000000000
(00.042182) can0 18E19490#0284006464640100042754020300000000000000F800FB00BB04C004D0040200FEFF00004E14C80576058213000009028008800C660F2C0D1311001505150000
(00.044628) can0 D4#39040C050E0FF4FFFF000000
(00.048217) can0 DB#390E010F8435FFFFFFFFFFFFFF1FD308BCFDFF390E0020D660EF0E6880831A3F298055584DC116B3281D5C060300F1FFFFFFFF8D5BEF9A000000000000000000
(00.003300) can0 DB#390E00208927CE0E6880831A3F298055584DC116B3281D5C050300F1FFFFFFFF4B71099E000000000000000000000000
(00.007997) can0 DB#390F0015E345CE20FFFF7FCFFFFF3FFFFFFFFFFFFF4B3F499F00000000000000
(00.009713) can0 2D#6D00EF04C4090090709758624652952B88DF30FFFFFF7F4002D235FFFFFFFF00FEFF4F51C15C00000000000000000000
(00.010234) can0 E3#410000080057314B414635454100050800800343CDAF4E17
(00.014584) can0 D9#3913010B58BA58559500FE03BAFFEF39130015854FCD07A0590DDF0F1228F0FFFFFFFFFF4BFC10180000000000000000
(00.016747) can0 DC#39100016BEEACD0EA20100235C352C0000000000FFFF4BE2B106000000000000
(00.023238) can0 DB#390E0020266DCF0E6880831A3F2A8055584DC116B3281D5C050300F1FFFFFFFF4D453D93000000000000000000000000
(00.024600) can0 E3#00800004DCAE9500410000080142315052313138
(00.026804) can0 18E19490#01EC01570D6501800CE900BC02060620030000401F010003AC0DF3060120035C0E01FB06800C0000010100000D38D007AC0D401F0C4F29551311001505150000
(00.028074) can0 DB#390F00150155CF20FFFF7FCFFFFF3FFFFFFFFFFFFF4D64461400000000000000
(00.029727) can0 2D#38E6F004C4090090709758624652952B88DF30FFFFFF7F4002D235FFFFFFFF00FEFF51EA517000000000000000000000
(00.030246) can0 D4#39040604D3469D84
(00.033542) can0 D9#391300157324CE07A0594DDF0F1228F0FFFFFFFFFF4D163B9300000000000000
(00.034584) can0 E3#410005080195A1E470D18563
(00.036920) can0 DC#3910011055413F3953101916E99C122095C0FFF5391000169B2FCE0EA22100235C352C0000000000FFFF4D73BFE20000
(00.043243) can0 DB#390E002072A1D00E6880831A3F298055584DC116B3281D5C050300F1FFFFFFFF4F8BE7CA000000000000000000000000
(00.047999) can0 DB#390F0015BEBED020FFFF7FCFFFFF3FFFFFFFFFFFFF4F4754DD00000000000000
(00.003931) can0 DB#390F01064E850460501D390E00208B15AF0E6880831A3F298015584DC116B3281D5C060300F1FFFFFFFF0DC226DA0000
(00.008679) can0 DB#390F00150711AF20FFFF7FCFFFFF3FFFFFFFFFFFFF0DFE879200000000000000
(00.010371) can0 2D#F9D5D004C4090090709758624652952B88DF30FFFFFF7F4002D235FFFFFFFF00FEFF114158E100000000000000000000
(00.014107) can0 D9#391300157560AE07A0594DDF0F1228F0FFFFFFFFFF0DA689BF00000000000000
(00.017341) can0 DC#39100016CFC8AE0EA20100235C352C0000000000FFFF0D05B449000000000000
(00.017724) can0 18E19490#0000000100000055056906D8030000EF0165013B028E0000850190010000FB08F408000053524FF900F900AD017A015701320153524E43031311001505150000
(00.023982) can0 DB#390E00202B06B00E6880831A3F298015584DC116B3281D5C050300F1FFFFFFFF0E1C433B000000000000000000000000
(00.028678) can0 DB#390F0015B8FAB020FFFF7FCFFFFF3FFFFFFFFFFFFF0E8F98AA00000000000000
(00.030385) can0 2D#E6DCD104C4090090709758624652952B88DF30FFFFFF7F4002D235FFFFFFFF00FEFF13273C8900000000000000000000
(00.035258) can0 E3#4100050800800343CDAF1254
(00.035452) can0 D9#3913010B58BA58559500FE03BAFFEF39130015E79FAF07A0598DDF0F1228F0FFFFFFFFFF0F7487D50000000000000000
(00.037364) can0 DC#39100016834DAF0EA22100235C352C0000000000FFFF0F902DBC000000000000
(00.043922) can0 DB#390E00207093B10E6880831A3F298015584DC116B3281D5C060300F1FFFFFFFF105D90AD000000000000000000000000
(00.045258) can0 E3#00800004D0DD8F00
(00.047434) can0 18E19490#01E901570D6501800CE900BC02060620030000401F01C303AC0DF306012003580E01FA06880C0000010100000538D007AC0D401F0C491F551311001505150000
(00.048697) can0 DB#390F00155AEAB120FFFF7FCFFFFF3FFFFFFFFFFFFF109B513900000000000000
(00.005917) can0 DB#390F01064E850460E81D390E00207441910E6880831A3F298015584DC116B3281D5C060300F1FFFFFFFFD1B6F70E0000
(00.010664) can0 DB#390F001558D69120FFFF7FCFFFFF3FFFFFFFFFFFFFD1D7D32700000000000000
(00.012346) can0 2D#8493B204C4090090709758624652952B88DF30FFFFFF7F4002D235FFFFFFFF00FEFFD51B456F00000000000000000000
(00.016048) can0 D9#391300152F4B9007A0598DDE0F1228F0FFFFFFFFFFD130F97C00000000000000
(00.019327) can0 DC#39100016EF7C900EA20100235C352C0000000000FFFFD18E0679000000000000
(00.019711) can0 18E19490#0000000100000055056906D8030000EF0165013B028E000081018C010000F708F508000053524FFA00FA00AE0179015701330153524E4D031311001505150000
(00.025967) can0 DB#390E0020BCED920E6880831A3F298055584DC116B3281D5C060300F1FFFFFFFFD340E427000000000000000000000000
(00.030663) can0 DB#390F00157EE79220FFFF7FCFFFFF3FFFFFFFFFFFFFD3EAFD4C00000000000000
(00.032365) can0 2D#9B9AB304C4090090709758624652952B88DF30FFFFFF7F4002D235FFFFFFFF00FEFFD7960EC000000000000000000000
(00.036982) can0 D9#3913010B58BA58559500FE03BAFFEF39130015CD5B9107A0598DDE0F1228F0FFFFFFFFFFD32804BA0000000000000000
(00.037496) can0 E3#4100050800800343CDAED63E
(00.039343) can0 DC#39100016A3F9910EA22100235C352C0000000000FFFFD3BAE640000000000000
(00.045906) can0 DB#390E002028C9930E6880831A3F298055584DC116B3281D5C060300F1FFFFFFFFD549642B000000000000000000000000
(00.047230) can0 E3#0080000449FA8900
(00.000019) can0 DB#390F0015B4727020FFFF7FCFFFFF3FFFFFFFFFFFFF8FD2B69F00000000000000
(00.001698) can0 2D#64BB9104C4090090709758624652952B88DF30FFFFFF7F4002D235FFFFFFFF00FEFF93E8556200000000000000000000
(00.002218) can0 D4#39040604590C8A84
(00.005647) can0 D9#391300154BA26F07A0590DDF0F1228F0FFFFFFFFFF8FA6BAE600000000000000
(00.006556) can0 E3#41000508012520233589F839
(00.008637) can0 DC#3910011055413F8252108146E99C112095C0FFF139100016B2E46F0EA20100235C352C0000000000FFFF8F99C1B90000
(00.009153) can0 18E19490#036906C51668D20F0E0F0E1E00F200F8000000040104010000EF01EF01000000000902102700AC0D0E0E0F0E1F0094D9056616D10C841C001311001505150000
(00.015249) can0 DB#390E002065F0710E6880831A3F2A8055584DC116B3281D5C060300F1FFFFFFFF91481BF5000000000000000000000000
(00.020005) can0 DB#390F001556627120FFFF7FCFFFFF3FFFFFFFFFFFFF9143BA3D00000000000000
(00.021688) can0 2D#45A09204C4090090709758624652952B88DF30FFFFFF7F4002D235FFFFFFFF00FEFF9584989500000000000000000000
(00.025339) can0 D9#39130015F4497007A0590DDF0F1228F0FFFFFFFFFF91E671F400000000000000
(00.026600) can0 E3#39042208003C067E780FFAFF
(00.028540) can0 DC#39100016CA93700EA22100235C352C0000000000FFFF9135F4D8000000000000
(00.031630) can0 D4#39040C050E0FF4FFFF3915011445FD93E1F85FF5FFFFFFFFFE0700A02875FEFFFF000000000000000000000000000000
(00.035262) can0 DB#390E010F8435FFFFFFFFFFFFFF1FD308BCFDFF390E0020D99D720E6880831A3F2A8055584DC116B3281D5C060300F1FFFFFFFF93711A2B000000000000000000
(00.038586) can0 18E19490#0458015B010E003E30F10C5D0D220165010803010101010100000000000000000000000000000000000000000000000000000000000000001311001505150000
(00.040020) can0 DB#390F001570537220FFFF7FCFFFFF3FFFFFFFFFFFFF938F073600000000000000
(00.041680) can0 2D#5AA99304C4090090709758624652952B88DF30FFFFFF7F4002D235FFFFFFFF00FEFF97E2796A00000000000000000000
(00.045338) can0 D9#3913001516597107A0590DDF0F1228F0FFFFFFFFFF93EBEA5000000000000000
(00.048599) can0 DC#39100016EE3B710EA22100235C352C0000000000FFFF931E9D67000000000000
(00.000486) can0 DB#390F0015545E5120FFFF7FCFFFFF3FFFFFFFFFFFFF51B9F1EA00000000000000
(00.002113) can0 2D#023B7204C4090090709758624652952B88DF30FFFFFF7F4002D235FFFFFFFF00FEFF550A3EF200000000000000000000
(00.006653) can0 D9#3913010B58BA58559500FE03BAFFEF39130015262F5007A0594DDF0F1228F0FFFFFFFFFF51B4437B0000000000000000
(00.007166) can0 E3#4100050800800343CDAE547F
(00.008969) can0 DC#39100016DED5500EA22100235C352C0000000000FFFF519A3E66000000000000
(00.015678) can0 DB#390E002012FE520E6880831A3F2A8055584DC116B3281D5C050300F1FFFFFFFF5369ED2F000000000000000000000000
(00.016980) can0 E3#0080000441D97C00
(00.020453) can0 DB#390F0015726F5220FFFF7FCFFFFF3FFFFFFFFFFFFF53FA132F00000000000000
(00.022122) can0 2D#1D327304C4090090709758624652952B88DF30FFFFFF7F4002D235FFFFFFFF00FEFF57B1B8E700000000000000000000
(00.022640) can0 D4#3904060403AE8484
(00.026147) can0 D9#39130015C43F5107A0594DDF0F1228F0FFFFFFFFFF53D0EE5A00000000000000
(00.026983) can0 E3#41000508011FB5F7FC645D63
(00.028990) can0 DC#3910011055403F3052105112E99C122095C0FFF139100016FA7D510EA22100235C352C0000000000FFFF537492110000
(00.029506) can0 18E19490#036906C0166AD2100E100E1E00FA00F1000000040104010000EF01EF01000000000902102700AC0D0E0E0E0E1F0094D9056616D70C841C001311001505150000
(00.035691) can0 DB#39FE0B086100000001000000390E002006C4530E6880831A3F298015584DC116B3281D5C060300F1FFFFFFFF5550AE45
(00.040438) can0 DB#390F0015907F5320FFFF7FCFFFFF3FFFFFFFFFFFFF5586A0CE00000000000000
(00.042117) can0 2D#400D7404C4090090709758624652952B88DF30FFFFFF7F4002D235FFFFFFFF00FEFF598D8CCE00000000000000000000
(00.045725) can0 D9#3913001537B85207A059CDDE0F1228F0FFFFFFFFFF5559F30B00000000000000
(00.047023) can0 E3#39042208003C467E782FFEFF
(00.048911) can0 DC#39100016B795520EA22100235C352C0000000000FFFF55DB943E000000000000
(00.003112) can0 D9#39130015B2943107A0598DDF0F1228F0FFFFFFFFFF13AFADA200000000000000
(00.003492) can0 21C#1102010205D802B401A100E700810058004A0041003B059D027D017B00D1007700510044003C003705610246015400BC006D004B003E00370032051E02210139
(00.006297) can0 DC#39100016C6B7310EA22100235C352C0000000000FFFF136E3DCC000000000000
(00.013176) can0 DB#390E0020DF7D330E6880831A3F2A8015584DC116B3281D5C050300F1FFFFFFFF141FDC92000000000000000000000000
(00.016385) can0 18E19490#0284006464640100032757020300000000000000F800FC00BF04C104BF040200FFFF00005014C20576057F1300000A028008800C510F2C0D1311001505150000
(00.017874) can0 DB#390F0015963B3320FFFF7FCFFFFF3FFFFFFFFFFFFF14B1510400000000000000
(00.019561) can0 2D#813E5404C4090090709758624652952B88DF30FFFFFF7F4002D235FFFFFFFF00FEFF191D750500000000000000000000
(00.024045) can0 D9#3913010B58BA58559500FE03BAFFEF3913001534103207A0590DDF0F1228F0FFFFFFFFFF15D475CC0000000000000000
(00.024561) can0 E3#4100050800800343CDAE183D
(00.026379) can0 DC#391000168B5F320EA22100235C352C0000000000FFFF1559FE73000000000000
(00.033123) can0 DB#390E0020C75D340E6880831A3F298015584DC116B3281D5C060300F1FFFFFFFF16958E22000000000000000000000000
(00.034410) can0 E3#00800004EAB17600
(00.036296) can0 DC08E2#4002000000000000
(00.037891) can0 DB#390F001538493420FFFF7FCFFFFF3FFFFFFFFFFFFF16DBCDE700000000000000
(00.039551) can0 2D#9E375504C4090090709758624652952B88DF30FFFFFF7F4002D235FFFFFFFF00FEFF1B57335D00000000000000000000
(00.040069) can0 D4#39040604E5597E84
(00.043402) can0 D9#39130015D3EC3307A059CDDE0F1228F0FFFFFFFFFF1653E94800000000000000
(00.044408) can0 E3#4100050801A427C3CF5CC0C3
(00.046424) can0 DC#3910011055403F3053102156E99C122095C0FFF539100016AFF7330EA22100235C352C0000000000FFFF16C88A600000
(00.046939) can0 18E19490#036806C41668D20F0E0F0E1E00F200F9000000050105010000EF01EF01000000000A02102700AC0D0C0E0D0E1F0094D9056D16D80C841C001311001505150000
(00.001492) can0 D4#39040C050E0FF4FFFF000000
(00.005159) can0 DB#390E010F7035FFFFFFFFFFFFFF1FD308BCFDFF390E00202F70130E6880831A3F298015584DC116B3281D5C060300F1FFFFFFFFD58437B4000000000000000000
(00.009919) can0 DB#390F001594071320FFFF7FCFFFFF3FFFFFFFFFFFFFD50CD74A00000000000000
(00.011555) can0 2D#C26A3404C4090090709758624652952B88DF30FFFFFF7F4002D235FFFFFFFF00FEFFD85B07E900000000000000000000
(00.015102) can0 D9#3913001546C31207A059CDDF0F1228F0FFFFFFFFFFD588F01900000000000000
(00.016422) can0 E3#3980000C00FFE58F4030B0FEDBF1CFDB
(00.018264) can0 DC#391000169F19120EA22100235C352C0000000000FFFFD546A109000000000000
(00.018645) can0 18E19490#01EC01570D6601800CE900BC02060620030000401F015901AC0DF306012003580E01FA06880C0000010100000538D007AC0D401F0C290F551311001505150000
(00.025143) can0 DB#390E0020C38F140E6880831A3F298015584DC116B3281D5C060300F1FFFFFFFFD7BD0108000000000000000000000000
(00.029901) can0 DB#390F00153A751420FFFF7FCFFFFF3FFFFFFFFFFFFFD773648200000000000000
(00.031541) can0 2D#DD633504C4090090709758624652952B88DF30FFFFFF7F4002D235FFFFFFFF00FEFFDB94DC8000000000000000000000
(00.035104) can0 D9#39130015C7761307A0590DE00F1228F0FFFFFFFFFFD76A4B1F00000000000000
(00.038273) can0 DC#39100016BBB1130EA22100235C352C0000000000FFFFD7D9F7F3000000000000
(00.045203) can0 DB#390E002057AB150E6880831A3F298015584DC116B3281D5C060300F1FFFFFFFFD9D5151F000000000000000000000000
(00.048361) can0 18E19490#0284006464640100042753020300000000000000F900FB00BF04C104BE040200FCFF00004B14D9057705871300000A028008800C7A0F2C0D1311001505150000
(00.004546) can0 DB#390E00206249F10E6880831A3F2A8015584DC116B3281D5C060300F1FFFFFFFF91951100000000000000000000000000
(00.007667) can0 18E19490#036906CA1663D2110E100E1E00F300F9000000050105010000EF01EF01000000000A02102700AC0D0C0E0C0E1F0094D8057116D40C841C001311001505150000
(00.009303) can0 DB#390F00155E92F120FFFF7FCFFFFF3FFFFFFFFFFFFF911B5F7700000000000000
(00.010937) can0 2D#416F1204C4090090709758624652952B88DF30FFFFFF7F4002D235FFFFFFFF00FEFF958F4E1900000000000000000000
(00.014488) can0 D9#391300155C0CF007A0598DDF0F1228F0FFFFFFFFFF9155442500000000000000
(00.017654) can0 DC#39100016BB9BF00EA22100235C352C0000000000FFFF917118F3000000000000
(00.024431) can0 D9#39FE28082900000000000000
(00.024632) can0 DB#390E00202AFBF20E6880831A3F298015584DC116B3281D5C050300F1FFFFFFFF9374099D000000000000000000000000
(00.029303) can0 DB#390F001578A3F220FFFF7FCFFFFF3FFFFFFFFFFFFF931A374700000000000000
(00.030945) can0 2D#5E661304C4090090709758624652952B88DF30FFFFFF7F4002D235FFFFFFFF00FEFF97E92CA600000000000000000000
(00.035813) can0 E3#4100050800800343CDAD96F6
(00.036008) can0 D9#3913010B58BA58559500FE03BAFFEF391300156E46F107A059CDDF0F1228F0FFFFFFFFFF933CC2B80000000000000000
(00.037591) can0 DC#391000169F33F10EA22100235C352C0000000000FFFF93D6A0DB000000000000
(00.037973) can0 18E19490#0459015A010E003430EE0C5E0D220166010803010101010100000000000000000000000000000000000000000000000000000000000000001311001505150000
(00.044547) can0 DB#390E0020BEDFF30E6880831A3F298015584DC116B3281D5C050300F1FFFFFFFF95A1DB11000000000000000000000000
(00.047591) can0 DC#39FE6F089401008003000000
(00.049304) can0 DB#390F00159AB3F320FFFF7FCFFFFF3FFFFFFFFFFFFF95595D7F00000000000000
(00.000505) can0 D9#39130015CCC1CB07A059CDDE0F1228F0FFFFFFFFFF4776B3D200000000000000
(00.001719) can0 E3#39042208003C067E780FFAFF
(00.003425) can0 DC#3910001658AACB0EA221002358352C0000000000FFFF4790875A000000000000
(00.006761) can0 D4#39040C050E0FF4FFFF39FE1D085940B20840020000000000
(00.010440) can0 DB#390E010F7035FFFFFFFFFFFFFF1FD308BCFDFF390E0020418BCD0E6880831A3F298015584DC116B3281D5C050300F1FFFFFFFF49BCE397000000000000000000
(00.013368) can0 18E19490#045B015C010F003430ED0C5D0D220165010803010101010100000000000000000000000000000000000000000000000000000000000000001311001505150000
(00.015199) can0 DB#390F0015C574CD20FFFF7FCFFFFF3FFFFFFFFFFFFF49582A5F00000000000000
(00.016815) can0 2D#7209EE04C4090090709758624652952B88DF30FFFFFF7F4002D235FFFFFFFF00FEFF4DD44F7300000000000000000000
(00.020584) can0 D9#39130015C7EACC07A0598DDF0F1228F0FFFFFFFFFF49123CBE00000000000000
(00.021676) can0 E3#3980000C00FFEE8F4130B0FE4F0E029B
(00.023488) can0 DC#39100016F26FCC0EA22100235C352C0000000000FFFF49347270000000000000
(00.030424) can0 DB#390E0020C688CE0E6880831A3F2A8015584DC116B3281D5C050300F1FFFFFFFF4B133581000000000000000000000000
(00.035178) can0 DB#390F0015E345CE20FFFF7FCFFFFF3FFFFFFFFFFFFF4BD37E8A00000000000000
(00.036793) can0 2D#6D00EF04C4090090709758624652952B88DF30FFFFFF7F4002D235FFFFFFFF00FEFF4F1E54BD00000000000000000000
(00.040427) can0 D9#3913001525FACD07A0598DDF0F1228F0FFFFFFFFFF4B972A9300000000000000
(00.040807) can0 21C#11020101000001F403E805DC07D009C40DAC138819641F402328251C271000000000000000000000000000000000000000000000000000000000000000000000
(00.043423) can0 DC#39100016D6C7CD0EA22100235C352C0000000000FFFF4B06A38A000000000000
(00.043804) can0 18E19490#0000000100000055056806D8030000EF0165013B028E0000830191010000FB08F408000053524FF900F900AD017A015601320152534E3C031311001505150000
(00.003611) can0 DB#390E0020A40EAD0E6880831A3F2980D5574DC116B3281D5C060300F1FFFFFFFF093D076C000000000000000000000000
(00.008366) can0 DB#390F0015C330AD20FFFF7FCFFFFF3FFFFFFFFFFFFF0901CAF500000000000000
(00.010005) can0 2D#B33ACE04C4090090709758624652952B88DF30FFFFFF7F4002D235FFFFFFFF00FEFF0C854CC700000000000000000000
(00.010523) can0 D4#39040604C47B6384
(00.010683) can0 E3#0080000422BF5B004100050801C5A6C0D807E000
(00.013508) can0 D9#39130015B4ADAC07A0598DDE0F1228F0FFFFFFFFFF098267B900000000000000
(00.016574) can0 DC#3910011055413F3252104916E89C112095C0FFF1391000169D15AC0E9A2100235C352C0000000000FFFF09C92A700000
(00.017087) can0 18E19490#036906C31675D2100E100E1E00F700F5000000040104010000EF01EF01000000000802102700AC0D0E0E0E0E1F0094D8055B16CF0C841C001311001505150000
(00.023614) can0 DB#390E00203E29AE0E5880831A3F298015584DC116B3281D5C050300F1FFFFFFFF0BF08F3E000000000000000000000000
(00.025092) can0 4F#28050E043710E552
(00.028370) can0 DB#390F0015E501AE20FFFF7FCFFFFF3FFFFFFFFFFFFF0B10231E00000000000000
(00.029982) can0 2D#AC33CF04C4090090709758624652952B88DF30FFFFFF7F4002D235FFFFFFFF00FEFF0EC3476E00000000000000000000
(00.033640) can0 D9#3913001586E7AD07A059CDDE0F1228F0FFFFFFFFFF0BC27E8000000000000000
(00.034891) can0 E3#39042208003C067E780FFAFF
(00.036547) can0 DC#39100016EA0DAD0EA22100235C352C0000000000FFFF0BE5F546000000000000
(00.039926) can0 D4#39040C050E0FF4FFFF000000
(00.043627) can0 DB#390E010F6C35FFFFFFFFFFFFFF1FD308BCFDFF390E002044A4AF0E6880831A3F298015584DC116B3281D5C050300F1FFFFFFFF0D75BAB7000000000000000000
(00.046489) can0 18E19490#0458015C010F002A30EB0C5D0D220165010803010101010100000000000000000000000000000000000000000000000000000000000000001311001505150000
(00.048386) can0 DB#390F00150711AF20FFFF7FCFFFFF3FFFFFFFFFFFFF0DF7E0A900000000000000
(00.002142) can0 DB#390E00204B718A0E6880831A3F298015584DC116B3281D5C060300F1FFFFFFFFC30CF291000000000000000000000000
(00.006898) can0 DB#390F00156F7E8A20FFFF7FCFFFFF3FFFFFFFFFFFFFC3355D2B00000000000000
(00.008528) can0 2D#9343AB04C4090090709758624652952B88DF30FFFFFF7F4002D235FFFFFFFF00FEFFC7EFF61A00000000000000000000
(00.009050) can0 D4#39040604C3835C84
(00.009211) can0 E3#00800004CC6B540041000508019039D8007F2588
(00.012163) can0 D9#39130015A9C18907A0598DDF0F1228F0FFFFFFFFFFC32D482100000000000000
(00.015106) can0 DC#3910011055403F3053101116E99C122095C0FFF5391000162CCB890EA22100235C352C0000000000FFFFC36F60F90000
(00.022161) can0 DB#39FE0B086100000001000000390E002010E48B0E6880831A3F298015584DC116B3281D5C050300F1FFFFFFFFC556B2FA
(00.025000) can0 18E19490#0000000100000055056806D8030000EF0165013B028E000082018F010000FB08F308000053524FFA00F900AE0179015601320153534E43031311001505150000
(00.026901) can0 DB#390F00158D6E8B20FFFF7FCFFFFF3FFFFFFFFFFFFFC5F36FA100000000000000
(00.028518) can0 2D#CE7CAC04C4090090709758624652952B88DF30FFFFFF7F4002D235FFFFFFFF00FEFFC91032D100000000000000000000
(00.031891) can0 D9#391300155FAA8A07A059CDDF0F1228F0FFFFFFFFFFC57BE93200000000000000
(00.033422) can0 E3#39042208003C467E782FFEFF
(00.035066) can0 DC#3910001661238A0EA22100235C352C0000000000FFFFC5EC9F4C000000000000
(00.036855) can0 DB#390E022A3E004900650AC4C1188C010047403E49E0D16CC24E85D88D8D82F847CE43068867E9FFFFFFFFC62EDA070000
(00.038451) can0 D4#39040C050E0FF4FFFF390C1608FFFFFFFFFFFFFFFF3915011445FD93E5F85FF5FFFFFFFFFE0700A02875FEFFFF000000
(00.042157) can0 DB#390E010F7C35FFFFFFFFFFFFFF1FD308BCFDFF390E03080D19A6F8FFFFFFFF00
(00.046831) can0 DB#390E0020FC1B8C0E6880831A3F298015584DC116B3281D5C050300F1FFFFFFFFC7027951390F0015231C8C20FFFF7FCFFFFF3FFFFFFFFFFFFFC73F52DD000000
(00.048492) can0 2D#D175AD04C4090090709758624652952B88DF30FFFFFF7F4002D235FFFFFFFF00FEFFCB3F074000000000000000000000
(00.004066) can0 DB#390F0015A5EB6820FFFF7FCFFFFF3FFFFFFFFFFFFF7F942EC500000000000000
(00.005654) can0 2D#6C628904C4090090709758624652952B88DF30FFFFFF7F4002D235FFFFFFFF00FEFF830BCC8900000000000000000000
(00.009003) can0 D9#391300158B7F6707A0594DDF0F1228F0FFFFFFFFFF7F8C676E00000000000000
(00.010567) can0 E3#39042208003C067E780FFAFF
(00.012117) can0 DC#3910001651E8670E9A01002358352C0000000000FFFF7F6947D7000000000000
(00.012500) can0 18E19490#0284006464640100042754020200000000000000F900FB00C104C004B8040200FEFF00004D14C70576058513000008028008800C7E0F2C0D1311001505150000
(00.015630) can0 D4#39040C050E0FF4FFFF39FE1D085940B20840020000000000
(00.019323) can0 DB#390E010F8435FFFFFFFFFFFFFF1FD308BCFDFF390E0020A902690E6880831A3F298015584DC116B3281D5C060300F1FFFFFFFF81FC7BCD000000000000000000
(00.024083) can0 DB#390F001547FB6920FFFF7FCFFFFF3FFFFFFFFFFFFF81F68BA900000000000000
(00.025659) can0 2D#4D798A04C4090090709758624652952B88DF30FFFFFF7F4002D235FFFFFFFF00FEFF85D2EC7900000000000000000000
(00.029091) can0 D9#3913001545656807A0598DDF0F1228F0FFFFFFFFFF815955E900000000000000
(00.030525) can0 E3#3980000C00FFC08F4130B0FE879A3146
(00.032136) can0 DC#391000162D8C680EA20100235C352C0000000000FFFF8108E1EC000000000000
(00.039306) can0 DB#390E0020156F6A0E6880831A3F298015584DC116B3281D5C060300F1FFFFFFFF831BE787000000000000000000000000
(00.042131) can0 18E19490#036806BF1668D2110E100E1E00F700EF000000040104010000EF01EF01000000000802102700AC0D0F0E0F0E1F0094D9056216D40C841C001311001505150000
(00.044111) can0 DB#390F001561CA6A20FFFF7FCFFFFF3FFFFFFFFFFFFF83F6E30900000000000000
(00.045648) can0 2D#52708B04C4090090709758624652952B88DF30FFFFFF7F4002D235FFFFFFFF00FEFF87B20ECF00000000000000000000
(00.049006) can0 D9#39130015D79A6907A0594DDF0F1228F0FFFFFFFFFF83B379AD00000000000000
(00.000139) can0 E3#39042208003C067E780FFAFF
(00.001619) can0 DC#391000161D62490EA20100235C352C0000000000FFFF43D2D4AD000000000000
(00.002000) can0 18E19490#0284006464640100032754020200000000000000F800FC00C004C004B6040200FEFF00004D14C30575058113000009028008800C970F2C0D1311001505150000
(00.005176) can0 D4#39040C050E0FF4FFFF000000
(00.008907) can0 DB#390E010F8435FFFFFFFFFFFFFF1FD308BCFDFF390E00206C624B0E5880831A3F2980D5574DC116B3281D5C060300F1FFFFFFFF45480D29000000000000000000
(00.013665) can0 DB#390F001581E64B20FFFF7FCFFFFF3FFFFFFFFFFFFF4536E84000000000000000
(00.015231) can0 2D#48D46C04C4090090709758624652952B88DF30FFFFFF7F4002D235FFFFFFFF00FEFF4888D55600000000000000000000
(00.018723) can0 D9#3913001526214A07A059CDDE0F1228F0FFFFFFFFFF45E829AA00000000000000
(00.020099) can0 E3#3980000C00FFC08F4130B0FE4B1D99B6
(00.021628) can0 DC#39100016508A4A0EA20100235C352C0000000000FFFF4541D1EA000000000000
(00.028890) can0 DB#390E002087CF4C0E5880831A3F298015584DC116B3281D5C060300F1FFFFFFFF47288172000000000000000000000000
(00.031584) can0 18E19490#036806CC1666D2100E110E1E00F200F7000000040104010000EF01EF01000000000802102700AC0D0E0E0E0E1F0094D9056016D20C841C001311001505150000
(00.033647) can0 DB#390F00152F944C20FFFF7FCFFFFF3FFFFFFFFFFFFF4736C09400000000000000
(00.035225) can0 2D#57DD6D04C4090090709758624652952B88DF30FFFFFF7F4002D235FFFFFFFF00FEFF4BD817ED00000000000000000000
(00.038540) can0 D9#3913001564844B07A0594DDE0F1228F0FFFFFFFFFF471A670800000000000000
(00.041667) can0 DC#391000161C0F4B0EA22100235C352C0000000000FFFF47984F33000000000000
(00.048949) can0 DB#390E0020FD424D0E6880831A3F298015584DC116B3281D5C060300F1FFFFFFFF49100CED000000000000000000000000
(00.000001) can0 F9#E9
(00.001865) can0 DB#390E022A3E004900650AC4C1188C010047403E49E0D16CC24E85D88D8D82F847CE43068867E9FFFFFFFFFEF778640000
(00.003377) can0 D4#39040C050E0FF4FFFF390C1608FFFFFFFFFFFFFFFF3915011445FD93E1F85FF5FFFFFFFFFE0700A02875FEFFFF000000
(00.007116) can0 DB#390E010F6435FFFFFFFFFFFFFF1FD308BCFDFF390E0308AB96A4F8FFFFFFFF00
(00.009692) can0 18E19490#0459015D010F003E30ED0C5D0D220165010803010101010100000000000000000000000000000000000000000000000000000000000000001311001505150000
(00.011791) can0 DB#390E0020FA3B280E5880831A3F298015584DC116B3281D5C060300F1FFFFFFFFFFC3867E390F0015A1932820FFFF7FCFFFFF3FFFFFFFFFFFFFFF7198F6000000
(00.013421) can0 2D#EACA4904C4090090709758624652952B88DF30FFFFFF7F4002D235FFFFFFFF00FEFF03CC9BB200000000000000000000
(00.016704) can0 D9#39130015FFE82707A0598DDF0F1228F0FFFFFFFFFFFF9B9C6E00000000000000
(00.019781) can0 DC#391000162AD4270EA201002358352C0000000000FFFFFF8A86F9000000000000
(00.021859) can0 DB#390E04105CE30B4C24B4DBFF1FAE6C75EBFFFFFF390F01064E8504605C190000
(00.022237) can0 DC085D#4002000000000000
(00.027103) can0 DB#390E002080B6290E6880831A3F298015584DC116B3281D5C060300F1FFFFFFFF0158CED5000000000000000000000000
(00.031857) can0 DB#390F001543832920FFFF7FCFFFFF3FFFFFFFFFFFFF01D2892500000000000000
(00.033419) can0 2D#CBD14A04C4090090709758624652952B88DF30FFFFFF7F4002D235FFFFFFFF00FEFF053DE9EB00000000000000000000
(00.036701) can0 D9#3913001531F22807A0594DDF0F1228F0FFFFFFFFFF0122A9BE00000000000000
(00.039736) can0 DC#391000165880280EA221002358352C0000000000FFFF0196D049000000000000
(00.040120) can0 18E19490#0000000100000055056706D7030000EF0165013B028E000083018D010000F708EF08000053524FFA00F900AD0179015601310151534E50031311001505150000
(00.046698) can0 D9#39FE28082900000000000000
(00.047193) can0 DB#390E0020F36A2A0E6880831A3F298015584DC116B3281D5C050300F1FFFFFFFF03ED541C000000000000000000000000
(00.000005) can0 2C6#149A17299A4C9226
(00.006997) can0 DB#390E0020E9AF060E6880831A3F298015584DC116B3281D5C060300F1FFFFFFFFBB297EC1000000000000000000000000
(00.011751) can0 DB#390F0015FF4A0620FFFF7FCFFFFF3FFFFFFFFFFFFFBBA690A100000000000000
(00.013302) can0 2D#13E02704C4090090709758624652952B88DF30FFFFFF7F4002D235FFFFFFFF00FEFFBF15F59E00000000000000000000
(00.016538) can0 D9#39130015491A0507A0594DDF0F1228F0FFFFFFFFFFBB1C293000000000000000
(00.017046) can0 21C#1102010F0001001D004F00F8029A049505C005C000000001001D004F00F8029A049505C005C000000001001D004F00F8029A049505C005C000000001001D004F
(00.017726) can0 21D#304028
(00.017949) can0 21C#2100F8029A049505C005C000000001001D004F00F8029A049505C005C000000001001D004F00F8029A049505C005C000000001001D004F00F8029A049505C005
(00.019560) can0 DC#39100016627F050EA20100235C352C0000000000FFFFBBEC1599000000000000
(00.027058) can0 DB#390E00207D8B070E6880831A3F298015584DC116B3281D5C060300F1FFFFFFFFBCB32A73000000000000000000000000
(00.029536) can0 18E19490#0284006464640100022754020200000000000000F900FC00BF04C004C3040100FCFF00004B14CA0575058513000009028008800C3D0F2C0D1311001505150000
(00.031752) can0 DB#390F00151D5A0720FFFF7FCFFFFF3FFFFFFFFFFFFFBC1456A100000000000000
(00.033319) can0 2D#B6972804C4090090709758624652952B88DF30FFFFFF7F4002D235FFFFFFFF00FEFFC148B6A400000000000000000000
(00.037473) can0 D9#3913010B58BA58559500FE03BAFFEF391300150E500607A0584DDF0F1228F0FFFFFFFFFFBD9B039E0000000000000000
(00.038206) can0 E3#4100050800800343CDABC0A7
(00.039617) can0 DC#391000161A3A060EA201002358352C0000000000FFFFBD191F55000000000000
(00.041851) can0 21C#22C000000001001D003B00B20236040A04A904A90000000000130031006C018D02A4034303430000000000090027004F01290218028602860000000000000000
(00.047003) can0 DB#390E00201712080E6880831A3F2980D5574DC116B3281D5C060300F1FFFFFFFFBEF7F095000000000000000000000000
(00.049424) can0 DC08E2#4002000000000000
(00.002082) can0 DB#390F01064E850460E418390E00209DAEE30E5880831A3F298015584DC116B3281D5C060300F1FFFFFFFF750D6B660000
(00.004535) can0 18E19490#036806BE166DD2100E100E1E00F500F7000000040104010000EF01EF01000000000902102700AC0D0F0E100E1F0094D9056F16CF0C841C001311001505150000
(00.006830) can0 DB#390F00159BADE320FFFF7FCFFFFF3FFFFFFFFFFFFF754E6CEC00000000000000
(00.008390) can0 2D#F3C80404C4090090709758624652952B88DF30FFFFFF7F4002D235FFFFFFFF00FEFF79C547A500000000000000000000
(00.011803) can0 D9#391300153986E207A0590DDF0F1228F0FFFFFFFFFF750729F600000000000000
(00.013544) can0 4F#207306A00049A0DD
(00.014625) can0 DC#39100016ED55E20EA221002358352C0000000000FFFF75F18DC7000000000000
(00.022133) can0 DB#390E0020571BE40E6880831A3F2980D5574DC116B3281D5C050300F1FFFFFFFF777054AB000000000000000000000000
(00.026829) can0 DB#390F001535DFE420FFFF7FCFFFFF3FFFFFFFFFFFFF77F6555900000000000000
(00.028379) can0 2D#ECC10504C4090090709758624652952B88DF30FFFFFF7F4002D235FFFFFFFF00FEFF7B3B1CC800000000000000000000
(00.033067) can0 D9#3913010B58BA58559500FE03BAFFEF39130015DE7AE307A059CDDE0F1228F0FFFFFFFFFF77500AD10000000000000000
(00.033581) can0 E3#4100050800800343CDAB7AD6
(00.034553) can0 DC#39100016C9FDE30EA221002358352C0000000000FFFF77CDF13A000000000000
(00.034937) can0 18E19490#0459015C010E004830EE0C5D0D220165010803010101010100000000000000000000000000000000000000000000000000000000000000001311001505150000
(00.042071) can0 DB#390E0020E227E50E5880831A3F2980D5574DC116B3281D5C060300F1FFFFFFFF79752822000000000000000000000000
(00.046878) can0 DB#390F0015D7CFE520FFFF7FCFFFFF3FFFFFFFFFFFFF79ECE7F200000000000000
(00.048397) can0 2D#CDDA0604C4090090709758624652952B88DF30FFFFFF7F4002D235FFFFFFFF00FEFF7C7473E200000000000000000000
(00.048920) can0 D4#390406043C8B3B84
(00.049079) can0 E3#00800004336333004100050801CFB0E5F585FEC6
(00.002163) can0 D9#391300150737C407A059CDDF0F1228F0FFFFFFFFFF3974215400000000000000
(00.005232) can0 DC#391000161F53C40EA20100235C352C0000000000FFFF39990E6A000000000000
(00.012124) can0 D9#39FE28082900000000000000
(00.012824) can0 DB#390E00207CD2C60E6880831A3F298015584DC116B3281D5C050300F1FFFFFFFF3BA08209000000000000000000000000
(00.017477) can0 DB#390F0015F3C2C620FFFF7FCFFFFF3FFFFFFFFFFFFF3B3AFBF500000000000000
(00.019016) can0 2D#9548E704C4090090709758624652952B88DF30FFFFFF7F4002D235FFFFFFFF00FEFF3F4F607900000000000000000000
(00.023423) can0 D9#3913010B58BA58559500FE03BAFFEF39130015357DC507A0598DDF0F1228F0FFFFFFFFFF3BD3645F0000000000000000
(00.023939) can0 E3#4100050800800343CDAB3E55
(00.025162) can0 DC#391000163BFBC50EA20100235C352C0000000000FFFF3B6C3DCD000000000000
(00.025543) can0 18E19490#045C0158010E003430EA0C5D0D220165010803010101010100000000000000000000000000000000000000000000000000000000000000001311001505150000
(00.032721) can0 DB#390E00202015C70E6880831A3F2980D5574DC116B3281D5C060300F1FFFFFFFF3D4B583E000000000000000000000000
(00.035079) can0 DC#39FE6F089401008003000000
(00.037478) can0 DB#390F001511D2C720FFFF7FCFFFFF3FFFFFFFFFFFFF3D1A7F0C00000000000000
(00.039039) can0 2D#303FE804C4090090709758624652952B88DF30FFFFFF7F4002D235FFFFFFFF00FEFF418A80E800000000000000000000
(00.039562) can0 D4#3904060466293584
(00.039722) can0 E3#00800004CEDA2D0041000508011CDF40E7C644A7
(00.042268) can0 D9#3913001563A3C607A0594DDF0F1228F0FFFFFFFFFF3DF873ED00000000000000
(00.045244) can0 DC#3910011055403F005210D906E99C112095C0FFF5391000162B93C60EA221002358352C0000000000FFFF3D275C070000
(00.001385) can0 DB#390E0020EDD9A50E6880831A3F298015584DC116B3281D5C050300F1FFFFFFFFF9FBF7B9000000000000000000000000
(00.006140) can0 DB#390F0015D3B7A520FFFF7FCFFFFF3FFFFFFFFFFFFFF90AE20700000000000000
(00.006536) can0 21C#23000000000000000000000000000000000000000000000000000000000000000000000000000000000000000000000000000000000000000000000000000000
(00.007678) can0 2D#4B72C604C4090090709758624652952B88DF30FFFFFF7F4002D235FFFFFFFF00FEFFFD2D3D2600000000000000000000
(00.010775) can0 D9#391300157470A407A059CDDE0F1228F0FFFFFFFFFFF9128D2700000000000000
(00.012581) can0 E3#39042208003C067E780FFAFF
(00.013781) can0 DC#391000161634A40EA201002358352C0000000000FFFFF9780B30000000000000
(00.014167) can0 18E19490#0284006464640100022755020400000000000000F800FC00BE04C004C4040200FEFF00004D14CB0575058113000009028008800C7E0F2C0D1311001505150000
(00.017614) can0 D4#39040C050E0FF4FFFF3915011445FD93E1F85FF5FFFFFFFFFE0700A02875FEFFFF000000000000000000000000000000
(00.021532) can0 DB#390E010F7C35FFFFFFFFFFFFFF1FD308BCFDFF390E00209957A60E6880831A3F2980D5574DC116B3281D5C060300F1FFFFFFFFFB96CF3E000000000000000000
(00.026206) can0 DB#390F0015F586A620FFFF7FCFFFFF3FFFFFFFFFFFFFFB0E35EA00000000000000
(00.027652) can0 2D#547BC704C4090090709758624652952B88DF30FFFFFF7F4002D235FFFFFFFF00FEFFFF402CAE00000000000000000000
(00.030775) can0 D9#391300159660A507A059CDDE0F1228F0FFFFFFFFFFFB16346600000000000000
(00.033789) can0 DC#391000166F1CA50EA22100235C352C0000000000FFFFFB2C6849000000000000
(00.036215) can0 21C#2400000000000000
(00.041388) can0 DB#390F01064E8504607016390E00202B39A70E5880831A3F298015584DC116B3281D5C050300F1FFFFFFFFFD8973370000
(00.043781) can0 18E19490#036806C61643D20F0E0F0E1E00F000F9000000030103010000EF01EF01000000000702102700AC0D100E100E1F0094D9057F16D40C841C001311001505150000
(00.046134) can0 DB#390F00151796A720FFFF7FCFFFFF3FFFFFFFFFFFFFFD59FA0800000000000000
(00.047656) can0 2D#F10CC804C4090090709758624652952B88DF30FFFFFF7F4002D235FFFFFFFF00FEFF0193CF3A00000000000000000000
(00.003317) can0 DB#390E010F9435FFFFFFFFFFFFFF1FD308BCFDFF390E0020782B830E5880831A3F2980D5574DC116B3281D5C050300F1FFFFFFFFB5AD1D45000000000000000000
(00.005671) can0 18E19490#045B0159010E003430EB0C5D0D220165010803010101010100000000000000000000000000000000000000000000000000000000000000001311001505150000
(00.008127) can0 DB#390F00159DE98320FFFF7FCFFFFF3FFFFFFFFFFFFFB5D3076900000000000000
(00.009578) can0 2D#3634A404C4090090709758624652952B88DF30FFFFFF7F4002D235FFFFFFFF00FEFFB8D9C5D000000000000000000000
(00.012640) can0 D9#391300154F2D8207A059CDDF0F1228F0FFFFFFFFFFB5D30C6300000000000000
(00.014445) can0 E3#3980000C007FE08F4130B0FEBB91A44E
(00.015680) can0 DC#39100016D19F820EA221002358352C0000000000FFFFB515CEDC000000000000
(00.023299) can0 DB#390E002094D4840E5880831A3F2980D5574DC116B3281D5C050300F1FFFFFFFFB7E8DDF3000000000000000000000000
(00.028055) can0 DB#390F0015339B8420FFFF7FCFFFFF3FFFFFFFFFFFFFB773B96000000000000000
(00.029560) can0 2D#293DA504C4090090709758624652952B88DF30FFFFFF7F4002D235FFFFFFFF00FEFFBB55B0C600000000000000000000
(00.032641) can0 D9#391300150D888307A0594DDF0F1228F0FFFFFFFFFFB7A930B000000000000000
(00.035629) can0 DC#39100016F537830EA221002358352C0000000000FFFFB7ED4DDC000000000000
(00.036012) can0 18E19490#0000000100000055056806D8030000EF0165013B028E000084018F010000F508F108000053524FF900F900AD0179015601310152524E3F031311001505150000
(00.043360) can0 DB#390E0020CF41850E5880831A3F2980D5574DC116B3281D5C060300F1FFFFFFFFB9DBEC7B000000000000000000000000
(00.048057) can0 DB#390F0015D18B8520FFFF7FCFFFFF3FFFFFFFFFFFFFB9F4568100000000000000
(00.003329) can0 DB#390E002055E9600E5880831A3F2980D5574DC116B3281D5C060300F1FFFFFFFF6F37808E390F0015B56C6020FFFF7FCFFFFF3FFFFFFFFFFFFF6FD7448C000000
(00.004845) can0 2D#942A8104C4090090709758624652952B88DF30FFFFFF7F4002D235FFFFFFFF00FEFF7333FA8600000000000000000000
(00.007885) can0 D9#39130015386F5F07A059CDDF0F1228F0FFFFFFFFFF6FC71F6900000000000000
(00.010800) can0 DC#39100016C4AC5F0EA22100235C352C0000000000FFFF6F0CBDAB000000000000
(00.011182) can0 18E19490#01EA01570D6401800CED00BC02060620030000401F01C403AC0DF306012003580E01FA06840C000001010000E437D007AC0D401F0C372F551311001505150000
(00.013350) can0 DB#390E04105CE30B4C24B4DBFF1FAE6C75EBFFFFFF390F01064E850460F81C0000
(00.013728) can0 DC085D#4002000000000000
(00.018592) can0 DB#390E0020FAA3610E5880831A3F2A80D5574DC116B3281D5C060300F1FFFFFFFF718417BB000000000000000000000000
(00.023348) can0 DB#390F0015577C6120FFFF7FCFFFFF3FFFFFFFFFFFFF71731C0C00000000000000
(00.024842) can0 2D#B5318204C4090090709758624652952B88DF30FFFFFF7F4002D235FFFFFFFF00FEFF7531439800000000000000000000
(00.027878) can0 D9#39130015250D6007A0594DDF0F1228F0FFFFFFFFFF719C881A00000000000000
(00.030779) can0 DC#39100016C0B0600EA22100235C352C0000000000FFFF71C75492000000000000
(00.037860) can0 D9#39FE28082900000000000000
(00.038681) can0 DB#390E00207DA0620E5880831A3F2980D5574DC116B3281D5C060300F1FFFFFFFF73EBC5A8000000000000000000000000
(00.040843) can0 18E19490#0284006464640100022753020300000000000000F800FC00BE04C004C4040300FEFF00004B14C80576058813000008028008800C610F2C0D1311001505150000
(00.043347) can0 DB#390F0015714D6220FFFF7FCFFFFF3FFFFFFFFFFFFF73C7139300000000000000
(00.044859) can0 2D#AA388304C4090090709758624652952B88DF30FFFFFF7F4002D235FFFFFFFF00FEFF77ADB37900000000000000000000
(00.049132) can0 D9#3913010B58BA58559500FE03BAFFEF3913001512AB6107A059CDDE0F1228F0FFFFFFFFFF733D03F20000000000000000
(00.049750) can0 E3#4100050800800343CDAA7623
(00.000241) can0 DC#391000167D77370EA22100235C352C0000000000FFFF1FD4B9AE000000000000
(00.008052) can0 DB#390F01064E850460F81C390E00206C76390E5880831A3F298015584DC116B3281D5C060300F1FFFFFFFF21283FBC0000
(00.012798) can0 DB#390F0015429D3920FFFF7FCFFFFF3FFFFFFFFFFFFF21B312B000000000000000
(00.014280) can0 2D#3B405A04C4090090709758624652952B88DF30FFFFFF7F4002D235FFFFFFFF00FEFF256453B900000000000000000000
(00.017268) can0 D9#39130015E0B63807A0590DDF0F1228F0FFFFFFFFFF21E6C2CD00000000000000
(00.020143) can0 DC#39100016670E380EA22100235C352C0000000000FFFF21FFE27A000000000000
(00.020525) can0 18E19490#0000000100000055056806D8030000EF0165013B028E000083018E010000FA08F308000053524FF900F900AC017A015601320151514E46031311001505150000
(00.028102) can0 DB#390E0020F1033A0E6880831A3F298015584DC116B3281D5C050300F1FFFFFFFF23782523000000000000000000000000
(00.032800) can0 DB#390F001564AC3A20FFFF7FCFFFFF3FFFFFFFFFFFFF23E6AE2000000000000000
(00.034294) can0 2D#24495B04C4090090709758624652952B88DF30FFFFFF7F4002D235FFFFFFFF00FEFF2769C42100000000000000000000
(00.038205) can0 D9#3913010B58BA58559500FE03BAFFEF3913001502A63907A0590DDF0F1228F0FFFFFFFFFF23884A1E0000000000000000
(00.039162) can0 E3#4100050800800343CDAA266C
(00.040158) can0 DC#3910001643A6390EA22100235C352C0000000000FFFF23230440000000000000
(00.048043) can0 DB#390E0020AA963B0E6880831A3F298015584DC116B3281D5C060300F1FFFFFFFF251AA65F000000000000000000000000
(00.000333) can0 2D#671D3B04C4090090709758624652952B88DF30FFFFFF7F4002D235FFFFFFFF00FEFFE72A4AD600000000000000000000
(00.003278) can0 D9#39130015D0C01907A0594DDF0F1228F0FFFFFFFFFFE3BBCDB600000000000000
(00.006164) can0 DC#3910001657E0190EA22100235C352C0000000000FFFFE3E534F4000000000000
(00.014110) can0 DB#390F01064E850460F81C390E002047BF1B0E5880831A3F2980D5574DC116B3281D5C060300F1FFFFFFFFE55AB0CD0000
(00.018857) can0 DB#390F001584801B20FFFF7FCFFFFF3FFFFFFFFFFFFFE50F589B00000000000000
(00.020328) can0 2D#3A223C04C4090090709758624652952B88DF30FFFFFF7F4002D235FFFFFFFF00FEFFE92E9DFD00000000000000000000
(00.023281) can0 D9#3913001526AB1A07A0590DDF0F1228F0FFFFFFFFFFE5CD83BF00000000000000
(00.025497) can0 4F#206B0EA00049A0D9
(00.026099) can0 DC#391000161A081A0EA22100235C352C0000000000FFFFE54A3FB4000000000000
(00.026483) can0 18E19490#0000000100000055056806D8030000EF0165013B028E0000860192010000F408EC08000053524FF900F800AE0178015601310153524E49031311001505150000
(00.034162) can0 DB#390E0020AB401C0E5880831A3F2980D5574DC116B3281D5C060300F1FFFFFFFFE76B5381000000000000000000000000
(00.038857) can0 DB#390F00152AF21C20FFFF7FCFFFFF3FFFFFFFFFFFFFE767E3CB00000000000000
(00.040345) can0 2D#252B3D04C4090090709758624652952B88DF30FFFFFF7F4002D235FFFFFFFF00FEFFEB044E8000000000000000000000
(00.044216) can0 D9#3913010B58BA58559500FE03BAFFEF39130015640E1B07A0598DDF0F1228F0FFFFFFFFFFE7804BF40000000000000000
(00.045210) can0 E3#4100050800800343CDA9EA15
(00.046114) can0 DC#391000160B0D1B0EA221002358352C0000000000FFFFE73D978C000000000000
(00.000053) can0 2D#FB111C04C4090090709758624652952B88DF30FFFFFF7F4002D235FFFFFFFF00FEFFA98A2DE000000000000000000000
(00.003103) can0 D9#39130015EB0FFA07A0594DE00F1228F0FFFFFFFFFFA5A61FD800000000000000
(00.004959) can0 E3#39042208003C467E782FFEFF
(00.005747) can0 DC#391000166267FA0EA221002358352C0000000000FFFFA51FA970000000000000
(00.008528) can0 DB#390E022A3E004900650AC4C1188C010047403E49E0D16CC24E85D88D8D82F847CE43068867E9FFFFFFFFA6F0060C0000
(00.009992) can0 D4#39040C050E0FF4FFFF390C1608FFFFFFFFFFFFFFFF3915011445FD93E5F85FF5FFFFFFFFFE0700A02875FEFFFF000000
(00.013828) can0 DB#390E010F8435FFFFFFFFFFFFFF1FD308BCFDFF390E03080B419EF8FFFFFFFF00
(00.015798) can0 18E19490#0459015C010F002A30ED0C5D0D220165010803010101010100000000000000000000000000000000000000000000000000000000000000001311001505150000
(00.018502) can0 DB#390E00203AEFFC0E5880831A3F2980D5574DC116B3281D5C050300F1FFFFFFFFA7D89DAA390F00152446FC20FFFF7FCFFFFF3FFFFFFFFFFFFFA7CA1C84000000
(00.020031) can0 2D#E4181D04C4090090709758624652952B88DF30FFFFFF7F4002D235FFFFFFFF00FEFFAB34915D00000000000000000000
(00.022954) can0 D9#39130015BAE0FB07A059CDDF0F1228F0FFFFFFFFFFA7C454A900000000000000
(00.025808) can0 DC#391000162EE2FB0EA201002358352C0000000000FFFFA70516C2000000000000
(00.028569) can0 DB#390E04105CE30B4C24B4DBFF1FAE6C75EBFFFFFF390F01064E850460F81C0000
(00.028948) can0 DC085D#4002000000000000
(00.033814) can0 DB#390E0020A999FD0E5880831A3F298015584DC116B3281D5C050300F1FFFFFFFFA9FD059A000000000000000000000000
(00.038567) can0 DB#390F0015C656FD20FFFF7FCFFFFF3FFFFFFFFFFFFFA98A77D300000000000000
(00.040030) can0 2D#C5031E04C4090090709758624652952B88DF30FFFFFF7F4002D235FFFFFFFF00FEFFAD13898500000000000000000000
(00.042948) can0 D9#39130015B427FC07A0594DDF0F1228F0FFFFFFFFFFA9A3C63400000000000000
(00.045745) can0 DC#39100016D9A7FC0EA221002358352C0000000000FFFFA9EC51F2000000000000
(00.046128) can0 18E19490#0000000100000055056806D8030000EF0165013B028E000083018D010000F608F408000053524FF900F900AD0179015601320153524E46031311001505150000
(00.000492) can0 2D#FEBCFA04C4090090709758624652952B88DF30FFFFFF7F4002D235FFFFFFFF00FEFF65B8B95B00000000000000000000
(00.003496) can0 D9#39130015EBEED807A059CDDE0F1228F0FFFFFFFFFF61066C8100000000000000
(00.005361) can0 E3#3980000C00FFE58F4230B0FE671DBF85
(00.006143) can0 DC#39100016774CD80EA201002358352C0000000000FFFF61DCE501000000000000
(00.006526) can0 18E19490#01EC01560D6501800CE900BC02060620030000401F01D300AC0DF206012003580E01FB06800C000001010000FD37D007AC0D401F0C1C1B551311001505150000
(00.014275) can0 DB#390E002041B4DA0E5880831A3F298015584DC116B3281D5C050300F1FFFFFFFF632914C0000000000000000000000000
(00.019031) can0 DB#390F00156A18DA20FFFF7FCFFFFF3FFFFFFFFFFFFF6364275C00000000000000
(00.020479) can0 2D#E1B5FB04C4090090709758624652952B88DF30FFFFFF7F4002D235FFFFFFFF00FEFF674C359000000000000000000000
(00.023663) can0 D9#39130015DC48D907A0594DDF0F1228F0FFFFFFFFFF6391385000000000000000
(00.024384) can0 21C#1102010C0BB80B540A2809C407D005DC03E801F40000000000000000000000000000000000000000000000000000000000000000000000000000000000000000
(00.026161) can0 DC#391000163BC9D90EA221002358352C0000000000FFFF6334D683000000000000
(00.034366) can0 DB#390E00203B39DB0E6880831A3F298015584DC116B3281D5C050300F1FFFFFFFF645C37F8000000000000000000000000
(00.036233) can0 18E19490#0284006464640100032752020200000000000000F900FB00BE04C004C7040100FDFF00004B14C50576058813000008028008800C6A0F2C0D1311001505150000
(00.039081) can0 DB#390F00158808DB20FFFF7FCFFFFF3FFFFFFFFFFFFF64548C7600000000000000
(00.040496) can0 2D#BC8AFC04C4090090709758624652952B88DF30FFFFFF7F4002D235FFFFFFFF00FEFF694D50B300000000000000000000
(00.041015) can0 21D#304028
(00.041169) can0 21C#21000000000000000000000000000000000000000000000000000000000000000000000000000000000000000000000000000000000000000000000000000000
(00.044737) can0 D9#3913010B58BA58559500FE03BAFFEF391300158A96DA07A0598DDF0F1228F0FFFFFFFFFF65F9872D0000000000000000
(00.045389) can0 E3#4100050800800343CDA9688B
(00.046232) can0 DC#391000162BA1DA0EA20100235C352C0000000000FFFF65E2154F000000000000
(00.002345) can0 D9#39130015191CB907A0590DE00F1228F0FFFFFFFFFF23CC3C4A00000000000000
(00.004201) can0 E3#39042208003C067E780FFAFF
(00.005009) can0 DC#391000166F2EB90EA201002358352C0000000000FFFF23F4A922000000000000
(00.009233) can0 D4#39040C050E0FF4FFFF000000
(00.013100) can0 DB#390E010F8435FFFFFFFFFFFFFF1FD308BCFDFF390E00203747BB0E5880831A3F298015584DC116B3281D5C060300F1FFFFFFFF259EAB0B000000000000000000
(00.017858) can0 DB#390F00158E4CBB20FFFF7FCFFFFF3FFFFFFFFFFFFF256BADD000000000000000
(00.019291) can0 2D#7DB9DC04C4090090709758624652952B88DF30FFFFFF7F4002D235FFFFFFFF00FEFF284540B800000000000000000000
(00.022260) can0 D9#391300158CD2BA07A0598DDF0F1228F0FFFFFFFFFF25D77F2C00000000000000
(00.024159) can0 E3#3980000C00FFE58F4230B0FE2B557C23
(00.024940) can0 DC#3910001622C6BA0EA201002358352C0000000000FFFF25B505FF000000000000
(00.025325) can0 18E19490#01EA01570D6401800CE900BC02060620030000401F019601AC0DF3060120035C0E01FB06870C0000010100001538D007AC0D401F0C1611551311001505150000
(00.033084) can0 DB#390E00203243BC0E6880831A3F2980D5574DC116B3281D5C060300F1FFFFFFFF27BF2639000000000000000000000000
(00.037839) can0 DB#390F0015203EBC20FFFF7FCFFFFF3FFFFFFFFFFFFF27C46E9200000000000000
(00.039278) can0 2D#62B0DD04C4090090709758624652952B88DF30FFFFFF7F4002D235FFFFFFFF00FEFF2BFABC7000000000000000000000
(00.042259) can0 D9#39130015CB9BBB07A059CDDE0F1228F0FFFFFFFFFF27B7CD7400000000000000
(00.044946) can0 DC#391000165BEEBB0EA22100235C352C0000000000FFFF27862763000000000000
(00.001056) can0 DB#390F001522029C20FFFF7FCFFFFF3FFFFFFFFFFFFFE7C9BC0D00000000000000
(00.002442) can0 2D#21E4BD04C4090090709758624652952B88DF30FFFFFF7F4002D235FFFFFFFF00FEFFEB214FA600000000000000000000
(00.005232) can0 D9#3913001519FD9B07A0598DDE0F1228F0FFFFFFFFFFE7A1C5C600000000000000
(00.007351) can0 E3#39042208003C067E780FFAFF
(00.008075) can0 DC#391000167A059B0EA221002358352C0000000000FFFFE7798F71000000000000
(00.012382) can0 D4#39040C050E0FF4FFFF000000
(00.016261) can0 DB#390E010F8435FFFFFFFFFFFFFF1FD308BCFDFF390E00204C1C9D0E5880831A3F2980D5574DC116B3281D5C060300F1FFFFFFFFE966FD55000000000000000000
(00.021022) can0 DB#390F0015C0129D20FFFF7FCFFFFF3FFFFFFFFFFFFFE95F972200000000000000
(00.022445) can0 2D#00FFBE04C4090090709758624652952B88DF30FFFFFF7F4002D235FFFFFFFF00FEFFEDC6B54100000000000000000000
(00.025230) can0 D9#39130015C7609C07A0594DDE0F1228F0FFFFFFFFFFE99DA2FB00000000000000
(00.027309) can0 E3#3980000C007FC18F4230B0FEEFC331E2
(00.027970) can0 DC#39100016E56D9C0EA221002358352C0000000000FFFFE965C606000000000000
(00.028352) can0 18E19490#01E701560D6401800CE900BC02060620030000401F01C303AC0DF606012003600E01FB06800C000001010000FD37D007AC0D401F0C1007551311001505150000
(00.036245) can0 DB#390E0020F0719E0E5880831A3F2980D5574DC116B3281D5C060300F1FFFFFFFFEB0B5267000000000000000000000000
(00.040998) can0 DB#390F0015E6239E20FFFF7FCFFFFF3FFFFFFFFFFFFFEBE09AF000000000000000
(00.042429) can0 2D#1FF6BF04C4090090709758624652952B88DF30FFFFFF7F4002D235FFFFFFFF00FEFFEFF7B58E00000000000000000000
(00.045231) can0 D9#3913001585C59D07A059CDDE0F1228F0FFFFFFFFFFEB7030D700000000000000
(00.047596) can0 4F#201E09A00049A0D7
(00.048009) can0 DC#39100016A9E89D0EA201002358352C0000000000FFFFEBB16FF8000000000000
(00.001155) can0 18E19490#036806C9166ED2110E100E1E00F800F3000000050105010000EF01EF01000000000A02102700AC0D0E0E0F0E1F0094D9056616D10C841C001311001505150000
(00.004166) can0 DB#390F001582C47B20FFFF7FCFFFFF3FFFFFFFFFFFFFA5B8AE3500000000000000
(00.005590) can0 2D#FFDE9C04C4090090709758624652952B88DF30FFFFFF7F4002D235FFFFFFFF00FEFFA9646B9C00000000000000000000
(00.008344) can0 D9#3913001520EF7A07A0590DDF0F1228F0FFFFFFFFFFA5D25C9E00000000000000
(00.011131) can0 DC#39100016136F7A0EA221002358352C0000000000FFFFA5594E65000000000000
(00.019472) can0 DB#390E002049977C0E5880831A3F2980D5574DC116B3281D5C050300F1FFFFFFFFA7696CCE000000000000000000000000
(00.024167) can0 DB#390F00152CB67C20FFFF7FCFFFFF3FFFFFFFFFFFFFA78F1B3E00000000000000
(00.025620) can0 2D#E0D79D04C4090090709758624652952B88DF30FFFFFF7F4002D235FFFFFFFF00FEFFAB6C044500000000000000000000
(00.029600) can0 D9#3913010B58BA58559500FE03BAFFEF39130015C2FF7B07A0590DDF0F1228F0FFFFFFFFFFA71430DD0000000000000000
(00.030469) can0 E3#4100050800800343CDA8AA79410000080057314B41463545
(00.031123) can0 DC#3910001637C77B0EA221002358352C0000000000FFFFA7882013000000000000
(00.031506) can0 18E19490#045B0157010E003E30EB0C5D0D220164010803010101010100000000000000000000000000000000000000000000000000000000000000001311001505150000
(00.039427) can0 DB#390E0020DDB37D0E5880831A3F2980D5574DC116B3281D5C050300F1FFFFFFFFA9A8B9D0000000000000000000000000
(00.044167) can0 DB#390F0015CEA67D20FFFF7FCFFFFF3FFFFFFFFFFFFFA96588B400000000000000
(00.045630) can0 2D#C1CC9E04C4090090709758624652952B88DF30FFFFFF7F4002D235FFFFFFFF00FEFFAD77A57500000000000000000000
(00.046149) can0 D4#390406045BBDF384
(00.046309) can0 E3#00800004F34EEB004100050801394BC0203D53C7410000080142315052313138
(00.048619) can0 D9#3913001569617C07A059CDDE0F1228F0FFFFFFFFFFA981A0E400000000000000
(00.004076) can0 DB#390F01064E850460141D390E002016D05D0E5880831A3F2980D5574DC116B3281D5C060300F1FFFFFFFF690CEAAA0000
(00.005743) can0 18E19490#036806C91663D2110E110E1E00F700F4000000040104010000EF01EF01000000000802102700AC0D0E0E0E0E1F0094DA055916D40C841C001311001505150000
(00.008872) can0 DB#390F0015CC9A5D20FFFF7FCFFFFF3FFFFFFFFFFFFF69D0726D00000000000000
(00.010233) can0 2D#86577E04C4090090709758624652952B88DF30FFFFFF7F4002D235FFFFFFFF00FEFF6DF4E9D400000000000000000000
(00.012953) can0 D9#391300150A265C07A058CDDE0F1228F0FFFFFFFFFF698083C700000000000000
(00.015721) can0 DC#39100016BCE95C0EA221002358352C0000000000FFFF69D5746F000000000000
(00.024126) can0 DB#390E0020625E5E0E5880831A3F298015584DC116B3281D5C050300F1FFFFFFFF6A1ACBBE000000000000000000000000
(00.028822) can0 DB#390F0015EAAB5E20FFFF7FCFFFFF3FFFFFFFFFFFFF6A61E9A300000000000000
(00.030240) can0 2D#995E7F04C4090090709758624652952B88DF30FFFFFF7F4002D235FFFFFFFF00FEFF6FB7947800000000000000000000
(00.034042) can0 D9#3913010B58BA58559500FE03BAFFEF391300152C145D07A0598DDF0F1228F0FFFFFFFFFF6B2F2FE20000000000000000
(00.035110) can0 E3#4100050800800343CDA86EFD
(00.035679) can0 DC#39100016ADEC5D0EA22100235C352C0000000000FFFF6B4490CF000000000000
(00.036059) can0 18E19490#045B015B010F003E30EB0C5D0D220164010803010101010100000000000000000000000000000000000000000000000000000000000000001311001505150000
(00.044068) can0 DB#390E002018D35F0E6880831A3F298015584DC116B3281D5C050300F1FFFFFFFF6CB1EC8D000000000000000000000000
(00.048822) can0 DB#390F001508BB5F20FFFF7FCFFFFF3FFFFFFFFFFFFF6C6BDA3500000000000000
(00.001517) can0 DB#390E010F8435FFFFFFFFFFFFFF1FD308BCFDFF390E0020F31A3E0E5880831A3F298095574DC116B3281D5C060300F1FFFFFFFF2B5E40C5000000000000000000
(00.006274) can0 DB#390F0015ECEF3E20FFFF7FCFFFFF3FFFFFFFFFFFFF2B1BF46C00000000000000
(00.007612) can0 D4#390C083CFE7403800000086CB5BA2983FF2F185AB0FEC401A82CE07C8FB30400009E053C400B5AD08216B4A0052D68D3F8FFFFFFFFFF00FFC9FFFFFF833EE4FF
(00.008270) can0 2D#586D5F04C4090090709758624652952B88DF30FFFFFF7F4002D235FFFFFFFF00FEFF2E432E7F00000000000000000000
(00.010354) can0 D9#391300155F533D07A0598DDE0F1228F0FFFFFFFFFF2B7812BB00000000000000
(00.013074) can0 DC#39100016A48B3D0EA221002358352C0000000000FFFF2B3B7CE0000000000000
(00.021510) can0 DB#390F01064E850460341D390E0020DC4E3F0E5880831A3F2980D5574DC116B3281D5C050300F1FFFFFFFF2D41F7090000
(00.023181) can0 18E19490#036806BD1668D2110E110E1E00F100F8000000040104010000EF01EF01000000000902102700AC0D0E0E0F0E1F0094D9056016D40C841C001311001505150000
(00.026254) can0 DB#390F00150EFF3F20FFFF7FCFFFFF3FFFFFFFFFFFFF2D9E7B2200000000000000
(00.027654) can0 2D#CCB86004C4090090709758624652952B88DF30FFFFFF7F4002D235FFFFFFFF00FEFF3102FA3A00000000000000000000
(00.030338) can0 D9#39130015ACD43E07A0590DDF0F1228F0FFFFFFFFFF2D290BB900000000000000
(00.033154) can0 DC#39100016E9633E0EA221002358352C0000000000FFFF2D3B2BB6000000000000
(00.041558) can0 DB#390E00209E8A400E5880831A3F2980D5574DC116B3281D5C050300F1FFFFFFFF2FE7AA73000000000000000000000000
(00.046254) can0 DB#390F0015B7504020FFFF7FCFFFFF3FFFFFFFFFFFFF2F005C9600000000000000
(00.047661) can0 2D#D3B16104C4090090709758624652952B88DF30FFFFFF7F4002D235FFFFFFFF00FEFF339BAE6100000000000000000000
(00.001272) can0 DB#390F001594071320FFFF7FCFFFFF3FFFFFFFFFFFFFD4736BBF00000000000000
(00.002667) can0 2D#C26A3404C4090090709758624652952B88DF30FFFFFF7F4002D235FFFFFFFF00FEFFD98E4E1900000000000000000000
(00.006647) can0 D9#3913010B58BA58559500FE03BAFFEF3913001533C01207A059CDDE0F1228F0FFFFFFFFFFD5BC2DE90000000000000000
(00.007534) can0 E3#4100050800800343CDA7D8D3
(00.008055) can0 DC#39100016AAB4120EA221002358352C0000000000FFFFD5258C63000000000000
(00.008437) can0 18E19490#045A015A010F003E30ED0C5D0D220165010803010101010100000000000000000000000000000000000000000000000000000000000000001311001505150000
(00.011424) can0 21C#22000000000000000000000000000000000000000000000000000000000000000000000000000000000000000000000000000000000000000000000000000000
(00.016525) can0 DB#390E00202A74140E5880831A3F2980D5574DC116B3281D5C060300F1FFFFFFFFD6C8349E000000000000000000000000
(00.017916) can0 DC08E2#4002000000000000
(00.021272) can0 DB#390F00153A751420FFFF7FCFFFFF3FFFFFFFFFFFFFD672193B00000000000000
(00.022683) can0 2D#DD633504C4090090709758624652952B88DF30FFFFFF7F4002D235FFFFFFFF00FEFFDBBDE26C00000000000000000000
(00.023204) can0 D4#3904060493B3DE84
(00.023363) can0 E3#008000049C5BD6004100050801257294A313F1F9
(00.025601) can0 D9#39130015B0AB1307A058CDDE0F1228F0FFFFFFFFFFD67BD47700000000000000
(00.028044) can0 DC#3910011055403F3052102156E99C122095C0FFF5391000168E1C130EA221002358352C0000000000FFFFD6ABC6940000
(00.036521) can0 DB#390E0020BE50150E5880831A3F2980D5574DC116B3281D5C060300F1FFFFFFFFD9161C01000000000000000000000000
(00.038062) can0 18E19490#0000000100000055056806D8030000EF0165013B028E000083018F010000F708F408000053524FF900F900AD0178015601310152524E46031311001505150000
(00.041274) can0 DB#390F0015D8651520FFFF7FCFFFFF3FFFFFFFFFFFFFD97788E500000000000000
(00.041669) can0 21C#23000000000000000000000000000000000000000000000000000000000000000000000000000000000000000000000000000000000000000000000000000000
(00.042673) can0 2D#FC783604C4090090709758624652952B88DF30FFFFFF7F4002D235FFFFFFFF00FEFFDDC1845700000000000000000000
(00.045306) can0 D9#391300151B351407A0580DDF0F1228F0FFFFFFFFFFD9D0C10500000000000000
(00.047583) can0 E3#39042208003C067E780FFAFF
(00.048117) can0 DC#391000161174140EA221002358352C0000000000FFFFD93B7CB8000000000000
(00.001852) can0 4F#203302A00049A0D3
(00.002067) can0 DC#39100016DCD9EE0E9A2100235C352C0000000000FFFF8DC1F360000000000000
(00.002451) can0 18E19490#0000000100000055056906D8030000EF0165013B028E0000850190010000F408EE08000053524FF900F900AD0179015601310152524E49031311001505150000
(00.010617) can0 DB#390E0020F66DF00E6880831A3F2A8015584DC116B3281D5C060300F1FFFFFFFF8FDE86C2000000000000000000000000
(00.015315) can0 DB#390F0015BC82F020FFFF7FCFFFFF3FFFFFFFFFFFFF8F74DB8100000000000000
(00.016699) can0 2D#60741104C4090090709758624652952B88DF30FFFFFF7F4002D235FFFFFFFF00FEFF93D5EFD000000000000000000000
(00.020634) can0 D9#3913010B58BA58559500FE03BAFFEF39130015F273EF07A0584DDF0F1228F0FFFFFFFFFF8F86F4A80000000000000000
(00.021565) can0 E3#4100050800800343CDA79295
(00.022091) can0 DC#391000169E6CEF0EA221002358352C0000000000FFFF8FD886FA000000000000
(00.030561) can0 DB#390E00205927F10E6880831A3F298015584DC116B3281D5C060300F1FFFFFFFF91038B86000000000000000000000000
(00.032003) can0 18E19490#01EE01560D6401800CE900BC02060620030000401F012702AC0DF606012003600E01FB06840C0000010100000538D007AC0D401F0C530E551311001505150000
(00.035314) can0 DB#390F00155E92F120FFFF7FCFFFFF3FFFFFFFFFFFFF910468A300000000000000
(00.036719) can0 2D#416F1204C4090090709758624652952B88DF30FFFFFF7F4002D235FFFFFFFF00FEFF94EFA3BB00000000000000000000
(00.037239) can0 D4#39040604E440D784
(00.037399) can0 E3#008000044CB3CF0041000508013C4E36CB3024FA
(00.039581) can0 D9#391300158E88F007A0580DE00F1228F0FFFFFFFFFF91E69CAB00000000000000
(00.042160) can0 DC#3910011055403F005210E946E99C122095C0FFF5391000168E36F00EA221002358352C0000000000FFFF915614780000
(00.000258) can0 DB#390F0015E345CE20FFFF7FCFFFFF3FFFFFFFFFFFFF4B82A38900000000000000
(00.001647) can0 2D#6D00EF04C4090090709758624652952B88DF30FFFFFF7F4002D235FFFFFFFF00FEFF4FFA900300000000000000000000
(00.002170) can0 D4#39040604C911D084
(00.002329) can0 E3#0080000461E2C80041000508010E16C4D897A30B
(00.004443) can0 D9#391300154481CD07A0588DDF0F1228F0FFFFFFFFFF4B35B85F00000000000000
(00.006887) can0 DC#3910011055403F005210B112E99C122095C0FFF139100016E36ACD0EA221002358352C0000000000FFFF4B1788530000
(00.007400) can0 18E19490#036806C8165BD20F0E100E1E00F400FA000000040104010000EF01EF01000000000802102700AC0D0F0E0F0E1F0094D9056216D10C841C001311001505150000
(00.015525) can0 DB#39FE0B086100000001000000390E00204F88CF0E5880831A3F2980D5574DC116B3281D5C060300F1FFFFFFFF4D7333DA
(00.020261) can0 DB#390F00150155CF20FFFF7FCFFFFF3FFFFFFFFFFFFF4DDDD43200000000000000
(00.021635) can0 2D#38E6F004C4090090709758624652952B88DF30FFFFFF7F4002D235FFFFFFFF00FEFF510565F400000000000000000000
(00.024172) can0 D9#39130015B2EACE07A058CDDF0F1228F0FFFFFFFFFF4D6C760700000000000000
(00.026543) can0 E3#39042208003C467E782FFEFF
(00.026883) can0 DC#39100016AE82CE0EA221002358352C0000000000FFFF4D732DD2000000000000
(00.030125) can0 DB#390E022A3E004900650AC4C1188C010047403E49E0D16CC24E85D88D8D82F847CE43068867E9FFFFFFFF4EE5E67B0000
(00.031576) can0 D4#39040C050E0FF4FFFF390C1608FFFFFFFFFFFFFFFF3915011445FD93E1F85FF5FFFFFFFFFE0700A02875FEFFFF000000
(00.035519) can0 DB#390E010F8435FFFFFFFFFFFFFF1FD308BCFDFF390E0308C0C198F8FFFFFFFF00
(00.036801) can0 18E19490#045A015B010F003430EB0C5D0D220164010803010101010100000000000000000000000000000000000000000000000000000000000000001311001505150000
(00.040189) can0 DB#390E0020202AD00E5880831A3F2980D5574DC116B3281D5C060300F1FFFFFFFF4F13BC34390F0015BEBED020FFFF7FCFFFFF3FFFFFFFFFFFFF4F7054B8000000
(00.041621) can0 2D#27EFF104C4090090709758624652952B88DF30FFFFFF7F4002D235FFFFFFFF00FEFF5377613800000000000000000000
(00.044175) can0 D9#39130015E1DBCF07A0598DDF0F1228F0FFFFFFFFFF4FE0E70100000000000000
(00.046923) can0 DC#39100016BF87CF0EA22100235C352C0000000000FFFF4F0B62A1000000000000
(00.005551) can0 DB#390E0020F6CAAE0E5880831A3F2980D5574DC116B3281D5C060300F1FFFFFFFF0BF1C385000000000000000000000000
(00.010355) can0 DB#390F0015E501AE20FFFF7FCFFFFF3FFFFFFFFFFFFF0BA4E58D00000000000000
(00.011654) can0 2D#AC33CF04C4090090709758624652952B88DF30FFFFFF7F4002D235FFFFFFFF00FEFF0F4E8A7700000000000000000000
(00.014169) can0 D9#3913001586E7AD07A059CDDE0F1228F0FFFFFFFFFF0B77FA3700000000000000
(00.015647) can0 21C#11020109000000FA01F402EE03E804E205DC06D607D008CA09C40ABE0BB80CB20DAC0EA60FA6109A1194128E13881482157C16761770186A19641A5E1B5D1C52
(00.016301) can0 21D#304028
(00.016548) can0 21C#211D4C1E461F40203A2134222E23282422251C261627100000000000000000000000000000000000000000000000000000000000000000000000000000000000
(00.017230) can0 DC#39100016DFA0AD0EA221002358352C0000000000FFFF0B1D69CB000000000000
(00.025608) can0 DB#390E0020AD5FAF0E5880831A3F2980D5574DC116B3281D5C050300F1FFFFFFFF0C20E354000000000000000000000000
(00.026796) can0 18E19490#0284006464640100042752020300000000000000F800FB00BF04C104C0040200FFFF00004E14CF0576058713000009028108800C7A0F2C0D1311001505150000
(00.030305) can0 DB#390F00150711AF20FFFF7FCFFFFF3FFFFFFFFFFFFF0C9AB30C00000000000000
(00.031666) can0 2D#F9D5D004C4090090709758624652952B88DF30FFFFFF7F4002D235FFFFFFFF00FEFF11878C4600000000000000000000
(00.035098) can0 D9#3913010B58BA58559500FE03BAFFEF39130015A0D6AE07A059CDDE0F1228F0FFFFFFFFFF0DCCC3880000000000000000
(00.036534) can0 E3#4100050800800343CDA710A1
(00.036926) can0 DC#391000169248AE0EA221002358352C0000000000FFFF0D64238A000000000000
(00.040405) can0 21C#22000000000000000000000000000000000000000000000000000000000000000000000000000000000000000000000000000000000000000000000000000000
(00.045557) can0 DB#390E00200A1EB00E5880831A3F298015584DC116B3281D5C060300F1FFFFFFFF0E5B8242000000000000000000000000
(00.046697) can0 DC08E2#4002000000000000
(00.005277) can0 DB#390E00208AC3880E5880831A3F2980D5574DC116B3281D5C060300F1FFFFFFFFBFCA4D9E000000000000000000000000
(00.006430) can0 18E19490#01EB01560D6401800CE900BC02060620030000401F01C403AC0DEF06012003540E01FA06860C000001010000F437D007AC0D401F0C3E04551311001505150000
(00.010030) can0 DB#390F0015AB5F8820FFFF7FCFFFFF3FFFFFFFFFFFFFBF648A2800000000000000
(00.011402) can0 2D#AD51A904C4090090709758624652952B88DF30FFFFFF7F4002D235FFFFFFFF00FEFFC362F4CD00000000000000000000
(00.011923) can0 D4#3904060406E7C284
(00.012085) can0 E3#008000047C4DBA0041000508012A72D7D2CC2782
(00.014106) can0 D9#3913001585CB8707A0594DDF0F1228F0FFFFFFFFFFBF6A4C8100000000000000
(00.016576) can0 DC#3910011055403F3852104146E99C122095C0FFF13910001627B7870EA221002358352C0000000000FFFFBF64E2CB0000
(00.025289) can0 DB#390E0020D156890E5880831A3F2980D5574DC116B3281D5C050300F1FFFFFFFFC1B15114000000000000000000000000
(00.030034) can0 DB#390F0015494F8920FFFF7FCFFFFF3FFFFFFFFFFFFFC183D22E00000000000000
(00.031379) can0 2D#8C4AAA04C4090090709758624652952B88DF30FFFFFF7F4002D235FFFFFFFF00FEFFC546ED9A00000000000000000000
(00.033836) can0 D9#391300159B8B8807A059CDDF0F1228F0FFFFFFFFFFC1BA899C00000000000000
(00.036291) can0 E3#39042208003C067E780FFAFF
(00.036487) can0 DC#391000163DCE880EA221002358352C0000000000FFFFC1F22497000000000000
(00.036870) can0 18E19490#0284006464640100042755020300000000000000F800FB00BF04C104C0040200FFFF00004E14CD0576058513000008028108800C8A0F2C0D1311001505150000
(00.041328) can0 D4#39040C050E0FF4FFFF3915011445FD93E1F85FF5FFFFFFFFFE0700A02875FEFFFF000000000000000000000000000000
(00.045292) can0 DB#390E010F7035FFFFFFFFFFFFFF1FD308BCFDFF390E0020D64B8A0E5880831A3F298095574DC116B3281D5C060300F1FFFFFFFFC3A4AFBD000000000000000000
(00.001054) can0 D9#3913001531766207A0590DDF0F1228F0FFFFFFFFFF751EC24B00000000000000
(00.003494) can0 DC#391000169C5D620EA221002358352C0000000000FFFF75BF18CE000000000000
(00.012440) can0 DB#390E0020CACA640E5880831A3F2980D5574DC116B3281D5C050300F1FFFFFFFF76096D2E000000000000000000000000
(00.013467) can0 18E19490#0284006464640100032753020200000000000000F800FD00BF04C004C0040200FEFF00004B14E9057605851300000A028108800C510F2C0D1311001505150000
(00.017135) can0 DB#390F00153D2F6420FFFF7FCFFFFF3FFFFFFFFFFFFF76AE035D00000000000000
(00.018499) can0 2D#E80E8504C4090090709758624652952B88DF30FFFFFF7F4002D235FFFFFFFF00FEFF7B77678700000000000000000000
(00.021814) can0 D9#3913010B58BA58559500FE03BAFFEF39130015033C6307A0594DDF0F1228F0FFFFFFFFFF7721BC610000000000000000
(00.023341) can0 E3#4100050800800343CDA67AAD
(00.023601) can0 DC#39100016B8F5630EA221002358352C0000000000FFFF77E6949C000000000000
(00.032383) can0 DB#390E00205EEE650E5880831A3F2980D5574DC116B3281D5C050300F1FFFFFFFF785852EF000000000000000000000000
(00.037136) can0 DB#390F0015DF3F6520FFFF7FCFFFFF3FFFFFFFFFFFFF78AF8F7A00000000000000
(00.038487) can0 2D#C9158604C4090090709758624652952B88DF30FFFFFF7F4002D235FFFFFFFF00FEFF7D615DDF00000000000000000000
(00.039008) can0 D4#390406040456BB84
(00.039169) can0 E3#008000040BBEB300410005080170D53950EEA646
(00.041166) can0 D9#391300157D146407A0590DDF0F1228F0FFFFFFFFFF787BBFA100000000000000
(00.043552) can0 DC#3910011055413F3052100956E99C122095C0FFF539100016279D640EA221002358352C0000000000FFFF78FCCF910000
(00.044070) can0 18E19490#036706C4166BD20F0E0F0E1E00F600F8000000040104010000EF01EF01000000000902102700AC0D0E0E0F0E1F0094D8056F16CE0C841C001311001505150000
(00.004647) can0 DB#390E00202382480E5880831A3F2A8015584DC116B3281D5C050300F1FFFFFFFF3FC4CB1E000000000000000000000000
(00.009392) can0 DB#390F0015A7D74820FFFF7FCFFFFF3FFFFFFFFFFFFF3F50185A00000000000000
(00.010710) can0 2D#2BF96904C4090090709758624652952B88DF30FFFFFF7F4002D235FFFFFFFF00FEFF434B2D4300000000000000000000
(00.013094) can0 D9#3913001559194707A0590DDF0F1228F0FFFFFFFFFF3F42BE3100000000000000
(00.015625) can0 E3#39042208003C067E780FFAFF
(00.015821) can0 DC#391000167E33470EA221002358352C0000000000FFFF3F34D33B000000000000
(00.020667) can0 D4#39040C050E0FF4FFFF39FE1D085940B20840020000000000
(00.024650) can0 DB#390E010F7C35FFFFFFFFFFFFFF1FD308BCFDFF390E00204379490E5880831A3F298015584DC116B3281D5C060300F1FFFFFFFF41C1E2B6000000000000000000
(00.025746) can0 18E19490#0458015B010F003E30EE0C5D0D220164010803010101010100000000000000000000000000000000000000000000000000000000000000001311001505150000
(00.029407) can0 DB#390F001545C74920FFFF7FCFFFFF3FFFFFFFFFFFFF41663B1E00000000000000
(00.030722) can0 2D#0AE26A04C4090090709758624652952B88DF30FFFFFF7F4002D235FFFFFFFF00FEFF457BD8B000000000000000000000
(00.033092) can0 D9#3913001537B64807A0594DDF0F1228F0FFFFFFFFFF415D52EE00000000000000
(00.035582) can0 E3#3980000C007FC28F4330B0FE47C65B6A
(00.035895) can0 DC#3910001651E7480EA22100235C352C0000000000FFFF41E5FAC1000000000000
(00.044635) can0 DB#390E002011BD4A0E6880831A3F298015584DC116B3281D5C060300F1FFFFFFFF435989BD000000000000000000000000
(00.049386) can0 DB#390F001563F64A20FFFF7FCFFFFF3FFFFFFFFFFFFF43F7C47500000000000000
(00.002799) can0 DB#390F0015A1932820FFFF7FCFFFFF3FFFFFFFFFFFFFFF42AC9400000000000000
(00.004116) can0 2D#EACA4904C4090090709758624652952B88DF30FFFFFF7F4002D235FFFFFFFF00FEFF03847C1000000000000000000000
(00.007385) can0 D9#3913010B58BA58559500FE03BAFFEF391300158F072707A0594DDF0F1228F0FFFFFFFFFFFFD957830000000000000000
(00.008983) can0 E3#4100050800800343CDA602F0
(00.009178) can0 DC#3910001642F9270EA221002358352C0000000000FFFFFF41BB0B000000000000
(00.018045) can0 DB#390E0020694D290E5880831A3F2980D5574DC116B3281D5C060300F1FFFFFFFF01177D54000000000000000000000000
(00.022846) can0 DB#390F001543832920FFFF7FCFFFFF3FFFFFFFFFFFFF01F4099F00000000000000
(00.024132) can0 2D#CBD14A04C4090090709758624652952B88DF30FFFFFF7F4002D235FFFFFFFF00FEFF04FFAE1400000000000000000000
(00.024653) can0 D4#390406045287AF84
(00.024814) can0 E3#008000045D6FA700410005080177B3F6A4BE0D58
(00.026758) can0 D9#3913001544F12807A0594DDE0F1228F0FFFFFFFFFF01929A9200000000000000
(00.029072) can0 DC#3910011055403F005210A902E89C122095C0FFF1391000165880280EA221002358352C0000000000FFFF01D178FD0000
(00.029590) can0 18E19490#036906C4166CD20F0E0F0E1E00F700EF000000050105010000EF01EF01000000000A02102700AC0D0C0E0D0E1F0094D7056B16CF0C841C001311001505150000
(00.038055) can0 DB#390E0020D5202A0E5880831A3F2980D5574DC116B3281D5C060300F1FFFFFFFF03D30EBA000000000000000000000000
(00.039230) can0 4F#28E40A04371E961D
(00.042802) can0 DB#390F001565B22A20FFFF7FCFFFFF3FFFFFFFFFFFFF03FD877100000000000000
(00.044112) can0 2D#D4D84B04C4090090709758624652952B88DF30FFFFFF7F4002D235FFFFFFFF00FEFF0650818000000000000000000000
(00.046458) can0 D9#39130015D60E2907A0598DDE0F1228F0FFFFFFFFFF03C3ED0100000000000000
(00.049019) can0 E3#39042208003C067E780FFAFF
(00.049215) can0 DC#391000161405290EA201002358352C0000000000FFFF032AF3AD000000000000
(00.001192) can0 D4#39040C050E0FF4FFFF390C1608FFFFFFFFFFFFFFFF3915011445FD93E5F85FF5FFFFFFFFFE0700A02875FEFFFF000000
(00.005204) can0 DB#390E010F7C35FFFFFFFFFFFFFF1FD308BCFDFF390E030877D094F8FFFFFFFF00
(00.009873) can0 DB#390E00208D7A080E5880831A3F298095574DC116B3281D5C060300F1FFFFFFFFBF927588390F0015A3AF0820FFFF7FCFFFFF3FFFFFFFFFFFFFBFE9BB91000000
(00.011231) can0 2D#A99E2904C4090090709758624652952B88DF30FFFFFF7F4002D235FFFFFFFF00FEFFC32AA94700000000000000000000
(00.013626) can0 D9#391300152D8E0707A059CDDF0F1228F0FFFFFFFFFFBF2AA4F000000000000000
(00.016123) can0 DC#3910001656BF070EA221002358352C0000000000FFFFBF84608F000000000000
(00.016507) can0 18E19490#01E901560D6401800CE900BC02060620030000401F01C303AC0DF606012003600E01F906830C0000010100000538D007AC0D401F0C2430551311001505150000
(00.019852) can0 DB#390E04105CE30B4C24B4DBFF1FAE6C75EBFFFFFF390F01064E85046078190000
(00.020229) can0 DC085D#4002000000000000
(00.025189) can0 DB#390E002056F1090E5880831A3F2A80D5574DC116B3281D5C060300F1FFFFFFFFC1F003CD000000000000000000000000
(00.029941) can0 DB#390F001541BF0920FFFF7FCFFFFF3FFFFFFFFFFFFFC1D7618700000000000000
(00.031231) can0 2D#88852A04C4090090709758624652952B88DF30FFFFFF7F4002D235FFFFFFFF00FEFFC54BB52000000000000000000000
(00.033546) can0 D9#39130015937B0807A059CDDF0F1228F0FFFFFFFFFFC1F0327600000000000000
(00.036121) can0 DC#3910001624EB080EA201002358352C0000000000FFFFC1FA3560000000000000
(00.043525) can0 D9#39FE28082900000000000000
(00.045246) can0 DB#390E0020D1F20A0E5880831A3F2980D5574DC116B3281D5C060300F1FFFFFFFFC369553A000000000000000000000000
(00.046112) can0 18E19490#0284006464640100052752020200000000000000F800FB00C004C104BE040100FEFF00004D14CF057705841300000A028108800C7A0F2C0D1311001505150000
(00.006907) can0 DB#390E002010CFEE0E5880831A3F2980D5574DC116B3281D5C050300F1FFFFFFFF8BCB89AD000000000000000000000000
(00.011650) can0 DB#390F0015E179EE20FFFF7FCFFFFF3FFFFFFFFFFFFF8BEB277400000000000000
(00.012955) can0 2D#2A9B0F04C4090090709758624652952B88DF30FFFFFF7F4002D235FFFFFFFF00FEFF8F9E47F500000000000000000000
(00.015465) can0 D9#39130015829FED07A059CDDE0F1228F0FFFFFFFFFF8BDE454900000000000000
(00.017833) can0 DC#39100016F72CED0EA221002358352C0000000000FFFF8BCF90F6000000000000
(00.018214) can0 E3#39042208003C067E780FFAFF41000008023439378DD5D702
(00.022881) can0 D4#39040C050E0FF4FFFF000000
(00.026910) can0 DB#390E010F7C35FFFFFFFFFFFFFF1FD308BCFDFF390E0020F02AEF0E5880831A3F298095574DC116B3281D5C050300F1FFFFFFFF8D6A196F000000000000000000
(00.027877) can0 18E19490#0459015B010F004830EE0C5D0D220164010803010101010100000000000000000000000000000000000000000000000000000000000000001311001505150000
(00.031668) can0 DB#390F00150369EF20FFFF7FCFFFFF3FFFFFFFFFFFFF8D1FE13700000000000000
(00.032967) can0 2D#7F7D1004C4090090709758624652952B88DF30FFFFFF7F4002D235FFFFFFFF00FEFF9172D5C700000000000000000000
(00.035468) can0 D9#39130015A4AEEE07A059CDDE0F1228F0FFFFFFFFFF8D0A815A00000000000000
(00.037812) can0 E3#3980000C007FA08F4330B0FE934CFAC14100000803A75E6F4846000000000000
(00.038189) can0 DC#39100016D2E9EE0EA201002358352C0000000000FFFF8D75DF0D000000000000
(00.046907) can0 DB#390E0020EB49F00E5880831A3F2980D5574DC116B3281D5C050300F1FFFFFFFF8F41EFFA000000000000000000000000
