(00.001384) can0 DB#390F0015CC9A5D20FFFF7FCFFFFF3FFFFFFFFFFFFF04A56D1B00000000000000
(00.003273) can0 D4#39040C050E0FF4FFFF39150114480192D9F85FF5FFFFFFFFFE0700A12801FEFFFF000000000000000000000000000000
(00.003806) can0 DC085B#4003080400000000
(00.007180) can0 18E19490#000000A55555555505000000000000000000001A5A8D00000100010000000000000000005252522B012901A201720159015401545352FF001311001505150000
(00.015094) can0 D9#39130015C0010512A0754DA00F1278F0FFFFFFFFFF040F945C00000000000000
(00.015837) can0 DB#390E0020DDB45D2B6882831A3FFC7F95754DC116B3281D5C060300F1FFFFFFFF0416EACF000000000000000000000000
(00.017291) can0 DC#39100016C33403AE120AFADEBC35280000000000FFFF03146DF3000000000000
(00.018061) can0 2D#C09E1405C409009070975822705205000800A0FEFFFF7F4002D235FFFFFFFF00FEFF087AC8B200000000000000000000
(00.021276) can0 DB#390F0015EAAB5E20FFFF7FCFFFFF3FFFFFFFFFFFFF0589C5DB00000000000000
(00.034992) can0 D9#3913001546850612A075CDA00F1278F0FFFFFFFFFF0607676800000000000000
(00.035803) can0 DB#390E0020AC625E2B6882831A3FFE7F95754DC116B3281D5C060300F1FFFFFFFF0671FBC9000000000000000000000000
(00.037117) can0 DC#391000165C5C04AE120AFADEBC35280000000000FFFF0595184D000000000000
(00.000001) can0 2A6#89CD6D9B
(00.002883) can0 DB#390F001563F64A20FFFF7FCFFFFF3FFFFFFFFFFFFFDDC1F57700000000000000
(00.016669) can0 D9#39130015FC6BF211A0750DA00F1278F0FFFFFFFFFFDE08821A00000000000000
(00.017474) can0 DB#390E00208A584A2B6882831A3FFE7FD5754DC116B3281D5C060300F1FFFFFFFFDE3FE073000000000000000000000000
(00.018683) can0 DC#39100016FC90F0AE120AFADEB835280000000000FFFFDD824EFB000000000000
(00.019600) can0 2D#53220105C409009070975822705205000800A0FEFFFF7F4101691AFFFFFFFF807F7FF15384AE00000000000000000000
(00.020129) can0 D4#390C140CFFFFFFFCFDFFFFFFFFFFFFFF
(00.022892) can0 DB#390F001581E64B20FFFF7FCFFFFF3FFFFFFFFFFFFFDF6922CD00000000000000
(00.028719) can0 18E19490#0300007B017B010400040000000000010000000000000000000000000000000000990CAA2400E40C01000400000054DA055016D40CC409001311001505150000
(00.029532) can0 E3#39060B0838515115EF82D7FF0080000486FD4304
(00.036669) can0 D9#39130015E06CF312A0758D9F0F1278F0FFFFFFFFFFE0CB911400000000000000
(00.037424) can0 DB#390E0020D3C74B2B6882831A3FFC7FD5754DC116B3281D5C060300F1FFFFFFFFE0EA7E65000000000000000000000000
(00.038771) can0 DC#39100016ED95F1AE120AFADEBC35280000000000FFFFDFAE4E96000000000000
(00.039589) can0 2D#72390205C409009070975822705205000800A0FEFFFF7F4002D235FFFFFFFF00FEFFE4FFDE9300000000000000000000
(00.042882) can0 DB#390F00152F944C20FFFF7FCFFFFF3FFFFFFFFFFFFFE1056A2E00000000000000
(00.048651) can0 DC08E2#4002000000000000
(00.048941) can0 DC#39FE6F089401008001000000
(00.001059) can0 DB#390E0020D481392B6882831A3FFC7FD5754DC116B3281D5C060300F1FFFFFFFFBBE37520390F001564AC3A20FFFF7FCFFFFF3FFFFFFFFFFFFFBDEF04EC000000
(00.003055) can0 D4#39040C050E0FF4FFFF000000
(00.003254) can0 E3#390422080041867E780FFAFF
(00.010686) can0 DB#390E04105CE30B4C24B4DBFF5FAE6C81EBFFFFFF390F01064F85046000190000
(00.012059) can0 44#04
(00.014842) can0 D9#391300152D2FE211A0754DA00F1278F0FFFFFFFFFFBDCE110200000000000000
(00.015615) can0 DB#390E0020A5573A2B6882831A3FFE7FD5754DC116B3281D5C060300F1FFFFFFFFBE60E39F000000000000000000000000
(00.016904) can0 DC#39100016C31EE0AE120AFADEBC35280000000000FFFFBD3121E5000000000000
(00.017284) can0 18E19490#028800646464010000008E12D7150000000000002A012C01BD04000000000000010000005014CA057B05841300000000990C800C300FED0B1311001505150000
(00.000436) can0 DC#39100110154542005100EE460C9C002205F0FFF5391000160FFBD4AE120AFADEBC35280000000000FFFFA50CF39D0000
(00.000954) can0 18E19490#040300030003007E36EB0C750D220163010806010101010200000000000000000000000000000000000000000000000000000000000000001311001505150000
(00.001803) can0 44#04
(00.004670) can0 D9#39130015ED89C412A0750D9F0F1278F0FFFFFFFFFF825C90BD00000000000000
(00.005259) can0 DB#390F01064F8504608818390E0020E2301C2B6882831A3FFD7FD5754DC116B3281D5C060300F1FFFFFFFF836766350000
(00.006553) can0 DC#39100016BE18C2AE120AFADEBC35280000000000FFFF8286A386000000000000
(00.006935) can0 18E19490#02880064646401000000E11240DF0000000000002A012B01BE04010000000000000000004E14CC057C05851300000000990C800C180FED0B1311001505150000
(00.007642) can0 2D#1B09D305C409009070975822705205000800A0FEFFFF7F4002D235FFFFFFFF00FEFF869C14AE00000000000000000000
(00.010868) can0 DB#390F0015C8E21D20FFFF7FCFFFFF3FFFFFFFFFFFFF847C83BF00000000000000
(00.022725) can0 E3#3A020004F4FFFFFF
(00.024504) can0 D9#39130015CC89C512A0754DA00F1278F0FFFFFFFFFF846B36B900000000000000
(00.025315) can0 DB#390E002080C11D2B6882831A3FFC7FD5754DC116B3281D5C060300F1FFFFFFFF855EFB3C000000000000000000000000
(00.026481) can0 DC#391000169AB0C3AE120AFADEBC35280000000000FFFF84832EE6000000000000
(00.027451) can0 2D#4636D405C409009070975822705205000800A0FEFFFF7F4002D235FFFFFFFF00FEFF88728C0200000000000000000000
(00.027978) can0 D4#390C140CFFFFFFFDFDFFFFFFFFFFFFFF
(00.030789) can0 DB#390F0015EED31E20FFFF7FCFFFFF3FFFFFFFFFFFFF858661CD00000000000000
(00.036516) can0 18E19490#030000810181010400040000000000010000000000000000000000000000000000990CAA2400E40C01000400000054DA055016D40CC409001311001505150000
(00.037403) can0 E3#39060B0838515195F182D7FF00800004844C3A04
(00.042638) can0 E3#0500000CF5FCFF00000000008B280975
(00.044502) can0 D9#39130015EAB8C612A0754DA00F1278F0FFFFFFFFFF86D1EB3600000000000000
(00.045311) can0 DB#390E0020BCA51E2B6882831A3FFB7FD5754DC116B3281D5C060300F1FFFFFFFF8661C7F3000000000000000000000000
(00.046568) can0 DC#3910001605D8C4AE120AFADEBC35280000000000FFFF86D09CCB000000000000
(00.047454) can0 2D#593FD505C409009070975822705205000800A0FEFFFF7F4002D235FFFFFFFF00FEFF8AEB77E200000000000000000000
(00.003102) can0 E3#39060B0838515115ED82D7FF00800004B6033604
(00.008359) can0 E3#0500000CF5FCFF000000000063B0D138
(00.010170) can0 D9#39130015677FB212A0748D9F0F1278F0FFFFFFFFFF5DE950C400000000000000
(00.011000) can0 DB#390E002082E30A2B5882831A3FFA7F95754DC116B3281D5C060300F1FFFFFFFF5E55487D000000000000000000000000
(00.012156) can0 DC#39100016D41CB0AE120AFADEB835280000000000FFFF5D59F46A000000000000
(00.012539) can0 18E19490#000000A55555555505000000000000000000001A5A8D00000100010000000000000000005252522B012901A201730159015401545352F1001311001505150000
(00.013243) can0 2D#A391C105C409009070975862705205000800A0FEFFFF7F4002D235FFFFFFFF00FEFF621C11C700000000000000000000
(00.016477) can0 DB#390F0015859E0B20FFFF7FCFFFFF3FFFFFFFFFFFFF5F2B7ABB00000000000000
(00.030774) can0 D9#39130015F06CB312A0748D9E0F1278F0FFFFFFFFFF5FB0B1E700000000000000
(00.031153) can0 DB#390E002016C70B2B5882831A3FFA7F95754DC116B3281D5C060300F1FFFFFFFF6058367F000000000000000000000000
(00.032146) can0 DC#39100110154542005100B6520D9C002205F0FFF139100016F0B4B1AE120AFADEB835280000000000FFFF5FE0D6810000
(00.033204) can0 2D#828AC205C409009070975862705205000800A0FEFFFF7F4002D235FFFFFFFF00FEFF641760EC00000000000000000000
(00.033732) can0 D4#39040604403A6285
(00.033892) can0 E3#4100050800800343D2966325410000080057314B41463545
(00.036596) can0 DB#390F00152BEC0C20FFFF7FCFFFFF3FFFFFFFFFFFFF61F3529C00000000000000
(00.042239) can0 18E19490#0101006F0D6201800C0C01BC02060600000000401F020000AC0D662B012003000002AD012C1200000202AE030D380000AC0D401F0C3B25531311001505150000
(00.003751) can0 E3#0500000CF5FCFF00000000003BDB0B10
(00.005581) can0 D9#391300159CFC9E12A0758D9F0F1278F0FFFFFFFFFF36B7424600000000000000
(00.006483) can0 DB#390E0020F9E7F62B5882831A3FFB7F95754DC116B3281D5C060300F1FFFFFFFF379E4287000000000000000000000000
(00.007562) can0 DC#39100016A2669CAE120AFADEBC35280000000000FFFF363AEEBC000000000000
(00.008581) can0 2D#64A9AD05C409009070975862705205000800A0FEFFFF7F4002D235FFFFFFFF00FEFF3A06AD2100000000000000000000
(00.009106) can0 4F#2823070005A735F8
(00.011917) can0 DB#390F001512F0F720FFFF7FCFFFFF3FFFFFFFFFFFFF38499C4700000000000000
(00.017594) can0 18E19490#02880064646401000000921240DF00000000000029012B01BD04010000000100010000004D14CB057C05871300000000990C800C340FED0B1311001505150000
(00.026185) can0 D9#391300150BEF9F12A0758D9E0F1278F0FFFFFFFFFF38B4EB9000000000000000
(00.026565) can0 DB#390E00200363F72B6882831A3FFC7F95754DC116B3281D5C060300F1FFFFFFFF3945221D000000000000000000000000
(00.027607) can0 DC#3910011015454200510096060C9C002205F0FFF53910001686CE9DAE120AFADEBC35280000000000FFFF387F668A0000
(00.028634) can0 2D#45B2AE05C409009070975862705205000800A0FEFFFF7F4002D235FFFFFFFF00FEFF3C2D8C6800000000000000000000
(00.029159) can0 D4#390406049B595E85
(00.029319) can0 E3#4100050800800343D2963B69
(00.032025) can0 DB#390F0015AC05F820FFFF7FCFFFFF3FFFFFFFFFFFFF3A04387700000000000000
(00.045582) can0 D9#3913010B5BBA78559500FE03BAFFEF391300156662A012A075CD9E0F1278F0FFFFFFFFFF3A7B1CA00000000000000000
(00.046475) can0 DB#390E010FF435FFFFFFFFFFFFFFEFD408BCFDFF390E00206EA8F82B6882831A3FFC7F95754DC116B3281D5C060300F1FFFFFFFF3B84A004000000000000000000
(00.047534) can0 DC#39100016CB269EAE120AFADEBC35280000000000FFFF39ACBA58000000000000
(00.047915) can0 18E19490#030000840184010400040000000000010000000000000000000000000000000000990CAA2400E40C01000400000054D9054C16D50CC409001311001505150000
(00.048631) can0 2D#2CA0AF05C409009070975822705205000800A0FEFFFF7F4002D235FFFFFFFF00FEFF3E7D531600000000000000000000
(00.049160) can0 E3#41000508016D89D33E69E0E0390422080041877E780FFAFF
(00.000002) can0 24D#3D709057
(00.001039) can0 2D#403D9805C409009070975822705205000800A0FEFFFF7F4002D235FFFFFFFF00FEFF10DB4BF200000000000000000000
(00.001567) can0 D4#390C140CFFFFFFFCFDFFFFFFFFFFFFFF
(00.004479) can0 DB#390F001579BDE220FFFF7FCFFFFF3FFFFFFFFFFFFF0E46059600000000000000
(00.009986) can0 18E19490#030000850185010400050000000000010000000000000000000000000000000000990CAA2400E40C01000400000054D9054816D10CC409001311001505150000
(00.010998) can0 E3#39060B0837515115F082D7FF00800004D29D2E04
(00.016206) can0 E3#0500000CF5FCFF000000000013F705AB
(00.018273) can0 D9#3913001585288A13A0758D980F1270F0FFFFFFFFFF0D0C68C200000000000000
(00.018829) can0 DB#390E00208317E22C6882831A3FFC7FD5754DC116B3281D5C060300F1FFFFFFFF0FAFFDFD000000000000000000000000
(00.020039) can0 DC#391000167AC588AE120AFADEBC35280000000000FFFF0E24784F000000000000
(00.021028) can0 2D#292F9905C409009070975862705205000800A0FEFFFF7F4002D235FFFFFFFF00FEFF121BBD8200000000000000000000
(00.024467) can0 DB#390F00159BADE320FFFF7FCFFFFF3FFFFFFFFFFFFF100A0BE900000000000000
(00.038793) can0 DB#390E0020973AE32C6882831A3FFB7FD5754DC116B3281D5C060300F1FFFFFFFF110B057A000000000000000000000000
(00.039312) can0 D9#3913001530678B14A0758D930F1278F0FFFFFFFFFF0F6D7DD000000000000000
(00.039956) can0 DC#3910011015454230510076060C9C002205F0FFF1391000165E6D89AE120AFADEBC35280000000000FFFF10540F880000
(00.040474) can0 18E19490#040300020003007E36ED0C750D220163010806010101010200000000000000000000000000000000000000000000000000000000000000001311001505150000
(00.041198) can0 2D#7E2F9A05C409009070975822705205000800A0FEFFFF7F4002D235FFFFFFFF00FEFF144EE6B900000000000000000000
(00.041725) can0 D4#390406046A935A85
(00.041884) can0 E3#4100050800800343D296131D
(00.044487) can0 DB#390F001535DFE420FFFF7FCFFFFF3FFFFFFFFFFFFF121D509200000000000000
(00.048286) can0 D9#39FE28082900000000000000
(00.000821) can0 18E19490#040300020003007E36ED0C750D220162010806010101010200000000000000000000000000000000000000000000000000000000000000001311001505150000
(00.001881) can0 E3#41000108035F016192A3595C
(00.008871) can0 D9#391300156AD57510A0758DA70F1270F0FFFFFFFFFFE4A1830400000000000000
(00.009768) can0 DB#390E0020C704CD2C6882831A3F008015764DC116B3281D5C060300F1FFFFFFFFE4CD7F0A000000000000000000000000
(00.010862) can0 DC#39100016F5DD73AE120AFADEBC35280000000000FFFFE3B1FA02000000000000
(00.011913) can0 2D#34C08405C409009070975822705205000800A0FEFFFF7F4002D235FFFFFFFF00FEFFE82C923D00000000000000000000
(00.012441) can0 D4#390C140CFFFFFFFCFDFFFFFFFFFFFFFF
(00.015272) can0 DB#390F0015E345CE20FFFF7FCFFFFF3FFFFFFFFFFFFFE57F92AF00000000000000
(00.021875) can0 E3#39060B0837515115F182D7FF4100010804C60000400400000080000423572A04
(00.027136) can0 E3#0500000CF5FCFF0000000000EB9573A9
(00.028855) can0 D9#3913001506577610A0750DA50F1270F0FFFFFFFFFFE64BB69A00000000000000
(00.029764) can0 DB#390E00207B69CE2C6882831A3F008015764DC116B3281D5C060300F1FFFFFFFFE6C127DC000000000000000000000000
(00.030818) can0 DC#391000166AB574AE120AFADEBC35280000000000FFFFE597F05C000000000000
(00.031199) can0 18E19490#000000A55555555505000000000000000000001A5A8D00000100000000000000000000005252522B012901A301720159015301545352EB001311001505150000
(00.031929) can0 2D#5DD28505C409009070975862705205000800A0FEFFFF7F4002D235FFFFFFFF00FEFFEA4073DC00000000000000000000
(00.035263) can0 DB#390F00150155CF20FFFF7FCFFFFF3FFFFFFFFFFFFFE7D44DF000000000000000
(00.001122) can0 DB#390F00157B81C220FFFF7FCFFFFF3FFFFFFFFFFFFFCE5FDF8800000000000000
(00.002923) can0 E3#390422080041867E780FFAFF
(00.007951) can0 4F#200505A00049AD73
(00.012040) can0 44#04
(00.005098) can0 D9#3913001587C25412A075CDA00F1278F0FFFFFFFFFFA280A81400000000000000
(00.006104) can0 DB#390E0020AC9DAC2B6882831A3FFE7FD5754DC116B3281D5C060300F1FFFFFFFFA2DC0DB3000000000000000000000000
(00.007126) can0 DC#391001101545423951001E120D9C002205F0FFF139100016C53352AE120AFADEBC35280000000000FFFFA16982990000
(00.008291) can0 2D#2E646305C409009070975822705205000800A0FEFFFF7F4002D235FFFFFFFF00FEFFA69E77A600000000000000000000
(00.008817) can0 D4#3904060488344F85
(00.008980) can0 E3#4100050800800343D295A5CF
(00.011620) can0 DB#390F0015C330AD20FFFF7FCFFFFF3FFFFFFFFFFFFFA34DBCF500000000000000
(00.023521) can0 E3#3980000C007FB28F1730B0FEA93C5E1B4100050801B6E4FA124B17263E800108C3020560BC24E0FF0000000000000000
(00.025216) can0 D9#3913010B5BBA78559500FE03BAFFEF3913001529815511A0754DA50F1278F0FFFFFFFFFFA44178730000000000000000
(00.026182) can0 DB#390E010FFC35FFFFFFFFFFFFFFEFD408BCFDFF390E0020FC06AD2C6882831A3FFF7FD5754DC116B3281D5C060300F1FFFFFFFFA430C7D5000000000000000000
(00.027106) can0 DC#39100016E19B53AE120AFADEBC35280000000000FFFFA2DFA92F000000000000
(00.027486) can0 18E19490#030000810181010400050000000000010000000000000000000000000000000000990CAA2400E40C01000400000054D9055316D20CC409001311001505150000
(00.028274) can0 2D#735B6405C409009070975822705205000800A0FEFFFF7F4002D235FFFFFFFF00FEFFA899DB7C00000000000000000000
(00.031601) can0 DB#390F0015E501AE20FFFF7FCFFFFF3FFFFFFFFFFFFFA67FD56B00000000000000
(00.033507) can0 D4#39040C050E0FF4FFFF000000
(00.033706) can0 E3#390422080041C67E782FFEFF
(00.042567) can0 44#04
(00.045210) can0 D9#391300151144561020750DA70F1278F0FFFFFFFFFFA6B25ED300000000000000
(00.046134) can0 DB#390F01064F850460DC1C390E0020406BAE2C6882831A3FFF7FD5754DC116B3281D5C060300F1FFFFFFFFA7D7078F0000
(00.047141) can0 DC#391000167EF354AE120AFADEBC35280000000000FFFFA60E2761000000000000
(00.048344) can0 2D#6C526505C409009070975822705205000800A0FEFFFF7F4002D235FFFFFFFF00FEFFAA4760AA00000000000000000000
(00.000094) can0 D9#391300155A823D11A0758DA70F1270F0FFFFFFFFFF74EDC0C700000000000000
(00.001218) can0 DB#390E00208458952B6882831A3FFD7FD5754DC116B3281D5C060300F1FFFFFFFF742E052C000000000000000000000000
(00.002175) can0 DC#3910001658403BAE120AFADEBC35280000000000FFFF73544E45000000000000
(00.002556) can0 18E19490#02880064646401000000BE1249CE0000000000002A012B01BD04000001000100010000005014CC057C05841300000000990C800C340FED0B1311001505150000
(00.003424) can0 2D#4A204C05C409009070975822705205000800A0FEFFFF7F4002D235FFFFFFFF00FEFF78AF13AB00000000000000000000
(00.006692) can0 DB#390F0015F6A49620FFFF7FCFFFFF3FFFFFFFFFFFFF75C4249400000000000000
(00.020184) can0 D9#3913001588413E10A075CDA70F1270F0FFFFFFFFFF765A9AE700000000000000
(00.021195) can0 DB#390E00204EE9962B6882831A3FFB7FD5754DC116B3281D5C060300F1FFFFFFFF76151DCA000000000000000000000000
(00.022098) can0 DC#39100016C7283CAE120AFADEBC35280000000000FFFF75C34B52000000000000
(00.023333) can0 2D#55294D05C409009070975822705205000800A0FEFFFF7F4002D235FFFFFFFF00FEFF7AEDD0F300000000000000000000
(00.023858) can0 D4#390C140CFFFFFFFDFDFFFFFFFFFFFFFF
(00.026701) can0 DB#390F001514B49720FFFF7FCFFFFF3FFFFFFFFFFFFF7763B5DC00000000000000
(00.032134) can0 18E19490#030000820182010400040000000000010000000000000000000000000000000000990CAA2400E40C01000400000054D9055316D50CC409001311001505150000
(00.033289) can0 E3#39060B0836515195F482D7FF008000048FC71F04
(00.040187) can0 D9#39130015A4FF3F11A075CDA50F1270F0FFFFFFFFFF778559E200000000000000
(00.041197) can0 DB#390E00205AC4972B6882831A3FFC7FD5754DC116B3281D5C060300F1FFFFFFFF78A1414F000000000000000000000000
(00.042188) can0 DC#39100016E3803DAE120AFADEBC35280000000000FFFF77D42A56000000000000
(00.043339) can0 2D#74324E05C409009070975822705205000800A0FEFFFF7F4002D235FFFFFFFF00FEFF7CFFA31C00000000000000000000
(00.046691) can0 DB#390F0015AA419820FFFF7FCFFFFF3FFFFFFFFFFFFF79A1AAA500000000000000
(00.008828) can0 D9#39130015F7772910A0758DA70F1270F0FFFFFFFFFF4C3373F700000000000000
(00.009980) can0 DB#390E0020D4BE812B6882831A3FFB7F95754DC116B3281D5C060300F1FFFFFFFF4CAC89C8000000000000000000000000
(00.010934) can0 DC#39100016305F27AE120AFADEB835280000000000FFFF4CD1186E000000000000
(00.012186) can0 2D#85C13805C409009070975822705205000800A0FEFFFF7F4002D235FFFFFFFF00FEFF50B87E6C00000000000000000000
(00.015456) can0 DB#390F00157FF98220FFFF7FCFFFFF3FFFFFFFFFFFFF4DD78FFB00000000000000
(00.020849) can0 18E19490#040300030003007E36EB0C750D220163010806010101010200000000000000000000000000000000000000000000000000000000000000001311001505150000
(00.028915) can0 D9#39130015D1462A10A0758DA70F1270F0FFFFFFFFFF4E89A3C800000000000000
(00.029960) can0 DB#390E00209E06822B6882831A3FFA7F95754DC116B3281D5C060300F1FFFFFFFF4E126B7B000000000000000000000000
(00.030904) can0 DC#391000161F8B28AE120AFADEBC35280000000000FFFF4D22DF64000000000000
(00.032093) can0 2D#9AC83905C409009070975822705205000800A0FEFFFF7F4002D235FFFFFFFF00FEFF52E6435F00000000000000000000
(00.032621) can0 D4#390C140CFFFFFFFDFDFFFFFFFFFFFFFF
(00.035466) can0 DB#390F00159DE98320FFFF7FCFFFFF3FFFFFFFFFFFFF4F30B2B000000000000000
(00.042050) can0 E3#39060B0835515115F682D7FF008000047E0D1B04
(00.048917) can0 D9#3913001536BA2B10A0754DA60F1270F0FFFFFFFFFF50EF3CAB00000000000000
(00.002269) can0 D9#3913001510201111A075CDA70F1270F0FFFFFFFFFF1C2AE3CE00000000000000
(00.003351) can0 DB#390E00202886692B5882831A3FF97F95754DC116B3281D5C060300F1FFFFFFFF1C82461B000000000000000000000000
(00.004227) can0 DC#3910001694A50FAE120AFADEBC35280000000000FFFF1BE88F2D000000000000
(00.005482) can0 2D#FB032005C409009070975862705205000800A0FEFFFF7F4002D235FFFFFFFF00FEFF20B53D6900000000000000000000
(00.006010) can0 D4#390C140CFFFFFFFDFDFFFFFFFFFFFFFF
(00.008859) can0 DB#390F001561CA6A20FFFF7FCFFFFF3FFFFFFFFFFFFF1DA9D43700000000000000
(00.014215) can0 18E19490#0300007B017B010400050000000000010000000000000000000000000000000000990CAA2400E40C01000400000054D9055716D40CC409001311001505150000
(00.015438) can0 E3#39060B0834515195FC82D7FF4100010804C300004004000000800004F8341604
(00.020648) can0 E3#0500000CF5FCFF000000000023C43410
(00.022309) can0 D9#3913001533FD1211A0750DA60F1270F0FFFFFFFFFF1E2ABFEB00000000000000
(00.023400) can0 DB#390E0020623E6A2B5882831A3FF87F95754DC116B3281D5C060300F1FFFFFFFF1ECC9D16000000000000000000000000
(00.024319) can0 DC#3910001684FF10AE120AFADEBC35280000000000FFFF1DB73182000000000000
(00.025474) can0 2D#E40A2105C409009070975862705205000800A0FEFFFF7F4002D235FFFFFFFF00FEFF22CE623900000000000000000000
(00.028847) can0 DB#390F001583DA6B20FFFF7FCFFFFF3FFFFFFFFFFFFF1F43D82C00000000000000
(00.043250) can0 D9#39130015EE5D1311A0758DA50F1270F0FFFFFFFFFF20448A5700000000000000
(00.043626) can0 DB#390E002000CF6B2B5882831A3FF97F95754DC116B3281D5C060300F1FFFFFFFF20AA54F4000000000000000000000000
(00.044220) can0 DC#39100110154542005100B6520D9C002205F0FFF139100016A05711AE120AFADEBC35280000000000FFFF1FDC5A110000
(00.044737) can0 18E19490#040300030003007E36ED0C750D220163010806010101010200000000000000000000000000000000000000000000000000000000000000001311001505150000
(00.045567) can0 2D#C5112205C409009070975862705205000800A0FEFFFF7F4002D235FFFFFFFF00FEFF24C72B2200000000000000000000
(00.046093) can0 D4#390406040E0D4285
(00.046254) can0 E3#4100050800800343D2952329
(00.048956) can0 DB#390F00152DA86C20FFFF7FCFFFFF3FFFFFFFFFFFFF2193290200000000000000
(00.002095) can0 44#04
(00.004443) can0 D9#3913001508180610A0750DA80F1270F0FFFFFFFFFF06E2AEEC00000000000000
(00.008434) can0 D9#391300151682F011A075CDA50F1270F0FFFFFFFFFFDAF1BAA600000000000000
(00.009598) can0 DB#390E002056CA482B6882831A3FF77F95754DC116B3281D5C060300F1FFFFFFFFDA9E9737400000000000000000000000
(00.010439) can0 DC#391001101545423251007E060D9C002205F0FFF139100016FDCFEEAE120AFADEBC35280000000000FFFFD994E64A0000
(00.011756) can0 2D#5E56FF05C409009070975822705205000800A0FEFFFF7F4002D235FFFFFFFF00FEFFDE9958B100000000000000000000
(00.012284) can0 D4#390406040CBC3B85
(00.012444) can0 E3#4100050800800343D294DD0F
(00.015114) can0 DB#390F001545C74920FFFF7FCFFFFF3FFFFFFFFFFFFFDB92AD9500000000000000
(00.020373) can0 18E19490#0101006F0D6201800C0C01BC02060600000000401F020000AC0D662B012003000002AD01281200000202AE0315380000AC0D401F0C1430531311001505150000
(00.026980) can0 E3#3980000C007FA08F1730B0FEE1D31CD44100050801A7003DCAF62E1C3E800108C3020560BC24E0FF0000000000000000
(00.028550) can0 D9#3913010B5BBA78559500FE03BAFFEF3913001524C8F111A0758DA50F1270F0FFFFFFFFFFDC5C2E160000000000000000
(00.029635) can0 DB#390E010FFC35FFFFFFFFFFFFFFEFD408BCFDFF390E00203428492B6882C18D1FFC3FCABAA6E08B59940EAE03018078FFFFFFFFEE362BF1000000000000000000
(00.030552) can0 DC#39100016D967EFAE120AFADEBC35280000000000FFFFDAD27D7A000000000000
(00.031757) can0 2D#4C2B0005C409009070975822705205000800A0FEFFFF7F4002D235FFFFFFFF00FEFFE023192F00000000000000000000
(00.035093) can0 DB#390F001563F64A20FFFF7FCFFFFF3FFFFFFFFFFFFFDEAD889100000000000000
(00.036983) can0 D4#39040C050E0FF4FFFF000000
(00.037182) can0 E3#390422080041C67E782FFEFF
(00.046050) can0 44#04
(00.048376) can0 D9#391300154DA6F211A075CDA60F1270F0FFFFFFFFFFDE100E7D00000000000000
(00.001216) can0 DB#390F0015742B19107FFFBFE7FFFF9FFFFFFFFFFFFFD6BDB17B80000000000000
(00.014538) can0 D9#391300150B5ADA10A0750DA60F1270F0FFFFFFFFFFAE3B5F4F00000000000000
(00.015757) can0 DB#390E0020DBB2322C6882831A3FFC7FD5754DC116B3281D5C060300F1FFFFFFFFAE170C6B000000000000000000000000
(00.016483) can0 DC#39100016586AD8AE120AFADEBC35280000000000FFFFAD59A5AF000000000000
(00.016863) can0 18E19490#0101006F0D6201800C0C01BC02060600000000401F020000AC0D662B012003000002AE012C1200000202AD0315380000AC0D401F0C0F02531311001505150000
(00.017815) can0 2D#ECF1E905C409009070975822705205000800A0FEFFFF7F4002D235FFFFFFFF00FEFFB2A7B93500000000000000000000
(00.018340) can0 D4#390C140CFFFFFFFDFDFFFFFFFFFFFFFF
(00.021213) can0 DB#390F0015963B3320FFFF7FCFFFFF3FFFFFFFFFFFFFAF225E0F00000000000000
(00.027783) can0 E3#39060B082F5151952783D7FF00800004D9160B04
(00.034511) can0 D9#3913001552E7DB11A0750DA50F1270F0FFFFFFFFFFAF789FAF00000000000000
(00.035708) can0 DB#390E00204F96332C6882831A3FFC7FD5754DC116B3281D5C060300F1FFFFFFFFB0575336000000000000000000000000
(00.036488) can0 DC#391000167CC2D9AE120AFADEBC35280000000000FFFFAFE7182E000000000000
(00.037836) can0 2D#CDEAEA05C409009070975822705205000800A0FEFFFF7F4002D235FFFFFFFF00FEFFB47CC36C00000000000000000000
(00.041203) can0 DB#390F00153C493420FFFF7FCFFFFF3FFFFFFFFFFFFFB1ABC26900000000000000
(00.046408) can0 18E19490#02880064646401000000AE1240DF00000000000029012B01BD04000000000200010000005214CD057B05841300000000990C800C240FED0B1311001505150000
(00.047825) can0 E3#41000108000D070000000000
(00.005286) can0 D9#3913010B5BBA78559500FE03BAFFEF391300159EDBC411A0764DA50F1270F0FFFFFFFFFF814C3E560000000000000000
(00.006506) can0 DB#390E010FFC35FFFFFFFFFFFFFFEFD408BCFDFF390E00206CB81C2C7882831A3F0780D5764DC116B3281D5C060300F1FFFFFFFF838D708A000000000000000000
(00.007353) can0 DC#391000164120C2AE120AFADEC035280000000000FFFF823E0359000000000000
(00.008626) can0 2D#6D12D305C409009070975862705205000800A0FEFFFF7F4002D235FFFFFFFF00FEFF869E06CB00000000000000000000
(00.009151) can0 E3#41000508018A2EF9C4E920A1390422080041877E780FFAFF
(00.012009) can0 DB#390F0015C8E21D20FFFF7FCFFFFF3FFFFFFFFFFFFF84D3B6B000000000000200
(00.013851) can0 D4#39040C050E0FF4FFFF39150114480192D9F85FF5FFFFFFFFFE0700A12801FEFFFF000000000000000000000000000000
(00.025201) can0 D9#39130015E3CEC511A0764DA60F1270F0FFFFFFFFFF8458DFD900000000000000
(00.026566) can0 DB#390E00207A881D2C7882831A3F068095764DC116B3281D5C060300F1FFFFFFFF84EBD9AD000000000000000000000000
(00.027273) can0 DC#391000166588C3AE120AFADEC035280000000000FFFF84D6B083000000000000
(00.027654) can0 18E19490#02880064646401000000541297F600000000000029012B01BC04000000000000010000004D14CD057D05881300000000980C800C340FED0B1311001505150000
(00.028697) can0 2D#302DD405C409009070975862705205000800A0FEFFFF7F4002D235FFFFFFFF00FEFF887289C700000000000000000000
(00.031991) can0 DB#390F0015EED31E20FFFF7FCFFFFF3FFFFFFFFFFFFF85519C0600000000000000
(00.045293) can0 D9#39130015C5FFC611A0764DA60F1270F0FFFFFFFFFF863331BA00000000000000
(00.046493) can0 DB#390E002030301E2C7882831A3F078095764DC116B3281D5C060300F1FFFFFFFF8627DF65000000000000000000000000
(00.047210) can0 DC#39100016FAE0C25709057D6F601A9400000000007FFFC2FD01A1000000000000
(00.048606) can0 2D#593FD505C409009070975822705205000800A0FEFFFF7F4002D235FFFFFFFF00FEFF8A8F599D00000000000000000000
(00.049133) can0 D4#390C140CFFFFFFFCFDFFFFFFFFFFFFFF
(00.005746) can0 D9#39130015CABDAD11A076CDA50F1270F0FFFFFFFFFF54EBDBF400000000000000
(00.006987) can0 DB#390E0020F9D5052C7882831A3F068095764DC116B3281D5C060300F1FFFFFFFF54779724000000000000000000000000
(00.007680) can0 DC#39100016DC53ABAE120AFADEC035280000000000FFFF535B4C02000000000000
(00.008061) can0 18E19490#010100700D6201800C0C01BC02060600000000401F020000AC0D652B012003000002AE012A1200000202AE0315380000AC0D401F0C060C531311001505150000
(00.009089) can0 2D#FD2ABC05C409009070975822705205000800A0FEFFFF7F4002D235FFFFFFFF00FEFF58355B5600000000000000000000
(00.009617) can0 D4#390C140CFFFFFFFBFDFFFFFFFFFFFFFF
(00.012494) can0 DB#390F0015FF4A0620FFFF7FCFFFFF3FFFFFFFFFFFFF5532745500000000000000
(00.019046) can0 E3#39060B08235151950484D7FF4100010804A000004004000000800004AEE50204
(00.024262) can0 E3#0500000CF5FCFF00000000005B7E8739
(00.025796) can0 D9#39130015D287AE11A076CDA30F1270F0FFFFFFFFFF5640508800000000000000
(00.026983) can0 DB#390E0020B36D062C7882831A3F078095764DC116B3281D5C060300F1FFFFFFFF5667F349000000000000000000000000
(00.027676) can0 DC#39100016433BACAE120AFADEC035280000000000FFFF554578F3000000000000
(00.029092) can0 2D#E223BD05C409009070975822705205000800A0FEFFFF7F4002D235FFFFFFFF00FEFF5A8B9CE200000000000000000000
(00.032482) can0 DB#390F00151D5A0720FFFF7FCFFFFF3FFFFFFFFFFFFF5700C5DC00000000000000
(00.037587) can0 18E19490#02880064646401000000701297F600000000000029012B01BD04010001000100000000004D14CD057C058413800000004C0640061E87F6858988800A828A8000
(00.046728) can0 D9#39130015E0CDAF11A0768DA30F1270F0FFFFFFFFFF58223A5C00000000000000
(00.047105) can0 DB#390E00202749072C7882831A3F078095764DC116B3281D5C060300F1FFFFFFFF583E9CCB000000000000000000000000
(00.047721) can0 DC#3910011015454230510016160D9C002205F0FFF1391000166793ADAE120AFADEC0351400000000007FFFABE71D6E0000
(00.049120) can0 2D#C338BE05C409009070975822705205000800A0FEFFFF7F4002D235FFFFFFFF00FEFF5C0EF83600000000000000000000
(00.049650) can0 D4#39040604EE1B2E85
(00.049810) can0 E3#4100050800800343D2945B51
(00.001951) can0 E3#3A020004F4FFFFFF
(00.003370) can0 D9#39130015861E9912A076CDA40F1278F0FFFFFFFFFF2C05C3B900000000000000
(00.004584) can0 DB#390E0020F530F12C7882831A3F068095764DC116B3281D5C060300F1FFFFFFFF2D67C071000000000000000000000000
(00.005195) can0 DC#3910001695A797AE120AFADEC035280000000000FFFF2C656600000000000000
(00.006683) can0 2D#719FA805C409009070975822705205000800A0FEFFFF7F4002D235FFFFFFFF00FEFF308515BE00000000000000000000
(00.007212) can0 D4#390C140CFFFFFFFBFDFFFFFFFFFFFFFF
(00.010084) can0 DB#390F001578A3F220FFFF7FCFFFFF3FFFFFFFFFFFFF2D68B0EC00000000000000
(00.015115) can0 18E19490#0300007B017B010400050000000000010000000000000000000000000000000000980CAA2400E40C01000400000054D9054E16D50CC409001311001505150000
(00.016639) can0 E3#39060B081E5151158C84D7FF00800004D135FE04
(00.021866) can0 E3#0500000CF5FCFF0000000000336A1E0B
(00.023377) can0 D9#39130015EB279A12A076CDA30F1278F0FFFFFFFFFF2E32EEEC00000000000000
(00.024579) can0 DB#390E0020BF88F22C7882831A3F078095764DC116B3281D5C060300F1FFFFFFFF2E84829D000000000000000000000000
(00.025280) can0 DC#391000168FDE98AE120AFADEC035280000000000FFFF2E15E30C000000000000
(00.026676) can0 2D#6E96A905C409009070975822705205000800A0FEFFFF7F4002D235FFFFFFFF00FEFF320400E100000000000000000000
(00.030074) can0 DB#390F00159AB3F320FFFF7FCFFFFF3FFFFFFFFFFFFF2FC0226E00000000000000
(00.044278) can0 D9#3913001591699B11A0764DA20F1278F0FFFFFFFFFF30C024A100000000000000
(00.044655) can0 DB#390E0020E617F32C7882831A3F058095764DC116B3281D5C060300F1FFFFFFFF30FD44B8000000000000000000000000
(00.045229) can0 DC#39100110154542005100F6420C9C002205F0FFF539100016AB7699AE120AFADEC035280000000000FFFF30EB14A80000
(00.045746) can0 18E19490#040300030003007E36ED0C760D220163010806010101010200000000000000000000000000000000000000000000000000000000000000001311001505150000
(00.046757) can0 2D#4F8DAA05C409009070975822705205000800A0FEFFFF7F4002D235FFFFFFFF00FEFF3430065A00000000000000000000
(00.047285) can0 D4#390406041FD12A85
(00.047447) can0 E3#4100050800800343D29432623204000C224CED53670700F03220685900000000
(00.000213) can0 2D#996E9305C409009070975822705205000800A0FEFFFF7F4002D235FFFFFFFF00FEFF0681F84700000000000000000000
(00.003515) can0 DB#390F0015C46ADD20FFFF7FCFFFFF3FFFFFFFFFFFFF031A39EB00000000000000
(00.007969) can0 21C#2400000000000000
(00.008506) can0 18E19490#040300030003007E36ED0C760D220163010806010101010200000000000000000000000000000000000000000000000000000000000000001311001505150000
(00.016714) can0 D9#391300151B938512A0768DA00F1278F0FFFFFFFFFF03F5322A00000000000000
(00.018021) can0 DB#390E00201B2ADD2C7882831A3F058095764DC116B3281D5C060300F1FFFFFFFF04849DA7000000000000000000000000
(00.018656) can0 DC#39100016B23C83AE120AFADEBC35280000000000FFFF039C9FF7000000000000
(00.020116) can0 2D#C4519405C409009070975822705205000800A0FEFFFF7F4002D235FFFFFFFF00FEFF08656F3100000000000000000000
(00.020642) can0 D4#390C140CFFFFFFFBFDFFFFFFFFFFFFFF
(00.023700) can0 DB#390F0015E25BDE20FFFF7FCFFFFF3FFFFFFFFFFFFF05DE0F0200000000000000
(00.030078) can0 E3#39060B08155151951D85D7FF0080000420FFFA04
(00.035338) can0 E3#0500000CF5FCFF00000000000BC5A54D
(00.036777) can0 D9#391300158E5D8612A0760D9F0F1278F0FFFFFFFFFF050C745500000000000000
(00.038072) can0 DB#390E00205192DE2C7882831A3F048095764DC116B3281D5C060300F1FFFFFFFF06017987000000000000000000000000
(00.038652) can0 DC#391000162D5484AE120AFADEBC35280000000000FFFF051566D7000000000000
(00.039032) can0 18E19490#000000A55555555505000000000000000000001A5A8D00000000010000000000000000005252522B012901A301730159015401545352FF001311001505150000
(00.040116) can0 2D#DB589505C409009070975822705205000800A0FEFFFF7F4002D235FFFFFFFF00FEFF0A002CD200000000000000000000
(00.043516) can0 DB#390F0015004BDF20FFFF7FCFFFFF3FFFFFFFFFFFFF07C06F2900000000000000
(00.002237) can0 18E19490#000000A55555555505000000000000000000001A5A8D00000000010000000000000000005252522A012901A301730159015401545352D7001311001505150000
(00.004192) can0 4F#20080BA00049AD6E
(00.008202) can0 44#04
(00.010360) can0 D9#3913001536827011A077CDA70F1270F0FFFFFFFFFFDA9FE92E00000000000000
(00.011820) can0 DB#390F01064F850460F81C390E002053B0C82D8882831A3F158095774DC116B3281D5C060300F1FFFFFFFFDBD7FF750000
(00.012486) can0 DC#3910001646526EAE120AFADEC435280000000000FFFFDA80E36A000000000000
(00.013928) can0 2D#5A997F05C409009070975822705205000800A0FEFFFF7F4002D235FFFFFFFF00FEFFDEDD512F00000000000000000000
(00.017287) can0 DB#390F00154D37C920FFFF7FCFFFFF3FFFFFFFFFFFFFDC4D740100000000000000
(00.030415) can0 D9#3913001574277111A0774DA70F1270F0FFFFFFFFFFDC4DBC2500000000000000
(00.031841) can0 DB#390E0020FCFAC92D8882831A3F168095774DC116B3281D5C060300F1FFFFFFFFDD0B4760000000000000000000000000
(00.032362) can0 DC#3910001662FA6FAE120AFADEC435280000000000FFFFDC75EB7F000000000000
(00.032745) can0 18E19490#010100710D6301800C0701BC02060600000000401F020000AC0D652B012003000002AD012A1200000202AD030D380000AC0D401F0C5F2A531311001505150000
(00.033891) can0 2D#48E48005C409009070975822705205000800A0FEFFFF7F4002D235FFFFFFFF00FEFFE069914B00000000000000000000
(00.034419) can0 D4#390C140CFFFFFFFAFDFFFFFFFFFFFFFF
(00.037297) can0 DB#390F00156B06CA20FFFF7FCFFFFF3FFFFFFFFFFFFFDE10A96700000000000000
(00.043840) can0 E3#39060B08005151157B86D7FF0080000412B0F604
(00.049057) can0 E3#0500000CF5FCFF0000000000E361A331
(00.011854) can0 D9#39130015FAA75D11A0764DA60F1270F0FFFFFFFFFFB47CC0C300000000000000
(00.013150) can0 DB#390E0020E6BAB52D7882831A3F0F8055774DC116B3281D5C060300F1FFFFFFFFB5BE8A2D000000000000000000000000
(00.013669) can0 DC#391000169BB25BAE120AFADEC035280000000000FFFFB4E067CF000000000000
(00.015243) can0 2D#FD086C05C409009070975862705205000800A0FEFFFF7F4002D235FFFFFFFF00FEFFB87FFC8500000000000000000000
(00.015770) can0 D4#390C140CFFFFFFFAFDFFFFFFFFFFFFFF
(00.018656) can0 DB#390F0015F498B620FFFF7FCFFFFF3FFFFFFFFFFFFFB6F23F8200000000000000
(00.023557) can0 18E19490#030000800180010400050000000000010000000000000000000000000000000000970CAA2400E40C01000400000054D9055516D40CC409001311001505150000
(00.025199) can0 E3#39060B0800515115CB87D7FF00800004E37AF204
(00.030408) can0 E3#0500000CF5FCFF0000000000BBCD449C
(00.031843) can0 D9#3913001593C95E11A0760DA50F1270F0FFFFFFFFFFB5C73B4400000000000000
(00.033150) can0 DB#390E0020619FB62D7882831A3F108055774DC116B3281D5C060300F1FFFFFFFFB75B653A000000000000000000000000
(00.033720) can0 DC#3910001604DA5CAE120AFADEC035280000000000FFFFB6536F54000000000000
(00.035233) can0 2D#E2016D05C409009070975862705205000800A0FEFFFF7F4002D235FFFFFFFF00FEFFBA51A22A00000000000000000000
(00.038645) can0 DB#390F00151688B720FFFF7FCFFFFF3FFFFFFFFFFFFFB8B9CB8E00000000000000
(00.000008) can0 DB#390E00207848932D8882831A3F0E8055774DC116B3281D5C060300F1FFFFFFFF6F51ED9C000000000000000000000000
(00.000525) can0 DC#39100016CE3839AE120AFADEC035280000000000FFFF6E42D3A2000000000000
(00.000906) can0 18E19490#000000A55555555505000000000000000000001A5A8D00000100010000000000000000005252522A012901A30173015901540154535219011311001505150000
(00.002095) can0 2D#7E0D4A05C409009070975862705205000800A0FEFFFF7F4002D236FFFFFFFF807F7FBA7E0C2C80000000000000000000
(00.005504) can0 DB#390F001532859420FFFF7FCFFFFF3FFFFFFFFFFFFF702F965400000000000000
(00.019555) can0 D9#391300154B8A3C13A0760D990F1278F0FFFFFFFFFF70675CAA00000000000000
(00.019932) can0 DB#390E0020590C942D8882831A3F0C8055774DC116B3281D5C060300F1FFFFFFFF7129C527000000000000000000000000
(00.020449) can0 DC#391001101545423851005E060D9C002205F0FFF13910001683D03AAE120AFADEC035280000000000FFFF7019457C0000
(00.022129) can0 2D#171F4B05C409009070975822705205000800A0FEFFFF7F4002D235FFFFFFFF00FEFF768F045800000000000000000000
(00.022658) can0 D4#3904060470C41785
(00.022818) can0 E3#4100050800800343D2937511
(00.025610) can0 DB#390F0015D0959520FFFF7FCFFFFF3FFFFFFFFFFFFF725C874100000000000000
(00.030387) can0 18E19490#010100700D6201800C0C01BC02060600000000401F020000AC0D652B012003000002AE012A1200000202AE031D380000AC0D401F0C5526531311001505150000
(00.037332) can0 E3#3980000C007FA68F1730B0FE79821D444100050801CF32C42855B65600000000
(00.038659) can0 D9#3913010B5BBA78559500FE03BAFFEF3913001505FB3D13A0764D9B0F1280F0FFFFFFFFFF7286C8010000000000000000
(00.040045) can0 DB#390E010F0036FFFFFFFFFFFFFFEFD408BCFDFF390E002096A9952D7882831A3F0F8015774DC116B3281D5C060300F1FFFFFFFF73601626000000000000000000
(00.040706) can0 DC#39100016A7783BAE120AFADEC035280000000000FFFF72E0F89D000000000000
(00.042116) can0 2D#4A204C05C409009070975822705205000800A0FEFFFF7F4002D235FFFFFFFF00FEFF78B59B9700000000000000000000
(00.042642) can0 D4#39FE1D085940B2084A02000039040C050E0FF4FFFF000000
(00.045509) can0 DB#390F0015F6A49620FFFF7FCFFFFF3FFFFFFFFFFFFF767088F900000000000000
(00.047337) can0 D5#2224912CCB7EA757
(00.000406) can0 DB#390E010FFC35FFFFFFFFFFFFFFEFD408BCFDFF390E0020E7B07C2E8882831A3F168095774DC116B3281D5C060300F1FFFFFFFF42CF5F04000000000000000000
(00.001070) can0 DC#39100016394F22AE120AFADEC435280000000000FFFF415E6D7B000000000000
(00.002440) can0 2D#5C923305C409009070975822705205000800A0FEFFFF7F4002D235FFFFFFFF00FEFF46442ABC00000000000000000000
(00.005867) can0 DB#390F0015CEA67D20FFFF7FCFFFFF3FFFFFFFFFFFFF43893AE400000000000000
(00.007686) can0 D4#39040C050E0FF4FFFF39150114480592DDF85FF5FFFFFFFFFE0700A12801FEFFFF000000000000000000000000000000
(00.010631) can0 18E19490#000000A55555555505000000000000000000001A5A8D00000100010000000000000000005252522A012901A301730159015401545352DE001311001505150000
(00.012679) can0 4F#202C08A00049AD6C
(00.018794) can0 D9#39130015027C2511A0770DA30F1278F0FFFFFFFFFF440D63A800000000000000
(00.020362) can0 DB#390E0020BE2F7D2E8882831A3F148095774DC116B3281D5C060300F1FFFFFFFF4437D914000000000000000000000000
(00.020882) can0 DC#391000161DE723AE120AFADEC435280000000000FFFF438A6CC2000000000000
(00.022510) can0 2D#01AD3405C409009070975822705205000800A0FEFFFF7F4002D235FFFFFFFF00FEFF48C5243700000000000000000000
(00.023036) can0 E3#4100000802343937452CD653
(00.025867) can0 DB#390F0015E8977E20FFFF7FCFFFFF3FFFFFFFFFFFFF45A3EF4900000000000000
(00.038886) can0 D9#3913001584F82611A0778DA30F1278F0FFFFFFFFFF46B5F8D200000000000000
(00.040341) can0 DB#390E002002427E2E8882831A3F148095774DC116B3281D5C060300F1FFFFFFFF460ACE55000000000000000000000000
(00.040862) can0 DC#39100016828F24AE120AFADEC435280000000000FFFF45305C35000000000000
(00.041243) can0 18E19490#010100710D6201800C0701BC02060600000000401F020000AC0D652B012003000002AD012B1200000202AE0315380000AC0D401F0C502A531311001505150000
(00.042415) can0 2D#1EA43505C409009070975822705205000800A0FEFFFF7F4002D235FFFFFFFF00FEFF4A5B18AA00000000000000000000
(00.043180) can0 E3#410000080383C02B5FBF0000
(00.045863) can0 DB#390F00150A877F20FFFF7FCFFFFF3FFFFFFFFFFFFF47360DCA00000000000000
(00.008350) can0 D9#3913001562F50F11A0774D9D0F1278F0FFFFFFFFFF1887E17800000000000000
(00.008873) can0 DB#390E0020A90A672E8882831A3F1A8015784DC116B3281D5C050300F1FFFFFFFF192C0F6B000000000000000000000000
(00.009393) can0 DC#3910011015454230510016160D9C002205F0FFF13910001637700DAE120AFADEC435280000000000FFFF185356E70000
(00.010985) can0 2D#70DF1E05C409009070975862705205000800A0FEFFFF7F4002D235FFFFFFFF00FEFF1C56728700000000000000000000
(00.011510) can0 D4#39040604A02C0E85
(00.011672) can0 E3#4100050800800343D2931B37
(00.014478) can0 DB#390F0015A5EB6820FFFF7FCFFFFF3FFFFFFFFFFFFF1A58DF4500000000000000
(00.019154) can0 18E19490#010100710D6201800C0C01BC02060600000000401F020000AC0D682B012003000002AE012B1200000202AE031D380000AC0D401F0C4C30531311001505150000
(00.027382) can0 D9#3913010B5BBA78559500FE03BAFFEF39130015DFA91012A0770D9E0F1278F0FFFFFFFFFF1AE02BFF0000000000000000
(00.028886) can0 DB#390E010F0036FFFFFFFFFFFFFFEFD408BCFDFF390E0020C4C1682E8882831A3F1A8015784DC116B3281D5C050300F1FFFFFFFF1B04277C000000000000000000
(00.029549) can0 DC#391000167A980EAE120AFADEC435280000000000FFFF19B3B0BB000000000000
(00.030987) can0 2D#6FD61F05C409009070975862705205000800A0FEFFFF7F4002D235FFFFFFFF00FEFF1EAC483D00000000000000000000
(00.031516) can0 E3#41000508012977BCA690629A390422080041877E780FFAFF
(00.034389) can0 DB#390F001547FB6920FFFF7FCFFFFF3FFFFFFFFFFFFF1C01D69100000000000000
(00.036195) can0 D4#39040C050E0FF4FFFF39150114480592DDF85FF5FFFFFFFFFE0700A12801FEFFFF000000000000000000000000000000
(00.047295) can0 D9#3913001569FE1113A077CD9E0F1278F0FFFFFFFFFF1CFB1FD400000000000000
(00.048894) can0 DB#390E00209F54692E8882831A3F1A8015784DC116B3281D5C060300F1FFFFFFFF1CBB34F7000000000000000000000000
(00.049413) can0 DC#391000165E300FAE120AFADEC435280000000000FFFF1BB56D38000000000000
(00.004105) can0 D9#39130015B1E3FB12A0760D9B0F1280F0FFFFFFFFFFEFACF04C00000000000000
(00.005718) can0 DB#390E0020F680532C6882831A3F028055764DC116B3281D5C060300F1FFFFFFFFF16525E8000000000000000000000000
(00.006239) can0 DC#39100110154542005100F6420C9C002205F0FFF5391000166884F9AE120AFADEBC35280000000000FFFFF0D190010000
(00.007807) can0 2D#FC6A0A05C409009070975862705205000800A0FEFFFF7F4002D235FFFFFFFF00FEFFF400000000000000000000000000
(00.008341) can0 D4#3904060451E60A85
(00.008501) can0 E3#4100050800800343D292F3E8
(00.011232) can0 DB#390F00153E0D5420FFFF7FCFFFFF3FFFFFFFFFFFFFF2BFAF6800000000000000
(00.014371) can0 D9#39FE28082900000000000000
(00.024193) can0 D9#3913010B5BBA78559500FE03BAFFEF39130015BC28FC11A0764D9D0F1280F0FFFFFFFFFFF14B54D10000000000000000
(00.025729) can0 DB#390E010F0836FFFFFFFFFFFFFFEFD408BCFDFF390E0020986F542C6882831A3F098055764DC116B3281D5C050300F1FFFFFFFFF339E5A0000000000000000000
(00.026388) can0 DC#39100016DA54FAAE120AFADEC035280000000000FFFFF2D8302A000000000000
(00.026772) can0 18E19490#0300007F017F010400050000000000010000000000000000000000000000000000980CAA2400E40C01000400000054DA055316D20CC409001311001505150000
(00.027796) can0 2D#E3630B05C409009070975862705205000800A0FEFFFF7F4002D235FFFFFFFF00FEFFF69710AE00000000000000000000
(00.028322) can0 E3#41000508015B7E3326AD798E390422080041877E780FFAFF
(00.031231) can0 DB#390F0015DC1D5520FFFF7FCFFFFF3FFFFFFFFFFFFFF4384A2100000000000000
(00.033027) can0 D4#39040C056B6DF4FFFF39150114480592DDF85FF5FFFFFFFFFE0700A12801FEFFFF000000000000000000000000000000
(00.044108) can0 D9#391300156464FD11A0760D9F0F1280F0FFFFFFFFFFF4C02B6600000000000000
(00.045736) can0 DB#390E0020FE86552C6882831A3F128095764DC116B3281D5C060300F1FFFFFFFFF4D2531A000000000000000000000000
(00.046255) can0 DC#39100016FEFCFBAE120AFADEC035280000000000FFFFF43FAC40000000000000
(00.047883) can0 2D#BE5C0C05C409009070975862705205000800A0FEFFFF7F4002D235FFFFFFFF00FEFFF8BD873400000000000000000000
(00.003792) can0 D9#391300154875E713A0754D9E0F1278F0FFFFFFFFFFC814F61200000000000000
(00.004318) can0 DB#390E00201ECC3F2C6882831A3FFF7F55764DC116B3281D5C060300F1FFFFFFFFC8725E45000000000000000000000000
(00.004838) can0 DC#39100110154542005100D6420D9C002205F0FFF5391000163536E5AE120AFADEBC35280000000000FFFFC7286F0F0000
(00.005353) can0 18E19490#040300020003007E36ED0C750D220162010806010101010200000000000000000000000000000000000000000000000000000000000000001311001505150000
(00.006470) can0 2D#B917F605C409009070975822705205000800A0FEFFFF7F4002D235FFFFFFFF00FEFFCCCD6BE500000000000000000000
(00.006999) can0 D4#3904060463A90685
(00.007159) can0 E3#4100050800800343D292CBCD
(00.009973) can0 DB#390F0015B7504020FFFF7FCFFFFF3FFFFFFFFFFFFFC9698AE100000000000000
(00.022811) can0 D9#3913010B5BBA78559500FE03BAFFEF39130015643BE812A0750DA00F1278F0FFFFFFFFFFCA65B4AB0000000000000000
(00.024382) can0 DB#390E010F0836FFFFFFFFFFFFFFEFD408BCFDFF390E002028C9402C6882831A3FFF7F15764DC116B3281D5C060300F1FFFFFFFFCA43B675000000000000000000
(00.025042) can0 DC#3910001678DEE6AE120AFADEBC35280000000000FFFFC9E03593000000000000
(00.026456) can0 2D#D005F705C409009070975862705205000800A0FEFFFF7F4002D235FFFFFFFF00FEFFCE5557C100000000000000000000
(00.026985) can0 E3#41000508015A856D19503CDF390422080041877E780FFAFF
(00.029885) can0 DB#390F001555404120FFFF7FCFFFFF3FFFFFFFFFFFFFCBDB7E2400000000000000
(00.031756) can0 D4#39040C054C4FF4FFFF39150114480592DDF85FF5FFFFFFFFFE0700A12801FEFFFF000000000000000000000000000000
(00.034520) can0 18E19490#000000A55555555505000000000000000000001A5A8D00000000010000000000000000005252522B012901A301730159015401545352FF001311001505150000
(00.042858) can0 D9#39130015BEC0E911A0750DA10F1278F0FFFFFFFFFFCC9B702A00000000000000
(00.044389) can0 DB#390E00208783412C6882831A3FFC7F15764DC116B3281D5C060300F1FFFFFFFFCC1F6EDE000000000000000000000000
(00.044912) can0 DC#391000165C76E7AE120AFADEBC35280000000000FFFFCBC48D1E000000000000
(00.046525) can0 2D#7572F805C409009070975862705205000800A0FEFFFF7F4002D235FFFFFFFF00FEFFD0F27B7B00000000000000000000
(00.006160) can0 D9#3913010B5BBA78559500FE03BAFFEF391300155B62D412A0770D9E0F1278F0FFFFFFFFFFA297778E0000000000000000
(00.007583) can0 DB#390E010F1436FFFFFFFFFFFFFFEFD408BCFDFF390E002083D12C2E8882831A3F1B80D5774DC116B3281D5C060300F1FFFFFFFFA20BF095000000000000000000
(00.008243) can0 DC#391000167EAED2AE120AFADEC435280000000000FFFFA2AB20F4000000000000
(00.009613) can0 D4#39040C050E0FF4FFFF390C1608FFFFFFFFFFFFFFFF39150114480592D9F85FF5FFFFFFFFFE0700A12801FEFFFF000000
(00.010139) can0 2D#5CB0E305C409009070975862705205000800A0FEFFFF7F4002D235FFFFFFFF00FEFFA626B79900000000000000000000
(00.010664) can0 D4#390C083CFE7400800000086CF6B92083FF7BDF0190F6C42BA02CE07C8FB30400009E053C400B5AD08216B4A0052D681FF16BFE7FB8E600FFC9FFFFFF833EE4FF
(00.011318) can0 E3#4100050801FD740334DB0BA6390422080041877E781FFAFF
(00.013123) can0 DB#390F0015CBC02D20FFFF7FCFFFFF3FFFFFFFFFFFFFA3B1826F00000000000000
(00.025899) can0 D9#391300156928D512A0774D9E0F1278F0FFFFFFFFFFA2FF4B9200000000000000
(00.027591) can0 DB#390E0020E1202D2E8882831A3F1A80D5774DC116B3281D5C060300F1FFFFFFFFA3E95F5A000000000000000000000000
(00.028111) can0 DC#391000165A06D3AE120AFADEC435280000000000FFFFA4431C15000000000000
(00.028492) can0 18E19490#02880064646401000000CA1206E800000000000029012B01BD04010001000000000000004E14D1057A057F1300000000970C800C1C0FED0B1311001505150000
(00.029727) can0 2D#018FE405C409009070975862705205000800A0FEFFFF7F4002D235FFFFFFFF00FEFFA8A94AAA00000000000000000000
(00.033066) can0 DB#390F0015EDF12E20FFFF7FCFFFFF3FFFFFFFFFFFFFA499273700000000000000
(00.045986) can0 D9#39130015478CEB09503BA6CF07893C787FFFFFFFFFD23DCA0000000000000000
(00.047570) can0 DB#390E00205D4D2E2E8882831A3F1A80D5774DC116B3281D5C060300F1FFFFFFFFA535851B000000000000000000000000
(00.048087) can0 DC#39100016C56ED4AE120AFADEC435280000000000FFFFA40F95A9000000000000
(00.011561) can0 D9#391300157923BA13A0758D980F1278F0FFFFFFFFFF6EDE953300000000000000
(00.012165) can0 DB#39FE0B086100000001000000390E0020F26A122C6882831A3F008015764DC116B3281D5C060300F1FFFFFFFF6D6ACAF7
(00.012679) can0 DC#391001101545422D51008E460C9C002205F0FFF53910001664A0B8AE120AFADEBC35280000000000FFFF6D7881010000
(00.013195) can0 18E19490#040300020002007436ED0C750D220163010806010101010200000000000000000000000000000000000000000000000000000000000000001311001505150000
(00.014302) can0 2D#5BD9C905C409009070975862705205000800A0FEFFFF7F4002D235FFFFFFFF00FEFF7247BFD200000000000000000000
(00.014829) can0 D4#390406043128FD85
(00.014989) can0 E3#4100050800800343D292704F
(00.017814) can0 DB#390F001594071320FFFF7FCFFFFF3FFFFFFFFFFFFF6ED124B600000000000000
(00.027260) can0 DB#390E022A3E004300650A64822118020047403E49E0D16CC24F85F48D9482F847CE43068867E9FFFFFFFF6EFF29FC0000
(00.029508) can0 E3#3980000C007F708F1930B0FE75EA3F3A4100050801C91088D926E2B200000000
(00.001064) can0 DC085D#4002000000000000
(00.001356) can0 18E19490#000000A55555555505000000000000000000001A5A8D00000100010000000000000000005252522B012901A301730159015401545352B9001311001505150000
(00.007525) can0 44#04
(00.009359) can0 D9#39130015A5AC9E12A0788D9F0F1280F0FFFFFFFFFF36991ED300000000000000
(00.011149) can0 DB#390F01064F8504609819390E00200C15F634E882831A3F2280D57B4DC116B3281D5C060300F1FFFFFFFF3711C9B00000
(00.011659) can0 DC#391000168A399CAE0A0AFADEC835280000000000FFFF362177A6000000000000
(00.013259) can0 2D#7BC1AD05C4090090709758E26F5205000800A0FEFFFF7F4002D235FFFFFFFF00FEFF3AD54A5400000000000000000000
(00.016618) can0 DB#390F001512F0F720FFFF7FCFFFFF3FFFFFFFFFFFFF383CEBAD00000000000000
(00.028462) can0 E3#3A020004F4FFFFFF
(00.029515) can0 D9#3913001513FB9F13A0784D9F0F1280F0FFFFFFFFFF386048F500000000000000
(00.031117) can0 DC#39100016AE919DAE0A0AFADEC835280000000000FFFF38342F73000000000000
(00.031499) can0 DB#390E0020C5D3F732C882831A3F2280157B4DC116B3281D5C060300F1FFFFFFFF396D7B60000000000000000000000000
(00.032019) can0 18E19490#010100720D6201800C0701BC02060600000000401F020000AC0D6E2B012003000002AB012A1200000202AE0305380000AC0D401F0C3517531311001505150000
(00.033186) can0 2D#33A9AE05C409009070975822705205000800A0FEFFFF7F4002D235FFFFFFFF00FEFF3C4B58DA00000000000000000000
(00.033712) can0 D4#390C140CFFFFFFF8FDFFFFFFFFFFFFFF
(00.036627) can0 DB#390F0015AC05F820FFFF7FCFFFFF3FFFFFFFFFFFFF399859F000000000000000
(00.043132) can0 E3#39060B083E515115414BD7FF0080000450F4CC04
(00.048357) can0 E3#0500000CF5FCFF00000000003FAE8FB5
(00.049510) can0 D9#3913001534C5A013A0788D9D0F1280F0FFFFFFFFFF3AC607D000000000000000
(00.002201) can0 18E19490#030000830183010400050000000000010000000000000000000000000000000000980CAA2400E40C01000400000054DA055716D70CC409001311001505150000
(00.004228) can0 E3#39060B08925151957247D7FF00800004A13EC804
(00.009442) can0 E3#0500000CF5FCFF000000000017EDCE76
(00.010585) can0 D9#39130015A05E8C13A0758D980F1280F0FFFFFFFFFF1079BC8700000000000000
(00.012228) can0 DB#390E00209969E42C6882831A3F038055764DC116B3281D5C060300F1FFFFFFFF11E66076000000000000000000000000
(00.012747) can0 DC#3910001613858AAE120AFADEBC35280000000000FFFF1022F405000000000000
(00.014264) can0 2D#173D9B05C409009070975862705205000800A0FEFFFF7F4002D235FFFFFFFF00FEFF166F78E900000000000000000000
(00.017722) can0 DB#390F0015D7CFE520FFFF7FCFFFFF3FFFFFFFFFFFFF123C935C00000000000000
(00.031517) can0 D9#3913001532A18D13A0754D980F1280F0FFFFFFFFFF1203DFCC00000000000000
(00.032185) can0 DC#3910011015454238510046060C9C002205F0FFF139100016372D8BAE120AFADEBC35280000000000FFFF126228080000
(00.032701) can0 DB#390E002040FFE52C6882831A3F068055764DC116B3281D5C060300F1FFFFFFFF135F3396000000000000000000000000
(00.033223) can0 18E19490#040300020002007E36ED0C760D220163010806010101010200000000000000000000000000000000000000000000000000000000000000001311001505150000
(00.034320) can0 2D#4A029C05C409009070975862705205000800A0FEFFFF7F4002D235FFFFFFFF00FEFF17296C0800000000000000000000
(00.034847) can0 D4#3904060446DBF485
(00.035008) can0 E3#4100050800800343D2921782410000080057314B41463545
(00.037754) can0 DB#390F0015F1FEE620FFFF7FCFFFFF3FFFFFFFFFFFFF14F213A000000000000000
(00.000575) can0 D9#3913001507197711A0764DA20F1278F0FFFFFFFFFFE861FE8500000000000000
(00.002287) can0 DC#39100016B12575AE120AFADEC035280000000000FFFFE872FEC7000000000000
(00.002668) can0 DB#390E002045D8CF2C7882831A3F0B80D5764DC116B3281D5C060300F1FFFFFFFFE961940F000000000000000000000000
(00.004344) can0 2D#7CC98605C409009070975862705205000800A0FEFFFF7F4002D235FFFFFFFF00FEFFEC6CD5A900000000000000000000
(00.004870) can0 D4#390C140CFFFFFFFBFDFFFFFFFFFFFFFF
(00.007816) can0 DB#390F0015BEBED020FFFF7FCFFFFF3FFFFFFFFFFFFFEACC6D6A00000000000000
(00.014312) can0 E3#39060B08105151152147D7FF008000049371C404
(00.019582) can0 E3#0500000CF5FCFF0000000000EF07A5E4
(00.020636) can0 D9#39130015CE587812A0760DA00F1278F0FFFFFFFFFFEA671E2600000000000000
(00.022231) can0 DC#39100016FCCD76AE120AFADEC035280000000000FFFFEA2EC647000000000000
(00.022612) can0 DB#390E00202A7AD02C7882831A3F0B80D5764DC116B3281D5C060300F1FFFFFFFFEBEC41F3000000000000000000000000
(00.023135) can0 18E19490#000000A55555555505000000000000000000001A5A8D00000100010000000000000000005252522B012901A30173015901540154535234011311001505150000
(00.024346) can0 2D#63C08705C409009070975862705205000800A0FEFFFF7F4002D235FFFFFFFF00FEFFEEEF0F6400000000000000000000
(00.024873) can0 4F#2859010005AFCA73
(00.027805) can0 DB#390F00155CAED120FFFF7FCFFFFF3FFFFFFFFFFFFFECE3CA2200000000000000
(00.040547) can0 D9#391300153F027912A0760D9F0F1278F0FFFFFFFFFFECC1C84200000000000000
(00.042229) can0 DC#3910011015454230510026520D9C002205F0FFF139100016D86577AE120AFADEC035280000000000FFFFECFA23BE0000
(00.042747) can0 DB#390E00203E57D12C7882831A3F0C80D5764DC116B3281D5C060300F1FFFFFFFFEDBB90AE000000000000000000000000
(00.044389) can0 2D#C6B78805C409009070975862705205000800A0FEFFFF7F4002D235FFFFFFFF00FEFFEFF46E4300000000000000000000
(00.044915) can0 D4#39040604B711F085
(00.045077) can0 E3#4100050800800343D291EFF0
(00.047826) can0 DB#390F00157A9FD220FFFF7FCFFFFF3FFFFFFFFFFFFFEE911BE200000000000000
(00.004655) can0 E3#3980000C00FF408F1930B0FEC1D31B624100050801A5F6FA0AB9CF353E800108C3020560BC23E0FF0000000000000000
(00.005847) can0 D9#3913010B5BBA78559500FE03BAFFEF391300159A3F6111A0760DA20F1278F0FFFFFFFFFFBCB833880000000000000000
(00.007229) can0 DC#3910001649325FAE120AFADEC035280000000000FFFFBAACCD81000000000000
(00.007611) can0 DB#390E010FFC35FFFFFFFFFFFFFFEFD408BCFDFF390E00207895B92D7882831A3F108015774DC116B3281D5C060300F1FFFFFFFFBCD9D962000000000000000000
(00.009434) can0 2D#89F57005C409009070975862705205000800A0FEFFFF7F4002D235FFFFFFFF00FEFFC017446A00000000000000000000
(00.012855) can0 DB#390F00156C5CBA20FFFF7FCFFFFF3FFFFFFFFFFFFFBD3D0B4300000000000000
(00.014718) can0 D4#39040C05282BF4FFFF000000
(00.014918) can0 E3#390422080041C67E782FFEFF
(00.017251) can0 18E19490#000000A55555555505000000000000000000001A5A8D00000000010000000000000000005252522A012901A30173015901540154535220011311001505150000
(00.023719) can0 44#04
(00.025500) can0 D9#39130015C90D6211A0760DA30F1278F0FFFFFFFFFFBD3A8F4500000000000000
(00.027363) can0 DC#391000164D2E60AE120AFADEC035280000000000FFFFBDF1DC44000000000000
(00.027745) can0 DB#390F01064F8504609819390E0020C4F8BA2D7882831A3F108015774DC116B3281D5C060300F1FFFFFFFFBEAA3A820000
(00.029481) can0 2D#96FC7105C409009070975862705205000800A0FEFFFF7F4002D235FFFFFFFF00FEFFC2017BD000000000000000000000
(00.032854) can0 DB#390F00158E4CBB20FFFF7FCFFFFF3FFFFFFFFFFFFFBF3ABB6200000000000000
(00.045669) can0 D9#391300152B1D6311A0760DA30F1278F0FFFFFFFFFFBF6EA08500000000000000
(00.047223) can0 DC#39100016698661AE120AFADEC035280000000000FFFFBFEBE4CF000000000000
(00.047605) can0 DB#390E002050DCBB2D7882831A3F108015774DC116B3281D5C060300F1FFFFFFFFC0DBF050000000000000000000000000
(00.048127) can0 18E19490#010100700D6301800C0C01BC02060600000000401F020000AC0D652B012003000002AE012A1200000202AE0315380000AC0D401F0C2903531311001505150000
(00.049394) can0 2D#B7E77205C409009070975862705205000800A0FEFFFF7F4002D235FFFFFFFF00FEFFC40E4B2C00000000000000000000
(00.001710) can0 DB#390F001531A7A420FFFF7FCFFFFF3FFFFFFFFFFFFF91E1293A00000000000000
(00.008254) can0 E3#41000108000D070000000000
(00.015742) can0 D9#39130015FA264C12A0788D9F0F1278F0FFFFFFFFFF918C3B9500000000000000
(00.016122) can0 DB#390E0020B81AA42F9883418D1F92406ABC26E08B59940EAE02818078FFFFFFFFC919E182800000000000000000000000
(00.016642) can0 DC#39100110154642005100DE060D9C002205F0FFF539100016FE734AAE120AFADEC835280000000000FFFF9114D2FB0000
(00.018275) can0 2D#91955B05C409009070975862705205000800A0FEFFFF7F4002D235FFFFFFFF00FEFF95E1EEF500000000000000000000
(00.018800) can0 D4#390406043D5BE785
(00.018960) can0 E3#4100050800800343D2919482
(00.021819) can0 DB#390F0015D3B7A520FFFF7FCFFFFF3FFFFFFFFFFFFF9395D93100000000000000
(00.026122) can0 18E19490#010100720D6301800C0C01BC02060600000000401F020000AC0D682B012003000002AE012B1200000202AE030D380000AC0D401F0C2509531311001505150000
(00.028199) can0 E3#4100010801000002C4A26171
(00.034409) can0 D9#3913010B5BBA78559500FE03BAFFEF3913001543784D11A0784DA10F1278F0FFFFFFFFFF93D320C90000000000000000
(00.036099) can0 DC#39100016DADB4BAE120AFADEC835280000000000FFFF93446854000000000000
(00.036480) can0 DB#390E010F0836FFFFFFFFFFFFFFEFD408BCFDFF390E0020619BA52F9882831A3F258095784DC116B3281D5C060300F1FFFFFFFF94ACFCA5000000000000000000
(00.038273) can0 2D#CCAA5C05C409009070975862705205000800A0FEFFFF7F4002D235FFFFFFFF00FEFF972B621900000000000000000000
(00.038797) can0 E3#410005080145A69E0C0075FE3980000C00FF408F1930B0FE99217CB7390422080041867E780FFAFF0000000000000000
(00.041740) can0 DB#390F0015F586A620FFFF7FCFFFFF3FFFFFFFFFFFFF959A958500000000000000
(00.043514) can0 D4#39040C050E0FF4FFFF000000
(00.048214) can0 E3#41000108022F000002000296
(00.002931) can0 E3#39060B08975151956747D7FF008000043AA8B704
(00.009111) can0 D9#39130015FE2E3713A0760D9B0F1288F0FFFFFFFFFF68B9C22200000000000000
(00.010731) can0 DC#3910001699A935AE120AFADEC035280000000000FFFF6764BDD7000000000000
(00.011111) can0 DB#390E00206C6C8F363C41418D1F85C06ABB26E08B59940EAE03018078FFFFFFFFB45ECAFA000000000000000000000000
(00.012993) can0 2D#FA614605C409009070975862705205000800A0FEFFFF7F4002D235FFFFFFFF00FEFF6B82662100000000000000000000
(00.016443) can0 DB#390F0015BAC69020FFFF7FCFFFFF3FFFFFFFFFFFFF691DF9CE00000000000000
(00.020661) can0 DC08E2#4002000000000000
(00.020952) can0 DC#39FE6F089401008001000000
(00.021150) can0 18E19498#3A4A48849214A6
(00.030081) can0 D9#39130015FE9A3812A076CD990F1288F0FFFFFFFFFF6ADB155C00000000000000
(00.030785) can0 DC#39100110154542005100BE120D9C002205F0FFF139100016D44136AE120AFADEC035280000000000FFFF74C0A4F90000
(00.031306) can0 DB#390E002003CE902C7882831A3F0B80D5764DC116B3281D5C060300F1FFFFFFFF6A9964A5000000000000000000000000
(00.032998) can0 2D#E5684705C409009070975862705205000800A0FEFFFF7F4002D235FFFFFFFF00FEFF6E57E30B00000000000000000000
(00.033523) can0 D4#39040604CC91E385
(00.033682) can0 E3#4100050800800343D2916CF9
(00.036463) can0 DB#390F001558D69120FFFF7FCFFFFF3FFFFFFFFFFFFF6B606B4F00000000000000
(00.048403) can0 E3#3980000C007F728F1830B0FE71C185914100050801627AB432646E3C00000000
(00.049185) can0 D9#3913010B5BBA78559500FE03BAFFEF39130015ACFC3912A0768D9A0F1280F0FFFFFFFFFF6CB4AC600000000000000000
(00.000069) can0 21C#2400000000000000
(00.008259) can0 D9#39130015BFC32714A0750D970F1288F0FFFFFFFFFF4647005000000000000000
(00.009851) can0 DC#391000166CB225AE120AFADEBC35280000000000FFFF46D1780B000000000000
(00.010231) can0 DB#390E0020AA0C7F2B6882831A3F0280D5754DC116B3281D5C060300F1FFFFFFFF478CB6F3000000000000000000000000
(00.010751) can0 18E19490#0101006F0D6201800C0C01BC02060600000000401F020000AC0D662B012003000002AE01281200000202AF030D380000AC0D401F0C1D21531311001505150000
(00.012148) can0 2D#3FBF3605C409009070975822705205000800A0FEFFFF7F4002D235FFFFFFFF00FEFF4CD4402400000000000000000000
(00.012678) can0 D4#390C140CFFFFFFFBFDFFFFFFFFFFFFFF
(00.015798) can0 DB#390F0015BBD88020FFFF7FCFFFFF3FFFFFFFFFFFFF4855D24000000000000000
(00.022100) can0 E3#39060B08B5515115FA42D7FF00800004E633B404
(00.027309) can0 E3#0500000CF5FCFF00000000004F10429F
(00.028317) can0 D9#391300153B072813A0754D960F1288F0FFFFFFFFFF48D6C03E00000000000000
(00.029869) can0 DC#39100016215A26AE120AFADEBC35280000000000FFFF48570865000000000000
(00.000744) can0 DC#391000164C061BAE120AFADEBC35280000000000FFFF32D3A488000000000000
(00.000750) can0 2D#38D61C05C409009070975822705205000800A0FEFFFF7F4002D235FFFFFFFF00FEFF17947E1000000000000000000000
(00.004131) can0 DB#390F0015F90E6620FFFF7FCFFFFF3FFFFFFFFFFFFF0A62A41680000000000000
(00.008338) can0 18E19490#040300030003007E36ED0C750D220163010806010101010200000000000000000000000000000000000000000000000000000000000000001311001505150000
(00.016732) can0 D9#3913001599C60E12A0754D9D0F1280F0FFFFFFFFFF14C5AB2700000000000000
(00.018381) can0 DC#39100016D94D0CAE120AFADEBC35280000000000FFFF14EC914A000000000000
(00.018760) can0 DB#390E00209B93662C6882831A3FFF7FD5754DC116B3281D5C060300F1FFFFFFFF15C6C36B000000000000000000000000
(00.020650) can0 2D#27DF1D05C409009070975822705205000800A0FEFFFF7F4002D235FFFFFFFF00FEFF19A7922F00000000000000000000
(00.021177) can0 D4#390C140CFFFFFFFCFDFFFFFFFFFFFFFF
(00.005295) can0 D9#39130015E3120312A0754D9D0F1280F0FFFFFFFFFF0076136200000000000000
(00.006983) can0 DC#39100016AA7401AE120AFADEBC35280000000000FFFFFFAA11AA000000000000
(00.007365) can0 DB#390E00201C155B2B6882831A3FFE7FD5754DC116B3281D5C060300F1FFFFFFFF006B5C81000000000000000000000000
(00.000059) can0 21C#2400000000000000
(00.002967) can0 DB#390F001563F64A20FFFF7FCFFFFF3FFFFFFFFFFFFFDC4A56E100000000000000
(00.016494) can0 D9#39130015B152F213A0750D9A0F1280F0FFFFFFFFFFDEEE1D7B00000000000000
(00.017093) can0 DC#391001101545423251004E160C9C002205F0FFF139100016C93DF0AE120AFADEBC35280000000000FFFFDD0BD5CE0000
(00.017608) can0 DB#39FE0B086100000001000000390E0020B1364A2B6882831A3FFD7FD5754DC116B3281D5C060300F1FFFFFFFFDDF9539D
(00.019522) can0 2D#53220105C409009070975822705205000800A0FEFFFF7F4002D235FFFFFFFF00FEFFE20A757A00000000000000000000
(00.020052) can0 D4#39040604BC9AD585
(00.020211) can0 E3#4100050800800343D290DFEC
(00.022986) can0 DB#390F001581E64B20FFFF7FCFFFFF3FFFFFFFFFFFFFDE26100B00000000000000
(00.027180) can0 18E19490#0101006F0D6301800C0C01BC02060600000000401F020000AC0D662B012003000002AD012B1200000202AD0315380000AC0D401F0C131D531311001505150000
(00.032520) can0 DB#390E022A3E004300650A64822118028046403E49E0D16CC24F85F48D9482F847CE43068867E9FFFFFFFFDE66E1B30000
(00.034728) can0 E3#3980000C007FB28F1930B0FEE5B2AC9341000508018163C8D73C3D8A00000000
(00.035607) can0 D9#3913010B5BBA78559500FE03BAFFEF39130015A25CF312A0758D9B0F1280F0FFFFFFFFFFE0ED53B30000000000000000
(00.037158) can0 DC#39100016ED95F1AE120AFADEBC35280000000000FFFFDF31CF9C000000000000
(00.037541) can0 DB#390E010FFC35FFFFFFFFFFFFFFEFD408BCFDFF390E03087239EDF8FFFFFFFF00
(00.039510) can0 2D#72390205C409009070975822705205000800A0FEFFFF7F4002D235FFFFFFFF00FEFFE4E3CBD100000000000000000000
(00.042877) can0 DB#390E00201E7C4B2B6882831A3FFE7FD5754DC116B3281D5C060300F1FFFFFFFFDFF616FC390F00152F944C20FFFF7FCFFFFF3FFFFFFFFFFFFFE0570CDF000000
(00.044797) can0 D4#39040C050E0FF4FFFF000000
(00.044997) can0 E3#390422080041867E780FFAFF
(00.000070) can0 DB#390E0020B04E362C6882831A3FFF7FD5754DC116B3281D5C060300F1FFFFFFFFB5A04741000000000000000000000000
(00.001950) can0 2D#90D5ED05C409009070975822705205000800A0FEFFFF7F4002D235FFFFFFFF00FEFFBA98F66A00000000000000000000
(00.002476) can0 D4#390406044D50D185
(00.002635) can0 E3#4100050800800343D290B95A
(00.005429) can0 DB#390F00151E783720FFFF7FCFFFFF3FFFFFFFFFFFFFB6B1850E00000000000000
(00.017184) can0 E3#3980000C007FB28F1930B0FEBDB81E1741000508019BE69E80C2C1D700000000
(00.018180) can0 D9#3913010B5BBA78559500FE03BAFFEF39130015E8FEDF12A075CD9B0F1280F0FFFFFFFFFFB64EF0880000000000000000
(00.019489) can0 DC#39100016AE42DDAE120AFADEBC35280000000000FFFFB699A02F000000000000
(00.019870) can0 18E19490#0300007E017E010400050000000000010000000000000000000000000000000000990CAA2400E40C01000400000054DA054E16D50CC409001311001505150000
(00.020587) can0 DB#390E010FFC35FFFFFFFFFFFFFFEFD408BCFDFF390E0020D2BF372C6882831A3FFE7FD5754DC116B3281D5C060300F1FFFFFFFFB7A72531000000000000000000
(00.022039) can0 2D#B1CEEE05C409009070975822705205000800A0FEFFFF7F4002D235FFFFFFFF00FEFFBC83B8C900000000000000000000
(00.022565) can0 D4#39FE1D085940B2084A02000039040C050E0FF4FFFF000000
(00.025416) can0 DB#390F0015A08D3820FFFF7FCFFFFF3FFFFFFFFFFFFFBAB67F8E00000000000000
(00.027167) can0 E3#390422080041867E780FFAFF
(00.032161) can0 4F#208D0BA00049AD66
(00.036250) can0 44#04
(00.037847) can0 D9#39130015BB78E012A0758D9D0F1280F0FFFFFFFFFFBA47003000000000000000
(00.039581) can0 DC#39100016E3AADEAE120AFADEBC35280000000000FFFFBAB67E4F000000000000
(00.039961) can0 DB#390F01064F8504607819390E002049A1382C6882831A3FFF7FD5754DC116B3281D5C060300F1FFFFFFFFBBFB219B0000
(00.042012) can0 2D#AEC7EF05C409009070975822705205000800A0FEFFFF7F4002D235FFFFFFFF00FEFFBE72BDCF00000000000000000000
(00.045410) can0 DB#390F0015429D3920FFFF7FCFFFFF3FFFFFFFFFFFFFBC369E3B00000000000000
(00.003474) can0 44#04
(00.005002) can0 D9#391300151E30CC12A0750D9E0F1280F0FFFFFFFFFF92E2A89100000000000000
(00.006786) can0 DC#391000163B09CAAE120AFADEBC35280000000000FFFF92561E27000000000000
(00.007166) can0 DB#390F01064F8504607819390E00204359242C6882831A3F0080D5754DC116B3281D5C060300F1FFFFFFFF936D7A610000
(00.009191) can0 2D#E341DB05C409009070975822705205000800A0FEFFFF7F4002D235FFFFFFFF00FEFF961DE4D400000000000000000000
(00.012596) can0 DB#390F0015DB472520FFFF7FCFFFFF3FFFFFFFFFFFFF9419509400000000000000
(00.025169) can0 D9#3913001513CACD12A075CD9D0F1280F0FFFFFFFFFF942943FC00000000000000
(00.026633) can0 DC#391000161FA1CBAE120AFADEBC35280000000000FFFF941EEBAA000000000000
(00.027016) can0 18E19490#0101006F0D6201800C0C01BC02060600000000401F020000AC0D662B012003000002AE01281200000202AE030D380000AC0D401F0C0B03531311001505150000
(00.027718) can0 DB#390E00200E4A252C6882831A3FFF7FD5754DC116B3281D5C060300F1FFFFFFFF953BCD97000000000000000000000000
(00.029102) can0 2D#BE7EDC05C409009070975822705205000800A0FEFFFF7F4002D235FFFFFFFF00FEFF98777C4F00000000000000000000
(00.029630) can0 D4#390C140CFFFFFFFCFDFFFFFFFFFFFFFF
(00.032605) can0 DB#390F0015FD762620FFFF7FCFFFFF3FFFFFFFFFFFFF9623FDB900000000000000
(00.039059) can0 E3#39060B083A515195F242D7FF00800004D80FA204
(00.044279) can0 E3#0500000CF5FCFF00000000009B78916A
(00.045153) can0 D9#3913001590A2CE12A0758D9C0F1280F0FFFFFFFFFF954397B500000000000000
(00.046652) can0 DC#3910001680C9CCAE120AFADEBC35280000000000FFFF96738B1B000000000000
(00.047138) can0 DB#390E00206B10262C6882831A3F0080D5754DC116B3281D5C060300F1FFFFFFFF9738974A000000000000000000000000
(00.049115) can0 2D#A177DD05C409009070975822705205000800A0FEFFFF7F4002D235FFFFFFFF00FEFF9A0D29F800000000000000000000
(00.000511) can0 DC#391000161799B5AE120AFADEBC35280000000000FFFF6757D1F4000000000000
(00.001006) can0 DB#390E010F0036FFFFFFFFFFFFFFEFD408BCFDFF390E0020675A0F2B6882831A3FFE7FD5754DC116B3281D5C060300F1FFFFFFFF68FFF639000000000000000000
(00.002992) can0 2D#88B5C605C409009070975822705205000800A0FEFFFF7F4002D235FFFFFFFF00FEFF6C6152DE00000000000000000000
(00.003518) can0 E3#41000508013E57C38BDC85073980000C007F428F1930B0FE6D2CC854390422080041867E780FFAFF0000000000000000
(00.006481) can0 DB#390F0015B2361020FFFF7FCFFFFF3FFFFFFFFFFFFF69AA27F000000000000000
(00.008221) can0 D4#39040C050E0FF4FFFF000000
(00.012959) can0 E3#41000108022F00000200026A
(00.017312) can0 44#04
(00.018827) can0 D9#391300150E2CB812A0750D9D0F1280F0FFFFFFFFFF6ACBF06D00000000000000
(00.020529) can0 DC#391000165A71B6AE120AFADEBC35280000000000FFFF6940DAF7000000000000
(00.020909) can0 18E19490#0288006464640100000093124B0000000000000029012B01BD04000000000000010000004B14D2057B05881300000000990C800C2C0FED0B1311001505150000
(00.021614) can0 DB#390F01064F8504605C19390E002008F8102B6882831A3FFE7FD5754DC116B3281D5C060300F1FFFFFFFF6A0D5A120000
(00.023057) can0 2D#97BCC705C409009070975822705205000800A0FEFFFF7F4002D235FFFFFFFF00FEFF6EAE3F3500000000000000000000
(00.026450) can0 DB#390F001550261120FFFF7FCFFFFF3FFFFFFFFFFFFF6B8C44FE00000000000000
(00.032898) can0 E3#4100010803F83D0F3CECEC25
(00.038917) can0 D9#391300153C66B912A0754D9D0F1280F0FFFFFFFFFF6CAC2FCB00000000000000
(00.040460) can0 DC#391000167ED9B7AE120AFADEBC35280000000000FFFF6B2A4C22000000000000
(00.040994) can0 DB#390E00206A09112B6882831A3FFF7FD5754DC116B3281D5C060300F1FFFFFFFF6CA076E7000000000000000000000000
(00.042968) can0 2D#32CBC805C409009070975822705205000800A0FEFFFF7F4002D235FFFFFFFF00FEFF70D9F56200000000000000000000
(00.043495) can0 D4#390C140CFFFFFFFCFDFFFFFFFFFFFFFF
(00.046461) can0 DB#390F001576171220FFFF7FCFFFFF3FFFFFFFFFFFFF6DB0670A00000000000000
(00.007427) can0 E3#3980000C007F608F1930B0FE45A1D55841000508017A761F9723CE3300000000
(00.008173) can0 D9#3913010B5BBA78559500FE03BAFFEF391300158392A313A0758D9B0F1280F0FFFFFFFFFF405F25960000000000000000
(00.009614) can0 DC#39100016CF3AA1AE120AFADEBC35280000000000FFFF3F4D8FD3000000000000
(00.009996) can0 18E19490#0300007B017B010400050000000000010000000000000000000000000000000000990CAA2400E40C01000400000054D9054A16D20CC409001311001505150000
(00.010712) can0 DB#390E010FFC35FFFFFFFFFFFFFFEFD408BCFDFF390E00206BBFFB2B6882831A3FFE7FD5754DC116B3281D5C060300F1FFFFFFFF40C83A0E000000000000000000
(00.012184) can0 2D#4754B205C409009070975822705205000800A0FEFFFF7F4002D235FFFFFFFF00FEFF449BAC0200000000000000000000
(00.015669) can0 DB#390F00152446FC20FFFF7FCFFFFF3FFFFFFFFFFFFF42AA14D900000000000000
(00.017466) can0 D4#39040C050E0FF4FFFF000000
(00.017666) can0 E3#390422080041867E780FFAFF
(00.020112) can0 DC085D#4002000000000000
(00.026514) can0 44#04
(00.028011) can0 D9#391300151607A413A0754D9C0F1280F0FFFFFFFFFF42217DD200000000000000
(00.029692) can0 DC#3910001682D2A2AE120AFADEBC35280000000000FFFF422B7B2A000000000000
(00.030240) can0 DB#390F01064F8504605C19390E0020B52AFC2C6882831A3FFE7FD5754DC116B3281D5C060300F1FFFFFFFF43B0D0730000
(00.032259) can0 2D#585DB305C409009070975822705205000800A0FEFFFF7F4002D235FFFFFFFF00FEFF46325D4A00000000000000000000
(00.035667) can0 DB#390F0015C656FD20FFFF7FCFFFFF3FFFFFFFFFFFFF444FA23800000000000000
(00.039660) can0 18E19490#040300020003007E36ED0C750D220163010806010101010200000000000000000000000000000000000000000000000000000000000000001311001505150000
(00.047443) can0 E3#3A020004F4FFFFFF
(00.048166) can0 D9#3913001554A2A513A075CD9C0F1280F0FFFFFFFFFF440F193B00000000000000
(00.002243) can0 E3#39060B083A515115F342D7FF008000041C729504
(00.008209) can0 D9#391300157DFE8D13A0750D9B0F1280F0FFFFFFFFFF14DAE73700000000000000
(00.009776) can0 DC#39100016372D8BAE120AFADEBC35280000000000FFFF136BEF4C000000000000
(00.010344) can0 DB#390E0020AB57E52B6882831A3FFD7FD5754DC116B3281D5C060300F1FFFFFFFF13CDFD1C000000000000000000000000
(00.012306) can0 2D#3C199C05C409009070975822705205000800A0FEFFFF7F4002D235FFFFFFFF00FEFF1892EB3D00000000000000000000
(00.015801) can0 DB#390F0015F1FEE620FFFF7FCFFFFF3FFFFFFFFFFFFF14C0DA4F00000000000000
(00.029177) can0 D9#39130015C1268E13A075CD990F1280F0FFFFFFFFFF1618BA8200000000000000
(00.029702) can0 DC#39100110154542005100AE420C9C002205F0FFF139100016A8458CAE120AFADEBC35280000000000FFFF1518E5A20000
(00.030217) can0 18E19490#040300030003007E36ED0C750D220163010806010101010200000000000000000000000000000000000000000000000000000000000000001311001505150000
(00.030939) can0 DB#39FE0B086100000001000000390E0020173AE62B6882831A3FFD7FD5754DC116B3281D5C060300F1FFFFFFFF15995426
(00.032334) can0 2D#23109D05C4090090708BAC11382902800400507F7FFFBFA001691AFFFFFFFF807F7F8D0B9BA700000000000000000000
(00.032860) can0 D4#39040604EA4BC185
(00.033020) can0 E3#4100050800800343D2901809
(00.035820) can0 DB#390F001513EEE720FFFF7FCFFFFF3FFFFFFFFFFFFF16C0D06700000000000000
(00.042302) can0 21D#304028
(00.045345) can0 DB#390E022A3E004300650A64822118020047403E49E0D16CC24F85F48D9482F847CE43068867E9FFFFFFFF162A3E630000
(00.047542) can0 E3#3980000C007F608F1930B0FE1D750905410005080118A92BEC6F833900000000
(00.048282) can0 D9#3913010B5BBA78559500FE03BAFFEF391300156C698F13A0758D9A0F1280F0FFFFFFFFFF18F6F9460000000000000000
(00.000316) can0 E3#39060B0839515195F042D7FF00800004EDB89104
(00.006237) can0 D9#3913001560FE7913A075CD990F1280F0FFFFFFFFFFEA421AA900000000000000
(00.007737) can0 DC#39100016275D77AE120AFADEBC35280000000000FFFFEA82DE84000000000000
(00.008117) can0 18E19490#000000A55555555505000000000000000000001A5A8D00000100010000000000000000005252522A012901A30173015A015401545352FF001311001505150000
(00.008822) can0 DB#390E00207F6AD12B6882831A3FFC7F95754DC116B3281D5C060300F1FFFFFFFFEB1626F0000000000000000000000000
(00.010342) can0 2D#B0AC8805C409009070975822705205000800A0FEFFFF7F4002D235FFFFFFFF00FEFFF00898CF00000000100000000000
(00.013784) can0 DB#390F00157A9FD220FFFF7FCFFFFF3FFFFFFFFFFFFFECE95B4E00000000000000
(00.027209) can0 D9#39130015706A7A13A0754D970F1280F0FFFFFFFFFFEC857A5A00000000000000
(00.027735) can0 DC#391001101545422D51008E460C9C002205F0FFF5391000163D2478AE120AFADEBC35280000000000FFFFEC0FDDE70000
(00.028416) can0 DB#390E0020430ED22B6882831A3FFB7F95754DC116B3281D5C060300F1FFFFFFFFED030571000000000000000000000000
(00.030401) can0 2D#AFA58905C409009070975822705205000800A0FEFFFF7F4002D235FFFFFFFF00FEFFF2CEF07B00000000000000000000
(00.030931) can0 D4#39040604AD46BD85
(00.031090) can0 E3#4100050800800343D28FF13D
(00.033891) can0 DB#390F0015988FD320FFFF7FCFFFFF3FFFFFFFFFFFFFEEF5A1E000000000000000
(00.037820) can0 18E19490#0101006F0D6301800C0C01BC02060600000000401F020000AC0D662B012003000002AE012B1200000202AE030D380000AC0D401F0C6027531311001505150000
(00.045611) can0 E3#3980000C007F608F1930F0FEF5C6AA70410005080102D664C618B8D700000000
(00.046492) can0 D9#3913010B5BBA78559500FE03BAFFEF3913001571697B13A0754D980F1280F0FFFFFFFFFFEE9527F30000000000000000
(00.047800) can0 DC#39100016198C79AE120AFADEBC35280000000000FFFFEEFD5779000000000000
(00.048452) can0 DB#390E010FF435FFFFFFFFFFFFFFEFD408BCFDFF390E00205723D32B6882831A3FFC7F95754DC116B3281D5C060300F1FFFFFFFFEF8EFBEF000000000000000000
(00.005091) can0 D9#3913010B5BBA78559500FE03BAFFEF39130015870C6213A0758D990F1280F0FFFFFFFFFFBD381A7C0000000000000000
(00.006630) can0 DC#39100016B21660AE120AFADEBC35280000000000FFFFBC23A78E000000000000
(00.007410) can0 DB#390E010FFC35FFFFFFFFFFFFFFEFD408BCFDFF390E0020E445BA2C6882831A3FFE7FD5754DC116B3281D5C060300F1FFFFFFFFBD55BD9E000000000000000000
(00.009303) can0 2D#E0E77105C409009070975822705205000800A0FEFFFF7F4002D235FFFFFFFF00FEFFC2C5B7AF00000000000000000000
(00.009832) can0 E3#4100050801C1320AF188E041410000080142315052313138390422080041877E780FFAFF000000000000000000000000
(00.012706) can0 DB#390F00158E4CBB20FFFF7FCFFFFF3FFFFFFFFFFFFFBE3C1A1800000000000000
(00.014623) can0 D4#39040C050E0FF4FFFF39150114480592D9F85FF5FFFFFFFFFE0700A12801FEFFFF000000000000000000000000000000
(00.016674) can0 18E19490#000000A55555555505000000000000000000001A5A8D00000100010000000000000000005252522A012901A301730159015401545352EE001311001505150000
(00.019518) can0 4F#20F006A00049AD63
(00.025155) can0 D9#39130015B5466313A075CD990F1280F0FFFFFFFFFFC05A78AB00000000000000
(00.026719) can0 DC#3910001696BE61AE120AFADEBC35280000000000FFFFBE5076F6000000000000
(00.027327) can0 DB#390E00208FB0BB2B6882831A3FFC7FD5754DC116B3281D5C060300F1FFFFFFFFC09D6E51000000000000000000000000
(00.029348) can0 2D#C1FC7205C409009070975822705205000800A0FEFFFF7F4002D235FFFFFFFF00FEFFC4037DC600000000000000000000
(00.029880) can0 E3#4100000802343937C1E5DE77
(00.032779) can0 DB#390F0015203EBC20FFFF7FCFFFFF3FFFFFFFFFFFFFC13D4BBB00000000000000
(00.045098) can0 D9#3913001581DD6413A0750D9B0F1280F0FFFFFFFFFFC262BE4800000000000000
(00.046604) can0 DC#39100016DB5662AE120AFADEBC35280000000000FFFFC11DA6C6000000000000
(00.046985) can0 18E19490#0101006F0D6301800C0C01BC02060600000000401F020000AC0D662B012003000002B1012B1200000202AE03FD370000AC0D401F0C5B2B531311001505150000
(00.047685) can0 DB#390E00205821BC2B6882831A3FFF7FD5754DC116B3281D5C060300F1FFFFFFFFC2BE008A000000000000000000000000
(00.049245) can0 2D#DEF57305C409009070975822705205000800A0FEFFFF7F4002D235FFFFFFFF00FEFFC6F7B56B00000000000000000000
(00.049771) can0 D4#390C140CFFFFFFFCFDFFFFFFFFFFFFFF
(00.002308) can0 DB#390F00154B73A920FFFF7FCFFFFF3FFFFFFFFFFFFF9BF040B400000000000000
(00.006156) can0 18E19490#030000850185010400050000000000010000000000000000000000000000000000990CAA2400E40C01000400000054D9055316D20CC409001311001505150000
(00.008847) can0 E3#39060B0838515115F042D7FF0080000489268904
(00.016317) can0 DC#39100016BC294FAE120AFADEBC35280000000000FFFF9BE9E124000000000000
(00.016939) can0 DB#390E0020724AA92B5882831A3FF97F95754DC116B3281D5C060300F1FFFFFFFF9CC5A75C000000000000000000000000
(00.018879) can0 2D#79646005C409009070975862705205000800A0FEFFFF7F4002D235FFFFFFFF00FEFFA072847900000000000000000000
(00.022395) can0 DB#390F00156D42AA20FFFF7FCFFFFF3FFFFFFFFFFFFF9DFE192500000000000000
(00.028875) can0 E3#41000108000D070000000000
(00.035668) can0 D9#39130015123E5213A0758D970F1280F0FFFFFFFFFF9DFC209300000000000000
(00.036248) can0 DC#391001101545423252004E160C9C002205F0FFF139100016AC7350AE120AFADEBC35280000000000FFFF9D40E8490000
(00.036763) can0 18E19490#040300030002007E36ED0C750D220164010806010101010200000000000000000000000000000000000000000000000000000000000000001311001505150000
(00.037487) can0 DB#390E0020039CAA2B5882831A3FFB7F95754DC116B3281D5C060300F1FFFFFFFF9E1B1497000000000000000000000000
(00.038904) can0 2D#666D6105C409009070975862705205000800A0FEFFFF7F4002D235FFFFFFFF00FEFFA2C1EBD900000000000000000000
(00.039430) can0 D4#390406046EC3B585
(00.039589) can0 E3#4100050800800343D28FA1CE
(00.042415) can0 DB#390F00158F52AB20FFFF7FCFFFFF3FFFFFFFFFFFFF9F09421200000000000000
(00.048834) can0 E3#4100010801000002C4A26171
(00.001408) can0 DB#390F0015C0129D20FFFF7FCFFFFF3FFFFFFFFFFFFF838BD87600000000000000
(00.005184) can0 18E19490#000000A55555555505000000000000000000001A5A8D00000000010000000000000000005252522B012901A30173015A0154015453523E011311001505150000
(00.001082) can0 2D#36044805C409009070975822705205000800A0FEFFFF7F4002D235FFFFFFFF00FEFF7093D44F00000000000000000000
(00.001608) can0 D4#390406042B7FB085
(00.001768) can0 E3#4100050800800343D28F6F8E
(00.004598) can0 DB#390F00157EE79220FFFF7FCFFFFF3FFFFFFFFFFFFF6E5D3BA100000000000000
(00.007019) can0 D9#39FE28082900000000000000
(00.002881) can0 D9#3913001573CE2713A0754D9B0F1280F0FFFFFFFFFF4875D8CA00000000000000
(00.004546) can0 DC#391000166CB225AE120AFADEBC35280000000000FFFF476BC0BB000000000000
(00.005382) can0 DB#390E002085EE7F2B6882831A3FFC7FD5754DC116B3281D5C060300F1FFFFFFFF48B633F2000000000000000000000000
(00.007299) can0 2D#3FBF3605C409009070975822705205000800A0FEFFFF7F4002D235FFFFFFFF00FEFF4CB2FFC900000000000000000000
(00.010644) can0 DB#390F0015BBD88020FFFF7FCFFFFF3FFFFFFFFFFFFF4925599E00000000000000
(00.022972) can0 D9#391300156D8E2813A075CD9B0F1280F0FFFFFFFFFF4AA8FFC800000000000000
(00.024478) can0 DC#39100016215A26AE120AFADEBC35280000000000FFFF4901493C000000000000
(00.024858) can0 18E19490#0101006F0D6301800C0C01BC02060600000000401F020000AC0D662B012003000002AD012B1200000202AE030D380000AC0D401F0C4F18531311001505150000
(00.025557) can0 DB#390E0020B452802B6882831A3FFC7FD5754DC116B3281D5C060300F1FFFFFFFF4A5FA5A5000000000000000000000000
(00.027202) can0 2D#20B63705C409009070975822705205000800A0FEFFFF7F4002D235FFFFFFFF00FEFF4EB7968500000000000000000000
(00.027728) can0 D4#390C140CFFFFFFFCFDFFFFFFFFFFFFFF
(00.030481) can0 21C#1102010205D802B401A100E700810058004A0041003B059D027D017B00D1007700510044003C003705610246015400BC006D004B003E00370032051E02210139
(00.031148) can0 21D#304028
(00.031267) can0 DB#390F001559C88120FFFF7FCFFFFF3FFFFFFFFFFFFF4AF3E00800000000000000
(00.031666) can0 21C#2100AF00690049003D0036003204DA01FB011E00A100650047003B0034003104BE01ED0117009E00620046003B00340030048701D2010A0097005E0044003900
(00.037164) can0 E3#39060B0838515195F242D7FF008000044AA38104
(00.042972) can0 D9#39130015FF712913A0750D9B0F1280F0FFFFFFFFFF4CA17EF100000000000000
(00.044505) can0 DC#3910001605F227AE120AFADEBC35280000000000FFFF4B53EBEF000000000000
(00.045362) can0 DB#390E0020D6A3812B6882831A3FFD7FD5754DC116B3281D5C060300F1FFFFFFFF4B0F935F000000000000000000000000
(00.047227) can0 2D#85C13805C409009070975822705205000800A0FEFFFF7F4002D235FFFFFFFF00FEFF50E1BFBE00000000000000000000
(00.001258) can0 DB#390F0015E9896E20FFFF7FCFFFFF3FFFFFFFFFFFFF24E0A1D400000000000000
(00.014535) can0 D9#391300154E5F1613A075CD970F1280F0FFFFFFFFFF24A7889E00000000000000
(00.015097) can0 DC#39100110154542005200EE460C9C002205F0FFF53910001663D214AE120AFADEB835280000000000FFFF24867D5D0000
(00.015614) can0 18E19490#040300030002007E36ED0C750D220163010806010101010200000000000000000000000000000000000000000000000000000000000000001311001505150000
(00.016337) can0 DB#390E002011BE6E2B6882831A3FFA7F95754DC116B3281D5C060300F1FFFFFFFF25E6D606000000000000000000000000
(00.017846) can0 2D#982E2505C409009070975862705205000800A0FEFFFF7F4002D235FFFFFFFF00FEFF2AEDB95E00000000000000000000
(00.018372) can0 D4#39040604FB97A985
(00.018532) can0 E3#4100050800800343D28F29E2
(00.021278) can0 DB#390F00150B996F20FFFF7FCFFFFF3FFFFFFFFFFFFF264A54D300000000000000
(00.033065) can0 E3#3980000C00FF418F1A30B0FE2D1CB60F4100050801961D56F71E17E400000000
(00.033629) can0 D9#3913010B5BBA78559500FE03BAFFEF39130015EA051713A0758D990F1280F0FFFFFFFFFF265E43850000000000000000
(00.035072) can0 DC#3910001672D715AE120AFADEBC35280000000000FFFF26BC446E000000000000
(00.036059) can0 DB#390E010FF035FFFFFFFFFFFFFFEFD408BCFDFF390E0020734F6F2B6882831A3FFB7F95754DC116B3281D5C060300F1FFFFFFFF27DE306A000000000000000000
(00.037860) can0 2D#CF2E2605C409009070975822705205000800A0FEFFFF7F4002D235FFFFFFFF00FEFF2C7EEB4600000000000000000000
(00.038387) can0 D4#39FE1D085940B2084A02000039040C050E0FF4FFFF000000
(00.041264) can0 DB#390F0015B4727020FFFF7FCFFFFF3FFFFFFFFFFFFF2ADDC6C000000000000000
(00.043132) can0 E3#390422080041867E780FFAFF
(00.044982) can0 18E19490#000000A55555555505000000000000000000001A5A8D00000100010000000000000000005252522B012901A40173015A015401545352E1001311001505150000
(00.048061) can0 4F#202703A00049AD62
(00.008062) can0 D9#39130015BEF80213A0750D9A0F1280F0FFFFFFFFFFFD15971E00000000000000
(00.009664) can0 DC#39100110154542005200CE020D9C002205F0FFF5391000168EDC00AE120AFADEBC35280000000000FFFFFDDC06B20000
(00.010596) can0 DB#390E0020C5835A2B6882831A3FFB7FD5754DC116B3281D5C060300F1FFFFFFFFFE03AEAF000000000000000000000000
(00.012420) can0 2D#A3B31105C409009070975822705205000800A0FEFFFF7F4002D235FFFFFFFF00FEFF02CB7C4300000000000000000000
(00.012948) can0 D4#39040604C9D8A585
(00.013107) can0 E3#4100050800800343D28F0183
(00.015845) can0 DB#390F001580F85B20FFFF7FCFFFFF3FFFFFFFFFFFFFFF62E0B500000000000000
(00.019555) can0 18E19490#0101006F0D6301800C0C01BC02060600000000401F020000AC0D662B012003000002AE012A1200000202AE0315380000AC0D401F0C4832531311001505150000
(00.027640) can0 E3#3980000C007F668F1A30B0FE05A9860B41000508015C4DFD8CC6ED0B3E800108C3020460BC22E0FF0000000000000000
(00.028155) can0 D9#3913010B5BBA78559500FE03BAFFEF391300157DAC0312A075CD9B0F1280F0FFFFFFFFFFFF30AFE60000000000000000
(00.029629) can0 DC#39100016AA7401AE120AFADEBC35280000000000FFFFFE54FE05000000000000
(00.030574) can0 DB#390E010FF435FFFFFFFFFFFFFFEFD408BCFDFF390E002051A75B2B6882831A3FFB7FD5754DC116B3281D5C060300F1FFFFFFFF003680E2000000000000000000
(00.032398) can0 2D#82A81205C409009070975822705205000800A0FEFFFF7F4002D235FFFFFFFF00FEFF042A814B00000000000000000000
(00.035824) can0 DB#390F00152E8A5C20FFFF7FCFFFFF3FFFFFFFFFFFFF02FBB4BA00000000000000
(00.037678) can0 D4#39040C050E0FF4FFFF000000
(00.037877) can0 E3#390422080041C67E782FFEFF
(00.046712) can0 44#04
(00.048003) can0 D9#3913001598D60412A075CD9C0F1280F0FFFFFFFFFF0244004500000000000000
(00.049616) can0 DC#39100016E79C02AE120AFADEBC35280000000000FFFF0211367D000000000000
(00.000054) can0 DB#390E00208C66442C6882831A3FFC7FD5754DC116B3281D5C060300F1FFFFFFFFD254AA93000000000000000000000000
(00.001885) can0 2D#2272FB05C409009070975822705205000800A0FEFFFF7F4002D235FFFFFFFF00FEFFD6BE6BB700000000000000000000
(00.002413) can0 D4#390C140CFFFFFFFCFDFFFFFFFFFFFFFF
(00.005300) can0 DB#390F0015DD034520FFFF7FCFFFFF3FFFFFFFFFFFFFD3CAC81400000000000000
(00.011808) can0 E3#39060B083A515195EF42D7FF00800004F6F67504
(00.017503) can0 D9#39130015B4AFED12A0758D9C0F1280F0FFFFFFFFFFD3384B5900000000000000
(00.019000) can0 DC#391000160BE7EBAE120AFADEBC35280000000000FFFFD3F7CABD000000000000
(00.020031) can0 DB#390E0020EE97452C6882831A3FFD7FD5754DC116B3281D5C060300F1FFFFFFFFD4E4E174000000000000000000000000
(00.021862) can0 2D#7F4DFC05C409009070975822705205000800A0FEFFFF7F4002D235FFFFFFFF00FEFFD8C4B4CD00000000000000000000
(00.025312) can0 DB#390F0015FB324620FFFF7FCFFFFF3FFFFFFFFFFFFFD50A5FD400000000000000
(00.028947) can0 18E19490#028800646464010000007E124B0000000000000029012B01BE04010001000000020000004A14D3057C05841300000000990C800C280FED0B1311001505150000
(00.038510) can0 D9#39130015DC7AEE12A0754D9A0F1280F0FFFFFFFFFFD5EA522F00000000000000
(00.039067) can0 DC#39100110154542005100AE420C9C002205F0FFF139100016948FECAE120AFADEBC35280000000000FFFFD5B0A4E10000
(00.040015) can0 DB#390E0020164C462B6882831A3FFB7FD5754DC116B3281D5C060300F1FFFFFFFFD693A4F0000000000000000000000000
(00.041883) can0 2D#6044FD05C409009070975822705205000800A0FEFFFF7F4002D235FFFFFFFF00FEFFDA422B6600000000000000000000
(00.042412) can0 D4#390406043812A185
(00.042572) can0 E3#4100050800800343D28ED987
(00.045318) can0 DB#390F001519224720FFFF7FCFFFFF3FFFFFFFFFFFFFD73BDD7500000000000000
(00.009099) can0 D9#3913001502F8DF12A075CD990F1280F0FFFFFFFFFFB8DDCF3B00000000000000
(00.009659) can0 DC#3910011015454200520096060C9C002205F0FFF539100016AE42DDAE120AFADEBC35280000000000FFFFB89D61B80000
(00.010691) can0 DB#390E00201F04372C6882831A3FFC7FD5754DC116B3281D5C060300F1FFFFFFFFB81A5278000000000000000000000000
(00.012514) can0 2D#B1CEEE05C409009070975822705205000800A0FEFFFF7F4002D235FFFFFFFF00FEFFBC14CB4F00000000000000000000
(00.013040) can0 D4#390406043FEA9E85
(00.013201) can0 E3#4100050800800343D28EBA093204000CEEE8DF53670700F0BADF88D500000000
(00.015948) can0 DB#390F0015A08D3820FFFF7FCFFFFF3FFFFFFFFFFFFFB98A33D100000000000000
(00.028128) can0 D9#3913010B5BBA78559500FE03BAFFEF391300158573E012A0758D9B0F1280F0FFFFFFFFFFBAB6BC0C0000000000000000
(00.011528) can0 D9#3913010B5BBA78559500FE03BAFFEF391300153B23CC13A0758D9B0F1280F0FFFFFFFFFF91A254A40000000000000000
(00.012962) can0 DC#391000163B09CAAE120AFADEBC35280000000000FFFF91E44AF7000000000000
(00.014044) can0 DB#390E010FFC35FFFFFFFFFFFFFFEFD408BCFDFF390E0020A3E8242C6882831A3FFE7F15764DC116B3281D5C060300F1FFFFFFFF925B1BFA000000000000000000
(00.015944) can0 2D#955ADB05C409009070975862705205000800A0FEFFFF7F4002D235FFFFFFFF00FEFF9653B53800000000000000000000
(00.016469) can0 E3#4100050801152D7A9E8833AA410000080142315052313138390422080041877E780FFAFF000000000000000000000000
(00.019380) can0 DB#390F0015DB472520FFFF7FCFFFFF3FFFFFFFFFFFFF9310E7C400000000000000
(00.021162) can0 D4#39040C050E0FF4FFFF39150114480592D9F85FF5FFFFFFFFFE0700A12801FEFFFF000000000000000000000000000000
(00.022922) can0 18E19490#000000A55555555505000000000000000000001A5A8D00000100010000000000000000005252522B012801A40174015901540154535202011311001505150000
(00.026191) can0 4F#200300A00049AD60
(00.031452) can0 D9#391300156325CD12A0750D9D0F1280F0FFFFFFFFFF937BBF3900000000000000
(00.033103) can0 DC#391000161FA1CBAE120AFADEDE1A9400000000007FFFC9F4DE57000000000000
(00.034060) can0 DB#390E00200CA2252C6882831A3FFD7F15764DC116B3281D5C060300F1FFFFFFFF944D86DE000000000000000000000000
(00.035984) can0 2D#C865DC05C409009070975862705205000800A0FEFFFF7F4002D235FFFFFFFF00FEFF98CD2BFC00000000000000000000
(00.036510) can0 E3#4100000802343937954848BA
(00.039362) can0 DB#390F0015FD762620FFFF7FCFFFFF3FFFFFFFFFFFFF95E6448D00000000000000
(00.007374) can0 D9#391300153093B713A075CD990F1280F0FFFFFFFFFF681D177F00000000000000
(00.007835) can0 DC#3910011015454230520056120D9C002205F0FFF1391000161799B5AE120AFADEBC35280000000000FFFF683D86270000
(00.008931) can0 DB#390E00206E5E0F2C6882831A3FFD7FD5754DC116B3281D5C060300F1FFFFFFFF69C7E606000000000000000000000000
(00.010825) can0 2D#88B5C605C409009070975822705205000800A0FEFFFF7F4002D235FFFFFFFF00FEFF6C49F39800000000000000000000
(00.011352) can0 D4#39040604FC6F9685
(00.011514) can0 E3#4100050800800343D28E6BD4
(00.014270) can0 DB#390F0015B2361020FFFF7FCFFFFF3FFFFFFFFFFFFF6A7BAD5300000000000000
(00.017809) can0 18E19490#0101006F0D6301800C0C01BC02060600000000401F020000AC0D662B012003000002AB012B1200000202AD030D380000AC0D401F0C3932531311001505150000
(00.026393) can0 D9#3913010B5BBA78559500FE03BAFFEF39130015C4D5B813A0754D9B0F1280F0FFFFFFFFFF6A1C37570000000000000000
(00.027878) can0 DC#391000165A71B6AE120AFADEBC35280000000000FFFF6943B62B000000000000
(00.028943) can0 DB#390E010FFC35FFFFFFFFFFFFFFEFD408BCFDFF390E002001FC102C6882831A3FFD7FD5754DC116B3281D5C060300F1FFFFFFFF6B926D03000000000000000000
(00.030829) can0 2D#97BCC705C409009070975822705205000800A0FEFFFF7F4002D235FFFFFFFF00FEFF6E158E1C00000000000000000000
(00.031356) can0 E3#41000508013B4CDA3F6B14EB390422080041877E780FFAFF
(00.034267) can0 DB#390F001550261120FFFF7FCFFFFF3FFFFFFFFFFFFF6C3FC7D700000000000000
(00.036032) can0 D4#39040C050E0FF4FFFF39150114480592D9F85FF5FFFFFFFFFE0700A12801FEFFFF000000000000000000000000000000
(00.036563) can0 DC085B#4003080400000000
(00.046308) can0 D9#39130015398AB912A0758D9C0F1280F0FFFFFFFFFF6C4716EC00000000000000
(00.047879) can0 DC#391000167ED9B7AE120AFADEBC35280000000000FFFF6B91ED9D000000000000
(00.048259) can0 18E19490#02880064646401000000AF12620A00000000000029012B01BE04010001000000010000004A14D1057B05851300000000990C800C0B0FED0B1311001505150000
(00.048963) can0 DB#390E0020AEB6112C6882831A3FFE7FD5754DC116B3281D5C060300F1FFFFFFFF6C3CAD4A000000000000000000000000
(00.000097) can0 DB#390F0015C656FD20FFFF7FCFFFFF3FFFFFFFFFFFFF447F53B500000000000000
(00.001855) can0 D4#39040C050E0FF4FFFF39150114480592D9F85FF5FFFFFFFFFE0700A12801FEFFFF000000000000000000000000000000
(00.012107) can0 D9#39130015700AA512A075CD9C0F1280F0FFFFFFFFFF44EC673100000000000000
(00.013681) can0 DC#39100016A67AA3AE120AFADEBC35280000000000FFFF442E678E000000000000
(00.014782) can0 DB#390E0020210EFD2C6882831A3FFE7FD5754DC116B3281D5C060300F1FFFFFFFF44D6AC2C000000000000000000000000
(00.016711) can0 2D#0562B405C409009070975822705205000800A0FEFFFF7F4002D235FFFFFFFF00FEFF4802C41500000000000000000000
(00.020079) can0 DB#390F0015E067FE20FFFF7FCFFFFF3FFFFFFFFFFFFF4532D77900000000000000
(00.023596) can0 18E19490#040300030003007E36ED0C750D220163010806010101010200000000000000000000000000000000000000000000000000000000000000001311001505150000
(00.032197) can0 D9#39130015838DA612A0754D9D0F1280F0FFFFFFFFFF46A9C7BC00000000000000
(00.033669) can0 DC#391000163912A4AE120AFADEBC35280000000000FFFF4585CF99000000000000
(00.034761) can0 DB#390E0020A60DFE2C6882831A3FFD7FD5754DC116B3281D5C060300F1FFFFFFFF4622C67B000000000000000000000000
(00.036616) can0 2D#1A6BB505C409009070975822705205000800A0FEFFFF7F4002D235FFFFFFFF00FEFF4A662D5700000000000000000000
(00.037141) can0 D4#390C140CFFFFFFFCFDFFFFFFFFFFFFFF
(00.040088) can0 DB#390F00150277FF20FFFF7FCFFFFF3FFFFFFFFFFFFF4772F52900000000000000
(00.046557) can0 E3#39060B0839515115F142D7FF0080000439006704
(00.003477) can0 D9#39130015CCDC8F13A0750D9A0F1280F0FFFFFFFFFF188F609600000000000000
(00.003897) can0 DC#3910011015454230520016160D9C002205F0FFF1391000168CED8DAE120AFADEBC35280000000000FFFF18C9045B0000
(00.004414) can0 18E19490#040300030003007E36EB0C750D220163010806010101010200000000000000000000000000000000000000000000000000000000000000001311001505150000
(00.005136) can0 DB#390E002047A1E72C6882831A3FFC7FD5754DC116B3281D5C060300F1FFFFFFFF19B55CCB000000000000000000000000
(00.006964) can0 2D#020B9E05C409009070975822705205000800A0FEFFFF7F4002D235FFFFFFFF00FEFF1C1B965700000000000000000000
(00.007492) can0 D4#3904060498F18E85
(00.007652) can0 E3#4100050800800343D28E1B4E
(00.010426) can0 DB#390F0015AD1BE820FFFF7FCFFFFF3FFFFFFFFFFFFF1ABF763D00000000000000
(00.022486) can0 D9#3913010B5BBA78559500FE03BAFFEF3913001587C59012A0754D9A0F1280F0FFFFFFFFFF1A0C48530000000000000000
(00.023883) can0 DC#39100016C1058EAE120AFADEBC35280000000000FFFF1A4A8502000000000000
(00.025099) can0 DB#390E010FFC35FFFFFFFFFFFFFFEFD408BCFDFF390E00202A6AE82C6882831A3FFC7FD5754DC116B3281D5C060300F1FFFFFFFF1B5E6547000000000000000000
(00.026981) can0 2D#1D029F05C409009070975822705205000800A0FEFFFF7F4002D235FFFFFFFF00FEFF1E50F2F200000000000000000000
(00.027510) can0 E3#41000508011ECDCFFC66929B390422080041877E780FFAFF
(00.030422) can0 DB#390F00154F0BE920FFFF7FCFFFFF3FFFFFFFFFFFFF1CCB13FE00000000000000
(00.032254) can0 D4#39040C050E0FF4FFFF39150114480592D9F85FF5FFFFFFFFFE0700A12801FEFFFF000000000000000000000000000000
(00.033837) can0 18E19490#000000A55555555505000000000000000000001A5A8D00000000000000000000000000005252522A012A01A40175015A01540154535258011311001505150000
(00.042401) can0 D9#39130015C5609112A075CD9A0F1280F0FFFFFFFFFF1C454E1A00000000000000
(00.044039) can0 DC#39100016E5AD8FAE120AFADEBC35280000000000FFFF1C40BBCD000000000000
(00.045106) can0 DB#390E002073F5E92C6882831A3FFE7FD5754DC116B3281D5C060300F1FFFFFFFF1CECABDC000000000000000000000000
(00.047026) can0 2D#89D7A005C409009070975822705205000800A0FEFFFF7F4002D235FFFFFFFF00FEFF201E456B00000000000000000000
(00.000378) can0 DC#3910001603F576AE120AFADEBC35280000000000FFFFE98B1F1B000000000000
(00.001590) can0 DB#390F01064F850460DC1C390E0020ADE5D02C6882831A3FFC7FD5754DC116B3281D5C060300F1FFFFFFFFEA641F5C0000
(00.003496) can0 2D#63C08705C409009070975862705205000800A0FEFFFF7F4002D235FFFFFFFF00FEFFEEB7312F00000000000000000000
(00.006878) can0 DB#390F00155CAED120FFFF7FCFFFFF3FFFFFFFFFFFFFEBB7BEF000000000000000
(00.010284) can0 18E19490#040300020003007E36ED0C750D220163010806010101010200000000000000000000000000000000000000000000000000000000000000001311001505150000
(00.018673) can0 E3#3A020004F4FFFFFF
(00.018990) can0 D9#39130015E5587912A075CD9C0F1280F0FFFFFFFFFFEBC9990300000000000000
(00.020372) can0 DC#39100016275D77AE120AFADEBC35280000000000FFFFEBE2003C000000000000
(00.021568) can0 DB#390E002039C1D12C6882831A3FFC7FD5754DC116B3281D5C060300F1FFFFFFFFECF90E6E000000000000000000000000
(00.023401) can0 2D#B0AC8805C409009070975822705205000800A0FEFFFF7F4002D235FFFFFFFF00FEFFF07095BD00000000000000000000
(00.023928) can0 D4#390C140CFFFFFFFCFDFFFFFFFFFFFFFF
(00.026888) can0 DB#390F00157A9FD220FFFF7FCFFFFF3FFFFFFFFFFFFFEC3FC83700000000000000
(00.033374) can0 E3#39060B0839515115ED42D7FF00800004A7DF5E04
(00.038639) can0 E3#0500000CF5FCFF0000000000F3BCFE28
(00.038879) can0 D9#39130015583B7A12A0758D9B0F1280F0FFFFFFFFFFED52BB4A00000000000000
(00.040322) can0 DC#391000163D2478AE120AFADEBC35280000000000FFFFED3730A3000000000000
(00.040701) can0 18E19490#000000A55555555505000000000000000000001A5A8D00000100010000000000000000005252522B012901A40173015A01550154535230011311001505150000
(00.041561) can0 DB#390E002085ACD22C6882831B1FFE3FEABAA6E08B59940EAE03018078FFFFFFFFF6FFE2DC000000000000000000000000
(00.043400) can0 2D#AFA58905C409009070975822705205000800A0FEFFFF7F4002D235FFFFFFFF00FEFFF223CC1A00000000000000000000
(00.046878) can0 DB#390F0015988FD320FFFF7FCFFFFF3FFFFFFFFFFFFFEEE1BE7200000000000000
